04/02/23 17:24:56: Running xcd server. This server was NOT built by gradle, but presumably rdi.
04/02/23 17:24:56: Server was asked to start on port: '60162'
04/02/23 17:24:56: Server is using token UUID: '59668cce-dfad-4d93-adfc-02be69efde45'
04/02/23 17:24:56: SESSION_MGR: creating session with session uuid: '6d04a3e9-ade5-4ab9-8d63-1f78fcd2ec76' and name 'default'
04/02/23 17:24:56: Attempting to start server on port '60162'
04/02/23 17:24:56: Running Dispatch Server
04/02/23 17:24:56: Version 2.2.0
04/02/23 17:25:04: Dispatch Server: Accepted socket connection from client
04/02/23 17:25:04: Starting Socket connection
04/02/23 17:25:04: EXCHANGE_TOKEN received, server token: 59668cce-dfad-4d93-adfc-02be69efde45, passed token: 59668cce-dfad-4d93-adfc-02be69efde45
04/02/23 17:25:04: SESSION_MGR: creating session with session uuid: 'c9c85112-4631-4a1d-8e6b-50833acce7aa' and name 'vitis_hls'
04/02/23 17:25:04: KERNEL_SVC: creating session with uuid: 'c9c85112-4631-4a1d-8e6b-50833acce7aa' and name 'vitis_hls'
04/02/23 17:25:04: GUIDANCE_SMGR: creating guidance session with uuid: 'c9c85112-4631-4a1d-8e6b-50833acce7aa' and name 'vitis_hls'
04/02/23 17:25:33: STOP_SERVER received, server token: 59668cce-dfad-4d93-adfc-02be69efde45, passed token: 59668cce-dfad-4d93-adfc-02be69efde45
04/02/23 17:25:33: Socket received request to stop server.
04/02/23 17:25:33: Dispatch Server: do_await_stop
04/02/23 17:25:33: SERVER: destructor for server bound to port 60162
04/02/23 17:25:33: Server exiting with status 0.
04/02/23 17:25:33: Closing log file.
04/02/23 17:26:36: Running xcd server. This server was NOT built by gradle, but presumably rdi.
04/02/23 17:26:36: Server was asked to start on port: '60165'
04/02/23 17:26:36: Server is using token UUID: '4323d8dc-32d6-430e-97fa-3575ae5ec861'
04/02/23 17:26:36: SESSION_MGR: creating session with session uuid: '6d04a3e9-ade5-4ab9-8d63-1f78fcd2ec76' and name 'default'
04/02/23 17:26:36: Attempting to start server on port '60165'
04/02/23 17:26:36: Running Dispatch Server
04/02/23 17:26:36: Version 2.2.0
04/02/23 17:26:43: Dispatch Server: Accepted socket connection from client
04/02/23 17:26:43: Starting Socket connection
04/02/23 17:26:43: EXCHANGE_TOKEN received, server token: 4323d8dc-32d6-430e-97fa-3575ae5ec861, passed token: 4323d8dc-32d6-430e-97fa-3575ae5ec861
04/02/23 17:26:43: SESSION_MGR: creating session with session uuid: 'b454269a-7904-4d50-866f-722c0d7a5503' and name 'vitis_hls'
04/02/23 17:26:43: KERNEL_SVC: creating session with uuid: 'b454269a-7904-4d50-866f-722c0d7a5503' and name 'vitis_hls'
04/02/23 17:26:43: GUIDANCE_SMGR: creating guidance session with uuid: 'b454269a-7904-4d50-866f-722c0d7a5503' and name 'vitis_hls'
04/02/23 17:31:48: STOP_SERVER received, server token: 4323d8dc-32d6-430e-97fa-3575ae5ec861, passed token: 4323d8dc-32d6-430e-97fa-3575ae5ec861
04/02/23 17:31:48: Socket received request to stop server.
04/02/23 17:31:48: Dispatch Server: do_await_stop
04/02/23 17:31:48: SERVER: destructor for server bound to port 60165
04/02/23 17:31:48: Server exiting with status 0.
04/02/23 17:31:48: Closing log file.
