

================================================================
== Vitis HLS Report for 'sin_or_cos_float_s'
================================================================
* Date:           Sat Jul  1 12:55:40 2023

* Version:        2022.2 (Build 3670227 on Oct 13 2022)
* Project:        project_39
* Solution:       solution1 (Vivado IP Flow Target)
* Product family: zynquplus
* Target device:  xczu7ev-ffvc1156-2-e


================================================================
== Performance Estimates
================================================================
+ Timing: 
    * Summary: 
    +--------+----------+----------+------------+
    |  Clock |  Target  | Estimated| Uncertainty|
    +--------+----------+----------+------------+
    |ap_clk  |  10.00 ns|  6.673 ns|     2.70 ns|
    +--------+----------+----------+------------+

+ Latency: 
    * Summary: 
    +---------+---------+----------+----------+-----+-----+---------+
    |  Latency (cycles) |  Latency (absolute) |  Interval | Pipeline|
    |   min   |   max   |    min   |    max   | min | max |   Type  |
    +---------+---------+----------+----------+-----+-----+---------+
    |       10|       10|  0.100 us|  0.100 us|    1|    1|      yes|
    +---------+---------+----------+----------+-----+-----+---------+

    + Detail: 
        * Instance: 
        N/A

        * Loop: 
        N/A

============================================================
+ Verbose Summary: Synthesis Manager
============================================================
InlineROM: 1
ExposeGlobal: 0
============================================================
+ Verbose Summary: CDFG Model
============================================================
IsTopModel: 0
ResetActiveHigh: 1
IsCombinational: 0
IsDatapathOnly: 0
HasWiredReturn: 1
HasMFsm: 2
HasVarLatency: 0
IsPipeline: 1
IsRtlPipelined: 1
IsInstanceOverlapped: 0
IsDontTouch: 0
HasImplIP: 0
IsGatedGlobalClock: 0

+ Individual pipeline summary: 
  * Pipeline-0: initiation interval (II) = 1, depth = 11


============================================================
+ Verbose Summary: Schedule
============================================================
* Number of FSM states : 11
* Pipeline : 1
  Pipeline-0 : II = 1, D = 11, States = { 1 2 3 4 5 6 7 8 9 10 11 }
* Dataflow Pipeline: 0

* FSM state transitions: 
1 --> 2 
2 --> 3 
3 --> 4 
4 --> 5 
5 --> 6 
6 --> 7 
7 --> 8 
8 --> 9 
9 --> 10 
10 --> 11 
11 --> 

* FSM state operations: 

State 1 <SV = 0> <Delay = 1.91>
ST_1 : Operation 12 [1/1] (0.00ns)   --->   "%do_cos_read = read i1 @_ssdm_op_Read.ap_auto.i1, i1 %do_cos" [C:\scratch\2022.2\hls_product\608\2022.2\src\shared\hls\clib/src/hls\utils/x_hls_utils.h:317]   --->   Operation 12 'read' 'do_cos_read' <Predicate = true> <Delay = 0.00>
ST_1 : Operation 13 [1/1] (0.00ns)   --->   "%t_in_read = read i32 @_ssdm_op_Read.ap_auto.float, i32 %t_in" [C:\scratch\2022.2\hls_product\608\2022.2\src\shared\hls\clib/src/hls\utils/x_hls_utils.h:317]   --->   Operation 13 'read' 't_in_read' <Predicate = true> <Delay = 0.00>
ST_1 : Operation 14 [1/1] (0.00ns)   --->   "%data_V = bitcast i32 %t_in_read" [C:\scratch\2022.2\hls_product\608\2022.2\src\shared\hls\clib/src/hls\utils/x_hls_utils.h:317]   --->   Operation 14 'bitcast' 'data_V' <Predicate = true> <Delay = 0.00>
ST_1 : Operation 15 [1/1] (0.00ns)   --->   "%p_Result_17 = bitselect i1 @_ssdm_op_BitSelect.i1.i32.i32, i32 %data_V, i32 31"   --->   Operation 15 'bitselect' 'p_Result_17' <Predicate = true> <Delay = 0.00>
ST_1 : Operation 16 [1/1] (0.00ns)   --->   "%din_exp_V = partselect i8 @_ssdm_op_PartSelect.i8.i32.i32.i32, i32 %data_V, i32 23, i32 30"   --->   Operation 16 'partselect' 'din_exp_V' <Predicate = true> <Delay = 0.00>
ST_1 : Operation 17 [1/1] (0.00ns)   --->   "%din_sig_V = trunc i32 %data_V"   --->   Operation 17 'trunc' 'din_sig_V' <Predicate = true> <Delay = 0.00>
ST_1 : Operation 18 [1/1] (0.84ns)   --->   "%closepath = icmp_ult  i8 %din_exp_V, i8 126"   --->   Operation 18 'icmp' 'closepath' <Predicate = true> <Delay = 0.84> <CoreInst = "Cmp">   --->   Core 9 'Cmp' <Latency = 0> <II = 1> <Delay = 0.84> <FuncUnit> <Opcode : 'icmp'> <InPorts = 2> <OutPorts = 1>
ST_1 : Operation 19 [1/1] (0.00ns)   --->   "%p_Result_18 = trunc i32 %data_V"   --->   Operation 19 'trunc' 'p_Result_18' <Predicate = true> <Delay = 0.00>
ST_1 : Operation 20 [1/1] (0.76ns)   --->   "%add_ln214 = add i8 %din_exp_V, i8 194"   --->   Operation 20 'add' 'add_ln214' <Predicate = true> <Delay = 0.76> <CoreInst = "Adder">   --->   Core 1 'Adder' <Latency = 0> <II = 1> <Delay = 0.76> <FuncUnit> <Opcode : 'add' 'sub'> <InPorts = 2> <OutPorts = 1>
ST_1 : Operation 21 [1/1] (0.39ns)   --->   "%addr_V = select i1 %closepath, i8 63, i8 %add_ln214"   --->   Operation 21 'select' 'addr_V' <Predicate = true> <Delay = 0.39> <CoreInst = "Sel">   --->   Core 73 'Sel' <Latency = 0> <II = 1> <Delay = 0.39> <FuncUnit> <Opcode : 'select'> <InPorts = 3> <OutPorts = 1>
ST_1 : Operation 22 [1/1] (0.00ns)   --->   "%lshr_ln = partselect i4 @_ssdm_op_PartSelect.i4.i8.i32.i32, i8 %addr_V, i32 4, i32 7"   --->   Operation 22 'partselect' 'lshr_ln' <Predicate = true> <Delay = 0.00>
ST_1 : Operation 23 [1/1] (0.00ns)   --->   "%zext_ln541_1 = zext i4 %lshr_ln"   --->   Operation 23 'zext' 'zext_ln541_1' <Predicate = true> <Delay = 0.00>
ST_1 : Operation 24 [1/1] (0.00ns)   --->   "%ref_4oPi_table_100_V_addr = getelementptr i100 %ref_4oPi_table_100_V, i64 0, i64 %zext_ln541_1" [C:\scratch\2022.2\hls_product\608\2022.2\src\shared\hls\clib/hlsmath/include/FloatingPoint/hls_range_redux.h:407]   --->   Operation 24 'getelementptr' 'ref_4oPi_table_100_V_addr' <Predicate = true> <Delay = 0.00>
ST_1 : Operation 25 [2/2] (0.67ns)   --->   "%table_100_V = load i4 %ref_4oPi_table_100_V_addr" [C:\scratch\2022.2\hls_product\608\2022.2\src\shared\hls\clib/hlsmath/include/FloatingPoint/hls_range_redux.h:407]   --->   Operation 25 'load' 'table_100_V' <Predicate = true> <Delay = 0.67> <CoreInst = "ROM_1P_LUTRAM">   --->   Core 103 'ROM_1P_LUTRAM' <Latency = 1> <II = 1> <Delay = 0.67> <Storage> <Opcode : 'load'> <Ports = 1> <Width = 100> <Depth = 13> <ROM>
ST_1 : Operation 26 [1/1] (0.00ns)   --->   "%trunc_ln628 = trunc i8 %addr_V"   --->   Operation 26 'trunc' 'trunc_ln628' <Predicate = true> <Delay = 0.00>
ST_1 : Operation 27 [1/1] (1.05ns)   --->   "%icmp_ln1019_1 = icmp_eq  i23 %din_sig_V, i23 0"   --->   Operation 27 'icmp' 'icmp_ln1019_1' <Predicate = true> <Delay = 1.05> <CoreInst = "Cmp">   --->   Core 9 'Cmp' <Latency = 0> <II = 1> <Delay = 1.05> <FuncUnit> <Opcode : 'icmp'> <InPorts = 2> <OutPorts = 1>

State 2 <SV = 1> <Delay = 2.18>
ST_2 : Operation 28 [1/2] (0.67ns)   --->   "%table_100_V = load i4 %ref_4oPi_table_100_V_addr" [C:\scratch\2022.2\hls_product\608\2022.2\src\shared\hls\clib/hlsmath/include/FloatingPoint/hls_range_redux.h:407]   --->   Operation 28 'load' 'table_100_V' <Predicate = true> <Delay = 0.67> <CoreInst = "ROM_1P_LUTRAM">   --->   Core 103 'ROM_1P_LUTRAM' <Latency = 1> <II = 1> <Delay = 0.67> <Storage> <Opcode : 'load'> <Ports = 1> <Width = 100> <Depth = 13> <ROM>
ST_2 : Operation 29 [1/1] (0.00ns)   --->   "%zext_ln930 = zext i4 %trunc_ln628"   --->   Operation 29 'zext' 'zext_ln930' <Predicate = true> <Delay = 0.00>
ST_2 : Operation 30 [1/1] (1.51ns)   --->   "%r_V_8 = shl i100 %table_100_V, i100 %zext_ln930"   --->   Operation 30 'shl' 'r_V_8' <Predicate = true> <Delay = 1.51> <CoreInst = "Shifter">   --->   Core 75 'Shifter' <Latency = 0> <II = 1> <Delay = 1.51> <FuncUnit> <Opcode : 'shl' 'lshr' 'ashr'> <InPorts = 2> <OutPorts = 1>
ST_2 : Operation 31 [1/1] (0.00ns)   --->   "%Med_V = partselect i80 @_ssdm_op_PartSelect.i80.i100.i32.i32, i100 %r_V_8, i32 20, i32 99"   --->   Operation 31 'partselect' 'Med_V' <Predicate = true> <Delay = 0.00>

State 3 <SV = 2> <Delay = 6.67>
ST_3 : Operation 32 [1/1] (0.00ns)   --->   "%p_Result_19 = bitconcatenate i24 @_ssdm_op_BitConcatenate.i24.i1.i23, i1 1, i23 %p_Result_18"   --->   Operation 32 'bitconcatenate' 'p_Result_19' <Predicate = true> <Delay = 0.00>
ST_3 : Operation 33 [1/1] (0.00ns)   --->   "%zext_ln1494 = zext i24 %p_Result_19"   --->   Operation 33 'zext' 'zext_ln1494' <Predicate = true> <Delay = 0.00>
ST_3 : Operation 34 [1/1] (5.20ns)   --->   "%ret_V = mul i80 %Med_V, i80 %zext_ln1494"   --->   Operation 34 'mul' 'ret_V' <Predicate = true> <Delay = 5.20> <CoreInst = "Multiplier">   --->   Core 3 'Multiplier' <Latency = 0> <II = 1> <Delay = 5.20> <FuncUnit> <Opcode : 'mul'> <InPorts = 2> <OutPorts = 1>
ST_3 : Operation 35 [1/1] (0.00ns)   --->   "%Mx_bits_V = partselect i58 @_ssdm_op_PartSelect.i58.i80.i32.i32, i80 %ret_V, i32 19, i32 76"   --->   Operation 35 'partselect' 'Mx_bits_V' <Predicate = true> <Delay = 0.00>
ST_3 : Operation 36 [1/1] (0.00ns)   --->   "%k_V = partselect i3 @_ssdm_op_PartSelect.i3.i80.i32.i32, i80 %ret_V, i32 77, i32 79"   --->   Operation 36 'partselect' 'k_V' <Predicate = (!closepath)> <Delay = 0.00>
ST_3 : Operation 37 [1/1] (0.00ns) (grouped into LUT with out node Mx_bits_V_3)   --->   "%tmp = bitselect i1 @_ssdm_op_BitSelect.i1.i80.i32, i80 %ret_V, i32 77" [C:\scratch\2022.2\hls_product\608\2022.2\src\shared\hls\clib/hlsmath/include/FloatingPoint\hls_hotbm.h:259]   --->   Operation 37 'bitselect' 'tmp' <Predicate = true> <Delay = 0.00>
ST_3 : Operation 38 [1/1] (0.00ns) (grouped into LUT with out node Mx_bits_V_3)   --->   "%xor_ln1027 = xor i1 %closepath, i1 1"   --->   Operation 38 'xor' 'xor_ln1027' <Predicate = true> <Delay = 0.00> <CoreInst = "LogicGate">   --->   Core 74 'LogicGate' <Latency = 0> <II = 1> <Delay = 0.28> <FuncUnit> <Opcode : 'and' 'or' 'xor'> <InPorts = 2> <OutPorts = 1>
ST_3 : Operation 39 [1/1] (0.00ns) (grouped into LUT with out node Mx_bits_V_3)   --->   "%p_Result_s = and i1 %tmp, i1 %xor_ln1027"   --->   Operation 39 'and' 'p_Result_s' <Predicate = true> <Delay = 0.00> <CoreInst = "LogicGate">   --->   Core 74 'LogicGate' <Latency = 0> <II = 1> <Delay = 0.28> <FuncUnit> <Opcode : 'and' 'or' 'xor'> <InPorts = 2> <OutPorts = 1>
ST_3 : Operation 40 [1/1] (1.09ns)   --->   "%Mx_bits_V_1 = sub i58 0, i58 %Mx_bits_V"   --->   Operation 40 'sub' 'Mx_bits_V_1' <Predicate = true> <Delay = 1.09> <CoreInst = "Adder">   --->   Core 1 'Adder' <Latency = 0> <II = 1> <Delay = 1.09> <FuncUnit> <Opcode : 'add' 'sub'> <InPorts = 2> <OutPorts = 1>
ST_3 : Operation 41 [1/1] (0.37ns) (out node of the LUT)   --->   "%Mx_bits_V_3 = select i1 %p_Result_s, i58 %Mx_bits_V_1, i58 %Mx_bits_V" [C:\scratch\2022.2\hls_product\608\2022.2\src\shared\hls\clib/hlsmath/include/FloatingPoint/hls_range_redux.h:520]   --->   Operation 41 'select' 'Mx_bits_V_3' <Predicate = true> <Delay = 0.37> <CoreInst = "Sel">   --->   Core 73 'Sel' <Latency = 0> <II = 1> <Delay = 0.37> <FuncUnit> <Opcode : 'select'> <InPorts = 3> <OutPorts = 1>
ST_3 : Operation 42 [1/1] (0.00ns)   --->   "%tmp_6 = partselect i29 @_ssdm_op_PartSelect.i29.i58.i32.i32, i58 %Mx_bits_V_3, i32 29, i32 57"   --->   Operation 42 'partselect' 'tmp_6' <Predicate = true> <Delay = 0.00>
ST_3 : Operation 43 [1/1] (0.00ns)   --->   "%p_Result_20 = bitconcatenate i30 @_ssdm_op_BitConcatenate.i30.i29.i1, i29 %tmp_6, i1 1"   --->   Operation 43 'bitconcatenate' 'p_Result_20' <Predicate = true> <Delay = 0.00>
ST_3 : Operation 44 [1/1] (0.00ns)   --->   "%p_Result_2 = partselect i30 @llvm.part.select.i30, i30 %p_Result_20, i32 29, i32 0"   --->   Operation 44 'partselect' 'p_Result_2' <Predicate = true> <Delay = 0.00>
ST_3 : Operation 45 [1/1] (0.00ns)   --->   "%p_Result_21 = bitconcatenate i31 @_ssdm_op_BitConcatenate.i31.i1.i30, i1 1, i30 %p_Result_2"   --->   Operation 45 'bitconcatenate' 'p_Result_21' <Predicate = true> <Delay = 0.00>
ST_3 : Operation 46 [1/1] (0.00ns)   --->   "%sext_ln1198 = sext i31 %p_Result_21"   --->   Operation 46 'sext' 'sext_ln1198' <Predicate = true> <Delay = 0.00>
ST_3 : Operation 47 [1/1] (0.00ns)   --->   "%op_assign = cttz i32 @llvm.cttz.i32, i32 %sext_ln1198, i1 1"   --->   Operation 47 'cttz' 'op_assign' <Predicate = true> <Delay = 0.00>
ST_3 : Operation 48 [1/1] (0.00ns)   --->   "%Mx_zeros = trunc i32 %op_assign"   --->   Operation 48 'trunc' 'Mx_zeros' <Predicate = true> <Delay = 0.00>

State 4 <SV = 3> <Delay = 4.44>
ST_4 : Operation 49 [1/1] (0.76ns)   --->   "%Ex_V = add i8 %din_exp_V, i8 131"   --->   Operation 49 'add' 'Ex_V' <Predicate = (closepath)> <Delay = 0.76> <CoreInst = "Adder">   --->   Core 1 'Adder' <Latency = 0> <II = 1> <Delay = 0.76> <FuncUnit> <Opcode : 'add' 'sub'> <InPorts = 2> <OutPorts = 1>
ST_4 : Operation 50 [1/1] (0.00ns) (grouped into LUT with out node Ex_V_3)   --->   "%select_ln482 = select i1 %closepath, i8 %Ex_V, i8 0" [C:\scratch\2022.2\hls_product\608\2022.2\src\shared\hls\clib/hlsmath/include/FloatingPoint/hls_range_redux.h:482]   --->   Operation 50 'select' 'select_ln482' <Predicate = true> <Delay = 0.00> <CoreInst = "Sel">   --->   Core 73 'Sel' <Latency = 0> <II = 1> <Delay = 0.39> <FuncUnit> <Opcode : 'select'> <InPorts = 3> <OutPorts = 1>
ST_4 : Operation 51 [1/1] (0.20ns)   --->   "%k_V_1 = select i1 %closepath, i3 0, i3 %k_V"   --->   Operation 51 'select' 'k_V_1' <Predicate = true> <Delay = 0.20> <CoreInst = "Sel">   --->   Core 73 'Sel' <Latency = 0> <II = 1> <Delay = 0.20> <FuncUnit> <Opcode : 'select'> <InPorts = 3> <OutPorts = 1>
ST_4 : Operation 52 [1/1] (0.00ns) (grouped into LUT with out node Ex_V_3)   --->   "%zext_ln841 = zext i6 %Mx_zeros"   --->   Operation 52 'zext' 'zext_ln841' <Predicate = true> <Delay = 0.00>
ST_4 : Operation 53 [1/1] (0.00ns)   --->   "%zext_ln1454 = zext i6 %Mx_zeros"   --->   Operation 53 'zext' 'zext_ln1454' <Predicate = true> <Delay = 0.00>
ST_4 : Operation 54 [1/1] (1.51ns)   --->   "%r = shl i58 %Mx_bits_V_3, i58 %zext_ln1454"   --->   Operation 54 'shl' 'r' <Predicate = true> <Delay = 1.51> <CoreInst = "Shifter">   --->   Core 75 'Shifter' <Latency = 0> <II = 1> <Delay = 1.51> <FuncUnit> <Opcode : 'shl' 'lshr' 'ashr'> <InPorts = 2> <OutPorts = 1>
ST_4 : Operation 55 [1/1] (0.00ns)   --->   "%Mx_V = partselect i29 @_ssdm_op_PartSelect.i29.i58.i32.i32, i58 %r, i32 29, i32 57"   --->   Operation 55 'partselect' 'Mx_V' <Predicate = true> <Delay = 0.00>
ST_4 : Operation 56 [1/1] (0.76ns) (out node of the LUT)   --->   "%Ex_V_3 = sub i8 %select_ln482, i8 %zext_ln841"   --->   Operation 56 'sub' 'Ex_V_3' <Predicate = true> <Delay = 0.76> <CoreInst = "Adder">   --->   Core 1 'Adder' <Latency = 0> <II = 1> <Delay = 0.76> <FuncUnit> <Opcode : 'add' 'sub'> <InPorts = 2> <OutPorts = 1>
ST_4 : Operation 57 [1/1] (0.00ns)   --->   "%sext_ln1535 = sext i8 %Ex_V_3"   --->   Operation 57 'sext' 'sext_ln1535' <Predicate = true> <Delay = 0.00>
ST_4 : Operation 58 [1/1] (0.00ns)   --->   "%isNeg = bitselect i1 @_ssdm_op_BitSelect.i1.i8.i32, i8 %Ex_V_3, i32 7"   --->   Operation 58 'bitselect' 'isNeg' <Predicate = true> <Delay = 0.00>
ST_4 : Operation 59 [1/1] (0.76ns)   --->   "%sub_ln1512 = sub i9 0, i9 %sext_ln1535"   --->   Operation 59 'sub' 'sub_ln1512' <Predicate = true> <Delay = 0.76> <CoreInst = "Adder">   --->   Core 1 'Adder' <Latency = 0> <II = 1> <Delay = 0.76> <FuncUnit> <Opcode : 'add' 'sub'> <InPorts = 2> <OutPorts = 1>
ST_4 : Operation 60 [1/1] (0.39ns)   --->   "%ush = select i1 %isNeg, i9 %sub_ln1512, i9 %sext_ln1535"   --->   Operation 60 'select' 'ush' <Predicate = true> <Delay = 0.39> <CoreInst = "Sel">   --->   Core 73 'Sel' <Latency = 0> <II = 1> <Delay = 0.39> <FuncUnit> <Opcode : 'select'> <InPorts = 3> <OutPorts = 1>
ST_4 : Operation 61 [1/1] (0.00ns)   --->   "%sext_ln1512 = sext i9 %ush"   --->   Operation 61 'sext' 'sext_ln1512' <Predicate = true> <Delay = 0.00>
ST_4 : Operation 62 [1/1] (0.00ns)   --->   "%zext_ln1488 = zext i29 %Mx_V"   --->   Operation 62 'zext' 'zext_ln1488' <Predicate = true> <Delay = 0.00>
ST_4 : Operation 63 [1/1] (0.00ns) (grouped into LUT with out node select_ln1513)   --->   "%lshr_ln1488 = lshr i32 %zext_ln1488, i32 %sext_ln1512"   --->   Operation 63 'lshr' 'lshr_ln1488' <Predicate = true> <Delay = 0.00> <CoreInst = "Shifter">   --->   Core 75 'Shifter' <Latency = 0> <II = 1> <Delay = 1.21> <FuncUnit> <Opcode : 'shl' 'lshr' 'ashr'> <InPorts = 2> <OutPorts = 1>
ST_4 : Operation 64 [1/1] (0.00ns) (grouped into LUT with out node select_ln1513)   --->   "%shl_ln1454 = shl i32 %zext_ln1488, i32 %sext_ln1512"   --->   Operation 64 'shl' 'shl_ln1454' <Predicate = true> <Delay = 0.00> <CoreInst = "Shifter">   --->   Core 75 'Shifter' <Latency = 0> <II = 1> <Delay = 1.21> <FuncUnit> <Opcode : 'shl' 'lshr' 'ashr'> <InPorts = 2> <OutPorts = 1>
ST_4 : Operation 65 [1/1] (1.21ns) (out node of the LUT)   --->   "%select_ln1513 = select i1 %isNeg, i32 %lshr_ln1488, i32 %shl_ln1454"   --->   Operation 65 'select' 'select_ln1513' <Predicate = true> <Delay = 1.21> <CoreInst = "Sel">   --->   Core 73 'Sel' <Latency = 0> <II = 1> <Delay = 0.44> <FuncUnit> <Opcode : 'select'> <InPorts = 3> <OutPorts = 1>
ST_4 : Operation 66 [1/1] (0.00ns)   --->   "%B = trunc i32 %select_ln1513"   --->   Operation 66 'trunc' 'B' <Predicate = true> <Delay = 0.00>
ST_4 : Operation 67 [1/1] (0.00ns)   --->   "%tmp_1 = partselect i7 @_ssdm_op_PartSelect.i7.i32.i32.i32, i32 %select_ln1513, i32 22, i32 28"   --->   Operation 67 'partselect' 'tmp_1' <Predicate = true> <Delay = 0.00>
ST_4 : Operation 68 [1/1] (0.00ns)   --->   "%B_trunc = partselect i15 @_ssdm_op_PartSelect.i15.i32.i32.i32, i32 %select_ln1513, i32 7, i32 21"   --->   Operation 68 'partselect' 'B_trunc' <Predicate = true> <Delay = 0.00>
ST_4 : Operation 69 [1/1] (0.00ns)   --->   "%zext_ln1271 = zext i15 %B_trunc"   --->   Operation 69 'zext' 'zext_ln1271' <Predicate = true> <Delay = 0.00>
ST_4 : Operation 70 [4/4] (0.53ns) (root node of the DSP)   --->   "%r_V = mul i30 %zext_ln1271, i30 %zext_ln1271"   --->   Operation 70 'mul' 'r_V' <Predicate = true> <Delay = 0.53> <CoreInst = "DSP48">   --->   Core 127 'DSP48' <Latency = 3> <II = 1> <Delay = 0.53> <IPBlock> <Opcode : 'mul' 'add' 'sub' 'select'> <InPorts = 0> <OutPorts = 1> <Sync> <CReg>
ST_4 : Operation 71 [1/1] (0.84ns)   --->   "%icmp_ln1019 = icmp_eq  i8 %din_exp_V, i8 0"   --->   Operation 71 'icmp' 'icmp_ln1019' <Predicate = true> <Delay = 0.84> <CoreInst = "Cmp">   --->   Core 9 'Cmp' <Latency = 0> <II = 1> <Delay = 0.84> <FuncUnit> <Opcode : 'icmp'> <InPorts = 2> <OutPorts = 1>
ST_4 : Operation 72 [1/1] (0.84ns)   --->   "%icmp_ln1019_2 = icmp_eq  i8 %din_exp_V, i8 255"   --->   Operation 72 'icmp' 'icmp_ln1019_2' <Predicate = true> <Delay = 0.84> <CoreInst = "Cmp">   --->   Core 9 'Cmp' <Latency = 0> <II = 1> <Delay = 0.84> <FuncUnit> <Opcode : 'icmp'> <InPorts = 2> <OutPorts = 1>

State 5 <SV = 4> <Delay = 0.53>
ST_5 : Operation 73 [3/4] (0.53ns) (root node of the DSP)   --->   "%r_V = mul i30 %zext_ln1271, i30 %zext_ln1271"   --->   Operation 73 'mul' 'r_V' <Predicate = true> <Delay = 0.53> <CoreInst = "DSP48">   --->   Core 127 'DSP48' <Latency = 3> <II = 1> <Delay = 0.53> <IPBlock> <Opcode : 'mul' 'add' 'sub' 'select'> <InPorts = 0> <OutPorts = 1> <Sync> <CReg>

State 6 <SV = 5> <Delay = 1.96>
ST_6 : Operation 74 [1/1] (0.72ns)   --->   "%tmp_s = mux i1 @_ssdm_op_Mux.ap_auto.8i1.i3, i1 0, i1 1, i1 1, i1 0, i1 0, i1 1, i1 1, i1 0, i3 %k_V_1" [C:\scratch\2022.2\hls_product\608\2022.2\src\shared\hls\clib/hlsmath/include/FloatingPoint\hls_hotbm.h:271]   --->   Operation 74 'mux' 'tmp_s' <Predicate = true> <Delay = 0.72> <CoreInst = "Multiplexer">   --->   Core 76 'Multiplexer' <Latency = 0> <II = 1> <Delay = 0.72> <FuncUnit> <Opcode : 'mux'> <InPorts = 2> <OutPorts = 1>
ST_6 : Operation 75 [1/1] (0.28ns)   --->   "%xor_ln271 = xor i1 %tmp_s, i1 1" [C:\scratch\2022.2\hls_product\608\2022.2\src\shared\hls\clib/hlsmath/include/FloatingPoint\hls_hotbm.h:271]   --->   Operation 75 'xor' 'xor_ln271' <Predicate = true> <Delay = 0.28> <CoreInst = "LogicGate">   --->   Core 74 'LogicGate' <Latency = 0> <II = 1> <Delay = 0.28> <FuncUnit> <Opcode : 'and' 'or' 'xor'> <InPorts = 2> <OutPorts = 1>
ST_6 : Operation 76 [1/1] (0.17ns)   --->   "%cos_basis = select i1 %do_cos_read, i1 %xor_ln271, i1 %tmp_s" [C:\scratch\2022.2\hls_product\608\2022.2\src\shared\hls\clib/hlsmath/include/FloatingPoint\hls_hotbm.h:271]   --->   Operation 76 'select' 'cos_basis' <Predicate = true> <Delay = 0.17> <CoreInst = "Sel">   --->   Core 73 'Sel' <Latency = 0> <II = 1> <Delay = 0.17> <FuncUnit> <Opcode : 'select'> <InPorts = 3> <OutPorts = 1>
ST_6 : Operation 77 [2/4] (0.53ns) (root node of the DSP)   --->   "%r_V = mul i30 %zext_ln1271, i30 %zext_ln1271"   --->   Operation 77 'mul' 'r_V' <Predicate = true> <Delay = 0.53> <CoreInst = "DSP48">   --->   Core 127 'DSP48' <Latency = 3> <II = 1> <Delay = 0.53> <IPBlock> <Opcode : 'mul' 'add' 'sub' 'select'> <InPorts = 0> <OutPorts = 1> <Sync> <CReg>
ST_6 : Operation 78 [1/1] (0.17ns)   --->   "%sin_basis = select i1 %do_cos_read, i1 %tmp_s, i1 %xor_ln271" [C:\scratch\2022.2\hls_product\608\2022.2\src\shared\hls\clib\hlsmath\src\common\hls_hotbm_float.cpp:25]   --->   Operation 78 'select' 'sin_basis' <Predicate = true> <Delay = 0.17> <CoreInst = "Sel">   --->   Core 73 'Sel' <Latency = 0> <II = 1> <Delay = 0.17> <FuncUnit> <Opcode : 'select'> <InPorts = 3> <OutPorts = 1>
ST_6 : Operation 79 [1/1] (0.00ns)   --->   "%p_Result_22 = bitconcatenate i8 @_ssdm_op_BitConcatenate.i8.i1.i7, i1 %sin_basis, i7 %tmp_1"   --->   Operation 79 'bitconcatenate' 'p_Result_22' <Predicate = true> <Delay = 0.00>
ST_6 : Operation 80 [1/1] (0.00ns)   --->   "%zext_ln541 = zext i8 %p_Result_22"   --->   Operation 80 'zext' 'zext_ln541' <Predicate = true> <Delay = 0.00>
ST_6 : Operation 81 [1/1] (0.00ns)   --->   "%second_order_float_sin_cos_K0_V_addr = getelementptr i30 %second_order_float_sin_cos_K0_V, i64 0, i64 %zext_ln541"   --->   Operation 81 'getelementptr' 'second_order_float_sin_cos_K0_V_addr' <Predicate = true> <Delay = 0.00>
ST_6 : Operation 82 [2/2] (0.67ns)   --->   "%second_order_float_sin_cos_K0_V_load = load i8 %second_order_float_sin_cos_K0_V_addr"   --->   Operation 82 'load' 'second_order_float_sin_cos_K0_V_load' <Predicate = true> <Delay = 0.67> <CoreInst = "ROM_1P_LUTRAM">   --->   Core 103 'ROM_1P_LUTRAM' <Latency = 1> <II = 1> <Delay = 0.67> <Storage> <Opcode : 'load'> <Ports = 1> <Width = 30> <Depth = 256> <ROM>
ST_6 : Operation 83 [1/1] (0.00ns)   --->   "%second_order_float_sin_cos_K1_V_addr = getelementptr i23 %second_order_float_sin_cos_K1_V, i64 0, i64 %zext_ln541"   --->   Operation 83 'getelementptr' 'second_order_float_sin_cos_K1_V_addr' <Predicate = true> <Delay = 0.00>
ST_6 : Operation 84 [2/2] (0.67ns)   --->   "%second_order_float_sin_cos_K1_V_load = load i8 %second_order_float_sin_cos_K1_V_addr"   --->   Operation 84 'load' 'second_order_float_sin_cos_K1_V_load' <Predicate = true> <Delay = 0.67> <CoreInst = "ROM_1P_LUTRAM">   --->   Core 103 'ROM_1P_LUTRAM' <Latency = 1> <II = 1> <Delay = 0.67> <Storage> <Opcode : 'load'> <Ports = 1> <Width = 23> <Depth = 256> <ROM>
ST_6 : Operation 85 [1/1] (0.00ns)   --->   "%second_order_float_sin_cos_K2_V_addr = getelementptr i15 %second_order_float_sin_cos_K2_V, i64 0, i64 %zext_ln541"   --->   Operation 85 'getelementptr' 'second_order_float_sin_cos_K2_V_addr' <Predicate = true> <Delay = 0.00>
ST_6 : Operation 86 [2/2] (0.67ns)   --->   "%second_order_float_sin_cos_K2_V_load = load i8 %second_order_float_sin_cos_K2_V_addr"   --->   Operation 86 'load' 'second_order_float_sin_cos_K2_V_load' <Predicate = true> <Delay = 0.67> <CoreInst = "ROM_1P_LUTRAM">   --->   Core 103 'ROM_1P_LUTRAM' <Latency = 1> <II = 1> <Delay = 0.67> <Storage> <Opcode : 'load'> <Ports = 1> <Width = 15> <Depth = 256> <ROM>
ST_6 : Operation 87 [1/1] (0.00ns)   --->   "%p_Result_27 = bitconcatenate i4 @_ssdm_op_BitConcatenate.i4.i1.i3, i1 %p_Result_17, i3 %k_V_1"   --->   Operation 87 'bitconcatenate' 'p_Result_27' <Predicate = true> <Delay = 0.00>
ST_6 : Operation 88 [1/1] (0.00ns) (grouped into LUT with out node results_sign_V_3)   --->   "%tmp_4 = mux i1 @_ssdm_op_Mux.ap_auto.16i1.i4, i1 0, i1 0, i1 0, i1 1, i1 1, i1 1, i1 1, i1 0, i1 0, i1 1, i1 1, i1 1, i1 1, i1 0, i1 0, i1 0, i4 %p_Result_27" [C:\scratch\2022.2\hls_product\608\2022.2\src\shared\hls\clib/hlsmath/include/FloatingPoint\hls_hotbm.h:296]   --->   Operation 88 'mux' 'tmp_4' <Predicate = true> <Delay = 0.00> <CoreInst = "Multiplexer">   --->   Core 76 'Multiplexer' <Latency = 0> <II = 1> <Delay = 0.48> <FuncUnit> <Opcode : 'mux'> <InPorts = 2> <OutPorts = 1>
ST_6 : Operation 89 [1/1] (0.00ns) (grouped into LUT with out node results_sign_V_3)   --->   "%tmp_5 = mux i1 @_ssdm_op_Mux.ap_auto.16i1.i4, i1 0, i1 0, i1 1, i1 0, i1 1, i1 1, i1 0, i1 1, i1 1, i1 0, i1 1, i1 1, i1 0, i1 1, i1 0, i1 0, i4 %p_Result_27" [C:\scratch\2022.2\hls_product\608\2022.2\src\shared\hls\clib/hlsmath/include/FloatingPoint\hls_hotbm.h:296]   --->   Operation 89 'mux' 'tmp_5' <Predicate = true> <Delay = 0.00> <CoreInst = "Multiplexer">   --->   Core 76 'Multiplexer' <Latency = 0> <II = 1> <Delay = 0.48> <FuncUnit> <Opcode : 'mux'> <InPorts = 2> <OutPorts = 1>
ST_6 : Operation 90 [1/1] (0.00ns) (grouped into LUT with out node results_sign_V_3)   --->   "%results_sign_V = select i1 %cos_basis, i1 %tmp_4, i1 %tmp_5" [C:\scratch\2022.2\hls_product\608\2022.2\src\shared\hls\clib/hlsmath/include/FloatingPoint\hls_hotbm.h:271]   --->   Operation 90 'select' 'results_sign_V' <Predicate = true> <Delay = 0.00> <CoreInst = "Sel">   --->   Core 73 'Sel' <Latency = 0> <II = 1> <Delay = 0.17> <FuncUnit> <Opcode : 'select'> <InPorts = 3> <OutPorts = 1>
ST_6 : Operation 91 [1/1] (0.28ns)   --->   "%and_ln300 = and i1 %icmp_ln1019, i1 %icmp_ln1019_1" [C:\scratch\2022.2\hls_product\608\2022.2\src\shared\hls\clib/hlsmath/include/FloatingPoint\hls_hotbm.h:300]   --->   Operation 91 'and' 'and_ln300' <Predicate = true> <Delay = 0.28> <CoreInst = "LogicGate">   --->   Core 74 'LogicGate' <Latency = 0> <II = 1> <Delay = 0.28> <FuncUnit> <Opcode : 'and' 'or' 'xor'> <InPorts = 2> <OutPorts = 1>
ST_6 : Operation 92 [1/1] (0.00ns) (grouped into LUT with out node results_sign_V_4)   --->   "%xor_ln307 = xor i1 %do_cos_read, i1 1" [C:\scratch\2022.2\hls_product\608\2022.2\src\shared\hls\clib/hlsmath/include/FloatingPoint\hls_hotbm.h:307]   --->   Operation 92 'xor' 'xor_ln307' <Predicate = true> <Delay = 0.00> <CoreInst = "LogicGate">   --->   Core 74 'LogicGate' <Latency = 0> <II = 1> <Delay = 0.28> <FuncUnit> <Opcode : 'and' 'or' 'xor'> <InPorts = 2> <OutPorts = 1>
ST_6 : Operation 93 [1/1] (0.00ns) (grouped into LUT with out node results_sign_V_4)   --->   "%results_sign_V_2 = and i1 %p_Result_17, i1 %xor_ln307" [C:\scratch\2022.2\hls_product\608\2022.2\src\shared\hls\clib/hlsmath/include/FloatingPoint\hls_hotbm.h:307]   --->   Operation 93 'and' 'results_sign_V_2' <Predicate = true> <Delay = 0.00> <CoreInst = "LogicGate">   --->   Core 74 'LogicGate' <Latency = 0> <II = 1> <Delay = 0.28> <FuncUnit> <Opcode : 'and' 'or' 'xor'> <InPorts = 2> <OutPorts = 1>
ST_6 : Operation 94 [1/1] (0.00ns) (grouped into LUT with out node results_sign_V_3)   --->   "%xor_ln311 = xor i1 %icmp_ln1019_2, i1 1" [C:\scratch\2022.2\hls_product\608\2022.2\src\shared\hls\clib/hlsmath/include/FloatingPoint\hls_hotbm.h:311]   --->   Operation 94 'xor' 'xor_ln311' <Predicate = true> <Delay = 0.00> <CoreInst = "LogicGate">   --->   Core 74 'LogicGate' <Latency = 0> <II = 1> <Delay = 0.28> <FuncUnit> <Opcode : 'and' 'or' 'xor'> <InPorts = 2> <OutPorts = 1>
ST_6 : Operation 95 [1/1] (0.48ns) (out node of the LUT)   --->   "%results_sign_V_3 = and i1 %results_sign_V, i1 %xor_ln311" [C:\scratch\2022.2\hls_product\608\2022.2\src\shared\hls\clib/hlsmath/include/FloatingPoint\hls_hotbm.h:311]   --->   Operation 95 'and' 'results_sign_V_3' <Predicate = true> <Delay = 0.48> <CoreInst = "LogicGate">   --->   Core 74 'LogicGate' <Latency = 0> <II = 1> <Delay = 0.28> <FuncUnit> <Opcode : 'and' 'or' 'xor'> <InPorts = 2> <OutPorts = 1>
ST_6 : Operation 96 [1/1] (0.28ns) (out node of the LUT)   --->   "%results_sign_V_4 = select i1 %and_ln300, i1 %results_sign_V_2, i1 %results_sign_V_3" [C:\scratch\2022.2\hls_product\608\2022.2\src\shared\hls\clib/hlsmath/include/FloatingPoint\hls_hotbm.h:300]   --->   Operation 96 'select' 'results_sign_V_4' <Predicate = true> <Delay = 0.28> <CoreInst = "Sel">   --->   Core 73 'Sel' <Latency = 0> <II = 1> <Delay = 0.17> <FuncUnit> <Opcode : 'select'> <InPorts = 3> <OutPorts = 1>

State 7 <SV = 6> <Delay = 3.51>
ST_7 : Operation 97 [1/4] (0.00ns) (root node of the DSP)   --->   "%r_V = mul i30 %zext_ln1271, i30 %zext_ln1271"   --->   Operation 97 'mul' 'r_V' <Predicate = true> <Delay = 0.00> <CoreInst = "DSP48">   --->   Core 127 'DSP48' <Latency = 3> <II = 1> <Delay = 0.53> <IPBlock> <Opcode : 'mul' 'add' 'sub' 'select'> <InPorts = 0> <OutPorts = 1> <Sync> <CReg>
ST_7 : Operation 98 [1/1] (0.00ns)   --->   "%B_squared = partselect i15 @_ssdm_op_PartSelect.i15.i30.i32.i32, i30 %r_V, i32 15, i32 29"   --->   Operation 98 'partselect' 'B_squared' <Predicate = true> <Delay = 0.00>
ST_7 : Operation 99 [1/1] (0.00ns)   --->   "%zext_ln818 = zext i15 %B_squared"   --->   Operation 99 'zext' 'zext_ln818' <Predicate = true> <Delay = 0.00>
ST_7 : Operation 100 [1/2] (0.67ns)   --->   "%second_order_float_sin_cos_K0_V_load = load i8 %second_order_float_sin_cos_K0_V_addr"   --->   Operation 100 'load' 'second_order_float_sin_cos_K0_V_load' <Predicate = true> <Delay = 0.67> <CoreInst = "ROM_1P_LUTRAM">   --->   Core 103 'ROM_1P_LUTRAM' <Latency = 1> <II = 1> <Delay = 0.67> <Storage> <Opcode : 'load'> <Ports = 1> <Width = 30> <Depth = 256> <ROM>
ST_7 : Operation 101 [1/1] (0.00ns)   --->   "%t1_V = partselect i29 @_ssdm_op_PartSelect.i29.i30.i32.i32, i30 %second_order_float_sin_cos_K0_V_load, i32 1, i32 29"   --->   Operation 101 'partselect' 't1_V' <Predicate = true> <Delay = 0.00>
ST_7 : Operation 102 [1/1] (0.00ns)   --->   "%zext_ln1271_1 = zext i22 %B"   --->   Operation 102 'zext' 'zext_ln1271_1' <Predicate = true> <Delay = 0.00>
ST_7 : Operation 103 [1/2] (0.67ns)   --->   "%second_order_float_sin_cos_K1_V_load = load i8 %second_order_float_sin_cos_K1_V_addr"   --->   Operation 103 'load' 'second_order_float_sin_cos_K1_V_load' <Predicate = true> <Delay = 0.67> <CoreInst = "ROM_1P_LUTRAM">   --->   Core 103 'ROM_1P_LUTRAM' <Latency = 1> <II = 1> <Delay = 0.67> <Storage> <Opcode : 'load'> <Ports = 1> <Width = 23> <Depth = 256> <ROM>
ST_7 : Operation 104 [1/1] (0.00ns)   --->   "%sext_ln1273 = sext i23 %second_order_float_sin_cos_K1_V_load"   --->   Operation 104 'sext' 'sext_ln1273' <Predicate = true> <Delay = 0.00>
ST_7 : Operation 105 [1/1] (2.83ns)   --->   "%r_V_2 = mul i45 %sext_ln1273, i45 %zext_ln1271_1"   --->   Operation 105 'mul' 'r_V_2' <Predicate = true> <Delay = 2.83> <CoreInst = "Multiplier">   --->   Core 3 'Multiplier' <Latency = 0> <II = 1> <Delay = 2.83> <FuncUnit> <Opcode : 'mul'> <InPorts = 2> <OutPorts = 1>
ST_7 : Operation 106 [1/1] (0.00ns)   --->   "%rhs_1 = partselect i22 @_ssdm_op_PartSelect.i22.i45.i32.i32, i45 %r_V_2, i32 23, i32 44"   --->   Operation 106 'partselect' 'rhs_1' <Predicate = true> <Delay = 0.00>
ST_7 : Operation 107 [1/2] (0.67ns)   --->   "%second_order_float_sin_cos_K2_V_load = load i8 %second_order_float_sin_cos_K2_V_addr"   --->   Operation 107 'load' 'second_order_float_sin_cos_K2_V_load' <Predicate = true> <Delay = 0.67> <CoreInst = "ROM_1P_LUTRAM">   --->   Core 103 'ROM_1P_LUTRAM' <Latency = 1> <II = 1> <Delay = 0.67> <Storage> <Opcode : 'load'> <Ports = 1> <Width = 15> <Depth = 256> <ROM>
ST_7 : Operation 108 [1/1] (0.00ns)   --->   "%sext_ln1273_1 = sext i15 %second_order_float_sin_cos_K2_V_load"   --->   Operation 108 'sext' 'sext_ln1273_1' <Predicate = true> <Delay = 0.00>
ST_7 : Operation 109 [4/4] (0.53ns) (root node of the DSP)   --->   "%r_V_4 = mul i30 %zext_ln818, i30 %sext_ln1273_1"   --->   Operation 109 'mul' 'r_V_4' <Predicate = true> <Delay = 0.53> <CoreInst = "DSP48">   --->   Core 127 'DSP48' <Latency = 3> <II = 1> <Delay = 0.53> <IPBlock> <Opcode : 'mul' 'add' 'sub' 'select'> <InPorts = 0> <OutPorts = 1> <Sync> <CReg>

State 8 <SV = 7> <Delay = 0.53>
ST_8 : Operation 110 [3/4] (0.53ns) (root node of the DSP)   --->   "%r_V_4 = mul i30 %zext_ln818, i30 %sext_ln1273_1"   --->   Operation 110 'mul' 'r_V_4' <Predicate = true> <Delay = 0.53> <CoreInst = "DSP48">   --->   Core 127 'DSP48' <Latency = 3> <II = 1> <Delay = 0.53> <IPBlock> <Opcode : 'mul' 'add' 'sub' 'select'> <InPorts = 0> <OutPorts = 1> <Sync> <CReg>

State 9 <SV = 8> <Delay = 0.53>
ST_9 : Operation 111 [2/4] (0.53ns) (root node of the DSP)   --->   "%r_V_4 = mul i30 %zext_ln818, i30 %sext_ln1273_1"   --->   Operation 111 'mul' 'r_V_4' <Predicate = true> <Delay = 0.53> <CoreInst = "DSP48">   --->   Core 127 'DSP48' <Latency = 3> <II = 1> <Delay = 0.53> <IPBlock> <Opcode : 'mul' 'add' 'sub' 'select'> <InPorts = 0> <OutPorts = 1> <Sync> <CReg>

State 10 <SV = 9> <Delay = 4.05>
ST_10 : Operation 112 [1/1] (0.35ns)   --->   "%Mx_V_1 = select i1 %cos_basis, i29 536870911, i29 %Mx_V" [C:\scratch\2022.2\hls_product\608\2022.2\src\shared\hls\clib/hlsmath/include/FloatingPoint\hls_hotbm.h:272]   --->   Operation 112 'select' 'Mx_V_1' <Predicate = true> <Delay = 0.35> <CoreInst = "Sel">   --->   Core 73 'Sel' <Latency = 0> <II = 1> <Delay = 0.35> <FuncUnit> <Opcode : 'select'> <InPorts = 3> <OutPorts = 1>
ST_10 : Operation 113 [1/4] (0.00ns) (root node of the DSP)   --->   "%r_V_4 = mul i30 %zext_ln818, i30 %sext_ln1273_1"   --->   Operation 113 'mul' 'r_V_4' <Predicate = true> <Delay = 0.00> <CoreInst = "DSP48">   --->   Core 127 'DSP48' <Latency = 3> <II = 1> <Delay = 0.53> <IPBlock> <Opcode : 'mul' 'add' 'sub' 'select'> <InPorts = 0> <OutPorts = 1> <Sync> <CReg>
ST_10 : Operation 114 [1/1] (0.00ns)   --->   "%rhs_2 = partselect i14 @_ssdm_op_PartSelect.i14.i30.i32.i32, i30 %r_V_4, i32 16, i32 29"   --->   Operation 114 'partselect' 'rhs_2' <Predicate = true> <Delay = 0.00>
ST_10 : Operation 115 [1/1] (0.00ns)   --->   "%sext_ln813 = sext i29 %t1_V"   --->   Operation 115 'sext' 'sext_ln813' <Predicate = true> <Delay = 0.00>
ST_10 : Operation 116 [1/1] (0.00ns)   --->   "%sext_ln813_1 = sext i22 %rhs_1"   --->   Operation 116 'sext' 'sext_ln813_1' <Predicate = true> <Delay = 0.00>
ST_10 : Operation 117 [1/1] (0.00ns) (grouped into TernaryAdder)   --->   "%ret_V_1 = add i30 %sext_ln813, i30 %sext_ln813_1"   --->   Operation 117 'add' 'ret_V_1' <Predicate = true> <Delay = 0.00> <CoreInst = "TAddSub">   --->   Core 10 'TAddSub' <Latency = 0> <II = 1> <Delay = 0.36> <IPBlock> <Opcode : 'add' 'sub'> <InPorts = 3> <OutPorts = 1> <Sync> <CReg>
ST_10 : Operation 118 [1/1] (0.00ns)   --->   "%sext_ln1347 = sext i14 %rhs_2"   --->   Operation 118 'sext' 'sext_ln1347' <Predicate = true> <Delay = 0.00>
ST_10 : Operation 119 [1/1] (0.72ns) (root node of TernaryAdder)   --->   "%ret_V_2 = add i30 %ret_V_1, i30 %sext_ln1347"   --->   Operation 119 'add' 'ret_V_2' <Predicate = true> <Delay = 0.72> <CoreInst = "TAddSub">   --->   Core 10 'TAddSub' <Latency = 0> <II = 1> <Delay = 0.36> <IPBlock> <Opcode : 'add' 'sub'> <InPorts = 3> <OutPorts = 1> <Sync> <CReg>
ST_10 : Operation 120 [1/1] (0.00ns)   --->   "%sext_ln1270 = sext i30 %ret_V_2"   --->   Operation 120 'sext' 'sext_ln1270' <Predicate = true> <Delay = 0.00>
ST_10 : Operation 121 [1/1] (0.00ns)   --->   "%zext_ln1273 = zext i29 %Mx_V_1"   --->   Operation 121 'zext' 'zext_ln1273' <Predicate = true> <Delay = 0.00>
ST_10 : Operation 122 [1/1] (3.32ns)   --->   "%r_V_6 = mul i58 %sext_ln1270, i58 %zext_ln1273"   --->   Operation 122 'mul' 'r_V_6' <Predicate = true> <Delay = 3.32> <CoreInst = "Multiplier">   --->   Core 3 'Multiplier' <Latency = 0> <II = 1> <Delay = 3.32> <FuncUnit> <Opcode : 'mul'> <InPorts = 2> <OutPorts = 1>
ST_10 : Operation 123 [1/1] (0.00ns)   --->   "%result_V = partselect i29 @_ssdm_op_PartSelect.i29.i58.i32.i32, i58 %r_V_6, i32 29, i32 57"   --->   Operation 123 'partselect' 'result_V' <Predicate = true> <Delay = 0.00>
ST_10 : Operation 124 [1/1] (0.00ns)   --->   "%tmp_2 = partselect i16 @_ssdm_op_PartSelect.i16.i58.i32.i32, i58 %r_V_6, i32 42, i32 57"   --->   Operation 124 'partselect' 'tmp_2' <Predicate = true> <Delay = 0.00>
ST_10 : Operation 125 [1/1] (0.00ns)   --->   "%tmp_3 = partselect i13 @_ssdm_op_PartSelect.i13.i58.i32.i32, i58 %r_V_6, i32 29, i32 41"   --->   Operation 125 'partselect' 'tmp_3' <Predicate = true> <Delay = 0.00>

State 11 <SV = 10> <Delay = 4.03>
ST_11 : Operation 126 [1/1] (0.00ns)   --->   "%specmemcore_ln404 = specmemcore void @_ssdm_op_SpecMemCore, i100 %ref_4oPi_table_100_V, i64 666, i64 34, i64 18446744073709551615" [C:\scratch\2022.2\hls_product\608\2022.2\src\shared\hls\clib/hlsmath/include/FloatingPoint/hls_range_redux.h:404]   --->   Operation 126 'specmemcore' 'specmemcore_ln404' <Predicate = true> <Delay = 0.00>
ST_11 : Operation 127 [1/1] (0.00ns) (grouped into LUT with out node add_ln329)   --->   "%Ex_V_4 = select i1 %cos_basis, i8 0, i8 %Ex_V_3" [C:\scratch\2022.2\hls_product\608\2022.2\src\shared\hls\clib/hlsmath/include/FloatingPoint\hls_hotbm.h:272]   --->   Operation 127 'select' 'Ex_V_4' <Predicate = true> <Delay = 0.00> <CoreInst = "Sel">   --->   Core 73 'Sel' <Latency = 0> <II = 1> <Delay = 0.39> <FuncUnit> <Opcode : 'select'> <InPorts = 3> <OutPorts = 1>
ST_11 : Operation 128 [1/1] (0.00ns)   --->   "%specmemcore_ln16 = specmemcore void @_ssdm_op_SpecMemCore, i30 %second_order_float_sin_cos_K0_V, i64 666, i64 34, i64 18446744073709551615" [C:\scratch\2022.2\hls_product\608\2022.2\src\shared\hls\clib\hlsmath\src\common\hls_hotbm_float.cpp:16]   --->   Operation 128 'specmemcore' 'specmemcore_ln16' <Predicate = true> <Delay = 0.00>
ST_11 : Operation 129 [1/1] (0.00ns)   --->   "%specmemcore_ln17 = specmemcore void @_ssdm_op_SpecMemCore, i23 %second_order_float_sin_cos_K1_V, i64 666, i64 34, i64 18446744073709551615" [C:\scratch\2022.2\hls_product\608\2022.2\src\shared\hls\clib\hlsmath\src\common\hls_hotbm_float.cpp:17]   --->   Operation 129 'specmemcore' 'specmemcore_ln17' <Predicate = true> <Delay = 0.00>
ST_11 : Operation 130 [1/1] (0.00ns)   --->   "%specmemcore_ln18 = specmemcore void @_ssdm_op_SpecMemCore, i15 %second_order_float_sin_cos_K2_V, i64 666, i64 34, i64 18446744073709551615" [C:\scratch\2022.2\hls_product\608\2022.2\src\shared\hls\clib\hlsmath\src\common\hls_hotbm_float.cpp:18]   --->   Operation 130 'specmemcore' 'specmemcore_ln18' <Predicate = true> <Delay = 0.00>
ST_11 : Operation 131 [1/1] (0.00ns) (grouped into LUT with out node add_ln329)   --->   "%sext_ln186 = sext i8 %Ex_V_4"   --->   Operation 131 'sext' 'sext_ln186' <Predicate = true> <Delay = 0.00>
ST_11 : Operation 132 [1/1] (0.00ns)   --->   "%p_Result_23 = bitconcatenate i32 @_ssdm_op_BitConcatenate.i32.i16.i16, i16 %tmp_2, i16 32768"   --->   Operation 132 'bitconcatenate' 'p_Result_23' <Predicate = true> <Delay = 0.00>
ST_11 : Operation 133 [1/1] (0.00ns)   --->   "%p_Result_24 = bitconcatenate i32 @_ssdm_op_BitConcatenate.i32.i13.i19, i13 %tmp_3, i19 262144"   --->   Operation 133 'bitconcatenate' 'p_Result_24' <Predicate = true> <Delay = 0.00>
ST_11 : Operation 134 [1/1] (0.00ns)   --->   "%p_Result_25 = partselect i32 @llvm.part.select.i32, i32 %p_Result_23, i32 31, i32 0"   --->   Operation 134 'partselect' 'p_Result_25' <Predicate = true> <Delay = 0.00>
ST_11 : Operation 135 [1/1] (0.00ns)   --->   "%c = cttz i32 @llvm.cttz.i32, i32 %p_Result_25, i1 1"   --->   Operation 135 'cttz' 'c' <Predicate = true> <Delay = 0.00>
ST_11 : Operation 136 [1/1] (0.00ns)   --->   "%p_Result_26 = partselect i32 @llvm.part.select.i32, i32 %p_Result_24, i32 31, i32 0"   --->   Operation 136 'partselect' 'p_Result_26' <Predicate = true> <Delay = 0.00>
ST_11 : Operation 137 [1/1] (0.00ns)   --->   "%c_2 = cttz i32 @llvm.cttz.i32, i32 %p_Result_26, i1 1"   --->   Operation 137 'cttz' 'c_2' <Predicate = true> <Delay = 0.00>
ST_11 : Operation 138 [1/1] (0.00ns)   --->   "%zext_ln1488_1 = zext i29 %result_V"   --->   Operation 138 'zext' 'zext_ln1488_1' <Predicate = true> <Delay = 0.00>
ST_11 : Operation 139 [1/1] (1.38ns)   --->   "%shl_ln1454_1 = shl i32 %zext_ln1488_1, i32 %c"   --->   Operation 139 'shl' 'shl_ln1454_1' <Predicate = true> <Delay = 1.38> <CoreInst = "Shifter">   --->   Core 75 'Shifter' <Latency = 0> <II = 1> <Delay = 1.38> <FuncUnit> <Opcode : 'shl' 'lshr' 'ashr'> <InPorts = 2> <OutPorts = 1>
ST_11 : Operation 140 [1/1] (0.00ns) (grouped into LUT with out node select_ln300)   --->   "%r_V_9 = trunc i32 %shl_ln1454_1"   --->   Operation 140 'trunc' 'r_V_9' <Predicate = true> <Delay = 0.00>
ST_11 : Operation 141 [1/1] (0.99ns)   --->   "%icmp_ln321 = icmp_eq  i32 %c, i32 16" [C:\scratch\2022.2\hls_product\608\2022.2\src\shared\hls\clib/src/hls\utils/x_hls_float_utils.h:321]   --->   Operation 141 'icmp' 'icmp_ln321' <Predicate = true> <Delay = 0.99> <CoreInst = "Cmp">   --->   Core 9 'Cmp' <Latency = 0> <II = 1> <Delay = 0.99> <FuncUnit> <Opcode : 'icmp'> <InPorts = 2> <OutPorts = 1>
ST_11 : Operation 142 [1/1] (1.01ns)   --->   "%add_ln319 = add i32 %c_2, i32 16" [C:\scratch\2022.2\hls_product\608\2022.2\src\shared\hls\clib/src/hls\utils/x_hls_float_utils.h:319]   --->   Operation 142 'add' 'add_ln319' <Predicate = true> <Delay = 1.01> <CoreInst = "Adder">   --->   Core 1 'Adder' <Latency = 0> <II = 1> <Delay = 1.01> <FuncUnit> <Opcode : 'add' 'sub'> <InPorts = 2> <OutPorts = 1>
ST_11 : Operation 143 [1/1] (0.00ns) (grouped into LUT with out node select_ln300)   --->   "%zext_ln1488_2 = zext i28 %r_V_9"   --->   Operation 143 'zext' 'zext_ln1488_2' <Predicate = true> <Delay = 0.00>
ST_11 : Operation 144 [1/1] (0.00ns) (grouped into LUT with out node select_ln300)   --->   "%shl_ln1454_2 = shl i32 %zext_ln1488_2, i32 %c_2"   --->   Operation 144 'shl' 'shl_ln1454_2' <Predicate = true> <Delay = 0.00> <CoreInst = "Shifter">   --->   Core 75 'Shifter' <Latency = 0> <II = 1> <Delay = 1.38> <FuncUnit> <Opcode : 'shl' 'lshr' 'ashr'> <InPorts = 2> <OutPorts = 1>
ST_11 : Operation 145 [1/1] (0.00ns) (grouped into LUT with out node newexp)   --->   "%shift_1 = select i1 %icmp_ln321, i32 %add_ln319, i32 %c" [C:\scratch\2022.2\hls_product\608\2022.2\src\shared\hls\clib/src/hls\utils/x_hls_float_utils.h:321]   --->   Operation 145 'select' 'shift_1' <Predicate = true> <Delay = 0.00> <CoreInst = "Sel">   --->   Core 73 'Sel' <Latency = 0> <II = 1> <Delay = 0.44> <FuncUnit> <Opcode : 'select'> <InPorts = 3> <OutPorts = 1>
ST_11 : Operation 146 [1/1] (0.76ns) (out node of the LUT)   --->   "%add_ln329 = add i9 %sext_ln186, i9 127" [C:\scratch\2022.2\hls_product\608\2022.2\src\shared\hls\clib/src/hls\utils/x_hls_float_utils.h:329]   --->   Operation 146 'add' 'add_ln329' <Predicate = true> <Delay = 0.76> <CoreInst = "Adder">   --->   Core 1 'Adder' <Latency = 0> <II = 1> <Delay = 0.76> <FuncUnit> <Opcode : 'add' 'sub'> <InPorts = 2> <OutPorts = 1>
ST_11 : Operation 147 [1/1] (0.00ns) (grouped into LUT with out node newexp)   --->   "%sext_ln329 = sext i9 %add_ln329" [C:\scratch\2022.2\hls_product\608\2022.2\src\shared\hls\clib/src/hls\utils/x_hls_float_utils.h:329]   --->   Operation 147 'sext' 'sext_ln329' <Predicate = true> <Delay = 0.00>
ST_11 : Operation 148 [1/1] (1.01ns) (out node of the LUT)   --->   "%newexp = sub i32 %sext_ln329, i32 %shift_1" [C:\scratch\2022.2\hls_product\608\2022.2\src\shared\hls\clib/src/hls\utils/x_hls_float_utils.h:329]   --->   Operation 148 'sub' 'newexp' <Predicate = true> <Delay = 1.01> <CoreInst = "Adder">   --->   Core 1 'Adder' <Latency = 0> <II = 1> <Delay = 1.01> <FuncUnit> <Opcode : 'add' 'sub'> <InPorts = 2> <OutPorts = 1>
ST_11 : Operation 149 [1/1] (0.00ns)   --->   "%tmp_10 = bitselect i1 @_ssdm_op_BitSelect.i1.i32.i32, i32 %newexp, i32 31" [C:\scratch\2022.2\hls_product\608\2022.2\src\shared\hls\clib/src/hls\utils/x_hls_float_utils.h:335]   --->   Operation 149 'bitselect' 'tmp_10' <Predicate = true> <Delay = 0.00>
ST_11 : Operation 150 [1/1] (1.01ns)   --->   "%icmp_ln1653 = icmp_eq  i29 %result_V, i29 0"   --->   Operation 150 'icmp' 'icmp_ln1653' <Predicate = true> <Delay = 1.01> <CoreInst = "Cmp">   --->   Core 9 'Cmp' <Latency = 0> <II = 1> <Delay = 1.01> <FuncUnit> <Opcode : 'icmp'> <InPorts = 2> <OutPorts = 1>
ST_11 : Operation 151 [1/1] (0.28ns)   --->   "%or_ln335 = or i1 %tmp_10, i1 %icmp_ln1653" [C:\scratch\2022.2\hls_product\608\2022.2\src\shared\hls\clib/src/hls\utils/x_hls_float_utils.h:335]   --->   Operation 151 'or' 'or_ln335' <Predicate = true> <Delay = 0.28> <CoreInst = "LogicGate">   --->   Core 74 'LogicGate' <Latency = 0> <II = 1> <Delay = 0.28> <FuncUnit> <Opcode : 'and' 'or' 'xor'> <InPorts = 2> <OutPorts = 1>
ST_11 : Operation 152 [1/1] (0.00ns) (grouped into LUT with out node select_ln300)   --->   "%tmp_8 = partselect i23 @_ssdm_op_PartSelect.i23.i32.i32.i32, i32 %shl_ln1454_2, i32 5, i32 27"   --->   Operation 152 'partselect' 'tmp_8' <Predicate = true> <Delay = 0.00>
ST_11 : Operation 153 [1/1] (0.00ns) (grouped into LUT with out node select_ln300)   --->   "%tmp_9 = partselect i23 @_ssdm_op_PartSelect.i23.i32.i32.i32, i32 %shl_ln1454_1, i32 5, i32 27"   --->   Operation 153 'partselect' 'tmp_9' <Predicate = true> <Delay = 0.00>
ST_11 : Operation 154 [1/1] (0.00ns) (grouped into LUT with out node select_ln300)   --->   "%select_ln321 = select i1 %icmp_ln321, i23 %tmp_8, i23 %tmp_9" [C:\scratch\2022.2\hls_product\608\2022.2\src\shared\hls\clib/src/hls\utils/x_hls_float_utils.h:321]   --->   Operation 154 'select' 'select_ln321' <Predicate = true> <Delay = 0.00> <CoreInst = "Sel">   --->   Core 73 'Sel' <Latency = 0> <II = 1> <Delay = 0.33> <FuncUnit> <Opcode : 'select'> <InPorts = 3> <OutPorts = 1>
ST_11 : Operation 155 [1/1] (0.00ns) (grouped into LUT with out node results_exp_V)   --->   "%empty = trunc i32 %newexp" [C:\scratch\2022.2\hls_product\608\2022.2\src\shared\hls\clib/src/hls\utils/x_hls_float_utils.h:329]   --->   Operation 155 'trunc' 'empty' <Predicate = (!and_ln300)> <Delay = 0.00>
ST_11 : Operation 156 [1/1] (0.00ns) (grouped into LUT with out node results_exp_V)   --->   "%select_ln288 = select i1 %do_cos_read, i8 127, i8 0" [C:\scratch\2022.2\hls_product\608\2022.2\src\shared\hls\clib/hlsmath/include/FloatingPoint\hls_hotbm.h:288]   --->   Operation 156 'select' 'select_ln288' <Predicate = (and_ln300)> <Delay = 0.00> <CoreInst = "Sel">   --->   Core 73 'Sel' <Latency = 0> <II = 1> <Delay = 0.39> <FuncUnit> <Opcode : 'select'> <InPorts = 3> <OutPorts = 1>
ST_11 : Operation 157 [1/1] (0.00ns) (grouped into LUT with out node results_exp_V)   --->   "%select_ln311 = select i1 %icmp_ln1019_2, i8 255, i8 0" [C:\scratch\2022.2\hls_product\608\2022.2\src\shared\hls\clib/hlsmath/include/FloatingPoint\hls_hotbm.h:311]   --->   Operation 157 'select' 'select_ln311' <Predicate = (!and_ln300)> <Delay = 0.00> <CoreInst = "Sel">   --->   Core 73 'Sel' <Latency = 0> <II = 1> <Delay = 0.17> <FuncUnit> <Opcode : 'select'> <InPorts = 3> <OutPorts = 1>
ST_11 : Operation 158 [1/1] (0.00ns) (grouped into LUT with out node results_exp_V)   --->   "%or_ln311 = or i1 %icmp_ln1019_2, i1 %or_ln335" [C:\scratch\2022.2\hls_product\608\2022.2\src\shared\hls\clib/hlsmath/include/FloatingPoint\hls_hotbm.h:311]   --->   Operation 158 'or' 'or_ln311' <Predicate = (!and_ln300)> <Delay = 0.00> <CoreInst = "LogicGate">   --->   Core 74 'LogicGate' <Latency = 0> <II = 1> <Delay = 0.28> <FuncUnit> <Opcode : 'and' 'or' 'xor'> <InPorts = 2> <OutPorts = 1>
ST_11 : Operation 159 [1/1] (0.00ns) (grouped into LUT with out node results_exp_V)   --->   "%results_exp_V_1 = select i1 %or_ln311, i8 %select_ln311, i8 %empty" [C:\scratch\2022.2\hls_product\608\2022.2\src\shared\hls\clib/hlsmath/include/FloatingPoint\hls_hotbm.h:311]   --->   Operation 159 'select' 'results_exp_V_1' <Predicate = (!and_ln300)> <Delay = 0.00> <CoreInst = "Sel">   --->   Core 73 'Sel' <Latency = 0> <II = 1> <Delay = 0.39> <FuncUnit> <Opcode : 'select'> <InPorts = 3> <OutPorts = 1>
ST_11 : Operation 160 [1/1] (0.39ns) (out node of the LUT)   --->   "%results_exp_V = select i1 %and_ln300, i8 %select_ln288, i8 %results_exp_V_1" [C:\scratch\2022.2\hls_product\608\2022.2\src\shared\hls\clib/hlsmath/include/FloatingPoint\hls_hotbm.h:300]   --->   Operation 160 'select' 'results_exp_V' <Predicate = true> <Delay = 0.39> <CoreInst = "Sel">   --->   Core 73 'Sel' <Latency = 0> <II = 1> <Delay = 0.39> <FuncUnit> <Opcode : 'select'> <InPorts = 3> <OutPorts = 1>
ST_11 : Operation 161 [1/1] (0.00ns) (grouped into LUT with out node results_sig_V)   --->   "%and_ln300_1 = and i1 %icmp_ln1019, i1 %icmp_ln1019_1" [C:\scratch\2022.2\hls_product\608\2022.2\src\shared\hls\clib/hlsmath/include/FloatingPoint\hls_hotbm.h:300]   --->   Operation 161 'and' 'and_ln300_1' <Predicate = true> <Delay = 0.00> <CoreInst = "LogicGate">   --->   Core 74 'LogicGate' <Latency = 0> <II = 1> <Delay = 0.28> <FuncUnit> <Opcode : 'and' 'or' 'xor'> <InPorts = 2> <OutPorts = 1>
ST_11 : Operation 162 [1/1] (0.00ns) (grouped into LUT with out node results_sig_V)   --->   "%xor_ln300 = xor i1 %and_ln300_1, i1 1" [C:\scratch\2022.2\hls_product\608\2022.2\src\shared\hls\clib/hlsmath/include/FloatingPoint\hls_hotbm.h:300]   --->   Operation 162 'xor' 'xor_ln300' <Predicate = true> <Delay = 0.00> <CoreInst = "LogicGate">   --->   Core 74 'LogicGate' <Latency = 0> <II = 1> <Delay = 0.28> <FuncUnit> <Opcode : 'and' 'or' 'xor'> <InPorts = 2> <OutPorts = 1>
ST_11 : Operation 163 [1/1] (0.00ns) (grouped into LUT with out node results_sig_V)   --->   "%select_ln300_3 = select i1 %xor_ln300, i23 8388607, i23 0" [C:\scratch\2022.2\hls_product\608\2022.2\src\shared\hls\clib/hlsmath/include/FloatingPoint\hls_hotbm.h:300]   --->   Operation 163 'select' 'select_ln300_3' <Predicate = true> <Delay = 0.00> <CoreInst = "Sel">   --->   Core 73 'Sel' <Latency = 0> <II = 1> <Delay = 0.17> <FuncUnit> <Opcode : 'select'> <InPorts = 3> <OutPorts = 1>
ST_11 : Operation 164 [1/1] (0.00ns) (grouped into LUT with out node results_sig_V)   --->   "%or_ln300 = or i1 %and_ln300, i1 %icmp_ln1019_2" [C:\scratch\2022.2\hls_product\608\2022.2\src\shared\hls\clib/hlsmath/include/FloatingPoint\hls_hotbm.h:300]   --->   Operation 164 'or' 'or_ln300' <Predicate = true> <Delay = 0.00> <CoreInst = "LogicGate">   --->   Core 74 'LogicGate' <Latency = 0> <II = 1> <Delay = 0.28> <FuncUnit> <Opcode : 'and' 'or' 'xor'> <InPorts = 2> <OutPorts = 1>
ST_11 : Operation 165 [1/1] (1.38ns) (out node of the LUT)   --->   "%select_ln300 = select i1 %or_ln335, i23 0, i23 %select_ln321" [C:\scratch\2022.2\hls_product\608\2022.2\src\shared\hls\clib/hlsmath/include/FloatingPoint\hls_hotbm.h:300]   --->   Operation 165 'select' 'select_ln300' <Predicate = true> <Delay = 1.38> <CoreInst = "Sel">   --->   Core 73 'Sel' <Latency = 0> <II = 1> <Delay = 0.33> <FuncUnit> <Opcode : 'select'> <InPorts = 3> <OutPorts = 1>
ST_11 : Operation 166 [1/1] (0.33ns) (out node of the LUT)   --->   "%results_sig_V = select i1 %or_ln300, i23 %select_ln300_3, i23 %select_ln300" [C:\scratch\2022.2\hls_product\608\2022.2\src\shared\hls\clib/hlsmath/include/FloatingPoint\hls_hotbm.h:300]   --->   Operation 166 'select' 'results_sig_V' <Predicate = true> <Delay = 0.33> <CoreInst = "Sel">   --->   Core 73 'Sel' <Latency = 0> <II = 1> <Delay = 0.33> <FuncUnit> <Opcode : 'select'> <InPorts = 3> <OutPorts = 1>
ST_11 : Operation 167 [1/1] (0.00ns)   --->   "%p_Result_28 = bitconcatenate i32 @_ssdm_op_BitConcatenate.i32.i1.i8.i23, i1 %results_sign_V_4, i8 %results_exp_V, i23 %results_sig_V"   --->   Operation 167 'bitconcatenate' 'p_Result_28' <Predicate = true> <Delay = 0.00>
ST_11 : Operation 168 [1/1] (0.00ns)   --->   "%bitcast_ln356 = bitcast i32 %p_Result_28" [C:\scratch\2022.2\hls_product\608\2022.2\src\shared\hls\clib/src/hls\utils/x_hls_utils.h:356]   --->   Operation 168 'bitcast' 'bitcast_ln356' <Predicate = true> <Delay = 0.00>
ST_11 : Operation 169 [1/1] (0.00ns)   --->   "%ret_ln316 = ret i32 %bitcast_ln356" [C:\scratch\2022.2\hls_product\608\2022.2\src\shared\hls\clib/hlsmath/include/FloatingPoint\hls_hotbm.h:316]   --->   Operation 169 'ret' 'ret_ln316' <Predicate = true> <Delay = 0.00>


============================================================
+ Verbose Summary: Timing violations
============================================================
Target clock period: 10ns, clock uncertainty: 2.7ns.

 <State 1>: 1.92ns
The critical path consists of the following:
	wire read operation ('t_in_read', C:\scratch\2022.2\hls_product\608\2022.2\src\shared\hls\clib/src/hls\utils/x_hls_utils.h:317) on port 't_in' (C:\scratch\2022.2\hls_product\608\2022.2\src\shared\hls\clib/src/hls\utils/x_hls_utils.h:317) [8]  (0 ns)
	'icmp' operation ('closepath') [13]  (0.849 ns)
	'select' operation ('addr.V') [20]  (0.393 ns)
	'getelementptr' operation ('ref_4oPi_table_100_V_addr', C:\scratch\2022.2\hls_product\608\2022.2\src\shared\hls\clib/hlsmath/include/FloatingPoint/hls_range_redux.h:407) [23]  (0 ns)
	'load' operation ('table_100.V', C:\scratch\2022.2\hls_product\608\2022.2\src\shared\hls\clib/hlsmath/include/FloatingPoint/hls_range_redux.h:407) on array 'ref_4oPi_table_100_V' [24]  (0.673 ns)

 <State 2>: 2.19ns
The critical path consists of the following:
	'load' operation ('table_100.V', C:\scratch\2022.2\hls_product\608\2022.2\src\shared\hls\clib/hlsmath/include/FloatingPoint/hls_range_redux.h:407) on array 'ref_4oPi_table_100_V' [24]  (0.673 ns)
	'shl' operation ('r.V') [27]  (1.51 ns)

 <State 3>: 6.67ns
The critical path consists of the following:
	'mul' operation ('ret.V') [30]  (5.2 ns)
	'sub' operation ('Mx_bits.V') [37]  (1.09 ns)
	'select' operation ('Mx_bits.V', C:\scratch\2022.2\hls_product\608\2022.2\src\shared\hls\clib/hlsmath/include/FloatingPoint/hls_range_redux.h:520) [38]  (0.38 ns)

 <State 4>: 4.45ns
The critical path consists of the following:
	'add' operation ('Ex.V') [14]  (0.765 ns)
	'select' operation ('select_ln482', C:\scratch\2022.2\hls_product\608\2022.2\src\shared\hls\clib/hlsmath/include/FloatingPoint/hls_range_redux.h:482) [15]  (0 ns)
	'sub' operation ('Ex.V') [50]  (0.765 ns)
	'sub' operation ('sub_ln1512') [53]  (0.765 ns)
	'select' operation ('ush') [54]  (0.398 ns)
	'lshr' operation ('lshr_ln1488') [57]  (0 ns)
	'select' operation ('select_ln1513') [59]  (1.22 ns)
	'mul' operation of DSP[72] ('r.V') [72]  (0.535 ns)

 <State 5>: 0.535ns
The critical path consists of the following:
	'mul' operation of DSP[72] ('r.V') [72]  (0.535 ns)

 <State 6>: 1.96ns
The critical path consists of the following:
	'mux' operation ('tmp_s', C:\scratch\2022.2\hls_product\608\2022.2\src\shared\hls\clib/hlsmath/include/FloatingPoint\hls_hotbm.h:271) [61]  (0.721 ns)
	'xor' operation ('xor_ln271', C:\scratch\2022.2\hls_product\608\2022.2\src\shared\hls\clib/hlsmath/include/FloatingPoint\hls_hotbm.h:271) [62]  (0.287 ns)
	'select' operation ('cos_basis', C:\scratch\2022.2\hls_product\608\2022.2\src\shared\hls\clib/hlsmath/include/FloatingPoint\hls_hotbm.h:271) [63]  (0.179 ns)
	'select' operation ('results.sign.V', C:\scratch\2022.2\hls_product\608\2022.2\src\shared\hls\clib/hlsmath/include/FloatingPoint\hls_hotbm.h:271) [131]  (0 ns)
	'and' operation ('results.sign.V', C:\scratch\2022.2\hls_product\608\2022.2\src\shared\hls\clib/hlsmath/include/FloatingPoint\hls_hotbm.h:311) [140]  (0.489 ns)
	'select' operation ('results.sign.V', C:\scratch\2022.2\hls_product\608\2022.2\src\shared\hls\clib/hlsmath/include/FloatingPoint\hls_hotbm.h:300) [144]  (0.287 ns)

 <State 7>: 3.51ns
The critical path consists of the following:
	'load' operation ('second_order_float_sin_cos_K1_V_load') on array 'second_order_float_sin_cos_K1_V' [83]  (0.677 ns)
	'mul' operation ('r.V') [85]  (2.83 ns)

 <State 8>: 0.535ns
The critical path consists of the following:
	'mul' operation of DSP[90] ('r.V') [90]  (0.535 ns)

 <State 9>: 0.535ns
The critical path consists of the following:
	'mul' operation of DSP[90] ('r.V') [90]  (0.535 ns)

 <State 10>: 4.05ns
The critical path consists of the following:
	'mul' operation of DSP[90] ('r.V') [90]  (0 ns)
	'add' operation ('ret.V') [96]  (0.726 ns)
	'mul' operation ('r.V') [99]  (3.33 ns)

 <State 11>: 4.04ns
The critical path consists of the following:
	'cttz' operation ('c') [109]  (0 ns)
	'add' operation ('add_ln319', C:\scratch\2022.2\hls_product\608\2022.2\src\shared\hls\clib/src/hls\utils/x_hls_float_utils.h:319) [114]  (1.02 ns)
	'select' operation ('shift', C:\scratch\2022.2\hls_product\608\2022.2\src\shared\hls\clib/src/hls\utils/x_hls_float_utils.h:321) [117]  (0 ns)
	'sub' operation ('newexp', C:\scratch\2022.2\hls_product\608\2022.2\src\shared\hls\clib/src/hls\utils/x_hls_float_utils.h:329) [120]  (1.02 ns)
	'or' operation ('or_ln335', C:\scratch\2022.2\hls_product\608\2022.2\src\shared\hls\clib/src/hls\utils/x_hls_float_utils.h:335) [123]  (0.287 ns)
	'select' operation ('select_ln300', C:\scratch\2022.2\hls_product\608\2022.2\src\shared\hls\clib/hlsmath/include/FloatingPoint\hls_hotbm.h:300) [150]  (1.39 ns)
	'select' operation ('results.sig.V', C:\scratch\2022.2\hls_product\608\2022.2\src\shared\hls\clib/hlsmath/include/FloatingPoint\hls_hotbm.h:300) [151]  (0.332 ns)


============================================================
+ Verbose Summary: Binding
============================================================
N/A
* FSMD analyzer results:
  - Output states:
 - Input state : 
  - Chain level:
	State 1
	State 2
	State 3
	State 4
	State 5
	State 6
	State 7
	State 8
	State 9
	State 10
	State 11


============================================================
+ Verbose Summary: Datapath Resource usage 
============================================================
N/A
