

================================================================
== Vitis HLS Report for 'zadoff_chu_generator_hls'
================================================================
* Date:           Sat Jul  1 12:55:44 2023

* Version:        2022.2 (Build 3670227 on Oct 13 2022)
* Project:        project_39
* Solution:       solution1 (Vivado IP Flow Target)
* Product family: zynquplus
* Target device:  xczu7ev-ffvc1156-2-e


================================================================
== Performance Estimates
================================================================
+ Timing: 
    * Summary: 
    +--------+----------+----------+------------+
    |  Clock |  Target  | Estimated| Uncertainty|
    +--------+----------+----------+------------+
    |ap_clk  |  10.00 ns|  7.042 ns|     2.70 ns|
    +--------+----------+----------+------------+

+ Latency: 
    * Summary: 
    +---------+---------+----------+----------+-----+-----+---------+
    |  Latency (cycles) |  Latency (absolute) |  Interval | Pipeline|
    |   min   |   max   |    min   |    max   | min | max |   Type  |
    +---------+---------+----------+----------+-----+-----+---------+
    |        ?|        ?|         ?|         ?|    ?|    ?|       no|
    +---------+---------+----------+----------+-----+-----+---------+

    + Detail: 
        * Instance: 
        +-------------------------------------------------------------+---------------------------------------------------+---------+---------+----------+----------+-----+-----+---------+
        |                                                             |                                                   |  Latency (cycles) |  Latency (absolute) |  Interval | Pipeline|
        |                           Instance                          |                       Module                      |   min   |   max   |    min   |    max   | min | max |   Type  |
        +-------------------------------------------------------------+---------------------------------------------------+---------+---------+----------+----------+-----+-----+---------+
        |grp_zadoff_chu_generator_hls_Pipeline_VITIS_LOOP_12_1_fu_64  |zadoff_chu_generator_hls_Pipeline_VITIS_LOOP_12_1  |        ?|        ?|         ?|         ?|    ?|    ?|       no|
        +-------------------------------------------------------------+---------------------------------------------------+---------+---------+----------+----------+-----+-----+---------+

        * Loop: 
        N/A

============================================================
+ Verbose Summary: Synthesis Manager
============================================================
InlineROM: 1
ExposeGlobal: 0
============================================================
+ Verbose Summary: CDFG Model
============================================================
IsTopModel: 1
ResetActiveHigh: 1
IsCombinational: 0
IsDatapathOnly: 0
HasWiredReturn: 1
HasMFsm: 0
HasVarLatency: 1
IsPipeline: 0
IsRtlPipelined: 0
IsInstanceOverlapped: 0
IsDontTouch: 0
HasImplIP: 0
IsGatedGlobalClock: 0


============================================================
+ Verbose Summary: Schedule
============================================================
* Number of FSM states : 7
* Pipeline : 0
* Dataflow Pipeline: 0

* FSM state transitions: 
1 --> 2 
2 --> 3 
3 --> 4 
4 --> 5 
5 --> 6 
6 --> 7 
7 --> 

* FSM state operations: 

State 1 <SV = 0> <Delay = 5.62>
ST_1 : Operation 8 [1/1] (0.00ns)   --->   "%u_read = read i32 @_ssdm_op_Read.ap_auto.i32, i32 %u"   --->   Operation 8 'read' 'u_read' <Predicate = true> <Delay = 0.00>
ST_1 : Operation 9 [1/1] (0.00ns)   --->   "%length_r_read = read i32 @_ssdm_op_Read.ap_auto.i32, i32 %length_r"   --->   Operation 9 'read' 'length_r_read' <Predicate = true> <Delay = 0.00>
ST_1 : Operation 10 [4/4] (5.62ns)   --->   "%conv3 = sitodp i32 %u_read"   --->   Operation 10 'sitodp' 'conv3' <Predicate = true> <Delay = 5.62> <CoreInst = "Int2Double">   --->   Core 66 'Int2Double' <Latency = 3> <II = 1> <Delay = 5.62> <FuncUnit> <Opcode : 'sitodp' 'uitodp'> <InPorts = 1> <OutPorts = 1>
ST_1 : Operation 11 [4/4] (5.62ns)   --->   "%conv5 = sitodp i32 %length_r_read"   --->   Operation 11 'sitodp' 'conv5' <Predicate = true> <Delay = 5.62> <CoreInst = "Int2Double">   --->   Core 66 'Int2Double' <Latency = 3> <II = 1> <Delay = 5.62> <FuncUnit> <Opcode : 'sitodp' 'uitodp'> <InPorts = 1> <OutPorts = 1>

State 2 <SV = 1> <Delay = 5.62>
ST_2 : Operation 12 [3/4] (5.62ns)   --->   "%conv3 = sitodp i32 %u_read"   --->   Operation 12 'sitodp' 'conv3' <Predicate = true> <Delay = 5.62> <CoreInst = "Int2Double">   --->   Core 66 'Int2Double' <Latency = 3> <II = 1> <Delay = 5.62> <FuncUnit> <Opcode : 'sitodp' 'uitodp'> <InPorts = 1> <OutPorts = 1>
ST_2 : Operation 13 [3/4] (5.62ns)   --->   "%conv5 = sitodp i32 %length_r_read"   --->   Operation 13 'sitodp' 'conv5' <Predicate = true> <Delay = 5.62> <CoreInst = "Int2Double">   --->   Core 66 'Int2Double' <Latency = 3> <II = 1> <Delay = 5.62> <FuncUnit> <Opcode : 'sitodp' 'uitodp'> <InPorts = 1> <OutPorts = 1>
ST_2 : Operation 14 [1/1] (0.00ns)   --->   "%empty = wait i32 @_ssdm_op_Wait"   --->   Operation 14 'wait' 'empty' <Predicate = true> <Delay = 0.00>

State 3 <SV = 2> <Delay = 5.62>
ST_3 : Operation 15 [2/4] (5.62ns)   --->   "%conv3 = sitodp i32 %u_read"   --->   Operation 15 'sitodp' 'conv3' <Predicate = true> <Delay = 5.62> <CoreInst = "Int2Double">   --->   Core 66 'Int2Double' <Latency = 3> <II = 1> <Delay = 5.62> <FuncUnit> <Opcode : 'sitodp' 'uitodp'> <InPorts = 1> <OutPorts = 1>
ST_3 : Operation 16 [2/4] (5.62ns)   --->   "%conv5 = sitodp i32 %length_r_read"   --->   Operation 16 'sitodp' 'conv5' <Predicate = true> <Delay = 5.62> <CoreInst = "Int2Double">   --->   Core 66 'Int2Double' <Latency = 3> <II = 1> <Delay = 5.62> <FuncUnit> <Opcode : 'sitodp' 'uitodp'> <InPorts = 1> <OutPorts = 1>

State 4 <SV = 3> <Delay = 5.62>
ST_4 : Operation 17 [1/4] (5.62ns)   --->   "%conv3 = sitodp i32 %u_read"   --->   Operation 17 'sitodp' 'conv3' <Predicate = true> <Delay = 5.62> <CoreInst = "Int2Double">   --->   Core 66 'Int2Double' <Latency = 3> <II = 1> <Delay = 5.62> <FuncUnit> <Opcode : 'sitodp' 'uitodp'> <InPorts = 1> <OutPorts = 1>
ST_4 : Operation 18 [1/4] (5.62ns)   --->   "%conv5 = sitodp i32 %length_r_read"   --->   Operation 18 'sitodp' 'conv5' <Predicate = true> <Delay = 5.62> <CoreInst = "Int2Double">   --->   Core 66 'Int2Double' <Latency = 3> <II = 1> <Delay = 5.62> <FuncUnit> <Opcode : 'sitodp' 'uitodp'> <InPorts = 1> <OutPorts = 1>

State 5 <SV = 4> <Delay = 1.41>
ST_5 : Operation 19 [2/2] (1.41ns)   --->   "%call_ln0 = call void @zadoff_chu_generator_hls_Pipeline_VITIS_LOOP_12_1, i32 %length_r_read, i64 %conv3, i64 %conv5, i64 %out_stream, i100 %ref_4oPi_table_100_V, i30 %second_order_float_sin_cos_K0_V, i23 %second_order_float_sin_cos_K1_V, i15 %second_order_float_sin_cos_K2_V"   --->   Operation 19 'call' 'call_ln0' <Predicate = true> <Delay = 1.41> <CoreType = "Generic">   --->   Core 0 '' <Latency = 0> <II = 1> <Delay = 1.00> <Generic> <Opcode : >

State 6 <SV = 5> <Delay = 4.38>
ST_6 : Operation 20 [1/2] (4.38ns)   --->   "%call_ln0 = call void @zadoff_chu_generator_hls_Pipeline_VITIS_LOOP_12_1, i32 %length_r_read, i64 %conv3, i64 %conv5, i64 %out_stream, i100 %ref_4oPi_table_100_V, i30 %second_order_float_sin_cos_K0_V, i23 %second_order_float_sin_cos_K1_V, i15 %second_order_float_sin_cos_K2_V"   --->   Operation 20 'call' 'call_ln0' <Predicate = true> <Delay = 4.38> <CoreType = "Generic">   --->   Core 0 '' <Latency = 0> <II = 1> <Delay = 1.00> <Generic> <Opcode : >

State 7 <SV = 6> <Delay = 0.00>
ST_7 : Operation 21 [1/1] (0.00ns)   --->   "%spectopmodule_ln7 = spectopmodule void @_ssdm_op_SpecTopModule, void @empty_2" [project_39/Sources/zff_chu.cpp:7]   --->   Operation 21 'spectopmodule' 'spectopmodule_ln7' <Predicate = true> <Delay = 0.00>
ST_7 : Operation 22 [1/1] (0.00ns)   --->   "%specinterface_ln0 = specinterface void @_ssdm_op_SpecInterface, i64 %out_stream, void @empty, i32 0, i32 0, void @empty_0, i32 0, i32 0, void @empty_0, void @empty_0, void @empty_0, i32 0, i32 0, i32 0, i32 0, void @empty_0, void @empty_0, i32 4294967295, i32 0"   --->   Operation 22 'specinterface' 'specinterface_ln0' <Predicate = true> <Delay = 0.00>
ST_7 : Operation 23 [1/1] (0.00ns)   --->   "%specbitsmap_ln0 = specbitsmap void @_ssdm_op_SpecBitsMap, i64 %out_stream"   --->   Operation 23 'specbitsmap' 'specbitsmap_ln0' <Predicate = true> <Delay = 0.00>
ST_7 : Operation 24 [1/1] (0.00ns)   --->   "%specbitsmap_ln0 = specbitsmap void @_ssdm_op_SpecBitsMap, i32 %length_r"   --->   Operation 24 'specbitsmap' 'specbitsmap_ln0' <Predicate = true> <Delay = 0.00>
ST_7 : Operation 25 [1/1] (0.00ns)   --->   "%specinterface_ln0 = specinterface void @_ssdm_op_SpecInterface, i32 %length_r, void @empty_1, i32 0, i32 0, void @empty_0, i32 0, i32 0, void @empty_0, void @empty_0, void @empty_0, i32 0, i32 0, i32 0, i32 0, void @empty_0, void @empty_0, i32 4294967295, i32 0"   --->   Operation 25 'specinterface' 'specinterface_ln0' <Predicate = true> <Delay = 0.00>
ST_7 : Operation 26 [1/1] (0.00ns)   --->   "%specbitsmap_ln0 = specbitsmap void @_ssdm_op_SpecBitsMap, i32 %u"   --->   Operation 26 'specbitsmap' 'specbitsmap_ln0' <Predicate = true> <Delay = 0.00>
ST_7 : Operation 27 [1/1] (0.00ns)   --->   "%specinterface_ln0 = specinterface void @_ssdm_op_SpecInterface, i32 %u, void @empty_1, i32 0, i32 0, void @empty_0, i32 0, i32 0, void @empty_0, void @empty_0, void @empty_0, i32 0, i32 0, i32 0, i32 0, void @empty_0, void @empty_0, i32 4294967295, i32 0"   --->   Operation 27 'specinterface' 'specinterface_ln0' <Predicate = true> <Delay = 0.00>
ST_7 : Operation 28 [1/1] (0.00ns)   --->   "%specinterface_ln0 = specinterface void @_ssdm_op_SpecInterface, i8 %tlast, void @empty, i32 0, i32 0, void @empty_0, i32 0, i32 0, void @empty_0, void @empty_0, void @empty_0, i32 0, i32 0, i32 0, i32 0, void @empty_0, void @empty_0, i32 4294967295, i32 0"   --->   Operation 28 'specinterface' 'specinterface_ln0' <Predicate = true> <Delay = 0.00>
ST_7 : Operation 29 [1/1] (0.00ns)   --->   "%specbitsmap_ln0 = specbitsmap void @_ssdm_op_SpecBitsMap, i8 %tlast"   --->   Operation 29 'specbitsmap' 'specbitsmap_ln0' <Predicate = true> <Delay = 0.00>
ST_7 : Operation 30 [1/1] (0.00ns)   --->   "%empty_24 = wait i32 @_ssdm_op_Wait"   --->   Operation 30 'wait' 'empty_24' <Predicate = true> <Delay = 0.00>
ST_7 : Operation 31 [1/1] (0.00ns)   --->   "%write_ln19 = write void @_ssdm_op_Write.axis.volatile.i8P128A, i8 %tlast, i8 1" [project_39/Sources/zff_chu.cpp:19]   --->   Operation 31 'write' 'write_ln19' <Predicate = true> <Delay = 0.00> <CoreInst = "axis">   --->   Core 123 'axis' <Latency = 0> <II = 1> <Delay = 1.00> <Adapter> <Opcode : >
ST_7 : Operation 32 [1/1] (0.00ns)   --->   "%ret_ln20 = ret" [project_39/Sources/zff_chu.cpp:20]   --->   Operation 32 'ret' 'ret_ln20' <Predicate = true> <Delay = 0.00>


============================================================
+ Verbose Summary: Binding
============================================================
STG Binding: 
---------------- STG Properties BEGIN ----------------
- Is combinational: 0
- Is one-state seq: 0
- Is datapath-only: 0
- Is pipelined: 0
- Is top level: 1
Port [ Return ] is wired: 1; IO mode=ap_ctrl_hs:ce=0
Port [ out_stream]:  wired=1; compound=1; hidden=0; nouse=0; global=0; static=0; extern=0; dir=1; type=0; pingpong=0; private_global=0; IO mode=axis:ce=0
Port [ length_r]:  wired=1; compound=0; hidden=0; nouse=0; global=0; static=0; extern=0; dir=0; type=0; pingpong=0; private_global=0; IO mode=ap_none:ce=0
Port [ u]:  wired=1; compound=0; hidden=0; nouse=0; global=0; static=0; extern=0; dir=0; type=0; pingpong=0; private_global=0; IO mode=ap_none:ce=0
Port [ tlast]:  wired=1; compound=1; hidden=0; nouse=0; global=0; static=0; extern=0; dir=1; type=0; pingpong=0; private_global=0; IO mode=axis:ce=0
Port [ ref_4oPi_table_100_V]:  wired=0; compound=1; hidden=1; nouse=1; global=1; static=1; extern=0; dir=0; type=1; pingpong=0; private_global=0; MemPort=[1]; IO mode=ap_memory:ce=0
Port [ second_order_float_sin_cos_K0_V]:  wired=0; compound=1; hidden=1; nouse=1; global=1; static=1; extern=0; dir=0; type=1; pingpong=0; private_global=0; MemPort=[1]; IO mode=ap_memory:ce=0
Port [ second_order_float_sin_cos_K1_V]:  wired=0; compound=1; hidden=1; nouse=1; global=1; static=1; extern=0; dir=0; type=1; pingpong=0; private_global=0; MemPort=[1]; IO mode=ap_memory:ce=0
Port [ second_order_float_sin_cos_K2_V]:  wired=0; compound=1; hidden=1; nouse=1; global=1; static=1; extern=0; dir=0; type=1; pingpong=0; private_global=0; MemPort=[1]; IO mode=ap_memory:ce=0
---------------- STG Properties END ------------------

---------------- Datapath Model BEGIN ----------------

<LifeTime>
<method=bitvector/>
u_read            (read         ) [ 00111000]
length_r_read     (read         ) [ 00111110]
empty             (wait         ) [ 00000000]
conv3             (sitodp       ) [ 00000110]
conv5             (sitodp       ) [ 00000110]
call_ln0          (call         ) [ 00000000]
spectopmodule_ln7 (spectopmodule) [ 00000000]
specinterface_ln0 (specinterface) [ 00000000]
specbitsmap_ln0   (specbitsmap  ) [ 00000000]
specbitsmap_ln0   (specbitsmap  ) [ 00000000]
specinterface_ln0 (specinterface) [ 00000000]
specbitsmap_ln0   (specbitsmap  ) [ 00000000]
specinterface_ln0 (specinterface) [ 00000000]
specinterface_ln0 (specinterface) [ 00000000]
specbitsmap_ln0   (specbitsmap  ) [ 00000000]
empty_24          (wait         ) [ 00000000]
write_ln19        (write        ) [ 00000000]
ret_ln20          (ret          ) [ 00000000]
</LifeTime>

<model>

<comp_list>
<comp id="0" class="1000" name="out_stream">
<pin_list>
<pin id="1" dir="1" index="0" bw="1" slack="0"/>
</pin_list>
<bind>
<StgValue><ssdm name="out_stream"/></StgValue>
</bind>
</comp>

<comp id="2" class="1000" name="length_r">
<pin_list>
<pin id="3" dir="1" index="0" bw="1" slack="0"/>
</pin_list>
<bind>
<StgValue><ssdm name="length_r"/></StgValue>
</bind>
</comp>

<comp id="4" class="1000" name="u">
<pin_list>
<pin id="5" dir="1" index="0" bw="1" slack="0"/>
</pin_list>
<bind>
<StgValue><ssdm name="u"/></StgValue>
</bind>
</comp>

<comp id="6" class="1000" name="tlast">
<pin_list>
<pin id="7" dir="1" index="0" bw="1" slack="0"/>
</pin_list>
<bind>
<StgValue><ssdm name="tlast"/></StgValue>
</bind>
</comp>

<comp id="8" class="1000" name="ref_4oPi_table_100_V">
<pin_list>
<pin id="9" dir="1" index="0" bw="1" slack="0"/>
</pin_list>
<bind>
<StgValue><ssdm name="ref_4oPi_table_100_V"/><MemPortTyVec>1 </MemPortTyVec>
</StgValue>
</bind>
</comp>

<comp id="10" class="1000" name="second_order_float_sin_cos_K0_V">
<pin_list>
<pin id="11" dir="1" index="0" bw="1" slack="0"/>
</pin_list>
<bind>
<StgValue><ssdm name="second_order_float_sin_cos_K0_V"/><MemPortTyVec>1 </MemPortTyVec>
</StgValue>
</bind>
</comp>

<comp id="12" class="1000" name="second_order_float_sin_cos_K1_V">
<pin_list>
<pin id="13" dir="1" index="0" bw="1" slack="0"/>
</pin_list>
<bind>
<StgValue><ssdm name="second_order_float_sin_cos_K1_V"/><MemPortTyVec>1 </MemPortTyVec>
</StgValue>
</bind>
</comp>

<comp id="14" class="1000" name="second_order_float_sin_cos_K2_V">
<pin_list>
<pin id="15" dir="1" index="0" bw="1" slack="0"/>
</pin_list>
<bind>
<StgValue><ssdm name="second_order_float_sin_cos_K2_V"/><MemPortTyVec>1 </MemPortTyVec>
</StgValue>
</bind>
</comp>

<comp id="16" class="1001" name="const_16">
<pin_list>
<pin id="17" dir="1" index="0" bw="1" slack="0"/>
</pin_list>
<bind>
<StgValue><ssdm name="_ssdm_op_Read.ap_auto.i32"/></StgValue>
</bind>
</comp>

<comp id="18" class="1001" name="const_18">
<pin_list>
<pin id="19" dir="1" index="0" bw="1" slack="2147483647"/>
</pin_list>
<bind>
<StgValue><ssdm name="_ssdm_op_Wait"/></StgValue>
</bind>
</comp>

<comp id="20" class="1001" name="const_20">
<pin_list>
<pin id="21" dir="1" index="0" bw="1" slack="0"/>
</pin_list>
<bind>
<StgValue><ssdm name="zadoff_chu_generator_hls_Pipeline_VITIS_LOOP_12_1"/></StgValue>
</bind>
</comp>

<comp id="22" class="1001" name="const_22">
<pin_list>
<pin id="23" dir="1" index="0" bw="1" slack="2147483647"/>
</pin_list>
<bind>
<StgValue><ssdm name="_ssdm_op_SpecTopModule"/></StgValue>
</bind>
</comp>

<comp id="24" class="1001" name="const_24">
<pin_list>
<pin id="25" dir="1" index="0" bw="1" slack="2147483647"/>
</pin_list>
<bind>
<StgValue><ssdm name="empty_2"/></StgValue>
</bind>
</comp>

<comp id="26" class="1001" name="const_26">
<pin_list>
<pin id="27" dir="1" index="0" bw="1" slack="2147483647"/>
</pin_list>
<bind>
<StgValue><ssdm name="_ssdm_op_SpecInterface"/></StgValue>
</bind>
</comp>

<comp id="28" class="1001" name="const_28">
<pin_list>
<pin id="29" dir="1" index="0" bw="1" slack="2147483647"/>
</pin_list>
<bind>
<StgValue><ssdm name="empty"/></StgValue>
</bind>
</comp>

<comp id="30" class="1001" name="const_30">
<pin_list>
<pin id="31" dir="1" index="0" bw="1" slack="2147483647"/>
</pin_list>
<bind>
<StgValue><ssdm name=""/></StgValue>
</bind>
</comp>

<comp id="32" class="1001" name="const_32">
<pin_list>
<pin id="33" dir="1" index="0" bw="1" slack="2147483647"/>
</pin_list>
<bind>
<StgValue><ssdm name="empty_0"/></StgValue>
</bind>
</comp>

<comp id="34" class="1001" name="const_34">
<pin_list>
<pin id="35" dir="1" index="0" bw="1" slack="2147483647"/>
</pin_list>
<bind>
<StgValue><ssdm name=""/></StgValue>
</bind>
</comp>

<comp id="36" class="1001" name="const_36">
<pin_list>
<pin id="37" dir="1" index="0" bw="1" slack="2147483647"/>
</pin_list>
<bind>
<StgValue><ssdm name="_ssdm_op_SpecBitsMap"/></StgValue>
</bind>
</comp>

<comp id="38" class="1001" name="const_38">
<pin_list>
<pin id="39" dir="1" index="0" bw="1" slack="2147483647"/>
</pin_list>
<bind>
<StgValue><ssdm name="empty_1"/></StgValue>
</bind>
</comp>

<comp id="40" class="1001" name="const_40">
<pin_list>
<pin id="41" dir="1" index="0" bw="1" slack="0"/>
</pin_list>
<bind>
<StgValue><ssdm name="_ssdm_op_Write.axis.volatile.i8P128A"/></StgValue>
</bind>
</comp>

<comp id="42" class="1001" name="const_42">
<pin_list>
<pin id="43" dir="1" index="0" bw="1" slack="0"/>
</pin_list>
<bind>
<StgValue><ssdm name=""/></StgValue>
</bind>
</comp>

<comp id="44" class="1004" name="u_read_read_fu_44">
<pin_list>
<pin id="45" dir="0" index="0" bw="32" slack="0"/>
<pin id="46" dir="0" index="1" bw="32" slack="0"/>
<pin id="47" dir="1" index="2" bw="32" slack="0"/>
</pin_list>
<bind>
<opcode="read(1150) " fcode="read"/>
<opset="u_read/1 "/>
</bind>
</comp>

<comp id="50" class="1004" name="length_r_read_read_fu_50">
<pin_list>
<pin id="51" dir="0" index="0" bw="32" slack="0"/>
<pin id="52" dir="0" index="1" bw="32" slack="0"/>
<pin id="53" dir="1" index="2" bw="32" slack="0"/>
</pin_list>
<bind>
<opcode="read(1150) " fcode="read"/>
<opset="length_r_read/1 "/>
</bind>
</comp>

<comp id="56" class="1004" name="write_ln19_write_fu_56">
<pin_list>
<pin id="57" dir="0" index="0" bw="0" slack="0"/>
<pin id="58" dir="0" index="1" bw="8" slack="0"/>
<pin id="59" dir="0" index="2" bw="1" slack="0"/>
<pin id="60" dir="1" index="3" bw="0" slack="2147483647"/>
</pin_list>
<bind>
<opcode="write(1151) " fcode="write"/>
<opset="write_ln19/7 "/>
</bind>
</comp>

<comp id="64" class="1004" name="grp_zadoff_chu_generator_hls_Pipeline_VITIS_LOOP_12_1_fu_64">
<pin_list>
<pin id="65" dir="0" index="0" bw="0" slack="0"/>
<pin id="66" dir="0" index="1" bw="32" slack="4"/>
<pin id="67" dir="0" index="2" bw="64" slack="1"/>
<pin id="68" dir="0" index="3" bw="64" slack="1"/>
<pin id="69" dir="0" index="4" bw="64" slack="0"/>
<pin id="70" dir="0" index="5" bw="100" slack="0"/>
<pin id="71" dir="0" index="6" bw="30" slack="0"/>
<pin id="72" dir="0" index="7" bw="23" slack="0"/>
<pin id="73" dir="0" index="8" bw="15" slack="0"/>
<pin id="74" dir="1" index="9" bw="0" slack="2147483647"/>
</pin_list>
<bind>
<opcode="call(48) " fcode="call"/>
<opset="call_ln0/5 "/>
</bind>
</comp>

<comp id="81" class="1004" name="grp_fu_81">
<pin_list>
<pin id="82" dir="0" index="0" bw="32" slack="0"/>
<pin id="83" dir="1" index="1" bw="64" slack="1"/>
</pin_list>
<bind>
<opcode="sitodp(517) " fcode="sitodp"/>
<opset="conv3/1 "/>
</bind>
</comp>

<comp id="85" class="1004" name="grp_fu_85">
<pin_list>
<pin id="86" dir="0" index="0" bw="32" slack="0"/>
<pin id="87" dir="1" index="1" bw="64" slack="1"/>
</pin_list>
<bind>
<opcode="sitodp(517) " fcode="sitodp"/>
<opset="conv5/1 "/>
</bind>
</comp>

<comp id="89" class="1005" name="u_read_reg_89">
<pin_list>
<pin id="90" dir="0" index="0" bw="32" slack="1"/>
<pin id="91" dir="1" index="1" bw="32" slack="1"/>
</pin_list>
<bind>
<opset="u_read "/>
</bind>
</comp>

<comp id="94" class="1005" name="length_r_read_reg_94">
<pin_list>
<pin id="95" dir="0" index="0" bw="32" slack="1"/>
<pin id="96" dir="1" index="1" bw="32" slack="1"/>
</pin_list>
<bind>
<opset="length_r_read "/>
</bind>
</comp>

<comp id="100" class="1005" name="conv3_reg_100">
<pin_list>
<pin id="101" dir="0" index="0" bw="64" slack="1"/>
<pin id="102" dir="1" index="1" bw="64" slack="1"/>
</pin_list>
<bind>
<opset="conv3 "/>
</bind>
</comp>

<comp id="105" class="1005" name="conv5_reg_105">
<pin_list>
<pin id="106" dir="0" index="0" bw="64" slack="1"/>
<pin id="107" dir="1" index="1" bw="64" slack="1"/>
</pin_list>
<bind>
<opset="conv5 "/>
</bind>
</comp>

</comp_list>

<net_list>
<net id="48"><net_src comp="16" pin="0"/><net_sink comp="44" pin=0"/></net>

<net id="49"><net_src comp="4" pin="0"/><net_sink comp="44" pin=1"/></net>

<net id="54"><net_src comp="16" pin="0"/><net_sink comp="50" pin=0"/></net>

<net id="55"><net_src comp="2" pin="0"/><net_sink comp="50" pin=1"/></net>

<net id="61"><net_src comp="40" pin="0"/><net_sink comp="56" pin=0"/></net>

<net id="62"><net_src comp="6" pin="0"/><net_sink comp="56" pin=1"/></net>

<net id="63"><net_src comp="42" pin="0"/><net_sink comp="56" pin=2"/></net>

<net id="75"><net_src comp="20" pin="0"/><net_sink comp="64" pin=0"/></net>

<net id="76"><net_src comp="0" pin="0"/><net_sink comp="64" pin=4"/></net>

<net id="77"><net_src comp="8" pin="0"/><net_sink comp="64" pin=5"/></net>

<net id="78"><net_src comp="10" pin="0"/><net_sink comp="64" pin=6"/></net>

<net id="79"><net_src comp="12" pin="0"/><net_sink comp="64" pin=7"/></net>

<net id="80"><net_src comp="14" pin="0"/><net_sink comp="64" pin=8"/></net>

<net id="84"><net_src comp="44" pin="2"/><net_sink comp="81" pin=0"/></net>

<net id="88"><net_src comp="50" pin="2"/><net_sink comp="85" pin=0"/></net>

<net id="92"><net_src comp="44" pin="2"/><net_sink comp="89" pin=0"/></net>

<net id="93"><net_src comp="89" pin="1"/><net_sink comp="81" pin=0"/></net>

<net id="97"><net_src comp="50" pin="2"/><net_sink comp="94" pin=0"/></net>

<net id="98"><net_src comp="94" pin="1"/><net_sink comp="85" pin=0"/></net>

<net id="99"><net_src comp="94" pin="1"/><net_sink comp="64" pin=1"/></net>

<net id="103"><net_src comp="81" pin="1"/><net_sink comp="100" pin=0"/></net>

<net id="104"><net_src comp="100" pin="1"/><net_sink comp="64" pin=2"/></net>

<net id="108"><net_src comp="85" pin="1"/><net_sink comp="105" pin=0"/></net>

<net id="109"><net_src comp="105" pin="1"/><net_sink comp="64" pin=3"/></net>

</net_list>

</model> 
---------------- Datapath Model END ------------------

* FSMD analyzer results:
  - Output states:
	Port: out_stream | {5 6 }
	Port: tlast | {7 }
 - Input state : 
	Port: zadoff_chu_generator_hls : length_r | {1 }
	Port: zadoff_chu_generator_hls : u | {1 }
	Port: zadoff_chu_generator_hls : ref_4oPi_table_100_V | {5 6 }
	Port: zadoff_chu_generator_hls : second_order_float_sin_cos_K0_V | {5 6 }
	Port: zadoff_chu_generator_hls : second_order_float_sin_cos_K1_V | {5 6 }
	Port: zadoff_chu_generator_hls : second_order_float_sin_cos_K2_V | {5 6 }
  - Chain level:
	State 1
	State 2
	State 3
	State 4
	State 5
	State 6
	State 7


============================================================
+ Verbose Summary: Datapath Resource usage 
============================================================

* Functional unit list:
|----------|-------------------------------------------------------------|---------|---------|---------|---------|
| Operation|                       Functional Unit                       |   DSP   |  Delay  |    FF   |   LUT   |
|----------|-------------------------------------------------------------|---------|---------|---------|---------|
|   call   | grp_zadoff_chu_generator_hls_Pipeline_VITIS_LOOP_12_1_fu_64 |    57   |  7.686  |   2510  |   4517  |
|----------|-------------------------------------------------------------|---------|---------|---------|---------|
|   read   |                      u_read_read_fu_44                      |    0    |    0    |    0    |    0    |
|          |                   length_r_read_read_fu_50                  |    0    |    0    |    0    |    0    |
|----------|-------------------------------------------------------------|---------|---------|---------|---------|
|   write  |                    write_ln19_write_fu_56                   |    0    |    0    |    0    |    0    |
|----------|-------------------------------------------------------------|---------|---------|---------|---------|
|  sitodp  |                          grp_fu_81                          |    0    |    0    |    0    |    0    |
|          |                          grp_fu_85                          |    0    |    0    |    0    |    0    |
|----------|-------------------------------------------------------------|---------|---------|---------|---------|
|   Total  |                                                             |    57   |  7.686  |   2510  |   4517  |
|----------|-------------------------------------------------------------|---------|---------|---------|---------|

Memories:
+-------------------------------+--------+--------+
|                               |   FF   |   LUT  |
+-------------------------------+--------+--------+
|      ref_4oPi_table_100_V     |   100  |   21   |
|second_order_float_sin_cos_K0_V|   30   |   120  |
|second_order_float_sin_cos_K1_V|   23   |   92   |
|second_order_float_sin_cos_K2_V|   15   |   60   |
+-------------------------------+--------+--------+
|             Total             |   168  |   293  |
+-------------------------------+--------+--------+

* Register list:
+--------------------+--------+
|                    |   FF   |
+--------------------+--------+
|    conv3_reg_100   |   64   |
|    conv5_reg_105   |   64   |
|length_r_read_reg_94|   32   |
|    u_read_reg_89   |   32   |
+--------------------+--------+
|        Total       |   192  |
+--------------------+--------+

* Multiplexer (MUX) list: 
|-----------|------|------|------|--------||---------||---------|
|    Comp   |  Pin | Size |  BW  | S x BW ||  Delay  ||   LUT   |
|-----------|------|------|------|--------||---------||---------|
| grp_fu_81 |  p0  |   2  |  32  |   64   ||    9    |
| grp_fu_85 |  p0  |   2  |  32  |   64   ||    9    |
|-----------|------|------|------|--------||---------||---------|
|   Total   |      |      |      |   128  ||  0.854  ||    18   |
|-----------|------|------|------|--------||---------||---------|



* Summary:
+-----------+--------+--------+--------+--------+
|           |   DSP  |  Delay |   FF   |   LUT  |
+-----------+--------+--------+--------+--------+
|  Function |   57   |    7   |  2510  |  4517  |
|   Memory  |    -   |    -   |   168  |   293  |
|Multiplexer|    -   |    0   |    -   |   18   |
|  Register |    -   |    -   |   192  |    -   |
+-----------+--------+--------+--------+--------+
|   Total   |   57   |    8   |  2870  |  4828  |
+-----------+--------+--------+--------+--------+
