

================================================================
== Vitis HLS Report for 'zadoff_chu_generator_hls'
================================================================
* Date:           Sat Jul  1 12:55:44 2023

* Version:        2022.2 (Build 3670227 on Oct 13 2022)
* Project:        project_39
* Solution:       solution1 (Vivado IP Flow Target)
* Product family: zynquplus
* Target device:  xczu7ev-ffvc1156-2-e


================================================================
== Performance Estimates
================================================================
+ Timing: 
    * Summary: 
    +--------+----------+----------+------------+
    |  Clock |  Target  | Estimated| Uncertainty|
    +--------+----------+----------+------------+
    |ap_clk  |  10.00 ns|  7.042 ns|     2.70 ns|
    +--------+----------+----------+------------+

+ Latency: 
    * Summary: 
    +---------+---------+----------+----------+-----+-----+---------+
    |  Latency (cycles) |  Latency (absolute) |  Interval | Pipeline|
    |   min   |   max   |    min   |    max   | min | max |   Type  |
    +---------+---------+----------+----------+-----+-----+---------+
    |        ?|        ?|         ?|         ?|    ?|    ?|       no|
    +---------+---------+----------+----------+-----+-----+---------+

    + Detail: 
        * Instance: 
        N/A

        * Loop: 
        N/A

============================================================
+ Verbose Summary: Synthesis Manager
============================================================
InlineROM: 1
ExposeGlobal: 0
============================================================
+ Verbose Summary: CDFG Model
============================================================
IsTopModel: 1
ResetActiveHigh: 1
IsCombinational: 0
IsDatapathOnly: 0
HasWiredReturn: 1
HasMFsm: 0
HasVarLatency: 1
IsPipeline: 0
IsRtlPipelined: 0
IsInstanceOverlapped: 0
IsDontTouch: 0
HasImplIP: 0
IsGatedGlobalClock: 0


============================================================
+ Verbose Summary: Schedule
============================================================
* Number of FSM states : 7
* Pipeline : 0
* Dataflow Pipeline: 0

* FSM state transitions: 
1 --> 2 
2 --> 3 
3 --> 4 
4 --> 5 
5 --> 6 
6 --> 7 
7 --> 

* FSM state operations: 

State 1 <SV = 0> <Delay = 5.62>
ST_1 : Operation 8 [1/1] (0.00ns)   --->   "%u_read = read i32 @_ssdm_op_Read.ap_auto.i32, i32 %u"   --->   Operation 8 'read' 'u_read' <Predicate = true> <Delay = 0.00>
ST_1 : Operation 9 [1/1] (0.00ns)   --->   "%length_r_read = read i32 @_ssdm_op_Read.ap_auto.i32, i32 %length_r"   --->   Operation 9 'read' 'length_r_read' <Predicate = true> <Delay = 0.00>
ST_1 : Operation 10 [4/4] (5.62ns)   --->   "%conv3 = sitodp i32 %u_read"   --->   Operation 10 'sitodp' 'conv3' <Predicate = true> <Delay = 5.62> <CoreInst = "Int2Double">   --->   Core 66 'Int2Double' <Latency = 3> <II = 1> <Delay = 5.62> <FuncUnit> <Opcode : 'sitodp' 'uitodp'> <InPorts = 1> <OutPorts = 1>
ST_1 : Operation 11 [4/4] (5.62ns)   --->   "%conv5 = sitodp i32 %length_r_read"   --->   Operation 11 'sitodp' 'conv5' <Predicate = true> <Delay = 5.62> <CoreInst = "Int2Double">   --->   Core 66 'Int2Double' <Latency = 3> <II = 1> <Delay = 5.62> <FuncUnit> <Opcode : 'sitodp' 'uitodp'> <InPorts = 1> <OutPorts = 1>

State 2 <SV = 1> <Delay = 5.62>
ST_2 : Operation 12 [3/4] (5.62ns)   --->   "%conv3 = sitodp i32 %u_read"   --->   Operation 12 'sitodp' 'conv3' <Predicate = true> <Delay = 5.62> <CoreInst = "Int2Double">   --->   Core 66 'Int2Double' <Latency = 3> <II = 1> <Delay = 5.62> <FuncUnit> <Opcode : 'sitodp' 'uitodp'> <InPorts = 1> <OutPorts = 1>
ST_2 : Operation 13 [3/4] (5.62ns)   --->   "%conv5 = sitodp i32 %length_r_read"   --->   Operation 13 'sitodp' 'conv5' <Predicate = true> <Delay = 5.62> <CoreInst = "Int2Double">   --->   Core 66 'Int2Double' <Latency = 3> <II = 1> <Delay = 5.62> <FuncUnit> <Opcode : 'sitodp' 'uitodp'> <InPorts = 1> <OutPorts = 1>
ST_2 : Operation 14 [1/1] (0.00ns)   --->   "%empty = wait i32 @_ssdm_op_Wait"   --->   Operation 14 'wait' 'empty' <Predicate = true> <Delay = 0.00>

State 3 <SV = 2> <Delay = 5.62>
ST_3 : Operation 15 [2/4] (5.62ns)   --->   "%conv3 = sitodp i32 %u_read"   --->   Operation 15 'sitodp' 'conv3' <Predicate = true> <Delay = 5.62> <CoreInst = "Int2Double">   --->   Core 66 'Int2Double' <Latency = 3> <II = 1> <Delay = 5.62> <FuncUnit> <Opcode : 'sitodp' 'uitodp'> <InPorts = 1> <OutPorts = 1>
ST_3 : Operation 16 [2/4] (5.62ns)   --->   "%conv5 = sitodp i32 %length_r_read"   --->   Operation 16 'sitodp' 'conv5' <Predicate = true> <Delay = 5.62> <CoreInst = "Int2Double">   --->   Core 66 'Int2Double' <Latency = 3> <II = 1> <Delay = 5.62> <FuncUnit> <Opcode : 'sitodp' 'uitodp'> <InPorts = 1> <OutPorts = 1>

State 4 <SV = 3> <Delay = 5.62>
ST_4 : Operation 17 [1/4] (5.62ns)   --->   "%conv3 = sitodp i32 %u_read"   --->   Operation 17 'sitodp' 'conv3' <Predicate = true> <Delay = 5.62> <CoreInst = "Int2Double">   --->   Core 66 'Int2Double' <Latency = 3> <II = 1> <Delay = 5.62> <FuncUnit> <Opcode : 'sitodp' 'uitodp'> <InPorts = 1> <OutPorts = 1>
ST_4 : Operation 18 [1/4] (5.62ns)   --->   "%conv5 = sitodp i32 %length_r_read"   --->   Operation 18 'sitodp' 'conv5' <Predicate = true> <Delay = 5.62> <CoreInst = "Int2Double">   --->   Core 66 'Int2Double' <Latency = 3> <II = 1> <Delay = 5.62> <FuncUnit> <Opcode : 'sitodp' 'uitodp'> <InPorts = 1> <OutPorts = 1>

State 5 <SV = 4> <Delay = 1.41>
ST_5 : Operation 19 [2/2] (1.41ns)   --->   "%call_ln0 = call void @zadoff_chu_generator_hls_Pipeline_VITIS_LOOP_12_1, i32 %length_r_read, i64 %conv3, i64 %conv5, i64 %out_stream, i100 %ref_4oPi_table_100_V, i30 %second_order_float_sin_cos_K0_V, i23 %second_order_float_sin_cos_K1_V, i15 %second_order_float_sin_cos_K2_V"   --->   Operation 19 'call' 'call_ln0' <Predicate = true> <Delay = 1.41> <CoreType = "Generic">   --->   Core 0 '' <Latency = 0> <II = 1> <Delay = 1.00> <Generic> <Opcode : >

State 6 <SV = 5> <Delay = 4.38>
ST_6 : Operation 20 [1/2] (4.38ns)   --->   "%call_ln0 = call void @zadoff_chu_generator_hls_Pipeline_VITIS_LOOP_12_1, i32 %length_r_read, i64 %conv3, i64 %conv5, i64 %out_stream, i100 %ref_4oPi_table_100_V, i30 %second_order_float_sin_cos_K0_V, i23 %second_order_float_sin_cos_K1_V, i15 %second_order_float_sin_cos_K2_V"   --->   Operation 20 'call' 'call_ln0' <Predicate = true> <Delay = 4.38> <CoreType = "Generic">   --->   Core 0 '' <Latency = 0> <II = 1> <Delay = 1.00> <Generic> <Opcode : >

State 7 <SV = 6> <Delay = 0.00>
ST_7 : Operation 21 [1/1] (0.00ns)   --->   "%spectopmodule_ln7 = spectopmodule void @_ssdm_op_SpecTopModule, void @empty_2" [project_39/Sources/zff_chu.cpp:7]   --->   Operation 21 'spectopmodule' 'spectopmodule_ln7' <Predicate = true> <Delay = 0.00>
ST_7 : Operation 22 [1/1] (0.00ns)   --->   "%specinterface_ln0 = specinterface void @_ssdm_op_SpecInterface, i64 %out_stream, void @empty, i32 0, i32 0, void @empty_0, i32 0, i32 0, void @empty_0, void @empty_0, void @empty_0, i32 0, i32 0, i32 0, i32 0, void @empty_0, void @empty_0, i32 4294967295, i32 0"   --->   Operation 22 'specinterface' 'specinterface_ln0' <Predicate = true> <Delay = 0.00>
ST_7 : Operation 23 [1/1] (0.00ns)   --->   "%specbitsmap_ln0 = specbitsmap void @_ssdm_op_SpecBitsMap, i64 %out_stream"   --->   Operation 23 'specbitsmap' 'specbitsmap_ln0' <Predicate = true> <Delay = 0.00>
ST_7 : Operation 24 [1/1] (0.00ns)   --->   "%specbitsmap_ln0 = specbitsmap void @_ssdm_op_SpecBitsMap, i32 %length_r"   --->   Operation 24 'specbitsmap' 'specbitsmap_ln0' <Predicate = true> <Delay = 0.00>
ST_7 : Operation 25 [1/1] (0.00ns)   --->   "%specinterface_ln0 = specinterface void @_ssdm_op_SpecInterface, i32 %length_r, void @empty_1, i32 0, i32 0, void @empty_0, i32 0, i32 0, void @empty_0, void @empty_0, void @empty_0, i32 0, i32 0, i32 0, i32 0, void @empty_0, void @empty_0, i32 4294967295, i32 0"   --->   Operation 25 'specinterface' 'specinterface_ln0' <Predicate = true> <Delay = 0.00>
ST_7 : Operation 26 [1/1] (0.00ns)   --->   "%specbitsmap_ln0 = specbitsmap void @_ssdm_op_SpecBitsMap, i32 %u"   --->   Operation 26 'specbitsmap' 'specbitsmap_ln0' <Predicate = true> <Delay = 0.00>
ST_7 : Operation 27 [1/1] (0.00ns)   --->   "%specinterface_ln0 = specinterface void @_ssdm_op_SpecInterface, i32 %u, void @empty_1, i32 0, i32 0, void @empty_0, i32 0, i32 0, void @empty_0, void @empty_0, void @empty_0, i32 0, i32 0, i32 0, i32 0, void @empty_0, void @empty_0, i32 4294967295, i32 0"   --->   Operation 27 'specinterface' 'specinterface_ln0' <Predicate = true> <Delay = 0.00>
ST_7 : Operation 28 [1/1] (0.00ns)   --->   "%specinterface_ln0 = specinterface void @_ssdm_op_SpecInterface, i8 %tlast, void @empty, i32 0, i32 0, void @empty_0, i32 0, i32 0, void @empty_0, void @empty_0, void @empty_0, i32 0, i32 0, i32 0, i32 0, void @empty_0, void @empty_0, i32 4294967295, i32 0"   --->   Operation 28 'specinterface' 'specinterface_ln0' <Predicate = true> <Delay = 0.00>
ST_7 : Operation 29 [1/1] (0.00ns)   --->   "%specbitsmap_ln0 = specbitsmap void @_ssdm_op_SpecBitsMap, i8 %tlast"   --->   Operation 29 'specbitsmap' 'specbitsmap_ln0' <Predicate = true> <Delay = 0.00>
ST_7 : Operation 30 [1/1] (0.00ns)   --->   "%empty_24 = wait i32 @_ssdm_op_Wait"   --->   Operation 30 'wait' 'empty_24' <Predicate = true> <Delay = 0.00>
ST_7 : Operation 31 [1/1] (0.00ns)   --->   "%write_ln19 = write void @_ssdm_op_Write.axis.volatile.i8P128A, i8 %tlast, i8 1" [project_39/Sources/zff_chu.cpp:19]   --->   Operation 31 'write' 'write_ln19' <Predicate = true> <Delay = 0.00> <CoreInst = "axis">   --->   Core 123 'axis' <Latency = 0> <II = 1> <Delay = 1.00> <Adapter> <Opcode : >
ST_7 : Operation 32 [1/1] (0.00ns)   --->   "%ret_ln20 = ret" [project_39/Sources/zff_chu.cpp:20]   --->   Operation 32 'ret' 'ret_ln20' <Predicate = true> <Delay = 0.00>


============================================================
+ Verbose Summary: Timing violations
============================================================
Target clock period: 10ns, clock uncertainty: 2.7ns.

 <State 1>: 5.62ns
The critical path consists of the following:
	wire read operation ('u') on port 'u' [10]  (0 ns)
	'sitodp' operation ('conv3') [20]  (5.62 ns)

 <State 2>: 5.62ns
The critical path consists of the following:
	'sitodp' operation ('conv3') [20]  (5.62 ns)

 <State 3>: 5.62ns
The critical path consists of the following:
	'sitodp' operation ('conv3') [20]  (5.62 ns)

 <State 4>: 5.62ns
The critical path consists of the following:
	'sitodp' operation ('conv3') [20]  (5.62 ns)

 <State 5>: 1.42ns
The critical path consists of the following:
	'call' operation ('call_ln0') to 'zadoff_chu_generator_hls_Pipeline_VITIS_LOOP_12_1' [23]  (1.42 ns)

 <State 6>: 4.39ns
The critical path consists of the following:
	'call' operation ('call_ln0') to 'zadoff_chu_generator_hls_Pipeline_VITIS_LOOP_12_1' [23]  (4.39 ns)

 <State 7>: 0ns
The critical path consists of the following:


============================================================
+ Verbose Summary: Binding
============================================================
N/A
* FSMD analyzer results:
  - Output states:
 - Input state : 
  - Chain level:
	State 1
	State 2
	State 3
	State 4
	State 5
	State 6
	State 7


============================================================
+ Verbose Summary: Datapath Resource usage 
============================================================
N/A
