remark: C:/Xilinx/Vitis_HLS/2022.2/common/technology/autopilot\ap_int_base.h:214:67: Inlining function 'ssdm_int<8, false>::ssdm_int(unsigned char)' into 'ap_int_base<8, false>::ap_int_base(int)'
remark: <unknown>:0:0: Inlining function 'ap_int_base<8, false>::ap_int_base(int)' into 'ap_uint<8>::ap_uint(int)'
remark: C:/Xilinx/Vitis_HLS/2022.2/common/technology/autopilot\ap_int_base.h:214:67: Inlining function 'ssdm_int<32, true>::ssdm_int(int)' into 'ap_int_base<32, true>::ap_int_base(int)'
remark: C:/Xilinx/Vitis_HLS/2022.2/common/technology/autopilot\ap_int_base.h:1788:713: Inlining function 'ap_int_base<32, true>::ap_int_base(int)' into 'bool operator<<8, false>(ap_int_base<8, false> const&, int)'
remark: C:/Xilinx/Vitis_HLS/2022.2/common/technology/autopilot\ap_int_base.h:1788:711: Inlining function 'bool ap_int_base<8, false>::operator<<32, true>(ap_int_base<32, true> const&) const' into 'bool operator<<8, false>(ap_int_base<8, false> const&, int)'
remark: C:/Xilinx/Vitis_HLS/2022.2/common/technology/autopilot\ap_int_base.h:214:67: Inlining function '_ZN8ssdm_intILi1ELb0EEC2EDq1_j' into 'ap_int_base<1, false>::ap_int_base(int)'
remark: C:/Xilinx/Vitis_HLS/2022.2/common/technology/autopilot\ap_int_base.h:879:16: Inlining function 'ap_int_base<1, false>::ap_int_base(int)' into 'ap_int_base<8, false>::operator++(int)'
remark: C:/Xilinx/Vitis_HLS/2022.2/common/technology/autopilot\ap_int_base.h:879:5: Inlining function 'ap_int_base<8, false>& ap_int_base<8, false>::operator+=<1, false>(ap_int_base<1, false> const&)' into 'ap_int_base<8, false>::operator++(int)'
remark: C:/Xilinx/Vitis_HLS/2022.2/common/technology/autopilot\ap_int_base.h:185:106: Inlining function '_ZN8ssdm_intILi9ELb0EEC2EDq9_j' into 'ap_int_base<9, false>::ap_int_base<8, false>(ap_int_base<8, false> const&)'
remark: C:/Xilinx/Vitis_HLS/2022.2/common/technology/autopilot\ap_int_base.h:214:67: Inlining function '_ZN8ssdm_intILi9ELb0EEC2EDq9_j' into 'ap_int_base<9, false>::ap_int_base(int)'
remark: C:/Xilinx/Vitis_HLS/2022.2/common/technology/autopilot\ap_int_base.h:1495:339: Inlining function 'ap_int_base<9, false>::ap_int_base<8, false>(ap_int_base<8, false> const&)' into 'ap_int_base<8, false>::RType<8, false>::plus operator+<8, false, 8, false>(ap_int_base<8, false> const&, ap_int_base<8, false> const&)'
remark: C:/Xilinx/Vitis_HLS/2022.2/common/technology/autopilot\ap_int_base.h:1495:516: Inlining function 'ap_int_base<9, false>::ap_int_base(int)' into 'ap_int_base<8, false>::RType<8, false>::plus operator+<8, false, 8, false>(ap_int_base<8, false> const&, ap_int_base<8, false> const&)'
remark: C:/Xilinx/Vitis_HLS/2022.2/common/technology/autopilot\ap_int_base.h:1495:427: Inlining function 'ap_int_base<9, false>::ap_int_base<8, false>(ap_int_base<8, false> const&)' into 'ap_int_base<8, false>::RType<8, false>::plus operator+<8, false, 8, false>(ap_int_base<8, false> const&, ap_int_base<8, false> const&)'
remark: C:/Xilinx/Vitis_HLS/2022.2/common/technology/autopilot\ap_int_base.h:1514:337: Inlining function 'ap_int_base<9, false>::ap_int_base(int)' into 'ap_int_base<9, false>::RType<32, true>::mod operator%<9, false, 32, true>(ap_int_base<9, false> const&, ap_int_base<32, true> const&)'
remark: C:/Xilinx/Vitis_HLS/2022.2/common/technology/autopilot\ap_int_base.h:1633:2573: Inlining function 'ap_int_base<32, true>::ap_int_base(int)' into 'ap_int_base<9, false>::RType<($_0)32, true>::mod operator%<9, false>(ap_int_base<9, false> const&, int)'
remark: C:/Xilinx/Vitis_HLS/2022.2/common/technology/autopilot\ap_int_base.h:1633:2571: Inlining function 'ap_int_base<9, false>::RType<32, true>::mod operator%<9, false, 32, true>(ap_int_base<9, false> const&, ap_int_base<32, true> const&)' into 'ap_int_base<9, false>::RType<($_0)32, true>::mod operator%<9, false>(ap_int_base<9, false> const&, int)'
remark: ../../../../OneDrive/Desktop/vitis/bram_A.cpp:28:38: Inlining function 'ap_int_base<8, false>::operator++(int)' into 'dut(ap_uint<8>, hls::stream<ap_uint<8>, 0>&)'
remark: ../../../../OneDrive/Desktop/vitis/bram_A.cpp:31:26: Inlining function 'ap_int_base<8, false>::operator unsigned long long() const' into 'dut(ap_uint<8>, hls::stream<ap_uint<8>, 0>&)'
remark: ../../../../OneDrive/Desktop/vitis/bram_A.cpp:30:10: Inlining function 'ap_int_base<8, false>::operator unsigned long long() const' into 'dut(ap_uint<8>, hls::stream<ap_uint<8>, 0>&)'
remark: ../../../../OneDrive/Desktop/vitis/bram_A.cpp:30:21: Inlining function 'ap_int_base<9, false>::operator unsigned long long() const' into 'dut(ap_uint<8>, hls::stream<ap_uint<8>, 0>&)'
remark: ../../../../OneDrive/Desktop/vitis/bram_A.cpp:30:37: Inlining function 'ap_int_base<9, false>::RType<($_0)32, true>::mod operator%<9, false>(ap_int_base<9, false> const&, int)' into 'dut(ap_uint<8>, hls::stream<ap_uint<8>, 0>&)'
remark: ../../../../OneDrive/Desktop/vitis/bram_A.cpp:30:34: Inlining function 'ap_int_base<8, false>::RType<8, false>::plus operator+<8, false, 8, false>(ap_int_base<8, false> const&, ap_int_base<8, false> const&)' into 'dut(ap_uint<8>, hls::stream<ap_uint<8>, 0>&)'
remark: ../../../../OneDrive/Desktop/vitis/bram_A.cpp:28:33: Inlining function 'bool operator<<8, false>(ap_int_base<8, false> const&, int)' into 'dut(ap_uint<8>, hls::stream<ap_uint<8>, 0>&)'
remark: ../../../../OneDrive/Desktop/vitis/bram_A.cpp:18:42: Inlining function 'ap_int_base<8, false>::operator++(int)' into 'dut(ap_uint<8>, hls::stream<ap_uint<8>, 0>&)'
remark: ../../../../OneDrive/Desktop/vitis/bram_A.cpp:19:10: Inlining function 'ap_int_base<8, false>::operator unsigned long long() const' into 'dut(ap_uint<8>, hls::stream<ap_uint<8>, 0>&)'
remark: ../../../../OneDrive/Desktop/vitis/bram_A.cpp:18:36: Inlining function 'bool operator<<8, false>(ap_int_base<8, false> const&, int)' into 'dut(ap_uint<8>, hls::stream<ap_uint<8>, 0>&)'
remark: <unknown>:0:0: Applying array_partition to 'bram1': Cyclic partitioning with factor 8 on dimension 1.
