

================================================================
== Vitis HLS Report for 'dut'
================================================================
* Date:           Mon Apr  3 20:00:12 2023

* Version:        2022.2 (Build 3670227 on Oct 13 2022)
* Project:        project_20
* Solution:       solution2 (Vivado IP Flow Target)
* Product family: zynq
* Target device:  xc7z020-clg484-1


================================================================
== Performance Estimates
================================================================
+ Timing: 
    * Summary: 
    +--------+----------+----------+------------+
    |  Clock |  Target  | Estimated| Uncertainty|
    +--------+----------+----------+------------+
    |ap_clk  |  10.00 ns|  5.558 ns|     2.70 ns|
    +--------+----------+----------+------------+

+ Latency: 
    * Summary: 
    +---------+---------+----------+----------+-----+-----+---------+
    |  Latency (cycles) |  Latency (absolute) |  Interval | Pipeline|
    |   min   |   max   |    min   |    max   | min | max |   Type  |
    +---------+---------+----------+----------+-----+-----+---------+
    |       11|       11|  0.110 us|  0.110 us|   12|   12|       no|
    +---------+---------+----------+----------+-----+-----+---------+

    + Detail: 
        * Instance: 
        N/A

        * Loop: 
        +-------------------+---------+---------+----------+-----------+-----------+------+----------+
        |                   |  Latency (cycles) | Iteration|  Initiation Interval  | Trip |          |
        |     Loop Name     |   min   |   max   |  Latency |  achieved |   target  | Count| Pipelined|
        +-------------------+---------+---------+----------+-----------+-----------+------+----------+
        |- VITIS_LOOP_28_2  |        9|        9|         3|          1|          1|     8|       yes|
        +-------------------+---------+---------+----------+-----------+-----------+------+----------+

============================================================
+ Verbose Summary: Synthesis Manager
============================================================
InlineROM: 1
ExposeGlobal: 0
============================================================
+ Verbose Summary: CDFG Model
============================================================
IsTopModel: 1
ResetActiveHigh: 1
IsCombinational: 0
IsDatapathOnly: 0
HasWiredReturn: 1
HasMFsm: 2
HasVarLatency: 1
IsPipeline: 0
IsRtlPipelined: 0
IsInstanceOverlapped: 0
IsDontTouch: 0
HasImplIP: 0
IsGatedGlobalClock: 0

+ Individual pipeline summary: 
  * Pipeline-0: initiation interval (II) = 1, depth = 3


============================================================
+ Verbose Summary: Schedule
============================================================
* Number of FSM states : 3
* Pipeline : 1
  Pipeline-0 : II = 1, D = 3, States = { 1 2 3 }
* Dataflow Pipeline: 0

* FSM state transitions: 
1 --> 2 
2 --> 3 
3 --> 

* FSM state operations: 

State 1 <SV = 0> <Delay = 5.07>
ST_1 : Operation 6 [1/1] (0.00ns)   --->   "%rhs = alloca i32 1"   --->   Operation 6 'alloca' 'rhs' <Predicate = true> <Delay = 0.00>
ST_1 : Operation 7 [1/1] (0.00ns)   --->   "%spectopmodule_ln9 = spectopmodule void @_ssdm_op_SpecTopModule, void @empty_3" [../../../../OneDrive/Desktop/vitis/bram_A.cpp:9]   --->   Operation 7 'spectopmodule' 'spectopmodule_ln9' <Predicate = true> <Delay = 0.00>
ST_1 : Operation 8 [1/1] (0.00ns)   --->   "%specbitsmap_ln0 = specbitsmap void @_ssdm_op_SpecBitsMap, i8 %start_index"   --->   Operation 8 'specbitsmap' 'specbitsmap_ln0' <Predicate = true> <Delay = 0.00>
ST_1 : Operation 9 [1/1] (0.00ns)   --->   "%specinterface_ln0 = specinterface void @_ssdm_op_SpecInterface, i8 %start_index, void @empty, i32 0, i32 0, void @empty_0, i32 0, i32 0, void @empty_0, void @empty_0, void @empty_0, i32 0, i32 0, i32 0, i32 0, void @empty_0, void @empty_0, i32 4294967295, i32 0"   --->   Operation 9 'specinterface' 'specinterface_ln0' <Predicate = true> <Delay = 0.00>
ST_1 : Operation 10 [1/1] (0.00ns)   --->   "%specinterface_ln0 = specinterface void @_ssdm_op_SpecInterface, i8 %output_r, void @empty_1, i32 1, i32 1, void @empty_2, i32 0, i32 0, void @empty_0, void @empty_0, void @empty_0, i32 0, i32 0, i32 0, i32 0, void @empty_0, void @empty_0, i32 4294967295, i32 0"   --->   Operation 10 'specinterface' 'specinterface_ln0' <Predicate = true> <Delay = 0.00>
ST_1 : Operation 11 [1/1] (0.00ns)   --->   "%specbitsmap_ln0 = specbitsmap void @_ssdm_op_SpecBitsMap, i8 %output_r"   --->   Operation 11 'specbitsmap' 'specbitsmap_ln0' <Predicate = true> <Delay = 0.00>
ST_1 : Operation 12 [1/1] (0.00ns)   --->   "%start_index_read = read i8 @_ssdm_op_Read.ap_none.i8, i8 %start_index" [../../../../OneDrive/Desktop/vitis/bram_A.cpp:9]   --->   Operation 12 'read' 'start_index_read' <Predicate = true> <Delay = 0.00>
ST_1 : Operation 13 [1/1] (0.00ns)   --->   "%specmemcore_ln14 = specmemcore void @_ssdm_op_SpecMemCore, i6 %bram1_7, i64 666, i64 18, i64 18446744073709551615" [../../../../OneDrive/Desktop/vitis/bram_A.cpp:14]   --->   Operation 13 'specmemcore' 'specmemcore_ln14' <Predicate = true> <Delay = 0.00>
ST_1 : Operation 14 [1/1] (0.00ns)   --->   "%specmemcore_ln14 = specmemcore void @_ssdm_op_SpecMemCore, i6 %bram1_6, i64 666, i64 18, i64 18446744073709551615" [../../../../OneDrive/Desktop/vitis/bram_A.cpp:14]   --->   Operation 14 'specmemcore' 'specmemcore_ln14' <Predicate = true> <Delay = 0.00>
ST_1 : Operation 15 [1/1] (0.00ns)   --->   "%specmemcore_ln14 = specmemcore void @_ssdm_op_SpecMemCore, i6 %bram1_5, i64 666, i64 18, i64 18446744073709551615" [../../../../OneDrive/Desktop/vitis/bram_A.cpp:14]   --->   Operation 15 'specmemcore' 'specmemcore_ln14' <Predicate = true> <Delay = 0.00>
ST_1 : Operation 16 [1/1] (0.00ns)   --->   "%specmemcore_ln14 = specmemcore void @_ssdm_op_SpecMemCore, i6 %bram1_4, i64 666, i64 18, i64 18446744073709551615" [../../../../OneDrive/Desktop/vitis/bram_A.cpp:14]   --->   Operation 16 'specmemcore' 'specmemcore_ln14' <Predicate = true> <Delay = 0.00>
ST_1 : Operation 17 [1/1] (0.00ns)   --->   "%specmemcore_ln14 = specmemcore void @_ssdm_op_SpecMemCore, i6 %bram1_3, i64 666, i64 18, i64 18446744073709551615" [../../../../OneDrive/Desktop/vitis/bram_A.cpp:14]   --->   Operation 17 'specmemcore' 'specmemcore_ln14' <Predicate = true> <Delay = 0.00>
ST_1 : Operation 18 [1/1] (0.00ns)   --->   "%specmemcore_ln14 = specmemcore void @_ssdm_op_SpecMemCore, i6 %bram1_2, i64 666, i64 18, i64 18446744073709551615" [../../../../OneDrive/Desktop/vitis/bram_A.cpp:14]   --->   Operation 18 'specmemcore' 'specmemcore_ln14' <Predicate = true> <Delay = 0.00>
ST_1 : Operation 19 [1/1] (0.00ns)   --->   "%specmemcore_ln14 = specmemcore void @_ssdm_op_SpecMemCore, i6 %bram1_1, i64 666, i64 18, i64 18446744073709551615" [../../../../OneDrive/Desktop/vitis/bram_A.cpp:14]   --->   Operation 19 'specmemcore' 'specmemcore_ln14' <Predicate = true> <Delay = 0.00>
ST_1 : Operation 20 [1/1] (0.00ns)   --->   "%specmemcore_ln14 = specmemcore void @_ssdm_op_SpecMemCore, i6 %bram1_0, i64 666, i64 18, i64 18446744073709551615" [../../../../OneDrive/Desktop/vitis/bram_A.cpp:14]   --->   Operation 20 'specmemcore' 'specmemcore_ln14' <Predicate = true> <Delay = 0.00>
ST_1 : Operation 21 [1/1] (0.00ns)   --->   "%trunc_ln1495 = trunc i8 %start_index_read"   --->   Operation 21 'trunc' 'trunc_ln1495' <Predicate = true> <Delay = 0.00>
ST_1 : Operation 22 [1/1] (0.00ns)   --->   "%trunc_ln1495_1 = trunc i8 %start_index_read"   --->   Operation 22 'trunc' 'trunc_ln1495_1' <Predicate = true> <Delay = 0.00>
ST_1 : Operation 23 [1/1] (1.58ns)   --->   "%store_ln28 = store i4 0, i4 %rhs" [../../../../OneDrive/Desktop/vitis/bram_A.cpp:28]   --->   Operation 23 'store' 'store_ln28' <Predicate = true> <Delay = 1.58>
ST_1 : Operation 24 [1/1] (0.00ns)   --->   "%br_ln28 = br void %for.inc24" [../../../../OneDrive/Desktop/vitis/bram_A.cpp:28]   --->   Operation 24 'br' 'br_ln28' <Predicate = true> <Delay = 0.00>
ST_1 : Operation 25 [1/1] (0.00ns)   --->   "%j_V_1 = load i4 %rhs"   --->   Operation 25 'load' 'j_V_1' <Predicate = true> <Delay = 0.00>
ST_1 : Operation 26 [1/1] (1.30ns)   --->   "%icmp_ln1027 = icmp_eq  i4 %j_V_1, i4 8"   --->   Operation 26 'icmp' 'icmp_ln1027' <Predicate = true> <Delay = 1.30> <CoreInst = "Cmp">   --->   Core 9 'Cmp' <Latency = 0> <II = 1> <Delay = 1.30> <FuncUnit> <Opcode : 'icmp'> <InPorts = 2> <OutPorts = 1>
ST_1 : Operation 27 [1/1] (0.00ns)   --->   "%empty = speclooptripcount i32 @_ssdm_op_SpecLoopTripCount, i64 8, i64 8, i64 8"   --->   Operation 27 'speclooptripcount' 'empty' <Predicate = true> <Delay = 0.00>
ST_1 : Operation 28 [1/1] (1.73ns)   --->   "%j_V = add i4 %j_V_1, i4 1"   --->   Operation 28 'add' 'j_V' <Predicate = true> <Delay = 1.73> <CoreInst = "Adder">   --->   Core 1 'Adder' <Latency = 0> <II = 1> <Delay = 1.73> <FuncUnit> <Opcode : 'add' 'sub'> <InPorts = 2> <OutPorts = 1>
ST_1 : Operation 29 [1/1] (0.00ns)   --->   "%br_ln28 = br i1 %icmp_ln1027, void %for.inc24.split, void %for.end26" [../../../../OneDrive/Desktop/vitis/bram_A.cpp:28]   --->   Operation 29 'br' 'br_ln28' <Predicate = true> <Delay = 0.00>
ST_1 : Operation 30 [1/1] (0.00ns)   --->   "%zext_ln1495 = zext i4 %j_V_1"   --->   Operation 30 'zext' 'zext_ln1495' <Predicate = (!icmp_ln1027)> <Delay = 0.00>
ST_1 : Operation 31 [1/1] (0.00ns)   --->   "%trunc_ln1495_2 = trunc i4 %j_V_1"   --->   Operation 31 'trunc' 'trunc_ln1495_2' <Predicate = (!icmp_ln1027)> <Delay = 0.00>
ST_1 : Operation 32 [1/1] (1.82ns)   --->   "%ret_V = add i6 %zext_ln1495, i6 %trunc_ln1495"   --->   Operation 32 'add' 'ret_V' <Predicate = (!icmp_ln1027)> <Delay = 1.82> <CoreInst = "Adder">   --->   Core 1 'Adder' <Latency = 0> <II = 1> <Delay = 1.82> <FuncUnit> <Opcode : 'add' 'sub'> <InPorts = 2> <OutPorts = 1>
ST_1 : Operation 33 [1/1] (0.00ns)   --->   "%trunc_ln1 = partselect i3 @_ssdm_op_PartSelect.i3.i6.i32.i32, i6 %ret_V, i32 3, i32 5" [../../../../OneDrive/Desktop/vitis/bram_A.cpp:30]   --->   Operation 33 'partselect' 'trunc_ln1' <Predicate = (!icmp_ln1027)> <Delay = 0.00>
ST_1 : Operation 34 [1/1] (0.00ns)   --->   "%zext_ln30 = zext i3 %trunc_ln1" [../../../../OneDrive/Desktop/vitis/bram_A.cpp:30]   --->   Operation 34 'zext' 'zext_ln30' <Predicate = (!icmp_ln1027)> <Delay = 0.00>
ST_1 : Operation 35 [1/1] (0.00ns)   --->   "%bram1_0_addr = getelementptr i6 %bram1_0, i64 0, i64 %zext_ln30" [../../../../OneDrive/Desktop/vitis/bram_A.cpp:30]   --->   Operation 35 'getelementptr' 'bram1_0_addr' <Predicate = (!icmp_ln1027)> <Delay = 0.00>
ST_1 : Operation 36 [1/1] (0.00ns)   --->   "%bram1_1_addr = getelementptr i6 %bram1_1, i64 0, i64 %zext_ln30" [../../../../OneDrive/Desktop/vitis/bram_A.cpp:30]   --->   Operation 36 'getelementptr' 'bram1_1_addr' <Predicate = (!icmp_ln1027)> <Delay = 0.00>
ST_1 : Operation 37 [1/1] (0.00ns)   --->   "%bram1_2_addr = getelementptr i6 %bram1_2, i64 0, i64 %zext_ln30" [../../../../OneDrive/Desktop/vitis/bram_A.cpp:30]   --->   Operation 37 'getelementptr' 'bram1_2_addr' <Predicate = (!icmp_ln1027)> <Delay = 0.00>
ST_1 : Operation 38 [1/1] (0.00ns)   --->   "%bram1_3_addr = getelementptr i6 %bram1_3, i64 0, i64 %zext_ln30" [../../../../OneDrive/Desktop/vitis/bram_A.cpp:30]   --->   Operation 38 'getelementptr' 'bram1_3_addr' <Predicate = (!icmp_ln1027)> <Delay = 0.00>
ST_1 : Operation 39 [1/1] (0.00ns)   --->   "%bram1_4_addr = getelementptr i6 %bram1_4, i64 0, i64 %zext_ln30" [../../../../OneDrive/Desktop/vitis/bram_A.cpp:30]   --->   Operation 39 'getelementptr' 'bram1_4_addr' <Predicate = (!icmp_ln1027)> <Delay = 0.00>
ST_1 : Operation 40 [1/1] (0.00ns)   --->   "%bram1_5_addr = getelementptr i6 %bram1_5, i64 0, i64 %zext_ln30" [../../../../OneDrive/Desktop/vitis/bram_A.cpp:30]   --->   Operation 40 'getelementptr' 'bram1_5_addr' <Predicate = (!icmp_ln1027)> <Delay = 0.00>
ST_1 : Operation 41 [1/1] (0.00ns)   --->   "%bram1_6_addr = getelementptr i6 %bram1_6, i64 0, i64 %zext_ln30" [../../../../OneDrive/Desktop/vitis/bram_A.cpp:30]   --->   Operation 41 'getelementptr' 'bram1_6_addr' <Predicate = (!icmp_ln1027)> <Delay = 0.00>
ST_1 : Operation 42 [1/1] (0.00ns)   --->   "%bram1_7_addr = getelementptr i6 %bram1_7, i64 0, i64 %zext_ln30" [../../../../OneDrive/Desktop/vitis/bram_A.cpp:30]   --->   Operation 42 'getelementptr' 'bram1_7_addr' <Predicate = (!icmp_ln1027)> <Delay = 0.00>
ST_1 : Operation 43 [1/1] (1.65ns)   --->   "%add_ln30 = add i3 %trunc_ln1495_2, i3 %trunc_ln1495_1" [../../../../OneDrive/Desktop/vitis/bram_A.cpp:30]   --->   Operation 43 'add' 'add_ln30' <Predicate = (!icmp_ln1027)> <Delay = 1.65> <CoreInst = "Adder">   --->   Core 1 'Adder' <Latency = 0> <II = 1> <Delay = 1.65> <FuncUnit> <Opcode : 'add' 'sub'> <InPorts = 2> <OutPorts = 1>
ST_1 : Operation 44 [2/2] (3.25ns)   --->   "%bram1_0_load = load i3 %bram1_0_addr" [../../../../OneDrive/Desktop/vitis/bram_A.cpp:30]   --->   Operation 44 'load' 'bram1_0_load' <Predicate = (!icmp_ln1027)> <Delay = 3.25> <CoreInst = "RAM_1P_BRAM">   --->   Core 88 'RAM_1P_BRAM' <Latency = 1> <II = 1> <Delay = 3.25> <Storage> <Opcode : 'load' 'store'> <Ports = 1> <Width = 6> <Depth = 8> <RAM>
ST_1 : Operation 45 [2/2] (3.25ns)   --->   "%bram1_1_load = load i3 %bram1_1_addr" [../../../../OneDrive/Desktop/vitis/bram_A.cpp:30]   --->   Operation 45 'load' 'bram1_1_load' <Predicate = (!icmp_ln1027)> <Delay = 3.25> <CoreInst = "RAM_1P_BRAM">   --->   Core 88 'RAM_1P_BRAM' <Latency = 1> <II = 1> <Delay = 3.25> <Storage> <Opcode : 'load' 'store'> <Ports = 1> <Width = 6> <Depth = 8> <RAM>
ST_1 : Operation 46 [2/2] (3.25ns)   --->   "%bram1_2_load = load i3 %bram1_2_addr" [../../../../OneDrive/Desktop/vitis/bram_A.cpp:30]   --->   Operation 46 'load' 'bram1_2_load' <Predicate = (!icmp_ln1027)> <Delay = 3.25> <CoreInst = "RAM_1P_BRAM">   --->   Core 88 'RAM_1P_BRAM' <Latency = 1> <II = 1> <Delay = 3.25> <Storage> <Opcode : 'load' 'store'> <Ports = 1> <Width = 6> <Depth = 8> <RAM>
ST_1 : Operation 47 [2/2] (3.25ns)   --->   "%bram1_3_load = load i3 %bram1_3_addr" [../../../../OneDrive/Desktop/vitis/bram_A.cpp:30]   --->   Operation 47 'load' 'bram1_3_load' <Predicate = (!icmp_ln1027)> <Delay = 3.25> <CoreInst = "RAM_1P_BRAM">   --->   Core 88 'RAM_1P_BRAM' <Latency = 1> <II = 1> <Delay = 3.25> <Storage> <Opcode : 'load' 'store'> <Ports = 1> <Width = 6> <Depth = 8> <RAM>
ST_1 : Operation 48 [2/2] (3.25ns)   --->   "%bram1_4_load = load i3 %bram1_4_addr" [../../../../OneDrive/Desktop/vitis/bram_A.cpp:30]   --->   Operation 48 'load' 'bram1_4_load' <Predicate = (!icmp_ln1027)> <Delay = 3.25> <CoreInst = "RAM_1P_BRAM">   --->   Core 88 'RAM_1P_BRAM' <Latency = 1> <II = 1> <Delay = 3.25> <Storage> <Opcode : 'load' 'store'> <Ports = 1> <Width = 6> <Depth = 8> <RAM>
ST_1 : Operation 49 [2/2] (3.25ns)   --->   "%bram1_5_load = load i3 %bram1_5_addr" [../../../../OneDrive/Desktop/vitis/bram_A.cpp:30]   --->   Operation 49 'load' 'bram1_5_load' <Predicate = (!icmp_ln1027)> <Delay = 3.25> <CoreInst = "RAM_1P_BRAM">   --->   Core 88 'RAM_1P_BRAM' <Latency = 1> <II = 1> <Delay = 3.25> <Storage> <Opcode : 'load' 'store'> <Ports = 1> <Width = 6> <Depth = 8> <RAM>
ST_1 : Operation 50 [2/2] (3.25ns)   --->   "%bram1_6_load = load i3 %bram1_6_addr" [../../../../OneDrive/Desktop/vitis/bram_A.cpp:30]   --->   Operation 50 'load' 'bram1_6_load' <Predicate = (!icmp_ln1027)> <Delay = 3.25> <CoreInst = "RAM_1P_BRAM">   --->   Core 88 'RAM_1P_BRAM' <Latency = 1> <II = 1> <Delay = 3.25> <Storage> <Opcode : 'load' 'store'> <Ports = 1> <Width = 6> <Depth = 8> <RAM>
ST_1 : Operation 51 [2/2] (3.25ns)   --->   "%bram1_7_load = load i3 %bram1_7_addr" [../../../../OneDrive/Desktop/vitis/bram_A.cpp:30]   --->   Operation 51 'load' 'bram1_7_load' <Predicate = (!icmp_ln1027)> <Delay = 3.25> <CoreInst = "RAM_1P_BRAM">   --->   Core 88 'RAM_1P_BRAM' <Latency = 1> <II = 1> <Delay = 3.25> <Storage> <Opcode : 'load' 'store'> <Ports = 1> <Width = 6> <Depth = 8> <RAM>
ST_1 : Operation 52 [1/1] (1.58ns)   --->   "%store_ln28 = store i4 %j_V, i4 %rhs" [../../../../OneDrive/Desktop/vitis/bram_A.cpp:28]   --->   Operation 52 'store' 'store_ln28' <Predicate = (!icmp_ln1027)> <Delay = 1.58>

State 2 <SV = 1> <Delay = 5.55>
ST_2 : Operation 53 [1/2] (3.25ns)   --->   "%bram1_0_load = load i3 %bram1_0_addr" [../../../../OneDrive/Desktop/vitis/bram_A.cpp:30]   --->   Operation 53 'load' 'bram1_0_load' <Predicate = true> <Delay = 3.25> <CoreInst = "RAM_1P_BRAM">   --->   Core 88 'RAM_1P_BRAM' <Latency = 1> <II = 1> <Delay = 3.25> <Storage> <Opcode : 'load' 'store'> <Ports = 1> <Width = 6> <Depth = 8> <RAM>
ST_2 : Operation 54 [1/2] (3.25ns)   --->   "%bram1_1_load = load i3 %bram1_1_addr" [../../../../OneDrive/Desktop/vitis/bram_A.cpp:30]   --->   Operation 54 'load' 'bram1_1_load' <Predicate = true> <Delay = 3.25> <CoreInst = "RAM_1P_BRAM">   --->   Core 88 'RAM_1P_BRAM' <Latency = 1> <II = 1> <Delay = 3.25> <Storage> <Opcode : 'load' 'store'> <Ports = 1> <Width = 6> <Depth = 8> <RAM>
ST_2 : Operation 55 [1/2] (3.25ns)   --->   "%bram1_2_load = load i3 %bram1_2_addr" [../../../../OneDrive/Desktop/vitis/bram_A.cpp:30]   --->   Operation 55 'load' 'bram1_2_load' <Predicate = true> <Delay = 3.25> <CoreInst = "RAM_1P_BRAM">   --->   Core 88 'RAM_1P_BRAM' <Latency = 1> <II = 1> <Delay = 3.25> <Storage> <Opcode : 'load' 'store'> <Ports = 1> <Width = 6> <Depth = 8> <RAM>
ST_2 : Operation 56 [1/2] (3.25ns)   --->   "%bram1_3_load = load i3 %bram1_3_addr" [../../../../OneDrive/Desktop/vitis/bram_A.cpp:30]   --->   Operation 56 'load' 'bram1_3_load' <Predicate = true> <Delay = 3.25> <CoreInst = "RAM_1P_BRAM">   --->   Core 88 'RAM_1P_BRAM' <Latency = 1> <II = 1> <Delay = 3.25> <Storage> <Opcode : 'load' 'store'> <Ports = 1> <Width = 6> <Depth = 8> <RAM>
ST_2 : Operation 57 [1/2] (3.25ns)   --->   "%bram1_4_load = load i3 %bram1_4_addr" [../../../../OneDrive/Desktop/vitis/bram_A.cpp:30]   --->   Operation 57 'load' 'bram1_4_load' <Predicate = true> <Delay = 3.25> <CoreInst = "RAM_1P_BRAM">   --->   Core 88 'RAM_1P_BRAM' <Latency = 1> <II = 1> <Delay = 3.25> <Storage> <Opcode : 'load' 'store'> <Ports = 1> <Width = 6> <Depth = 8> <RAM>
ST_2 : Operation 58 [1/2] (3.25ns)   --->   "%bram1_5_load = load i3 %bram1_5_addr" [../../../../OneDrive/Desktop/vitis/bram_A.cpp:30]   --->   Operation 58 'load' 'bram1_5_load' <Predicate = true> <Delay = 3.25> <CoreInst = "RAM_1P_BRAM">   --->   Core 88 'RAM_1P_BRAM' <Latency = 1> <II = 1> <Delay = 3.25> <Storage> <Opcode : 'load' 'store'> <Ports = 1> <Width = 6> <Depth = 8> <RAM>
ST_2 : Operation 59 [1/2] (3.25ns)   --->   "%bram1_6_load = load i3 %bram1_6_addr" [../../../../OneDrive/Desktop/vitis/bram_A.cpp:30]   --->   Operation 59 'load' 'bram1_6_load' <Predicate = true> <Delay = 3.25> <CoreInst = "RAM_1P_BRAM">   --->   Core 88 'RAM_1P_BRAM' <Latency = 1> <II = 1> <Delay = 3.25> <Storage> <Opcode : 'load' 'store'> <Ports = 1> <Width = 6> <Depth = 8> <RAM>
ST_2 : Operation 60 [1/2] (3.25ns)   --->   "%bram1_7_load = load i3 %bram1_7_addr" [../../../../OneDrive/Desktop/vitis/bram_A.cpp:30]   --->   Operation 60 'load' 'bram1_7_load' <Predicate = true> <Delay = 3.25> <CoreInst = "RAM_1P_BRAM">   --->   Core 88 'RAM_1P_BRAM' <Latency = 1> <II = 1> <Delay = 3.25> <Storage> <Opcode : 'load' 'store'> <Ports = 1> <Width = 6> <Depth = 8> <RAM>
ST_2 : Operation 61 [1/1] (2.30ns)   --->   "%bundle1_V = mux i6 @_ssdm_op_Mux.ap_auto.8i6.i3, i6 %bram1_0_load, i6 %bram1_1_load, i6 %bram1_2_load, i6 %bram1_3_load, i6 %bram1_4_load, i6 %bram1_5_load, i6 %bram1_6_load, i6 %bram1_7_load, i3 %add_ln30" [../../../../OneDrive/Desktop/vitis/bram_A.cpp:30]   --->   Operation 61 'mux' 'bundle1_V' <Predicate = true> <Delay = 2.30> <CoreInst = "Multiplexer">   --->   Core 76 'Multiplexer' <Latency = 0> <II = 1> <Delay = 2.30> <FuncUnit> <Opcode : 'mux'> <InPorts = 2> <OutPorts = 1>
ST_2 : Operation 62 [1/1] (0.00ns)   --->   "%zext_ln30_1 = zext i6 %bundle1_V" [../../../../OneDrive/Desktop/vitis/bram_A.cpp:30]   --->   Operation 62 'zext' 'zext_ln30_1' <Predicate = true> <Delay = 0.00>
ST_2 : Operation 63 [2/2] (0.00ns)   --->   "%write_ln31 = write void @_ssdm_op_Write.axis.volatile.i8P128A, i8 %output_r, i8 %zext_ln30_1" [../../../../OneDrive/Desktop/vitis/bram_A.cpp:31]   --->   Operation 63 'write' 'write_ln31' <Predicate = true> <Delay = 0.00> <CoreInst = "axis">   --->   Core 115 'axis' <Latency = 0> <II = 1> <Delay = 1.00> <Adapter> <Opcode : >
ST_2 : Operation 68 [1/1] (0.00ns)   --->   "%ret_ln33 = ret" [../../../../OneDrive/Desktop/vitis/bram_A.cpp:33]   --->   Operation 68 'ret' 'ret_ln33' <Predicate = (icmp_ln1027)> <Delay = 0.00>

State 3 <SV = 2> <Delay = 0.00>
ST_3 : Operation 64 [1/1] (0.00ns)   --->   "%specpipeline_ln29 = specpipeline void @_ssdm_op_SpecPipeline, i32 1, i32 0, i32 0, i32 0, void @empty_0" [../../../../OneDrive/Desktop/vitis/bram_A.cpp:29]   --->   Operation 64 'specpipeline' 'specpipeline_ln29' <Predicate = true> <Delay = 0.00>
ST_3 : Operation 65 [1/1] (0.00ns)   --->   "%specloopname_ln1495 = specloopname void @_ssdm_op_SpecLoopName, void @empty_4"   --->   Operation 65 'specloopname' 'specloopname_ln1495' <Predicate = true> <Delay = 0.00>
ST_3 : Operation 66 [1/2] (0.00ns)   --->   "%write_ln31 = write void @_ssdm_op_Write.axis.volatile.i8P128A, i8 %output_r, i8 %zext_ln30_1" [../../../../OneDrive/Desktop/vitis/bram_A.cpp:31]   --->   Operation 66 'write' 'write_ln31' <Predicate = true> <Delay = 0.00> <CoreInst = "axis">   --->   Core 115 'axis' <Latency = 0> <II = 1> <Delay = 1.00> <Adapter> <Opcode : >
ST_3 : Operation 67 [1/1] (0.00ns)   --->   "%br_ln28 = br void %for.inc24" [../../../../OneDrive/Desktop/vitis/bram_A.cpp:28]   --->   Operation 67 'br' 'br_ln28' <Predicate = true> <Delay = 0.00>


============================================================
+ Verbose Summary: Timing violations
============================================================
Target clock period: 10ns, clock uncertainty: 2.7ns.

 <State 1>: 5.08ns
The critical path consists of the following:
	'alloca' operation ('rhs') [11]  (0 ns)
	'load' operation ('j.V') on local variable 'rhs' [31]  (0 ns)
	'add' operation ('ret.V') [41]  (1.83 ns)
	'getelementptr' operation ('bram1_0_addr', ../../../../OneDrive/Desktop/vitis/bram_A.cpp:30) [44]  (0 ns)
	'load' operation ('bram1_0_load', ../../../../OneDrive/Desktop/vitis/bram_A.cpp:30) on array 'bram1_0' [53]  (3.25 ns)

 <State 2>: 5.56ns
The critical path consists of the following:
	'load' operation ('bram1_0_load', ../../../../OneDrive/Desktop/vitis/bram_A.cpp:30) on array 'bram1_0' [53]  (3.25 ns)
	'mux' operation ('bundle1.V', ../../../../OneDrive/Desktop/vitis/bram_A.cpp:30) [61]  (2.3 ns)

 <State 3>: 0ns
The critical path consists of the following:


============================================================
+ Verbose Summary: Binding
============================================================
N/A
* FSMD analyzer results:
  - Output states:
 - Input state : 
  - Chain level:
	State 1
	State 2
	State 3


============================================================
+ Verbose Summary: Datapath Resource usage 
============================================================
N/A
