04/03/23 19:59:23: Running xcd server. This server was NOT built by gradle, but presumably rdi.
04/03/23 19:59:23: Server was asked to start on port: '53611'
04/03/23 19:59:23: Server is using token UUID: '60cc32c8-1b01-4355-99e1-6e3f4f8b349f'
04/03/23 19:59:23: SESSION_MGR: creating session with session uuid: '6d04a3e9-ade5-4ab9-8d63-1f78fcd2ec76' and name 'default'
04/03/23 19:59:23: Attempting to start server on port '53611'
04/03/23 19:59:23: Running Dispatch Server
04/03/23 19:59:23: Version 2.2.0
04/03/23 19:59:31: Dispatch Server: Accepted socket connection from client
04/03/23 19:59:31: Starting Socket connection
04/03/23 19:59:31: EXCHANGE_TOKEN received, server token: 60cc32c8-1b01-4355-99e1-6e3f4f8b349f, passed token: 60cc32c8-1b01-4355-99e1-6e3f4f8b349f
04/03/23 19:59:31: SESSION_MGR: creating session with session uuid: 'a6596426-2530-4b49-8be5-776b8597791a' and name 'vitis_hls'
04/03/23 19:59:31: KERNEL_SVC: creating session with uuid: 'a6596426-2530-4b49-8be5-776b8597791a' and name 'vitis_hls'
04/03/23 19:59:31: GUIDANCE_SMGR: creating guidance session with uuid: 'a6596426-2530-4b49-8be5-776b8597791a' and name 'vitis_hls'
04/03/23 20:00:16: STOP_SERVER received, server token: 60cc32c8-1b01-4355-99e1-6e3f4f8b349f, passed token: 60cc32c8-1b01-4355-99e1-6e3f4f8b349f
04/03/23 20:00:16: Socket received request to stop server.
04/03/23 20:00:16: Dispatch Server: do_await_stop
04/03/23 20:00:16: SERVER: destructor for server bound to port 53611
04/03/23 20:00:16: Server exiting with status 0.
04/03/23 20:00:16: Closing log file.
04/03/23 20:05:44: Running xcd server. This server was NOT built by gradle, but presumably rdi.
04/03/23 20:05:44: Server was asked to start on port: '53634'
04/03/23 20:05:44: Server is using token UUID: '75309482-faba-4583-8c53-8fc1a010c7b9'
04/03/23 20:05:44: SESSION_MGR: creating session with session uuid: '6d04a3e9-ade5-4ab9-8d63-1f78fcd2ec76' and name 'default'
04/03/23 20:05:44: Attempting to start server on port '53634'
04/03/23 20:05:44: Running Dispatch Server
04/03/23 20:05:44: Version 2.2.0
04/03/23 20:05:51: Dispatch Server: Accepted socket connection from client
04/03/23 20:05:51: Starting Socket connection
04/03/23 20:05:51: EXCHANGE_TOKEN received, server token: 75309482-faba-4583-8c53-8fc1a010c7b9, passed token: 75309482-faba-4583-8c53-8fc1a010c7b9
04/03/23 20:05:51: SESSION_MGR: creating session with session uuid: '4062a900-d400-4249-9edb-c13b36cf269e' and name 'vitis_hls'
04/03/23 20:05:51: KERNEL_SVC: creating session with uuid: '4062a900-d400-4249-9edb-c13b36cf269e' and name 'vitis_hls'
04/03/23 20:05:51: GUIDANCE_SMGR: creating guidance session with uuid: '4062a900-d400-4249-9edb-c13b36cf269e' and name 'vitis_hls'
04/03/23 20:07:32: STOP_SERVER received, server token: 75309482-faba-4583-8c53-8fc1a010c7b9, passed token: 75309482-faba-4583-8c53-8fc1a010c7b9
04/03/23 20:07:32: Socket received request to stop server.
04/03/23 20:07:32: Dispatch Server: do_await_stop
04/03/23 20:07:32: SERVER: destructor for server bound to port 53634
04/03/23 20:07:32: Server exiting with status 0.
04/03/23 20:07:33: Closing log file.
