

================================================================
== Vitis HLS Report for 'cyclic_prefix_removal_Pipeline_VITIS_LOOP_9_1'
================================================================
* Date:           Fri May 26 18:16:38 2023

* Version:        2022.2 (Build 3670227 on Oct 13 2022)
* Project:        project_38
* Solution:       solution2 (Vivado IP Flow Target)
* Product family: zynq
* Target device:  xc7z020-clg484-1


================================================================
== Performance Estimates
================================================================
+ Timing: 
    * Summary: 
    +--------+----------+----------+------------+
    |  Clock |  Target  | Estimated| Uncertainty|
    +--------+----------+----------+------------+
    |ap_clk  |  10.00 ns|  5.463 ns|     2.70 ns|
    +--------+----------+----------+------------+

+ Latency: 
    * Summary: 
    +---------+---------+-----------+-----------+------+------+---------+
    |  Latency (cycles) |   Latency (absolute)  |   Interval  | Pipeline|
    |   min   |   max   |    min    |    max    |  min |  max |   Type  |
    +---------+---------+-----------+-----------+------+------+---------+
    |     8802|     8802|  88.020 us|  88.020 us|  8802|  8802|       no|
    +---------+---------+-----------+-----------+------+------+---------+

    + Detail: 
        * Instance: 
        N/A

        * Loop: 
        +------------------+---------+---------+----------+-----------+-----------+------+----------+
        |                  |  Latency (cycles) | Iteration|  Initiation Interval  | Trip |          |
        |     Loop Name    |   min   |   max   |  Latency |  achieved |   target  | Count| Pipelined|
        +------------------+---------+---------+----------+-----------+-----------+------+----------+
        |- VITIS_LOOP_9_1  |     8800|     8800|         1|          1|          1|  8800|       yes|
        +------------------+---------+---------+----------+-----------+-----------+------+----------+

============================================================
+ Verbose Summary: Synthesis Manager
============================================================
InlineROM: 1
ExposeGlobal: 0
============================================================
+ Verbose Summary: CDFG Model
============================================================
IsTopModel: 0
ResetActiveHigh: 1
IsCombinational: 0
IsDatapathOnly: 0
HasWiredReturn: 1
HasMFsm: 2
HasVarLatency: 1
IsPipeline: 0
IsRtlPipelined: 0
IsInstanceOverlapped: 0
IsDontTouch: 0
HasImplIP: 0
IsGatedGlobalClock: 0

+ Individual pipeline summary: 
  * Pipeline-0: initiation interval (II) = 1, depth = 1


============================================================
+ Verbose Summary: Schedule
============================================================
* Number of FSM states : 1
* Pipeline : 1
  Pipeline-0 : II = 1, D = 1, States = { 1 }
* Dataflow Pipeline: 0

* FSM state transitions: 
1 --> 

* FSM state operations: 

State 1 <SV = 0> <Delay = 5.46>
ST_1 : Operation 4 [1/1] (0.00ns)   --->   "%i = alloca i32 1"   --->   Operation 4 'alloca' 'i' <Predicate = true> <Delay = 0.00>
ST_1 : Operation 5 [1/1] (0.00ns)   --->   "%specinterface_ln0 = specinterface void @_ssdm_op_SpecInterface, i64 %in_samples, void @empty, i32 0, i32 0, void @empty_0, i32 0, i32 0, void @empty_1, void @empty_1, void @empty_1, i32 0, i32 0, i32 0, i32 0, void @empty_1, void @empty_1, i32 4294967295, i32 0"   --->   Operation 5 'specinterface' 'specinterface_ln0' <Predicate = true> <Delay = 0.00>
ST_1 : Operation 6 [1/1] (1.58ns)   --->   "%store_ln0 = store i14 0, i14 %i"   --->   Operation 6 'store' 'store_ln0' <Predicate = true> <Delay = 1.58>
ST_1 : Operation 7 [1/1] (0.00ns)   --->   "%br_ln0 = br void %for.inc"   --->   Operation 7 'br' 'br_ln0' <Predicate = true> <Delay = 0.00>
ST_1 : Operation 8 [1/1] (0.00ns)   --->   "%i_1 = load i14 %i" [vitis-hls/Assignment_8/HLS/Source/cp_removal.cpp:9]   --->   Operation 8 'load' 'i_1' <Predicate = true> <Delay = 0.00>
ST_1 : Operation 9 [1/1] (2.20ns)   --->   "%icmp_ln9 = icmp_eq  i14 %i_1, i14 8800" [vitis-hls/Assignment_8/HLS/Source/cp_removal.cpp:9]   --->   Operation 9 'icmp' 'icmp_ln9' <Predicate = true> <Delay = 2.20> <CoreInst = "Cmp">   --->   Core 9 'Cmp' <Latency = 0> <II = 1> <Delay = 2.20> <FuncUnit> <Opcode : 'icmp'> <InPorts = 2> <OutPorts = 1>
ST_1 : Operation 10 [1/1] (0.00ns)   --->   "%empty = speclooptripcount i32 @_ssdm_op_SpecLoopTripCount, i64 8800, i64 8800, i64 8800"   --->   Operation 10 'speclooptripcount' 'empty' <Predicate = true> <Delay = 0.00>
ST_1 : Operation 11 [1/1] (1.81ns)   --->   "%add_ln9 = add i14 %i_1, i14 1" [vitis-hls/Assignment_8/HLS/Source/cp_removal.cpp:9]   --->   Operation 11 'add' 'add_ln9' <Predicate = true> <Delay = 1.81> <CoreInst = "Adder">   --->   Core 1 'Adder' <Latency = 0> <II = 1> <Delay = 1.81> <FuncUnit> <Opcode : 'add' 'sub'> <InPorts = 2> <OutPorts = 1>
ST_1 : Operation 12 [1/1] (0.00ns)   --->   "%br_ln9 = br i1 %icmp_ln9, void %for.inc.split, void %for.body5.preheader.exitStub" [vitis-hls/Assignment_8/HLS/Source/cp_removal.cpp:9]   --->   Operation 12 'br' 'br_ln9' <Predicate = true> <Delay = 0.00>
ST_1 : Operation 13 [1/1] (0.00ns)   --->   "%zext_ln9 = zext i14 %i_1" [vitis-hls/Assignment_8/HLS/Source/cp_removal.cpp:9]   --->   Operation 13 'zext' 'zext_ln9' <Predicate = (!icmp_ln9)> <Delay = 0.00>
ST_1 : Operation 14 [1/1] (0.00ns)   --->   "%specpipeline_ln10 = specpipeline void @_ssdm_op_SpecPipeline, i32 1, i32 0, i32 0, i32 0, void @empty_1" [vitis-hls/Assignment_8/HLS/Source/cp_removal.cpp:10]   --->   Operation 14 'specpipeline' 'specpipeline_ln10' <Predicate = (!icmp_ln9)> <Delay = 0.00>
ST_1 : Operation 15 [1/1] (0.00ns)   --->   "%specloopname_ln9 = specloopname void @_ssdm_op_SpecLoopName, void @empty_5" [vitis-hls/Assignment_8/HLS/Source/cp_removal.cpp:9]   --->   Operation 15 'specloopname' 'specloopname_ln9' <Predicate = (!icmp_ln9)> <Delay = 0.00>
ST_1 : Operation 16 [1/1] (0.00ns)   --->   "%var = read i64 @_ssdm_op_Read.axis.volatile.i64P128A, i64 %in_samples" [vitis-hls/Assignment_8/HLS/Source/cp_removal.cpp:11]   --->   Operation 16 'read' 'var' <Predicate = (!icmp_ln9)> <Delay = 0.00> <CoreInst = "axis">   --->   Core 115 'axis' <Latency = 0> <II = 1> <Delay = 1.00> <Adapter> <Opcode : >
ST_1 : Operation 17 [1/1] (0.00ns)   --->   "%arr_real_addr = getelementptr i32 %arr_real, i64 0, i64 %zext_ln9" [vitis-hls/Assignment_8/HLS/Source/cp_removal.cpp:12]   --->   Operation 17 'getelementptr' 'arr_real_addr' <Predicate = (!icmp_ln9)> <Delay = 0.00>
ST_1 : Operation 18 [1/1] (0.00ns)   --->   "%arr_imag_addr = getelementptr i32 %arr_imag, i64 0, i64 %zext_ln9" [vitis-hls/Assignment_8/HLS/Source/cp_removal.cpp:12]   --->   Operation 18 'getelementptr' 'arr_imag_addr' <Predicate = (!icmp_ln9)> <Delay = 0.00>
ST_1 : Operation 19 [1/1] (0.00ns)   --->   "%trunc_ln12 = trunc i64 %var" [vitis-hls/Assignment_8/HLS/Source/cp_removal.cpp:12]   --->   Operation 19 'trunc' 'trunc_ln12' <Predicate = (!icmp_ln9)> <Delay = 0.00>
ST_1 : Operation 20 [1/1] (0.00ns)   --->   "%bitcast_ln12 = bitcast i32 %trunc_ln12" [vitis-hls/Assignment_8/HLS/Source/cp_removal.cpp:12]   --->   Operation 20 'bitcast' 'bitcast_ln12' <Predicate = (!icmp_ln9)> <Delay = 0.00>
ST_1 : Operation 21 [1/1] (3.25ns)   --->   "%store_ln12 = store i32 %bitcast_ln12, i14 %arr_real_addr" [vitis-hls/Assignment_8/HLS/Source/cp_removal.cpp:12]   --->   Operation 21 'store' 'store_ln12' <Predicate = (!icmp_ln9)> <Delay = 3.25> <CoreInst = "RAM">   --->   Core 82 'RAM' <Latency = 1> <II = 1> <Delay = 3.25> <Storage> <Opcode : 'load' 'store'> <Ports = 2> <Width = 32> <Depth = 8800> <RAM>
ST_1 : Operation 22 [1/1] (0.00ns)   --->   "%tmp1 = partselect i32 @_ssdm_op_PartSelect.i32.i64.i32.i32, i64 %var, i32 32, i32 63" [vitis-hls/Assignment_8/HLS/Source/cp_removal.cpp:12]   --->   Operation 22 'partselect' 'tmp1' <Predicate = (!icmp_ln9)> <Delay = 0.00>
ST_1 : Operation 23 [1/1] (0.00ns)   --->   "%bitcast_ln12_1 = bitcast i32 %tmp1" [vitis-hls/Assignment_8/HLS/Source/cp_removal.cpp:12]   --->   Operation 23 'bitcast' 'bitcast_ln12_1' <Predicate = (!icmp_ln9)> <Delay = 0.00>
ST_1 : Operation 24 [1/1] (3.25ns)   --->   "%store_ln12 = store i32 %bitcast_ln12_1, i14 %arr_imag_addr" [vitis-hls/Assignment_8/HLS/Source/cp_removal.cpp:12]   --->   Operation 24 'store' 'store_ln12' <Predicate = (!icmp_ln9)> <Delay = 3.25> <CoreInst = "RAM">   --->   Core 82 'RAM' <Latency = 1> <II = 1> <Delay = 3.25> <Storage> <Opcode : 'load' 'store'> <Ports = 2> <Width = 32> <Depth = 8800> <RAM>
ST_1 : Operation 25 [1/1] (1.58ns)   --->   "%store_ln9 = store i14 %add_ln9, i14 %i" [vitis-hls/Assignment_8/HLS/Source/cp_removal.cpp:9]   --->   Operation 25 'store' 'store_ln9' <Predicate = (!icmp_ln9)> <Delay = 1.58>
ST_1 : Operation 26 [1/1] (0.00ns)   --->   "%br_ln9 = br void %for.inc" [vitis-hls/Assignment_8/HLS/Source/cp_removal.cpp:9]   --->   Operation 26 'br' 'br_ln9' <Predicate = (!icmp_ln9)> <Delay = 0.00>
ST_1 : Operation 27 [1/1] (0.00ns)   --->   "%ret_ln0 = ret"   --->   Operation 27 'ret' 'ret_ln0' <Predicate = (icmp_ln9)> <Delay = 0.00>


============================================================
+ Verbose Summary: Binding
============================================================
STG Binding: 
---------------- STG Properties BEGIN ----------------
- Is combinational: 0
- Is one-state seq: 0
- Is datapath-only: 0
- Is pipelined: 0
- Is top level: 0
Port [ Return ] is wired: 1; IO mode=ap_ctrl_hs:ce=0
Port [ in_samples]:  wired=1; compound=1; hidden=0; nouse=0; global=0; static=0; extern=0; dir=0; type=0; pingpong=0; private_global=0; IO mode=axis:ce=0
Port [ arr_real]:  wired=1; compound=1; hidden=0; nouse=0; global=0; static=0; extern=0; dir=1; type=1; pingpong=0; private_global=0; MemPort=[03]; IO mode=ap_memory:ce=0
Port [ arr_imag]:  wired=1; compound=1; hidden=0; nouse=0; global=0; static=0; extern=0; dir=1; type=1; pingpong=0; private_global=0; MemPort=[03]; IO mode=ap_memory:ce=0
---------------- STG Properties END ------------------

---------------- Datapath Model BEGIN ----------------

<LifeTime>
<method=bitvector/>
i                 (alloca           ) [ 01]
specinterface_ln0 (specinterface    ) [ 00]
store_ln0         (store            ) [ 00]
br_ln0            (br               ) [ 00]
i_1               (load             ) [ 00]
icmp_ln9          (icmp             ) [ 01]
empty             (speclooptripcount) [ 00]
add_ln9           (add              ) [ 00]
br_ln9            (br               ) [ 00]
zext_ln9          (zext             ) [ 00]
specpipeline_ln10 (specpipeline     ) [ 00]
specloopname_ln9  (specloopname     ) [ 00]
var               (read             ) [ 00]
arr_real_addr     (getelementptr    ) [ 00]
arr_imag_addr     (getelementptr    ) [ 00]
trunc_ln12        (trunc            ) [ 00]
bitcast_ln12      (bitcast          ) [ 00]
store_ln12        (store            ) [ 00]
tmp1              (partselect       ) [ 00]
bitcast_ln12_1    (bitcast          ) [ 00]
store_ln12        (store            ) [ 00]
store_ln9         (store            ) [ 00]
br_ln9            (br               ) [ 00]
ret_ln0           (ret              ) [ 00]
</LifeTime>

<model>

<comp_list>
<comp id="0" class="1000" name="in_samples">
<pin_list>
<pin id="1" dir="1" index="0" bw="1" slack="0"/>
</pin_list>
<bind>
<StgValue><ssdm name="in_samples"/></StgValue>
</bind>
</comp>

<comp id="2" class="1000" name="arr_real">
<pin_list>
<pin id="3" dir="1" index="0" bw="1" slack="0"/>
</pin_list>
<bind>
<StgValue><ssdm name="arr_real"/><MemPortTyVec>0 3 </MemPortTyVec>
</StgValue>
</bind>
</comp>

<comp id="4" class="1000" name="arr_imag">
<pin_list>
<pin id="5" dir="1" index="0" bw="1" slack="0"/>
</pin_list>
<bind>
<StgValue><ssdm name="arr_imag"/><MemPortTyVec>0 3 </MemPortTyVec>
</StgValue>
</bind>
</comp>

<comp id="6" class="1001" name="const_6">
<pin_list>
<pin id="7" dir="1" index="0" bw="1" slack="0"/>
</pin_list>
<bind>
<StgValue><ssdm name=""/></StgValue>
</bind>
</comp>

<comp id="8" class="1001" name="const_8">
<pin_list>
<pin id="9" dir="1" index="0" bw="1" slack="2147483647"/>
</pin_list>
<bind>
<StgValue><ssdm name="_ssdm_op_SpecInterface"/></StgValue>
</bind>
</comp>

<comp id="10" class="1001" name="const_10">
<pin_list>
<pin id="11" dir="1" index="0" bw="1" slack="2147483647"/>
</pin_list>
<bind>
<StgValue><ssdm name="empty"/></StgValue>
</bind>
</comp>

<comp id="12" class="1001" name="const_12">
<pin_list>
<pin id="13" dir="1" index="0" bw="1" slack="2147483647"/>
</pin_list>
<bind>
<StgValue><ssdm name=""/></StgValue>
</bind>
</comp>

<comp id="14" class="1001" name="const_14">
<pin_list>
<pin id="15" dir="1" index="0" bw="1" slack="2147483647"/>
</pin_list>
<bind>
<StgValue><ssdm name="empty_0"/></StgValue>
</bind>
</comp>

<comp id="16" class="1001" name="const_16">
<pin_list>
<pin id="17" dir="1" index="0" bw="1" slack="2147483647"/>
</pin_list>
<bind>
<StgValue><ssdm name="empty_1"/></StgValue>
</bind>
</comp>

<comp id="18" class="1001" name="const_18">
<pin_list>
<pin id="19" dir="1" index="0" bw="1" slack="2147483647"/>
</pin_list>
<bind>
<StgValue><ssdm name=""/></StgValue>
</bind>
</comp>

<comp id="20" class="1001" name="const_20">
<pin_list>
<pin id="21" dir="1" index="0" bw="1" slack="0"/>
</pin_list>
<bind>
<StgValue><ssdm name=""/></StgValue>
</bind>
</comp>

<comp id="22" class="1001" name="const_22">
<pin_list>
<pin id="23" dir="1" index="0" bw="1" slack="0"/>
</pin_list>
<bind>
<StgValue><ssdm name=""/></StgValue>
</bind>
</comp>

<comp id="24" class="1001" name="const_24">
<pin_list>
<pin id="25" dir="1" index="0" bw="1" slack="2147483647"/>
</pin_list>
<bind>
<StgValue><ssdm name="_ssdm_op_SpecLoopTripCount"/></StgValue>
</bind>
</comp>

<comp id="26" class="1001" name="const_26">
<pin_list>
<pin id="27" dir="1" index="0" bw="1" slack="2147483647"/>
</pin_list>
<bind>
<StgValue><ssdm name=""/></StgValue>
</bind>
</comp>

<comp id="28" class="1001" name="const_28">
<pin_list>
<pin id="29" dir="1" index="0" bw="1" slack="0"/>
</pin_list>
<bind>
<StgValue><ssdm name=""/></StgValue>
</bind>
</comp>

<comp id="30" class="1001" name="const_30">
<pin_list>
<pin id="31" dir="1" index="0" bw="1" slack="2147483647"/>
</pin_list>
<bind>
<StgValue><ssdm name="_ssdm_op_SpecPipeline"/></StgValue>
</bind>
</comp>

<comp id="32" class="1001" name="const_32">
<pin_list>
<pin id="33" dir="1" index="0" bw="1" slack="2147483647"/>
</pin_list>
<bind>
<StgValue><ssdm name="_ssdm_op_SpecLoopName"/></StgValue>
</bind>
</comp>

<comp id="34" class="1001" name="const_34">
<pin_list>
<pin id="35" dir="1" index="0" bw="1" slack="2147483647"/>
</pin_list>
<bind>
<StgValue><ssdm name="empty_5"/></StgValue>
</bind>
</comp>

<comp id="36" class="1001" name="const_36">
<pin_list>
<pin id="37" dir="1" index="0" bw="1" slack="0"/>
</pin_list>
<bind>
<StgValue><ssdm name="_ssdm_op_Read.axis.volatile.i64P128A"/></StgValue>
</bind>
</comp>

<comp id="38" class="1001" name="const_38">
<pin_list>
<pin id="39" dir="1" index="0" bw="1" slack="0"/>
</pin_list>
<bind>
<StgValue><ssdm name=""/></StgValue>
</bind>
</comp>

<comp id="40" class="1001" name="const_40">
<pin_list>
<pin id="41" dir="1" index="0" bw="1" slack="0"/>
</pin_list>
<bind>
<StgValue><ssdm name="_ssdm_op_PartSelect.i32.i64.i32.i32"/></StgValue>
</bind>
</comp>

<comp id="42" class="1001" name="const_42">
<pin_list>
<pin id="43" dir="1" index="0" bw="1" slack="0"/>
</pin_list>
<bind>
<StgValue><ssdm name=""/></StgValue>
</bind>
</comp>

<comp id="44" class="1001" name="const_44">
<pin_list>
<pin id="45" dir="1" index="0" bw="1" slack="0"/>
</pin_list>
<bind>
<StgValue><ssdm name=""/></StgValue>
</bind>
</comp>

<comp id="46" class="1004" name="i_fu_46">
<pin_list>
<pin id="47" dir="0" index="0" bw="1" slack="0"/>
<pin id="48" dir="1" index="1" bw="14" slack="0"/>
</pin_list>
<bind>
<opcode="alloca(26) " fcode="alloca"/>
<opset="i/1 "/>
</bind>
</comp>

<comp id="50" class="1004" name="var_read_fu_50">
<pin_list>
<pin id="51" dir="0" index="0" bw="64" slack="0"/>
<pin id="52" dir="0" index="1" bw="64" slack="0"/>
<pin id="53" dir="1" index="2" bw="64" slack="0"/>
</pin_list>
<bind>
<opcode="read(1150) " fcode="read"/>
<opset="var/1 "/>
</bind>
</comp>

<comp id="56" class="1004" name="arr_real_addr_gep_fu_56">
<pin_list>
<pin id="57" dir="0" index="0" bw="32" slack="0"/>
<pin id="58" dir="0" index="1" bw="1" slack="0"/>
<pin id="59" dir="0" index="2" bw="14" slack="0"/>
<pin id="60" dir="1" index="3" bw="14" slack="0"/>
</pin_list>
<bind>
<opcode="getelementptr(29) " fcode="getelementptr"/>
<opset="arr_real_addr/1 "/>
</bind>
</comp>

<comp id="63" class="1004" name="arr_imag_addr_gep_fu_63">
<pin_list>
<pin id="64" dir="0" index="0" bw="32" slack="0"/>
<pin id="65" dir="0" index="1" bw="1" slack="0"/>
<pin id="66" dir="0" index="2" bw="14" slack="0"/>
<pin id="67" dir="1" index="3" bw="14" slack="0"/>
</pin_list>
<bind>
<opcode="getelementptr(29) " fcode="getelementptr"/>
<opset="arr_imag_addr/1 "/>
</bind>
</comp>

<comp id="70" class="1004" name="store_ln12_access_fu_70">
<pin_list>
<pin id="71" dir="0" index="0" bw="14" slack="0"/>
<pin id="72" dir="0" index="1" bw="32" slack="0"/>
<pin id="73" dir="0" index="2" bw="0" slack="2147483647"/>
<pin id="74" dir="1" index="3" bw="32" slack="2147483647"/>
</pin_list>
<bind>
<opcode="store(28) " fcode="store"/>
<opset="store_ln12/1 "/>
</bind>
</comp>

<comp id="76" class="1004" name="store_ln12_access_fu_76">
<pin_list>
<pin id="77" dir="0" index="0" bw="14" slack="0"/>
<pin id="78" dir="0" index="1" bw="32" slack="0"/>
<pin id="79" dir="0" index="2" bw="0" slack="2147483647"/>
<pin id="80" dir="1" index="3" bw="32" slack="2147483647"/>
</pin_list>
<bind>
<opcode="store(28) " fcode="store"/>
<opset="store_ln12/1 "/>
</bind>
</comp>

<comp id="82" class="1004" name="store_ln0_store_fu_82">
<pin_list>
<pin id="83" dir="0" index="0" bw="1" slack="0"/>
<pin id="84" dir="0" index="1" bw="14" slack="0"/>
<pin id="85" dir="1" index="2" bw="0" slack="2147483647"/>
</pin_list>
<bind>
<opcode="store(28) " fcode="store"/>
<opset="store_ln0/1 "/>
</bind>
</comp>

<comp id="87" class="1004" name="i_1_load_fu_87">
<pin_list>
<pin id="88" dir="0" index="0" bw="14" slack="0"/>
<pin id="89" dir="1" index="1" bw="14" slack="0"/>
</pin_list>
<bind>
<opcode="load(27) " fcode="load"/>
<opset="i_1/1 "/>
</bind>
</comp>

<comp id="90" class="1004" name="icmp_ln9_fu_90">
<pin_list>
<pin id="91" dir="0" index="0" bw="14" slack="0"/>
<pin id="92" dir="0" index="1" bw="14" slack="0"/>
<pin id="93" dir="1" index="2" bw="1" slack="2147483647"/>
</pin_list>
<bind>
<opcode="icmp(45) " fcode="icmp"/>
<opset="icmp_ln9/1 "/>
</bind>
</comp>

<comp id="96" class="1004" name="add_ln9_fu_96">
<pin_list>
<pin id="97" dir="0" index="0" bw="14" slack="0"/>
<pin id="98" dir="0" index="1" bw="1" slack="0"/>
<pin id="99" dir="1" index="2" bw="14" slack="0"/>
</pin_list>
<bind>
<opcode="add(8) " fcode="add"/>
<opset="add_ln9/1 "/>
</bind>
</comp>

<comp id="102" class="1004" name="zext_ln9_fu_102">
<pin_list>
<pin id="103" dir="0" index="0" bw="14" slack="0"/>
<pin id="104" dir="1" index="1" bw="64" slack="0"/>
</pin_list>
<bind>
<opcode="zext(34) " fcode="zext"/>
<opset="zext_ln9/1 "/>
</bind>
</comp>

<comp id="108" class="1004" name="trunc_ln12_fu_108">
<pin_list>
<pin id="109" dir="0" index="0" bw="64" slack="0"/>
<pin id="110" dir="1" index="1" bw="32" slack="0"/>
</pin_list>
<bind>
<opcode="trunc(33) " fcode="trunc"/>
<opset="trunc_ln12/1 "/>
</bind>
</comp>

<comp id="112" class="1004" name="bitcast_ln12_fu_112">
<pin_list>
<pin id="113" dir="0" index="0" bw="32" slack="0"/>
<pin id="114" dir="1" index="1" bw="32" slack="0"/>
</pin_list>
<bind>
<opcode="bitcast(44) " fcode="bitcast"/>
<opset="bitcast_ln12/1 "/>
</bind>
</comp>

<comp id="117" class="1004" name="tmp1_fu_117">
<pin_list>
<pin id="118" dir="0" index="0" bw="32" slack="0"/>
<pin id="119" dir="0" index="1" bw="64" slack="0"/>
<pin id="120" dir="0" index="2" bw="7" slack="0"/>
<pin id="121" dir="0" index="3" bw="7" slack="0"/>
<pin id="122" dir="1" index="4" bw="32" slack="0"/>
</pin_list>
<bind>
<opcode="partselect(1002) " fcode="partselect"/>
<opset="tmp1/1 "/>
</bind>
</comp>

<comp id="127" class="1004" name="bitcast_ln12_1_fu_127">
<pin_list>
<pin id="128" dir="0" index="0" bw="32" slack="0"/>
<pin id="129" dir="1" index="1" bw="32" slack="0"/>
</pin_list>
<bind>
<opcode="bitcast(44) " fcode="bitcast"/>
<opset="bitcast_ln12_1/1 "/>
</bind>
</comp>

<comp id="132" class="1004" name="store_ln9_store_fu_132">
<pin_list>
<pin id="133" dir="0" index="0" bw="14" slack="0"/>
<pin id="134" dir="0" index="1" bw="14" slack="0"/>
<pin id="135" dir="1" index="2" bw="0" slack="2147483647"/>
</pin_list>
<bind>
<opcode="store(28) " fcode="store"/>
<opset="store_ln9/1 "/>
</bind>
</comp>

<comp id="137" class="1005" name="i_reg_137">
<pin_list>
<pin id="138" dir="0" index="0" bw="14" slack="0"/>
<pin id="139" dir="1" index="1" bw="14" slack="0"/>
</pin_list>
<bind>
<opset="i "/>
</bind>
</comp>

</comp_list>

<net_list>
<net id="49"><net_src comp="6" pin="0"/><net_sink comp="46" pin=0"/></net>

<net id="54"><net_src comp="36" pin="0"/><net_sink comp="50" pin=0"/></net>

<net id="55"><net_src comp="0" pin="0"/><net_sink comp="50" pin=1"/></net>

<net id="61"><net_src comp="2" pin="0"/><net_sink comp="56" pin=0"/></net>

<net id="62"><net_src comp="38" pin="0"/><net_sink comp="56" pin=1"/></net>

<net id="68"><net_src comp="4" pin="0"/><net_sink comp="63" pin=0"/></net>

<net id="69"><net_src comp="38" pin="0"/><net_sink comp="63" pin=1"/></net>

<net id="75"><net_src comp="56" pin="3"/><net_sink comp="70" pin=0"/></net>

<net id="81"><net_src comp="63" pin="3"/><net_sink comp="76" pin=0"/></net>

<net id="86"><net_src comp="20" pin="0"/><net_sink comp="82" pin=0"/></net>

<net id="94"><net_src comp="87" pin="1"/><net_sink comp="90" pin=0"/></net>

<net id="95"><net_src comp="22" pin="0"/><net_sink comp="90" pin=1"/></net>

<net id="100"><net_src comp="87" pin="1"/><net_sink comp="96" pin=0"/></net>

<net id="101"><net_src comp="28" pin="0"/><net_sink comp="96" pin=1"/></net>

<net id="105"><net_src comp="87" pin="1"/><net_sink comp="102" pin=0"/></net>

<net id="106"><net_src comp="102" pin="1"/><net_sink comp="56" pin=2"/></net>

<net id="107"><net_src comp="102" pin="1"/><net_sink comp="63" pin=2"/></net>

<net id="111"><net_src comp="50" pin="2"/><net_sink comp="108" pin=0"/></net>

<net id="115"><net_src comp="108" pin="1"/><net_sink comp="112" pin=0"/></net>

<net id="116"><net_src comp="112" pin="1"/><net_sink comp="70" pin=1"/></net>

<net id="123"><net_src comp="40" pin="0"/><net_sink comp="117" pin=0"/></net>

<net id="124"><net_src comp="50" pin="2"/><net_sink comp="117" pin=1"/></net>

<net id="125"><net_src comp="42" pin="0"/><net_sink comp="117" pin=2"/></net>

<net id="126"><net_src comp="44" pin="0"/><net_sink comp="117" pin=3"/></net>

<net id="130"><net_src comp="117" pin="4"/><net_sink comp="127" pin=0"/></net>

<net id="131"><net_src comp="127" pin="1"/><net_sink comp="76" pin=1"/></net>

<net id="136"><net_src comp="96" pin="2"/><net_sink comp="132" pin=0"/></net>

<net id="140"><net_src comp="46" pin="1"/><net_sink comp="137" pin=0"/></net>

<net id="141"><net_src comp="137" pin="1"/><net_sink comp="82" pin=1"/></net>

<net id="142"><net_src comp="137" pin="1"/><net_sink comp="87" pin=0"/></net>

<net id="143"><net_src comp="137" pin="1"/><net_sink comp="132" pin=1"/></net>

</net_list>

</model> 
---------------- Datapath Model END ------------------

* FSMD analyzer results:
  - Output states:
	Port: arr_real | {1 }
	Port: arr_imag | {1 }
 - Input state : 
	Port: cyclic_prefix_removal_Pipeline_VITIS_LOOP_9_1 : in_samples | {1 }
  - Chain level:
	State 1
		store_ln0 : 1
		i_1 : 1
		icmp_ln9 : 2
		add_ln9 : 2
		br_ln9 : 3
		zext_ln9 : 2
		arr_real_addr : 3
		arr_imag_addr : 3
		bitcast_ln12 : 1
		store_ln12 : 4
		bitcast_ln12_1 : 1
		store_ln12 : 4
		store_ln9 : 3


============================================================
+ Verbose Summary: Datapath Resource usage 
============================================================

* Functional unit list:
|----------|-------------------|---------|---------|
| Operation|  Functional Unit  |    FF   |   LUT   |
|----------|-------------------|---------|---------|
|    add   |   add_ln9_fu_96   |    0    |    17   |
|----------|-------------------|---------|---------|
|   icmp   |   icmp_ln9_fu_90  |    0    |    12   |
|----------|-------------------|---------|---------|
|   read   |   var_read_fu_50  |    0    |    0    |
|----------|-------------------|---------|---------|
|   zext   |  zext_ln9_fu_102  |    0    |    0    |
|----------|-------------------|---------|---------|
|   trunc  | trunc_ln12_fu_108 |    0    |    0    |
|----------|-------------------|---------|---------|
|partselect|    tmp1_fu_117    |    0    |    0    |
|----------|-------------------|---------|---------|
|   Total  |                   |    0    |    29   |
|----------|-------------------|---------|---------|

Memories:
N/A

* Register list:
+---------+--------+
|         |   FF   |
+---------+--------+
|i_reg_137|   14   |
+---------+--------+
|  Total  |   14   |
+---------+--------+

* Multiplexer (MUX) list: 
|--------|------|------|------|--------|
|  Comp  |  Pin | Size |  BW  | S x BW |
|--------|------|------|------|--------|
|  Total |      |      |      |    0   |
|--------|------|------|------|--------|



* Summary:
+-----------+--------+--------+
|           |   FF   |   LUT  |
+-----------+--------+--------+
|  Function |    0   |   29   |
|   Memory  |    -   |    -   |
|Multiplexer|    -   |    -   |
|  Register |   14   |    -   |
+-----------+--------+--------+
|   Total   |   14   |   29   |
+-----------+--------+--------+
