16 * 1 = 16
16 * 2 = 32
16 * 3 = 48
16 * 4 = 64
16 * 5 = 80
16 * 6 = 96
16 * 7 = 112
16 * 8 = 128
16 * 9 = 144
16 * 10 = 160

C:\Users\velic\AppData\Roaming\Xilinx\Vitis\project_4\solution1\sim\verilog>set PATH= 

C:\Users\velic\AppData\Roaming\Xilinx\Vitis\project_4\solution1\sim\verilog>call C:/Xilinx/Vivado/2022.2/bin/xelab xil_defaultlib.apatb_multiplier_top glbl -Oenable_linking_all_libraries  -prj multiplier.prj -L smartconnect_v1_0 -L axi_protocol_checker_v1_1_12 -L axi_protocol_checker_v1_1_13 -L axis_protocol_checker_v1_1_11 -L axis_protocol_checker_v1_1_12 -L xil_defaultlib -L unisims_ver -L xpm  -L floating_point_v7_0_20 -L floating_point_v7_1_15 --lib "ieee_proposed=./ieee_proposed" -s multiplier  
Vivado Simulator v2022.2
Copyright 1986-1999, 2001-2022 Xilinx, Inc. All Rights Reserved.
Running: C:/Xilinx/Vivado/2022.2/bin/unwrapped/win64.o/xelab.exe xil_defaultlib.apatb_multiplier_top glbl -Oenable_linking_all_libraries -prj multiplier.prj -L smartconnect_v1_0 -L axi_protocol_checker_v1_1_12 -L axi_protocol_checker_v1_1_13 -L axis_protocol_checker_v1_1_11 -L axis_protocol_checker_v1_1_12 -L xil_defaultlib -L unisims_ver -L xpm -L floating_point_v7_0_20 -L floating_point_v7_1_15 --lib ieee_proposed=./ieee_proposed -s multiplier 
Multi-threading is on. Using 2 slave threads.
INFO: [VRFC 10-2263] Analyzing SystemVerilog file "C:/Users/velic/AppData/Roaming/Xilinx/Vitis/project_4/solution1/sim/verilog/glbl.v" into library work
INFO: [VRFC 10-311] analyzing module glbl
INFO: [VRFC 10-2263] Analyzing SystemVerilog file "C:/Users/velic/AppData/Roaming/Xilinx/Vitis/project_4/solution1/sim/verilog/multiplier.autotb.v" into library xil_defaultlib
INFO: [VRFC 10-311] analyzing module apatb_multiplier_top
INFO: [VRFC 10-2263] Analyzing SystemVerilog file "C:/Users/velic/AppData/Roaming/Xilinx/Vitis/project_4/solution1/sim/verilog/multiplier.v" into library xil_defaultlib
INFO: [VRFC 10-311] analyzing module multiplier
INFO: [VRFC 10-2263] Analyzing SystemVerilog file "C:/Users/velic/AppData/Roaming/Xilinx/Vitis/project_4/solution1/sim/verilog/multiplier_mul_8s_8s_16_1_1.v" into library xil_defaultlib
INFO: [VRFC 10-311] analyzing module multiplier_mul_8s_8s_16_1_1
INFO: [VRFC 10-2263] Analyzing SystemVerilog file "C:/Users/velic/AppData/Roaming/Xilinx/Vitis/project_4/solution1/sim/verilog/dataflow_monitor.sv" into library xil_defaultlib
INFO: [VRFC 10-311] analyzing module dataflow_monitor
Starting static elaboration
Pass Through NonSizing Optimizer
Completed static elaboration
Starting simulation data flow analysis
Completed simulation data flow analysis
Time Resolution for simulation is 1ps
Compiling package xil_defaultlib.$unit_dataflow_monitor_sv
Compiling module xil_defaultlib.multiplier_mul_8s_8s_16_1_1(NUM_...
Compiling module xil_defaultlib.multiplier
Compiling module xil_defaultlib.nodf_module_intf
Compiling module xil_defaultlib.dataflow_monitor_1
Compiling module xil_defaultlib.apatb_multiplier_top
Compiling module work.glbl
Built simulation snapshot multiplier

****** xsim v2022.2 (64-bit)
  **** SW Build 3671981 on Fri Oct 14 05:00:03 MDT 2022
  **** IP Build 3669848 on Fri Oct 14 08:30:02 MDT 2022
    ** Copyright 1986-2022 Xilinx, Inc. All Rights Reserved.

source xsim.dir/multiplier/xsim_script.tcl
# xsim {multiplier} -autoloadwcfg -tclbatch {multiplier.tcl}
Time resolution is 1 ps
source multiplier.tcl
## run all
////////////////////////////////////////////////////////////////////////////////////
// Inter-Transaction Progress: Completed Transaction / Total Transaction
// Intra-Transaction Progress: Measured Latency / Latency Estimation * 100%
//
// RTL Simulation : "Inter-Transaction Progress" ["Intra-Transaction Progress"] @ "Simulation Time"
////////////////////////////////////////////////////////////////////////////////////
// RTL Simulation : 0 / 10 [n/a] @ "125000"
// RTL Simulation : 1 / 10 [n/a] @ "145000"
// RTL Simulation : 2 / 10 [n/a] @ "155000"
// RTL Simulation : 3 / 10 [n/a] @ "165000"
// RTL Simulation : 4 / 10 [n/a] @ "175000"
// RTL Simulation : 5 / 10 [n/a] @ "185000"
// RTL Simulation : 6 / 10 [n/a] @ "195000"
// RTL Simulation : 7 / 10 [n/a] @ "205000"
// RTL Simulation : 8 / 10 [n/a] @ "215000"
// RTL Simulation : 9 / 10 [n/a] @ "225000"
// RTL Simulation : 10 / 10 [n/a] @ "235000"
////////////////////////////////////////////////////////////////////////////////////
$finish called at time : 295 ns : File "C:/Users/velic/AppData/Roaming/Xilinx/Vitis/project_4/solution1/sim/verilog/multiplier.autotb.v" Line 325
## quit
INFO: [Common 17-206] Exiting xsim at Wed Mar 15 13:11:17 2023...
16 * 1 = 16
16 * 2 = 32
16 * 3 = 48
16 * 4 = 64
16 * 5 = 80
16 * 6 = 96
16 * 7 = 112
16 * 8 = 128
16 * 9 = 144
16 * 10 = 160
