All Samples are within the tolerance band when compared with MATLAB reference output
WARNING [HLS SIM]: hls::stream 'hls::stream<bool, 0>0' contains leftover data, which may result in RTL simulation hanging.
INFO [HLS SIM]: The maximum depth reached by any hls::stream() instance in the design is 139

C:\Users\velic\OneDrive\Desktop\vitis-hls\Assignment_9\HLS\project_39\solution1\sim\verilog>set PATH= 

C:\Users\velic\OneDrive\Desktop\vitis-hls\Assignment_9\HLS\project_39\solution1\sim\verilog>call C:/Xilinx/Vivado/2022.2/bin/xelab xil_defaultlib.apatb_zadoff_chu_generator_hls_top glbl -Oenable_linking_all_libraries  -prj zadoff_chu_generator_hls.prj -L smartconnect_v1_0 -L axi_protocol_checker_v1_1_12 -L axi_protocol_checker_v1_1_13 -L axis_protocol_checker_v1_1_11 -L axis_protocol_checker_v1_1_12 -L xil_defaultlib -L unisims_ver -L xpm  -L floating_point_v7_0_20 -L floating_point_v7_1_15 --lib "ieee_proposed=./ieee_proposed" -s zadoff_chu_generator_hls  
Vivado Simulator v2022.2
Copyright 1986-1999, 2001-2022 Xilinx, Inc. All Rights Reserved.
Running: C:/Xilinx/Vivado/2022.2/bin/unwrapped/win64.o/xelab.exe xil_defaultlib.apatb_zadoff_chu_generator_hls_top glbl -Oenable_linking_all_libraries -prj zadoff_chu_generator_hls.prj -L smartconnect_v1_0 -L axi_protocol_checker_v1_1_12 -L axi_protocol_checker_v1_1_13 -L axis_protocol_checker_v1_1_11 -L axis_protocol_checker_v1_1_12 -L xil_defaultlib -L unisims_ver -L xpm -L floating_point_v7_0_20 -L floating_point_v7_1_15 --lib ieee_proposed=./ieee_proposed -s zadoff_chu_generator_hls 
Multi-threading is on. Using 2 slave threads.
INFO: [VRFC 10-2263] Analyzing SystemVerilog file "C:/Users/velic/OneDrive/Desktop/vitis-hls/Assignment_9/HLS/project_39/solution1/sim/verilog/ip/xil_defaultlib/zadoff_chu_generator_hls_ddiv_64ns_64ns_64_22_no_dsp_1_ip.v" into library xil_defaultlib
INFO: [VRFC 10-311] analyzing module zadoff_chu_generator_hls_ddiv_64ns_64ns_64_22_no_dsp_1_ip
INFO: [VRFC 10-2263] Analyzing SystemVerilog file "C:/Users/velic/OneDrive/Desktop/vitis-hls/Assignment_9/HLS/project_39/solution1/sim/verilog/ip/xil_defaultlib/zadoff_chu_generator_hls_dmul_64ns_64ns_64_5_max_dsp_1_ip.v" into library xil_defaultlib
INFO: [VRFC 10-311] analyzing module zadoff_chu_generator_hls_dmul_64ns_64ns_64_5_max_dsp_1_ip
INFO: [VRFC 10-2263] Analyzing SystemVerilog file "C:/Users/velic/OneDrive/Desktop/vitis-hls/Assignment_9/HLS/project_39/solution1/sim/verilog/ip/xil_defaultlib/zadoff_chu_generator_hls_fptrunc_64ns_32_2_no_dsp_1_ip.v" into library xil_defaultlib
INFO: [VRFC 10-311] analyzing module zadoff_chu_generator_hls_fptrunc_64ns_32_2_no_dsp_1_ip
INFO: [VRFC 10-2263] Analyzing SystemVerilog file "C:/Users/velic/OneDrive/Desktop/vitis-hls/Assignment_9/HLS/project_39/solution1/sim/verilog/ip/xil_defaultlib/zadoff_chu_generator_hls_sitodp_32ns_64_4_no_dsp_1_ip.v" into library xil_defaultlib
INFO: [VRFC 10-311] analyzing module zadoff_chu_generator_hls_sitodp_32ns_64_4_no_dsp_1_ip
INFO: [VRFC 10-2263] Analyzing SystemVerilog file "C:/Users/velic/OneDrive/Desktop/vitis-hls/Assignment_9/HLS/project_39/solution1/sim/verilog/glbl.v" into library work
INFO: [VRFC 10-311] analyzing module glbl
INFO: [VRFC 10-2263] Analyzing SystemVerilog file "C:/Users/velic/OneDrive/Desktop/vitis-hls/Assignment_9/HLS/project_39/solution1/sim/verilog/AESL_axi_s_out_stream.v" into library xil_defaultlib
INFO: [VRFC 10-311] analyzing module AESL_axi_s_out_stream
INFO: [VRFC 10-2263] Analyzing SystemVerilog file "C:/Users/velic/OneDrive/Desktop/vitis-hls/Assignment_9/HLS/project_39/solution1/sim/verilog/AESL_axi_s_tlast.v" into library xil_defaultlib
INFO: [VRFC 10-311] analyzing module AESL_axi_s_tlast
INFO: [VRFC 10-2263] Analyzing SystemVerilog file "C:/Users/velic/OneDrive/Desktop/vitis-hls/Assignment_9/HLS/project_39/solution1/sim/verilog/AESL_deadlock_idx0_monitor.v" into library xil_defaultlib
INFO: [VRFC 10-311] analyzing module AESL_deadlock_idx0_monitor
INFO: [VRFC 10-2263] Analyzing SystemVerilog file "C:/Users/velic/OneDrive/Desktop/vitis-hls/Assignment_9/HLS/project_39/solution1/sim/verilog/AESL_deadlock_kernel_monitor_top.v" into library xil_defaultlib
INFO: [VRFC 10-311] analyzing module AESL_deadlock_kernel_monitor_top
INFO: [VRFC 10-2263] Analyzing SystemVerilog file "C:/Users/velic/OneDrive/Desktop/vitis-hls/Assignment_9/HLS/project_39/solution1/sim/verilog/AESL_fifo.v" into library xil_defaultlib
INFO: [VRFC 10-311] analyzing module fifo
INFO: [VRFC 10-2263] Analyzing SystemVerilog file "C:/Users/velic/OneDrive/Desktop/vitis-hls/Assignment_9/HLS/project_39/solution1/sim/verilog/zadoff_chu_generator_hls.autotb.v" into library xil_defaultlib
INFO: [VRFC 10-311] analyzing module apatb_zadoff_chu_generator_hls_top
INFO: [VRFC 10-2263] Analyzing SystemVerilog file "C:/Users/velic/OneDrive/Desktop/vitis-hls/Assignment_9/HLS/project_39/solution1/sim/verilog/zadoff_chu_generator_hls.v" into library xil_defaultlib
INFO: [VRFC 10-311] analyzing module zadoff_chu_generator_hls
INFO: [VRFC 10-2263] Analyzing SystemVerilog file "C:/Users/velic/OneDrive/Desktop/vitis-hls/Assignment_9/HLS/project_39/solution1/sim/verilog/zadoff_chu_generator_hls_ddiv_64ns_64ns_64_22_no_dsp_1.v" into library xil_defaultlib
INFO: [VRFC 10-311] analyzing module zadoff_chu_generator_hls_ddiv_64ns_64ns_64_22_no_dsp_1
INFO: [VRFC 10-2263] Analyzing SystemVerilog file "C:/Users/velic/OneDrive/Desktop/vitis-hls/Assignment_9/HLS/project_39/solution1/sim/verilog/zadoff_chu_generator_hls_dmul_64ns_64ns_64_5_max_dsp_1.v" into library xil_defaultlib
INFO: [VRFC 10-311] analyzing module zadoff_chu_generator_hls_dmul_64ns_64ns_64_5_max_dsp_1
INFO: [VRFC 10-2263] Analyzing SystemVerilog file "C:/Users/velic/OneDrive/Desktop/vitis-hls/Assignment_9/HLS/project_39/solution1/sim/verilog/zadoff_chu_generator_hls_flow_control_loop_pipe_sequential_init.v" into library xil_defaultlib
INFO: [VRFC 10-311] analyzing module zadoff_chu_generator_hls_flow_control_loop_pipe_sequential_init
INFO: [VRFC 10-2263] Analyzing SystemVerilog file "C:/Users/velic/OneDrive/Desktop/vitis-hls/Assignment_9/HLS/project_39/solution1/sim/verilog/zadoff_chu_generator_hls_fptrunc_64ns_32_2_no_dsp_1.v" into library xil_defaultlib
INFO: [VRFC 10-311] analyzing module zadoff_chu_generator_hls_fptrunc_64ns_32_2_no_dsp_1
INFO: [VRFC 10-2263] Analyzing SystemVerilog file "C:/Users/velic/OneDrive/Desktop/vitis-hls/Assignment_9/HLS/project_39/solution1/sim/verilog/zadoff_chu_generator_hls_mul_23s_22ns_45_1_1.v" into library xil_defaultlib
INFO: [VRFC 10-311] analyzing module zadoff_chu_generator_hls_mul_23s_22ns_45_1_1
INFO: [VRFC 10-2263] Analyzing SystemVerilog file "C:/Users/velic/OneDrive/Desktop/vitis-hls/Assignment_9/HLS/project_39/solution1/sim/verilog/zadoff_chu_generator_hls_mul_30s_29ns_58_1_1.v" into library xil_defaultlib
INFO: [VRFC 10-311] analyzing module zadoff_chu_generator_hls_mul_30s_29ns_58_1_1
INFO: [VRFC 10-2263] Analyzing SystemVerilog file "C:/Users/velic/OneDrive/Desktop/vitis-hls/Assignment_9/HLS/project_39/solution1/sim/verilog/zadoff_chu_generator_hls_mul_80s_24ns_80_1_1.v" into library xil_defaultlib
INFO: [VRFC 10-311] analyzing module zadoff_chu_generator_hls_mul_80s_24ns_80_1_1
INFO: [VRFC 10-2263] Analyzing SystemVerilog file "C:/Users/velic/OneDrive/Desktop/vitis-hls/Assignment_9/HLS/project_39/solution1/sim/verilog/zadoff_chu_generator_hls_mul_mul_15ns_15ns_30_4_1.v" into library xil_defaultlib
INFO: [VRFC 10-311] analyzing module zadoff_chu_generator_hls_mul_mul_15ns_15ns_30_4_1_DSP48_0
INFO: [VRFC 10-311] analyzing module zadoff_chu_generator_hls_mul_mul_15ns_15ns_30_4_1
INFO: [VRFC 10-2263] Analyzing SystemVerilog file "C:/Users/velic/OneDrive/Desktop/vitis-hls/Assignment_9/HLS/project_39/solution1/sim/verilog/zadoff_chu_generator_hls_mul_mul_15ns_15s_30_4_1.v" into library xil_defaultlib
INFO: [VRFC 10-311] analyzing module zadoff_chu_generator_hls_mul_mul_15ns_15s_30_4_1_DSP48_1
INFO: [VRFC 10-311] analyzing module zadoff_chu_generator_hls_mul_mul_15ns_15s_30_4_1
INFO: [VRFC 10-2263] Analyzing SystemVerilog file "C:/Users/velic/OneDrive/Desktop/vitis-hls/Assignment_9/HLS/project_39/solution1/sim/verilog/zadoff_chu_generator_hls_mux_164_1_1_1.v" into library xil_defaultlib
INFO: [VRFC 10-311] analyzing module zadoff_chu_generator_hls_mux_164_1_1_1
INFO: [VRFC 10-2263] Analyzing SystemVerilog file "C:/Users/velic/OneDrive/Desktop/vitis-hls/Assignment_9/HLS/project_39/solution1/sim/verilog/zadoff_chu_generator_hls_mux_83_1_1_1.v" into library xil_defaultlib
INFO: [VRFC 10-311] analyzing module zadoff_chu_generator_hls_mux_83_1_1_1
INFO: [VRFC 10-2263] Analyzing SystemVerilog file "C:/Users/velic/OneDrive/Desktop/vitis-hls/Assignment_9/HLS/project_39/solution1/sim/verilog/zadoff_chu_generator_hls_sin_or_cos_float_s.v" into library xil_defaultlib
INFO: [VRFC 10-311] analyzing module zadoff_chu_generator_hls_sin_or_cos_float_s
INFO: [VRFC 10-2263] Analyzing SystemVerilog file "C:/Users/velic/OneDrive/Desktop/vitis-hls/Assignment_9/HLS/project_39/solution1/sim/verilog/zadoff_chu_generator_hls_sin_or_cos_float_s_ref_4oPi_table_100_V_ROM_1P_LUTRAM_1R.v" into library xil_defaultlib
INFO: [VRFC 10-311] analyzing module zadoff_chu_generator_hls_sin_or_cos_float_s_ref_4oPi_table_100_V_ROM_1P_LUTRAM_1R
INFO: [VRFC 10-2263] Analyzing SystemVerilog file "C:/Users/velic/OneDrive/Desktop/vitis-hls/Assignment_9/HLS/project_39/solution1/sim/verilog/zadoff_chu_generator_hls_sin_or_cos_float_s_second_order_float_sin_cos_K0_V_ROM_1P_LUTRAM_1R.v" into library xil_defaultlib
INFO: [VRFC 10-311] analyzing module zadoff_chu_generator_hls_sin_or_cos_float_s_second_order_float_sin_cos_K0_V_ROM_1P_LUTRAM_1R
INFO: [VRFC 10-2263] Analyzing SystemVerilog file "C:/Users/velic/OneDrive/Desktop/vitis-hls/Assignment_9/HLS/project_39/solution1/sim/verilog/zadoff_chu_generator_hls_sin_or_cos_float_s_second_order_float_sin_cos_K1_V_ROM_1P_LUTRAM_1R.v" into library xil_defaultlib
INFO: [VRFC 10-311] analyzing module zadoff_chu_generator_hls_sin_or_cos_float_s_second_order_float_sin_cos_K1_V_ROM_1P_LUTRAM_1R
INFO: [VRFC 10-2263] Analyzing SystemVerilog file "C:/Users/velic/OneDrive/Desktop/vitis-hls/Assignment_9/HLS/project_39/solution1/sim/verilog/zadoff_chu_generator_hls_sin_or_cos_float_s_second_order_float_sin_cos_K2_V_ROM_1P_LUTRAM_1R.v" into library xil_defaultlib
INFO: [VRFC 10-311] analyzing module zadoff_chu_generator_hls_sin_or_cos_float_s_second_order_float_sin_cos_K2_V_ROM_1P_LUTRAM_1R
INFO: [VRFC 10-2263] Analyzing SystemVerilog file "C:/Users/velic/OneDrive/Desktop/vitis-hls/Assignment_9/HLS/project_39/solution1/sim/verilog/zadoff_chu_generator_hls_sitodp_32ns_64_4_no_dsp_1.v" into library xil_defaultlib
INFO: [VRFC 10-311] analyzing module zadoff_chu_generator_hls_sitodp_32ns_64_4_no_dsp_1
INFO: [VRFC 10-2263] Analyzing SystemVerilog file "C:/Users/velic/OneDrive/Desktop/vitis-hls/Assignment_9/HLS/project_39/solution1/sim/verilog/zadoff_chu_generator_hls_zadoff_chu_generator_hls_Pipeline_VITIS_LOOP_12_1.v" into library xil_defaultlib
INFO: [VRFC 10-311] analyzing module zadoff_chu_generator_hls_zadoff_chu_generator_hls_Pipeline_VITIS_LOOP_12_1
INFO: [VRFC 10-2263] Analyzing SystemVerilog file "C:/Users/velic/OneDrive/Desktop/vitis-hls/Assignment_9/HLS/project_39/solution1/sim/verilog/dataflow_monitor.sv" into library xil_defaultlib
INFO: [VRFC 10-311] analyzing module dataflow_monitor
Starting static elaboration
Pass Through NonSizing Optimizer
WARNING: [VRFC 10-3645] port 'axis_block_info' remains unconnected for this instance [C:/Users/velic/OneDrive/Desktop/vitis-hls/Assignment_9/HLS/project_39/solution1/sim/verilog/AESL_deadlock_kernel_monitor_top.v:20]
Completed static elaboration
Starting simulation data flow analysis
Completed simulation data flow analysis
Time Resolution for simulation is 1ps
Compiling package std.standard
Compiling package std.textio
Compiling package ieee.std_logic_1164
Compiling package floating_point_v7_1_15.floating_point_v7_1_15_viv_comp
Compiling package ieee.numeric_std
Compiling package xbip_utils_v3_0_10.xbip_utils_v3_0_10_pkg
Compiling package axi_utils_v2_0_6.axi_utils_v2_0_6_pkg
Compiling package floating_point_v7_1_15.floating_point_v7_1_15_consts
Compiling package ieee.math_real
Compiling package floating_point_v7_1_15.floating_point_v7_1_15_exp_table...
Compiling package mult_gen_v12_0_18.mult_gen_v12_0_18_pkg
Compiling package ieee.std_logic_arith
Compiling package ieee.std_logic_signed
Compiling package floating_point_v7_1_15.floating_point_v7_1_15_pkg
Compiling package floating_point_v7_1_15.flt_utils
Compiling package unisim.vcomponents
Compiling package xbip_pipe_v3_0_6.xbip_pipe_v3_0_6_viv_comp
Compiling package ieee.vital_timing
Compiling package ieee.vital_primitives
Compiling package unisim.vpkg
Compiling package floating_point_v7_1_15.vt2mutils
Compiling package floating_point_v7_1_15.vt2mcomps
Compiling package xil_defaultlib.$unit_dataflow_monitor_sv
Compiling module xil_defaultlib.zadoff_chu_generator_hls_sin_or_...
Compiling module xil_defaultlib.zadoff_chu_generator_hls_sin_or_...
Compiling module xil_defaultlib.zadoff_chu_generator_hls_sin_or_...
Compiling module xil_defaultlib.zadoff_chu_generator_hls_sin_or_...
Compiling module xil_defaultlib.zadoff_chu_generator_hls_mul_80s...
Compiling module xil_defaultlib.zadoff_chu_generator_hls_mux_83_...
Compiling module xil_defaultlib.zadoff_chu_generator_hls_mux_164...
Compiling module xil_defaultlib.zadoff_chu_generator_hls_mul_23s...
Compiling module xil_defaultlib.zadoff_chu_generator_hls_mul_30s...
Compiling module xil_defaultlib.zadoff_chu_generator_hls_mul_mul...
Compiling module xil_defaultlib.zadoff_chu_generator_hls_mul_mul...
Compiling module xil_defaultlib.zadoff_chu_generator_hls_mul_mul...
Compiling module xil_defaultlib.zadoff_chu_generator_hls_mul_mul...
Compiling module xil_defaultlib.zadoff_chu_generator_hls_sin_or_...
Compiling architecture synth of entity xbip_pipe_v3_0_6.xbip_pipe_v3_0_6_viv [\xbip_pipe_v3_0_6_viv(c_has_ce=1...]
Compiling architecture rtl of entity floating_point_v7_1_15.delay [\delay(width=5,length=0)\]
Compiling architecture struct of entity floating_point_v7_1_15.carry_chain [\carry_chain(c_xdevicefamily="zy...]
Compiling architecture synth of entity floating_point_v7_1_15.compare_ne_im [\compare_ne_im(c_xdevicefamily="...]
Compiling architecture synth of entity xbip_pipe_v3_0_6.xbip_pipe_v3_0_6_viv [\xbip_pipe_v3_0_6_viv(c_has_ce=1...]
Compiling architecture rtl of entity floating_point_v7_1_15.delay [\delay(width=24,length=0)\]
Compiling architecture xorcy_v of entity unisim.XORCY [xorcy_default]
Compiling architecture synth of entity xbip_pipe_v3_0_6.xbip_pipe_v3_0_6_viv [\xbip_pipe_v3_0_6_viv(c_has_ce=1...]
Compiling architecture rtl of entity floating_point_v7_1_15.delay [\delay(width=12,length=0,fast_in...]
Compiling architecture struct of entity floating_point_v7_1_15.carry_chain [\carry_chain(c_xdevicefamily="zy...]
Compiling architecture struct of entity floating_point_v7_1_15.carry_chain [\carry_chain(c_xdevicefamily="zy...]
Compiling architecture synth of entity xbip_pipe_v3_0_6.xbip_pipe_v3_0_6_viv [\xbip_pipe_v3_0_6_viv(c_has_ce=1...]
Compiling architecture rtl of entity floating_point_v7_1_15.delay [\delay(width=14,length=0)\]
Compiling architecture synth of entity xbip_pipe_v3_0_6.xbip_pipe_v3_0_6_viv [\xbip_pipe_v3_0_6_viv(c_has_ce=1...]
Compiling architecture rtl of entity floating_point_v7_1_15.delay [\delay(width=25,length=0,fast_in...]
Compiling architecture synth of entity xbip_pipe_v3_0_6.xbip_pipe_v3_0_6_viv [\xbip_pipe_v3_0_6_viv(c_has_ce=1...]
Compiling architecture rtl of entity floating_point_v7_1_15.delay [\delay(width=3,length=0)\]
Compiling architecture synth of entity xbip_pipe_v3_0_6.xbip_pipe_v3_0_6_viv [\xbip_pipe_v3_0_6_viv(c_has_ce=1...]
Compiling architecture rtl of entity floating_point_v7_1_15.delay [\delay(width=2,length=0,fast_inp...]
Compiling architecture struct of entity floating_point_v7_1_15.carry_chain [\carry_chain(c_xdevicefamily="zy...]
Compiling architecture rtl of entity floating_point_v7_1_15.flt_round_bit [\flt_round_bit(c_xdevicefamily="...]
Compiling architecture rtl of entity floating_point_v7_1_15.renorm_and_round_logic [\renorm_and_round_logic(c_xdevic...]
Compiling architecture synth of entity xbip_pipe_v3_0_6.xbip_pipe_v3_0_6_viv [\xbip_pipe_v3_0_6_viv(c_has_ce=1...]
Compiling architecture rtl of entity floating_point_v7_1_15.delay [\delay(width=4,length=0,fast_inp...]
Compiling architecture synth of entity xbip_pipe_v3_0_6.xbip_pipe_v3_0_6_viv [\xbip_pipe_v3_0_6_viv(c_has_ce=1...]
Compiling architecture rtl of entity floating_point_v7_1_15.delay [\delay(width=8,length=0)\]
Compiling architecture muxcy_v of entity unisim.MUXCY [muxcy_default]
Compiling architecture synth of entity xbip_pipe_v3_0_6.xbip_pipe_v3_0_6_viv [\xbip_pipe_v3_0_6_viv(c_has_ce=1...]
Compiling architecture rtl of entity floating_point_v7_1_15.delay [\delay(width=9,length=0)\]
Compiling architecture struct of entity floating_point_v7_1_15.carry_chain [\carry_chain(c_xdevicefamily="ki...]
Compiling architecture synth of entity floating_point_v7_1_15.compare_eq_im [\compare_eq_im(c_xdevicefamily="...]
Compiling architecture rtl of entity floating_point_v7_1_15.delay [\delay(length=0,fast_input=true)...]
Compiling architecture rtl of entity floating_point_v7_1_15.special_detect [\special_detect(a_w=64,a_fw=53,o...]
Compiling architecture synth of entity xbip_pipe_v3_0_6.xbip_pipe_v3_0_6_viv [\xbip_pipe_v3_0_6_viv(c_has_ce=1...]
Compiling architecture rtl of entity floating_point_v7_1_15.delay [\delay(length=0)\]
Compiling architecture synth of entity xbip_pipe_v3_0_6.xbip_pipe_v3_0_6_viv [\xbip_pipe_v3_0_6_viv(c_has_ce=1...]
Compiling architecture rtl of entity floating_point_v7_1_15.delay [\delay(width=2,length=0)\]
Compiling architecture rtl of entity floating_point_v7_1_15.flt_to_flt_conv_exp [\flt_to_flt_conv_exp(a_w=64,a_ew...]
Compiling architecture synth of entity floating_point_v7_1_15.flt_dec_op [\flt_dec_op(c_xdevicefamily="zyn...]
Compiling architecture rtl of entity floating_point_v7_1_15.flt_to_flt_conv [\flt_to_flt_conv(c_xdevicefamily...]
Compiling module unisims_ver.x_lut1_mux2
Compiling module unisims_ver.LUT1
Compiling architecture synth of entity xbip_pipe_v3_0_6.xbip_pipe_v3_0_6_viv [\xbip_pipe_v3_0_6_viv(c_has_ce=1...]
Compiling architecture synth of entity xbip_pipe_v3_0_6.xbip_pipe_v3_0_6_viv [\xbip_pipe_v3_0_6_viv(c_has_ce=1...]
Compiling architecture rtl of entity floating_point_v7_1_15.delay [\delay(width=32,length=0)\]
Compiling architecture xilinx of entity floating_point_v7_1_15.floating_point_v7_1_15_viv [\floating_point_v7_1_15_viv(c_xd...]
Compiling architecture xilinx of entity floating_point_v7_1_15.floating_point_v7_1_15 [\floating_point_v7_1_15(c_xdevic...]
Compiling module xil_defaultlib.zadoff_chu_generator_hls_fptrunc...
Compiling module xil_defaultlib.zadoff_chu_generator_hls_fptrunc...
Compiling architecture synth of entity xbip_pipe_v3_0_6.xbip_pipe_v3_0_6_viv [\xbip_pipe_v3_0_6_viv(c_has_ce=1...]
Compiling architecture rtl of entity floating_point_v7_1_15.delay [\delay(width=48,length=0)\]
Compiling architecture synth of entity xbip_pipe_v3_0_6.xbip_pipe_v3_0_6_viv [\xbip_pipe_v3_0_6_viv(c_has_ce=1...]
Compiling architecture rtl of entity floating_point_v7_1_15.delay [\delay(width=30,length=0)\]
Compiling architecture synth of entity xbip_pipe_v3_0_6.xbip_pipe_v3_0_6_viv [\xbip_pipe_v3_0_6_viv(c_has_ce=1...]
Compiling architecture rtl of entity floating_point_v7_1_15.delay [\delay(width=18,length=0)\]
Compiling architecture dsp48e2_v of entity unisim.DSP48E2 [\DSP48E2(acascreg=0,adreg=0,alum...]
Compiling architecture rtl of entity floating_point_v7_1_15.dsp48e2_wrapper [\dsp48e2_wrapper(a_width=30,b_wi...]
Compiling architecture synth of entity xbip_pipe_v3_0_6.xbip_pipe_v3_0_6_viv [\xbip_pipe_v3_0_6_viv(c_has_ce=1...]
Compiling architecture rtl of entity floating_point_v7_1_15.delay [\delay(width=4,length=0)\]
Compiling architecture synth of entity xbip_pipe_v3_0_6.xbip_pipe_v3_0_6_viv [\xbip_pipe_v3_0_6_viv(c_has_ce=1...]
Compiling architecture rtl of entity floating_point_v7_1_15.delay [\delay(width=45,length=0)\]
Compiling architecture synth of entity xbip_pipe_v3_0_6.xbip_pipe_v3_0_6_viv [\xbip_pipe_v3_0_6_viv(c_has_ce=1...]
Compiling architecture rtl of entity floating_point_v7_1_15.delay [\delay(width=26,length=0)\]
Compiling architecture synth of entity xbip_pipe_v3_0_6.xbip_pipe_v3_0_6_viv [\xbip_pipe_v3_0_6_viv(c_has_ce=1...]
Compiling architecture rtl of entity floating_point_v7_1_15.delay [\delay(width=17,length=0)\]
Compiling architecture synth of entity xbip_pipe_v3_0_6.xbip_pipe_v3_0_6_viv [\xbip_pipe_v3_0_6_viv(c_has_ce=1...]
Compiling architecture rtl of entity floating_point_v7_1_15.delay [\delay(width=27,length=0)\]
Compiling architecture dsp48e2_v of entity unisim.DSP48E2 [\DSP48E2(acascreg=0,adreg=0,alum...]
Compiling architecture rtl of entity floating_point_v7_1_15.dsp48e2_wrapper [\dsp48e2_wrapper(a_width=26,b_wi...]
Compiling architecture synth of entity xbip_pipe_v3_0_6.xbip_pipe_v3_0_6_viv [\xbip_pipe_v3_0_6_viv(c_has_ce=1...]
Compiling architecture rtl of entity floating_point_v7_1_15.delay [\delay(width=34,length=0)\]
Compiling architecture dsp48e2_v of entity unisim.DSP48E2 [\DSP48E2(acascreg=0,adreg=0,alum...]
Compiling architecture rtl of entity floating_point_v7_1_15.dsp48e2_wrapper [\dsp48e2_wrapper(a_width=26,b_wi...]
Compiling architecture dsp48e2_v of entity unisim.DSP48E2 [\DSP48E2(acascreg=0,adreg=0,alum...]
Compiling architecture rtl of entity floating_point_v7_1_15.dsp48e2_wrapper [\dsp48e2_wrapper(a_width=26,b_wi...]
Compiling architecture synth of entity xbip_pipe_v3_0_6.xbip_pipe_v3_0_6_viv [\xbip_pipe_v3_0_6_viv(c_latency=...]
Compiling architecture rtl of entity floating_point_v7_1_15.delay [\delay(width=17)\]
Compiling architecture dsp48e2_v of entity unisim.DSP48E2 [\DSP48E2(adreg=0,alumodereg=0,ca...]
Compiling architecture rtl of entity floating_point_v7_1_15.dsp48e2_wrapper [\dsp48e2_wrapper(a_width=26,b_wi...]
Compiling architecture synth of entity xbip_pipe_v3_0_6.xbip_pipe_v3_0_6_viv [\xbip_pipe_v3_0_6_viv(c_latency=...]
Compiling architecture rtl of entity floating_point_v7_1_15.delay [delay_default]
Compiling architecture synth of entity xbip_pipe_v3_0_6.xbip_pipe_v3_0_6_viv [\xbip_pipe_v3_0_6_viv(c_has_ce=1...]
Compiling architecture rtl of entity floating_point_v7_1_15.delay [\delay(width=38,length=0)\]
Compiling architecture dsp48e2_v of entity unisim.DSP48E2 [\DSP48E2(acascreg=0,adreg=0,alum...]
Compiling architecture rtl of entity floating_point_v7_1_15.dsp48e2_wrapper [\dsp48e2_wrapper(a_width=26,b_wi...]
Compiling architecture dsp48e2_v of entity unisim.DSP48E2 [\DSP48E2(acascreg=0,adreg=0,alum...]
Compiling architecture rtl of entity floating_point_v7_1_15.dsp48e2_wrapper [\dsp48e2_wrapper(a_width=26,b_wi...]
Compiling architecture synth of entity xbip_pipe_v3_0_6.xbip_pipe_v3_0_6_viv [\xbip_pipe_v3_0_6_viv(c_latency=...]
Compiling architecture rtl of entity floating_point_v7_1_15.delay [\delay(length=2)\]
Compiling architecture synth of entity xbip_pipe_v3_0_6.xbip_pipe_v3_0_6_viv [\xbip_pipe_v3_0_6_viv(c_latency=...]
Compiling architecture rtl of entity floating_point_v7_1_15.delay [\delay(width=17,length=2)\]
Compiling architecture synth of entity xbip_pipe_v3_0_6.xbip_pipe_v3_0_6_viv [\xbip_pipe_v3_0_6_viv(c_latency=...]
Compiling architecture rtl of entity floating_point_v7_1_15.delay [\delay(width=9,length=2)\]
Compiling architecture struct of entity floating_point_v7_1_15.fix_mult_dsp48e2_dbl [\fix_mult_dsp48e2_dbl(mult_usage...]
Compiling architecture rtl of entity floating_point_v7_1_15.fix_mult [\fix_mult(c_xdevicefamily="zynqu...]
Compiling architecture synth of entity xbip_pipe_v3_0_6.xbip_pipe_v3_0_6_viv [\xbip_pipe_v3_0_6_viv(c_has_ce=1...]
Compiling architecture rtl of entity floating_point_v7_1_15.delay [\delay(width=11,length=0,fast_in...]
Compiling architecture struct of entity floating_point_v7_1_15.carry_chain [\carry_chain(c_xdevicefamily="zy...]
Compiling architecture synth of entity xbip_pipe_v3_0_6.xbip_pipe_v3_0_6_viv [\xbip_pipe_v3_0_6_viv(c_has_ce=1...]
Compiling architecture rtl of entity floating_point_v7_1_15.delay [\delay(width=64,length=0)\]
Compiling architecture struct of entity floating_point_v7_1_15.carry_chain [\carry_chain(c_xdevicefamily="zy...]
Compiling architecture synth of entity floating_point_v7_1_15.compare_eq_im [\compare_eq_im(c_xdevicefamily="...]
Compiling architecture rtl of entity floating_point_v7_1_15.special_detect [\special_detect(c_xdevicefamily=...]
Compiling architecture synth of entity xbip_pipe_v3_0_6.xbip_pipe_v3_0_6_viv [\xbip_pipe_v3_0_6_viv(c_latency=...]
Compiling architecture rtl of entity floating_point_v7_1_15.delay [\delay(width=2,length=2,fast_inp...]
Compiling architecture synth of entity xbip_pipe_v3_0_6.xbip_pipe_v3_0_6_viv [\xbip_pipe_v3_0_6_viv(c_latency=...]
Compiling architecture rtl of entity floating_point_v7_1_15.delay [\delay(length=2,fast_input=true)...]
Compiling architecture synth of entity xbip_pipe_v3_0_6.xbip_pipe_v3_0_6_viv [\xbip_pipe_v3_0_6_viv(c_latency=...]
Compiling architecture rtl of entity floating_point_v7_1_15.delay [\delay(width=4,length=2,fast_inp...]
Compiling architecture synth of entity xbip_pipe_v3_0_6.xbip_pipe_v3_0_6_viv [\xbip_pipe_v3_0_6_viv(c_latency=...]
Compiling architecture rtl of entity floating_point_v7_1_15.delay [\delay(width=11,length=2)\]
Compiling architecture synth of entity xbip_pipe_v3_0_6.xbip_pipe_v3_0_6_viv [\xbip_pipe_v3_0_6_viv(c_has_ce=1...]
Compiling architecture rtl of entity floating_point_v7_1_15.delay [\delay(width=3,length=0,fast_inp...]
Compiling architecture rtl of entity floating_point_v7_1_15.flt_mult_exp [\flt_mult_exp(c_xdevicefamily="z...]
Compiling architecture synth of entity xbip_pipe_v3_0_6.xbip_pipe_v3_0_6_viv [\xbip_pipe_v3_0_6_viv(c_has_ce=1...]
Compiling architecture rtl of entity floating_point_v7_1_15.delay [\delay(width=11,length=0)\]
Compiling architecture dsp48e1_v of entity unisim.DSP48E1 [\DSP48E1(acascreg=0,adreg=0,alum...]
Compiling architecture synth of entity xbip_pipe_v3_0_6.xbip_pipe_v3_0_6_viv [\xbip_pipe_v3_0_6_viv(c_has_ce=1...]
Compiling architecture rtl of entity floating_point_v7_1_15.delay [\delay(width=7,length=0)\]
Compiling architecture synth of entity xbip_pipe_v3_0_6.xbip_pipe_v3_0_6_viv [\xbip_pipe_v3_0_6_viv(c_has_ce=1...]
Compiling architecture rtl of entity floating_point_v7_1_15.delay [\delay(width=25,length=0)\]
Compiling architecture rtl of entity floating_point_v7_1_15.dsp48e1_wrapper [\dsp48e1_wrapper(b_width=18,c_wi...]
Compiling architecture synth of entity xbip_pipe_v3_0_6.xbip_pipe_v3_0_6_viv [\xbip_pipe_v3_0_6_viv(c_has_ce=1...]
Compiling architecture rtl of entity floating_point_v7_1_15.delay [\delay(width=19,length=0)\]
Compiling architecture struct of entity floating_point_v7_1_15.carry_chain [\carry_chain(c_xdevicefamily="zy...]
Compiling architecture synth of entity xbip_pipe_v3_0_6.xbip_pipe_v3_0_6_viv [\xbip_pipe_v3_0_6_viv(c_has_ce=1...]
Compiling architecture rtl of entity floating_point_v7_1_15.delay [\delay(width=28,length=0)\]
Compiling architecture synth of entity xbip_pipe_v3_0_6.xbip_pipe_v3_0_6_viv [\xbip_pipe_v3_0_6_viv(c_has_ce=1...]
Compiling architecture rtl of entity floating_point_v7_1_15.delay [\delay(width=29,length=0)\]
Compiling architecture synth of entity xbip_pipe_v3_0_6.xbip_pipe_v3_0_6_viv [\xbip_pipe_v3_0_6_viv(c_has_ce=1...]
Compiling architecture rtl of entity floating_point_v7_1_15.delay [\delay(width=54,length=0,fast_in...]
Compiling architecture struct of entity floating_point_v7_1_15.carry_chain [\carry_chain(c_xdevicefamily="zy...]
Compiling architecture rtl of entity floating_point_v7_1_15.flt_round_bit [\flt_round_bit(c_xdevicefamily="...]
Compiling architecture rtl of entity floating_point_v7_1_15.renorm_and_round_logic [\renorm_and_round_logic(c_xdevic...]
Compiling architecture rtl of entity floating_point_v7_1_15.flt_mult_round [\flt_mult_round(c_xdevicefamily=...]
Compiling architecture synth of entity floating_point_v7_1_15.flt_dec_op_lat [\flt_dec_op_lat(c_xdevicefamily=...]
Compiling architecture rtl of entity floating_point_v7_1_15.flt_mult [\flt_mult(c_xdevicefamily="zynqu...]
Compiling architecture synth of entity xbip_pipe_v3_0_6.xbip_pipe_v3_0_6_viv [\xbip_pipe_v3_0_6_viv(c_latency=...]
Compiling architecture xilinx of entity floating_point_v7_1_15.floating_point_v7_1_15_viv [\floating_point_v7_1_15_viv(c_xd...]
Compiling architecture xilinx of entity floating_point_v7_1_15.floating_point_v7_1_15 [\floating_point_v7_1_15(c_xdevic...]
Compiling module xil_defaultlib.zadoff_chu_generator_hls_dmul_64...
Compiling module xil_defaultlib.zadoff_chu_generator_hls_dmul_64...
Compiling architecture synth of entity xbip_pipe_v3_0_6.xbip_pipe_v3_0_6_viv [\xbip_pipe_v3_0_6_viv(c_has_ce=1...]
Compiling architecture rtl of entity floating_point_v7_1_15.delay [\delay(width=52,length=0)\]
Compiling architecture struct of entity floating_point_v7_1_15.carry_chain [\carry_chain(c_xdevicefamily="zy...]
Compiling architecture synth of entity floating_point_v7_1_15.flt_div_mant_addsub [\flt_div_mant_addsub(c_xdevicefa...]
Compiling architecture synth of entity xbip_pipe_v3_0_6.xbip_pipe_v3_0_6_viv [\xbip_pipe_v3_0_6_viv(c_has_ce=1...]
Compiling architecture rtl of entity floating_point_v7_1_15.delay [\delay(width=55,length=0)\]
Compiling architecture synth of entity xbip_pipe_v3_0_6.xbip_pipe_v3_0_6_viv [\xbip_pipe_v3_0_6_viv(c_latency=...]
Compiling architecture rtl of entity floating_point_v7_1_15.delay [\delay(width=52)\]
Compiling architecture synth of entity xbip_pipe_v3_0_6.xbip_pipe_v3_0_6_viv [\xbip_pipe_v3_0_6_viv(c_has_ce=1...]
Compiling architecture rtl of entity floating_point_v7_1_15.delay [\delay(width=53,length=0)\]
Compiling architecture synth of entity xbip_pipe_v3_0_6.xbip_pipe_v3_0_6_viv [\xbip_pipe_v3_0_6_viv(c_latency=...]
Compiling architecture rtl of entity floating_point_v7_1_15.delay [\delay(width=54,fast_input=true)...]
Compiling architecture struct of entity floating_point_v7_1_15.carry_chain [\carry_chain(c_xdevicefamily="zy...]
Compiling architecture synth of entity floating_point_v7_1_15.flt_div_mant_addsub [\flt_div_mant_addsub(c_xdevicefa...]
Compiling architecture synth of entity xbip_pipe_v3_0_6.xbip_pipe_v3_0_6_viv [\xbip_pipe_v3_0_6_viv(c_latency=...]
Compiling architecture rtl of entity floating_point_v7_1_15.delay [\delay(width=55)\]
Compiling architecture virtex of entity floating_point_v7_1_15.flt_div_mant [\flt_div_mant(c_xdevicefamily="z...]
Compiling architecture synth of entity xbip_pipe_v3_0_6.xbip_pipe_v3_0_6_viv [\xbip_pipe_v3_0_6_viv(c_has_ce=1...]
Compiling architecture rtl of entity floating_point_v7_1_15.delay [\delay(width=13,length=0,fast_in...]
Compiling architecture rtl of entity floating_point_v7_1_15.special_detect [\special_detect(c_xdevicefamily=...]
Compiling architecture synth of entity xbip_pipe_v3_0_6.xbip_pipe_v3_0_6_viv [\xbip_pipe_v3_0_6_viv(c_latency=...]
Compiling architecture rtl of entity floating_point_v7_1_15.delay [\delay(length=19,fast_input=true...]
Compiling architecture synth of entity xbip_pipe_v3_0_6.xbip_pipe_v3_0_6_viv [\xbip_pipe_v3_0_6_viv(c_latency=...]
Compiling architecture rtl of entity floating_point_v7_1_15.delay [\delay(width=2,fast_input=true)\]
Compiling architecture synth of entity xbip_pipe_v3_0_6.xbip_pipe_v3_0_6_viv [\xbip_pipe_v3_0_6_viv(c_latency=...]
Compiling architecture rtl of entity floating_point_v7_1_15.delay [\delay(fast_input=true)\]
Compiling architecture synth of entity xbip_pipe_v3_0_6.xbip_pipe_v3_0_6_viv [\xbip_pipe_v3_0_6_viv(c_latency=...]
Compiling architecture rtl of entity floating_point_v7_1_15.delay [\delay(width=4,fast_input=true)\]
Compiling architecture synth of entity xbip_pipe_v3_0_6.xbip_pipe_v3_0_6_viv [\xbip_pipe_v3_0_6_viv(c_latency=...]
Compiling architecture rtl of entity floating_point_v7_1_15.delay [\delay(width=11,length=19)\]
Compiling architecture synth of entity xbip_pipe_v3_0_6.xbip_pipe_v3_0_6_viv [\xbip_pipe_v3_0_6_viv(c_latency=...]
Compiling architecture rtl of entity floating_point_v7_1_15.delay [\delay(length=18,fast_input=true...]
Compiling architecture synth of entity xbip_pipe_v3_0_6.xbip_pipe_v3_0_6_viv [\xbip_pipe_v3_0_6_viv(c_latency=...]
Compiling architecture rtl of entity floating_point_v7_1_15.delay [\delay(width=3,length=18,fast_in...]
Compiling architecture synth of entity xbip_pipe_v3_0_6.xbip_pipe_v3_0_6_viv [\xbip_pipe_v3_0_6_viv(c_latency=...]
Compiling architecture rtl of entity floating_point_v7_1_15.delay [\delay(width=4,length=18,fast_in...]
Compiling architecture rtl of entity floating_point_v7_1_15.flt_div_exp [\flt_div_exp(c_xdevicefamily="no...]
Compiling architecture synth of entity xbip_pipe_v3_0_6.xbip_pipe_v3_0_6_viv [\xbip_pipe_v3_0_6_viv(c_has_ce=1...]
Compiling architecture rtl of entity floating_point_v7_1_15.delay [\delay(width=26,length=0,fast_in...]
Compiling architecture struct of entity floating_point_v7_1_15.carry_chain [\carry_chain(c_xdevicefamily="zy...]
Compiling architecture synth of entity xbip_pipe_v3_0_6.xbip_pipe_v3_0_6_viv [\xbip_pipe_v3_0_6_viv(c_has_ce=1...]
Compiling architecture rtl of entity floating_point_v7_1_15.delay [\delay(width=27,length=0,fast_in...]
Compiling architecture struct of entity floating_point_v7_1_15.carry_chain [\carry_chain(c_xdevicefamily="zy...]
Compiling architecture struct of entity floating_point_v7_1_15.carry_chain [\carry_chain(c_xdevicefamily="zy...]
Compiling architecture rtl of entity floating_point_v7_1_15.renorm_and_round_logic [\renorm_and_round_logic(c_xdevic...]
Compiling architecture synth of entity floating_point_v7_1_15.flt_dec_op_lat [\flt_dec_op_lat(c_xdevicefamily=...]
Compiling architecture virtex of entity floating_point_v7_1_15.flt_div [\flt_div(c_xdevicefamily="zynqup...]
Compiling architecture synth of entity xbip_pipe_v3_0_6.xbip_pipe_v3_0_6_viv [\xbip_pipe_v3_0_6_viv(c_latency=...]
Compiling architecture xilinx of entity floating_point_v7_1_15.floating_point_v7_1_15_viv [\floating_point_v7_1_15_viv(c_xd...]
Compiling architecture xilinx of entity floating_point_v7_1_15.floating_point_v7_1_15 [\floating_point_v7_1_15(c_xdevic...]
Compiling module xil_defaultlib.zadoff_chu_generator_hls_ddiv_64...
Compiling module xil_defaultlib.zadoff_chu_generator_hls_ddiv_64...
Compiling architecture struct of entity floating_point_v7_1_15.carry_chain [\carry_chain(c_xdevicefamily="zy...]
Compiling architecture rtl of entity floating_point_v7_1_15.mux4 [\mux4(c_xdevicefamily="zynquplus...]
Compiling architecture synth of entity xbip_pipe_v3_0_6.xbip_pipe_v3_0_6_viv [\xbip_pipe_v3_0_6_viv(c_latency=...]
Compiling architecture rtl of entity floating_point_v7_1_15.delay [\delay(width=2)\]
Compiling architecture rtl of entity floating_point_v7_1_15.mux4 [\mux4(c_xdevicefamily="zynquplus...]
Compiling architecture synth of entity xbip_pipe_v3_0_6.xbip_pipe_v3_0_6_viv [\xbip_pipe_v3_0_6_viv(c_has_ce=1...]
Compiling architecture rtl of entity floating_point_v7_1_15.delay [\delay(width=8,length=0,fast_inp...]
Compiling architecture struct of entity floating_point_v7_1_15.carry_chain [\carry_chain(c_xdevicefamily="zy...]
Compiling architecture rtl of entity floating_point_v7_1_15.lead_zero_encode [\lead_zero_encode(c_xdevicefamil...]
Compiling architecture synth of entity xbip_pipe_v3_0_6.xbip_pipe_v3_0_6_viv [\xbip_pipe_v3_0_6_viv(c_latency=...]
Compiling architecture rtl of entity floating_point_v7_1_15.delay [\delay(width=32)\]
Compiling architecture rtl of entity floating_point_v7_1_15.shift_msb_first [\shift_msb_first(a_width=32,dist...]
Compiling architecture struct of entity floating_point_v7_1_15.carry_chain [\carry_chain(c_xdevicefamily="zy...]
Compiling architecture struct of entity floating_point_v7_1_15.carry_chain [\carry_chain(c_xdevicefamily="zy...]
Compiling architecture synth of entity xbip_pipe_v3_0_6.xbip_pipe_v3_0_6_viv [\xbip_pipe_v3_0_6_viv(c_has_ce=1...]
Compiling architecture rtl of entity floating_point_v7_1_15.delay [\delay(width=54,length=0)\]
Compiling architecture rtl of entity floating_point_v7_1_15.renorm_and_round_logic [\renorm_and_round_logic(c_xdevic...]
Compiling architecture synth of entity floating_point_v7_1_15.fix_to_flt_conv_exp [\fix_to_flt_conv_exp(c_xdevicefa...]
Compiling architecture synth of entity floating_point_v7_1_15.flt_dec_op [\flt_dec_op(c_xdevicefamily="zyn...]
Compiling architecture struct of entity floating_point_v7_1_15.fix_to_flt_conv [\fix_to_flt_conv(c_xdevicefamily...]
Compiling architecture xilinx of entity floating_point_v7_1_15.floating_point_v7_1_15_viv [\floating_point_v7_1_15_viv(c_xd...]
Compiling architecture xilinx of entity floating_point_v7_1_15.floating_point_v7_1_15 [\floating_point_v7_1_15(c_xdevic...]
Compiling module xil_defaultlib.zadoff_chu_generator_hls_sitodp_...
Compiling module xil_defaultlib.zadoff_chu_generator_hls_sitodp_...
Compiling module xil_defaultlib.zadoff_chu_generator_hls_flow_co...
Compiling module xil_defaultlib.zadoff_chu_generator_hls_zadoff_...
Compiling module xil_defaultlib.zadoff_chu_generator_hls
Compiling module xil_defaultlib.fifo(DEPTH=139,WIDTH=64)
Compiling module xil_defaultlib.AESL_axi_s_out_stream
Compiling module xil_defaultlib.fifo(DEPTH=1)
Compiling module xil_defaultlib.AESL_axi_s_tlast
Compiling module xil_defaultlib.AESL_deadlock_idx0_monitor
Compiling module xil_defaultlib.AESL_deadlock_kernel_monitor_top...
Compiling module xil_defaultlib.nodf_module_intf
Compiling module xil_defaultlib.upc_loop_intf(FSM_WIDTH=1)
Compiling module xil_defaultlib.dataflow_monitor_1
Compiling module xil_defaultlib.apatb_zadoff_chu_generator_hls_t...
Compiling module work.glbl
Built simulation snapshot zadoff_chu_generator_hls

****** xsim v2022.2 (64-bit)
  **** SW Build 3671981 on Fri Oct 14 05:00:03 MDT 2022
  **** IP Build 3669848 on Fri Oct 14 08:30:02 MDT 2022
    ** Copyright 1986-2022 Xilinx, Inc. All Rights Reserved.

source xsim.dir/zadoff_chu_generator_hls/xsim_script.tcl
# xsim {zadoff_chu_generator_hls} -autoloadwcfg -tclbatch {zadoff_chu_generator_hls.tcl}
Time resolution is 1 ps
source zadoff_chu_generator_hls.tcl
## run all
////////////////////////////////////////////////////////////////////////////////////
// Inter-Transaction Progress: Completed Transaction / Total Transaction
// Intra-Transaction Progress: Measured Latency / Latency Estimation * 100%
//
// RTL Simulation : "Inter-Transaction Progress" ["Intra-Transaction Progress"] @ "Simulation Time"
////////////////////////////////////////////////////////////////////////////////////
// RTL Simulation : 0 / 1 [n/a] @ "125000"
// RTL Simulation : 1 / 1 [n/a] @ "2105000"
////////////////////////////////////////////////////////////////////////////////////
$finish called at time : 2165 ns : File "C:/Users/velic/OneDrive/Desktop/vitis-hls/Assignment_9/HLS/project_39/solution1/sim/verilog/zadoff_chu_generator_hls.autotb.v" Line 379
## quit
INFO: [Common 17-206] Exiting xsim at Sat Jul  1 13:03:15 2023...
All Samples are within the tolerance band when compared with MATLAB reference output
WARNING [HLS SIM]: hls::stream 'hls::stream<bool, 0>0' contains leftover data, which may result in RTL simulation hanging.
INFO [HLS SIM]: The maximum depth reached by any hls::stream() instance in the design is 139
