

================================================================
== Vitis HLS Report for 'dut_Pipeline_VITIS_LOOP_28_2'
================================================================
* Date:           Mon Apr  3 22:29:09 2023

* Version:        2022.2 (Build 3670227 on Oct 13 2022)
* Project:        project_21
* Solution:       solution1 (Vivado IP Flow Target)
* Product family: zynq
* Target device:  xc7z020-clg484-1


================================================================
== Performance Estimates
================================================================
+ Timing: 
    * Summary: 
    +--------+----------+----------+------------+
    |  Clock |  Target  | Estimated| Uncertainty|
    +--------+----------+----------+------------+
    |ap_clk  |  10.00 ns|  4.129 ns|     2.70 ns|
    +--------+----------+----------+------------+

+ Latency: 
    * Summary: 
    +---------+---------+----------+----------+-----+-----+---------+
    |  Latency (cycles) |  Latency (absolute) |  Interval | Pipeline|
    |   min   |   max   |    min   |    max   | min | max |   Type  |
    +---------+---------+----------+----------+-----+-----+---------+
    |       10|       10|  0.100 us|  0.100 us|   10|   10|       no|
    +---------+---------+----------+----------+-----+-----+---------+

    + Detail: 
        * Instance: 
        N/A

        * Loop: 
        +-------------------+---------+---------+----------+-----------+-----------+------+----------+
        |                   |  Latency (cycles) | Iteration|  Initiation Interval  | Trip |          |
        |     Loop Name     |   min   |   max   |  Latency |  achieved |   target  | Count| Pipelined|
        +-------------------+---------+---------+----------+-----------+-----------+------+----------+
        |- VITIS_LOOP_28_2  |        8|        8|         2|          1|          1|     8|       yes|
        +-------------------+---------+---------+----------+-----------+-----------+------+----------+



================================================================
== Utilization Estimates
================================================================
* Summary: 
+-----------------+---------+-----+--------+-------+-----+
|       Name      | BRAM_18K| DSP |   FF   |  LUT  | URAM|
+-----------------+---------+-----+--------+-------+-----+
|DSP              |        -|    -|       -|      -|    -|
|Expression       |        -|    -|       0|     40|    -|
|FIFO             |        -|    -|       -|      -|    -|
|Instance         |        -|    -|       0|     42|    -|
|Memory           |        -|    -|       -|      -|    -|
|Multiplexer      |        -|    -|       -|     45|    -|
|Register         |        -|    -|      15|      -|    -|
+-----------------+---------+-----+--------+-------+-----+
|Total            |        0|    0|      15|    127|    0|
+-----------------+---------+-----+--------+-------+-----+
|Available        |      280|  220|  106400|  53200|    0|
+-----------------+---------+-----+--------+-------+-----+
|Utilization (%)  |        0|    0|      ~0|     ~0|    0|
+-----------------+---------+-----+--------+-------+-----+

+ Detail: 
    * Instance: 
    +-----------------+--------------+---------+----+---+----+-----+
    |     Instance    |    Module    | BRAM_18K| DSP| FF| LUT| URAM|
    +-----------------+--------------+---------+----+---+----+-----+
    |mux_83_8_1_1_U1  |mux_83_8_1_1  |        0|   0|  0|  42|    0|
    +-----------------+--------------+---------+----+---+----+-----+
    |Total            |              |        0|   0|  0|  42|    0|
    +-----------------+--------------+---------+----+---+----+-----+

    * DSP: 
    N/A

    * Memory: 
    N/A

    * FIFO: 
    N/A

    * Expression: 
    +---------------------------+----------+----+---+----+------------+------------+
    |       Variable Name       | Operation| DSP| FF| LUT| Bitwidth P0| Bitwidth P1|
    +---------------------------+----------+----+---+----+------------+------------+
    |add_ln1514_fu_213_p2       |         +|   0|  0|  14|           6|           6|
    |j_V_2_fu_195_p2            |         +|   0|  0|  13|           4|           1|
    |ap_block_pp0_stage0_01001  |       and|   0|  0|   2|           1|           1|
    |icmp_ln1027_fu_189_p2      |      icmp|   0|  0|   9|           4|           5|
    |ap_enable_pp0              |       xor|   0|  0|   2|           1|           2|
    +---------------------------+----------+----+---+----+------------+------------+
    |Total                      |          |   0|  0|  40|          16|          15|
    +---------------------------+----------+----+---+----+------------+------------+

    * Multiplexer: 
    +-------------------------+----+-----------+-----+-----------+
    |           Name          | LUT| Input Size| Bits| Total Bits|
    +-------------------------+----+-----------+-----+-----------+
    |ap_done_int              |   9|          2|    1|          2|
    |ap_enable_reg_pp0_iter1  |   9|          2|    1|          2|
    |ap_sig_allocacmp_j_V_1   |   9|          2|    4|          8|
    |j_V_fu_72                |   9|          2|    4|          8|
    |output_r_TDATA_blk_n     |   9|          2|    1|          2|
    +-------------------------+----+-----------+-----+-----------+
    |Total                    |  45|         10|   11|         22|
    +-------------------------+----+-----------+-----+-----------+

    * Register: 
    +-------------------------+---+----+-----+-----------+
    |           Name          | FF| LUT| Bits| Const Bits|
    +-------------------------+---+----+-----+-----------+
    |ap_CS_fsm                |  1|   0|    1|          0|
    |ap_done_reg              |  1|   0|    1|          0|
    |ap_enable_reg_pp0_iter1  |  1|   0|    1|          0|
    |bundle1_V_reg_266        |  8|   0|    8|          0|
    |j_V_fu_72                |  4|   0|    4|          0|
    +-------------------------+---+----+-----+-----------+
    |Total                    | 15|   0|   15|          0|
    +-------------------------+---+----+-----+-----------+



================================================================
== Interface
================================================================
* Summary: 
+-----------------+-----+-----+------------+------------------------------+--------------+
|    RTL Ports    | Dir | Bits|  Protocol  |         Source Object        |    C Type    |
+-----------------+-----+-----+------------+------------------------------+--------------+
|ap_clk           |   in|    1|  ap_ctrl_hs|  dut_Pipeline_VITIS_LOOP_28_2|  return value|
|ap_rst           |   in|    1|  ap_ctrl_hs|  dut_Pipeline_VITIS_LOOP_28_2|  return value|
|ap_start         |   in|    1|  ap_ctrl_hs|  dut_Pipeline_VITIS_LOOP_28_2|  return value|
|ap_done          |  out|    1|  ap_ctrl_hs|  dut_Pipeline_VITIS_LOOP_28_2|  return value|
|ap_idle          |  out|    1|  ap_ctrl_hs|  dut_Pipeline_VITIS_LOOP_28_2|  return value|
|ap_ready         |  out|    1|  ap_ctrl_hs|  dut_Pipeline_VITIS_LOOP_28_2|  return value|
|output_r_TREADY  |   in|    1|        axis|                      output_r|       pointer|
|output_r_TDATA   |  out|    8|        axis|                      output_r|       pointer|
|output_r_TVALID  |  out|    1|        axis|                      output_r|       pointer|
|trunc_ln         |   in|    6|     ap_none|                      trunc_ln|        scalar|
|zext_ln30_1      |   in|    3|     ap_none|                   zext_ln30_1|        scalar|
|zext_ln30_2      |   in|    4|     ap_none|                   zext_ln30_2|        scalar|
|zext_ln30_3      |   in|    5|     ap_none|                   zext_ln30_3|        scalar|
|zext_ln30_4      |   in|    4|     ap_none|                   zext_ln30_4|        scalar|
|zext_ln30_5      |   in|    6|     ap_none|                   zext_ln30_5|        scalar|
|zext_ln30_6      |   in|    6|     ap_none|                   zext_ln30_6|        scalar|
|zext_ln30_7      |   in|    5|     ap_none|                   zext_ln30_7|        scalar|
|zext_ln30_8      |   in|    4|     ap_none|                   zext_ln30_8|        scalar|
+-----------------+-----+-----+------------+------------------------------+--------------+

