03/19/23 14:36:59: Running xcd server. This server was NOT built by gradle, but presumably rdi.
03/19/23 14:36:59: Server was asked to start on port: '51638'
03/19/23 14:36:59: Server is using token UUID: '7f76a9fe-2ac6-429d-a73f-6059a09328c1'
03/19/23 14:36:59: SESSION_MGR: creating session with session uuid: '6d04a3e9-ade5-4ab9-8d63-1f78fcd2ec76' and name 'default'
03/19/23 14:36:59: Attempting to start server on port '51638'
03/19/23 14:36:59: Running Dispatch Server
03/19/23 14:36:59: Version 2.2.0
03/19/23 14:37:06: Dispatch Server: Accepted socket connection from client
03/19/23 14:37:06: Starting Socket connection
03/19/23 14:37:06: EXCHANGE_TOKEN received, server token: 7f76a9fe-2ac6-429d-a73f-6059a09328c1, passed token: 7f76a9fe-2ac6-429d-a73f-6059a09328c1
03/19/23 14:37:06: SESSION_MGR: creating session with session uuid: 'bb8170f6-1a35-4635-ad15-7084a026cd6e' and name 'vitis_hls'
03/19/23 14:37:06: KERNEL_SVC: creating session with uuid: 'bb8170f6-1a35-4635-ad15-7084a026cd6e' and name 'vitis_hls'
03/19/23 14:37:06: GUIDANCE_SMGR: creating guidance session with uuid: 'bb8170f6-1a35-4635-ad15-7084a026cd6e' and name 'vitis_hls'
03/19/23 14:37:36: STOP_SERVER received, server token: 7f76a9fe-2ac6-429d-a73f-6059a09328c1, passed token: 7f76a9fe-2ac6-429d-a73f-6059a09328c1
03/19/23 14:37:36: Socket received request to stop server.
03/19/23 14:37:36: Dispatch Server: do_await_stop
03/19/23 14:37:36: SERVER: destructor for server bound to port 51638
03/19/23 14:37:36: Server exiting with status 0.
03/19/23 14:37:36: Closing log file.
03/19/23 14:37:50: Running xcd server. This server was NOT built by gradle, but presumably rdi.
03/19/23 14:37:50: Server was asked to start on port: '51642'
03/19/23 14:37:50: Server is using token UUID: '842ccaeb-b98d-44b8-b47d-a63612d4062e'
03/19/23 14:37:50: SESSION_MGR: creating session with session uuid: '6d04a3e9-ade5-4ab9-8d63-1f78fcd2ec76' and name 'default'
03/19/23 14:37:50: Attempting to start server on port '51642'
03/19/23 14:37:50: Running Dispatch Server
03/19/23 14:37:50: Version 2.2.0
03/19/23 14:37:58: Dispatch Server: Accepted socket connection from client
03/19/23 14:37:58: Starting Socket connection
03/19/23 14:37:58: EXCHANGE_TOKEN received, server token: 842ccaeb-b98d-44b8-b47d-a63612d4062e, passed token: 842ccaeb-b98d-44b8-b47d-a63612d4062e
03/19/23 14:37:58: SESSION_MGR: creating session with session uuid: '55942697-bf09-49a4-b19d-b426a5f86b6f' and name 'vitis_hls'
03/19/23 14:37:58: KERNEL_SVC: creating session with uuid: '55942697-bf09-49a4-b19d-b426a5f86b6f' and name 'vitis_hls'
03/19/23 14:37:58: GUIDANCE_SMGR: creating guidance session with uuid: '55942697-bf09-49a4-b19d-b426a5f86b6f' and name 'vitis_hls'
03/19/23 14:38:38: STOP_SERVER received, server token: 842ccaeb-b98d-44b8-b47d-a63612d4062e, passed token: 842ccaeb-b98d-44b8-b47d-a63612d4062e
03/19/23 14:38:38: Socket received request to stop server.
03/19/23 14:38:38: Dispatch Server: do_await_stop
03/19/23 14:38:38: SERVER: destructor for server bound to port 51642
03/19/23 14:38:38: Server exiting with status 0.
03/19/23 14:38:38: Closing log file.
