#-----------------------------------------------------------
# xsim v2022.2 (64-bit)
# SW Build 3671981 on Fri Oct 14 05:00:03 MDT 2022
# IP Build 3669848 on Fri Oct 14 08:30:02 MDT 2022
# Start of session at: Mon Apr 10 16:47:06 2023
# Process ID: 10476
# Current directory: C:/Users/velic/AppData/Roaming/Xilinx/Vitis/project_28/solution1/sim/verilog
# Command line: xsim.exe -mode tcl -source {xsim.dir/fir/xsim_script.tcl}
# Log file: C:/Users/velic/AppData/Roaming/Xilinx/Vitis/project_28/solution1/sim/verilog/xsim.log
# Journal file: C:/Users/velic/AppData/Roaming/Xilinx/Vitis/project_28/solution1/sim/verilog\xsim.jou
# Running On: GOKUL-KUMAR, OS: Windows, CPU Frequency: 2712 MHz, CPU Physical cores: 2, Host memory: 8336 MB
#-----------------------------------------------------------
source xsim.dir/fir/xsim_script.tcl
# xsim {fir} -autoloadwcfg -tclbatch {fir.tcl}
Time resolution is 1 ps
source fir.tcl
## run all
////////////////////////////////////////////////////////////////////////////////////
// Inter-Transaction Progress: Completed Transaction / Total Transaction
// Intra-Transaction Progress: Measured Latency / Latency Estimation * 100%
//
// RTL Simulation : "Inter-Transaction Progress" ["Intra-Transaction Progress"] @ "Simulation Time"
////////////////////////////////////////////////////////////////////////////////////
// RTL Simulation : 0 / 5 [0.00%] @ "125000"
// RTL Simulation : 1 / 5 [100.00%] @ "205000"
// RTL Simulation : 2 / 5 [100.00%] @ "285000"
// RTL Simulation : 3 / 5 [100.00%] @ "365000"
// RTL Simulation : 4 / 5 [100.00%] @ "445000"
// RTL Simulation : 5 / 5 [100.00%] @ "525000"
////////////////////////////////////////////////////////////////////////////////////
$finish called at time : 585 ns : File "C:/Users/velic/AppData/Roaming/Xilinx/Vitis/project_28/solution1/sim/verilog/fir.autotb.v" Line 332
## quit
INFO: [Common 17-206] Exiting xsim at Mon Apr 10 16:47:08 2023...
