#-----------------------------------------------------------
# xsim v2022.2 (64-bit)
# SW Build 3671981 on Fri Oct 14 05:00:03 MDT 2022
# IP Build 3669848 on Fri Oct 14 08:30:02 MDT 2022
# Start of session at: Mon Apr  3 20:07:07 2023
# Process ID: 10292
# Current directory: C:/Users/velic/AppData/Roaming/Xilinx/Vitis/project_20/solution2/sim/verilog
# Command line: xsim.exe -mode tcl -source {xsim.dir/dut/xsim_script.tcl}
# Log file: C:/Users/velic/AppData/Roaming/Xilinx/Vitis/project_20/solution2/sim/verilog/xsim.log
# Journal file: C:/Users/velic/AppData/Roaming/Xilinx/Vitis/project_20/solution2/sim/verilog\xsim.jou
# Running On: GOKUL-KUMAR, OS: Windows, CPU Frequency: 2712 MHz, CPU Physical cores: 2, Host memory: 8336 MB
#-----------------------------------------------------------
source xsim.dir/dut/xsim_script.tcl
# xsim {dut} -autoloadwcfg -tclbatch {dut.tcl}
Time resolution is 1 ps
source dut.tcl
## run all
////////////////////////////////////////////////////////////////////////////////////
// Inter-Transaction Progress: Completed Transaction / Total Transaction
// Intra-Transaction Progress: Measured Latency / Latency Estimation * 100%
//
// RTL Simulation : "Inter-Transaction Progress" ["Intra-Transaction Progress"] @ "Simulation Time"
////////////////////////////////////////////////////////////////////////////////////
// RTL Simulation : 0 / 8 [0.00%] @ "125000"
// RTL Simulation : 1 / 8 [100.00%] @ "235000"
// RTL Simulation : 2 / 8 [100.00%] @ "345000"
// RTL Simulation : 3 / 8 [100.00%] @ "455000"
// RTL Simulation : 4 / 8 [100.00%] @ "565000"
// RTL Simulation : 5 / 8 [100.00%] @ "675000"
// RTL Simulation : 6 / 8 [100.00%] @ "785000"
// RTL Simulation : 7 / 8 [100.00%] @ "895000"
// RTL Simulation : 8 / 8 [100.00%] @ "1005000"
////////////////////////////////////////////////////////////////////////////////////
$finish called at time : 1065 ns : File "C:/Users/velic/AppData/Roaming/Xilinx/Vitis/project_20/solution2/sim/verilog/dut.autotb.v" Line 270
## quit
INFO: [Common 17-206] Exiting xsim at Mon Apr  3 20:07:20 2023...
