Vivado Simulator v2022.2
Copyright 1986-1999, 2001-2022 Xilinx, Inc. All Rights Reserved.
Running: C:/Xilinx/Vivado/2022.2/bin/unwrapped/win64.o/xelab.exe xil_defaultlib.apatb_shift_register_top glbl -Oenable_linking_all_libraries -prj shift_register.prj -L smartconnect_v1_0 -L axi_protocol_checker_v1_1_12 -L axi_protocol_checker_v1_1_13 -L axis_protocol_checker_v1_1_11 -L axis_protocol_checker_v1_1_12 -L xil_defaultlib -L unisims_ver -L xpm -L floating_point_v7_0_20 -L floating_point_v7_1_15 --lib ieee_proposed=./ieee_proposed -s shift_register 
Multi-threading is on. Using 2 slave threads.
INFO: [VRFC 10-2263] Analyzing SystemVerilog file "C:/Users/velic/AppData/Roaming/Xilinx/Vitis/project_25/solution1/sim/verilog/glbl.v" into library work
INFO: [VRFC 10-311] analyzing module glbl
INFO: [VRFC 10-2263] Analyzing SystemVerilog file "C:/Users/velic/AppData/Roaming/Xilinx/Vitis/project_25/solution1/sim/verilog/AESL_axi_s_data_in.v" into library xil_defaultlib
INFO: [VRFC 10-311] analyzing module AESL_axi_s_data_in
INFO: [VRFC 10-2263] Analyzing SystemVerilog file "C:/Users/velic/AppData/Roaming/Xilinx/Vitis/project_25/solution1/sim/verilog/AESL_axi_s_data_out.v" into library xil_defaultlib
INFO: [VRFC 10-311] analyzing module AESL_axi_s_data_out
INFO: [VRFC 10-2263] Analyzing SystemVerilog file "C:/Users/velic/AppData/Roaming/Xilinx/Vitis/project_25/solution1/sim/verilog/AESL_deadlock_idx0_monitor.v" into library xil_defaultlib
INFO: [VRFC 10-311] analyzing module AESL_deadlock_idx0_monitor
INFO: [VRFC 10-2263] Analyzing SystemVerilog file "C:/Users/velic/AppData/Roaming/Xilinx/Vitis/project_25/solution1/sim/verilog/AESL_deadlock_kernel_monitor_top.v" into library xil_defaultlib
INFO: [VRFC 10-311] analyzing module AESL_deadlock_kernel_monitor_top
INFO: [VRFC 10-2263] Analyzing SystemVerilog file "C:/Users/velic/AppData/Roaming/Xilinx/Vitis/project_25/solution1/sim/verilog/AESL_fifo.v" into library xil_defaultlib
INFO: [VRFC 10-311] analyzing module fifo
INFO: [VRFC 10-2263] Analyzing SystemVerilog file "C:/Users/velic/AppData/Roaming/Xilinx/Vitis/project_25/solution1/sim/verilog/shift_register.autotb.v" into library xil_defaultlib
INFO: [VRFC 10-311] analyzing module apatb_shift_register_top
INFO: [VRFC 10-2263] Analyzing SystemVerilog file "C:/Users/velic/AppData/Roaming/Xilinx/Vitis/project_25/solution1/sim/verilog/shift_register.v" into library xil_defaultlib
INFO: [VRFC 10-311] analyzing module shift_register
INFO: [VRFC 10-2263] Analyzing SystemVerilog file "C:/Users/velic/AppData/Roaming/Xilinx/Vitis/project_25/solution1/sim/verilog/shift_register_mux_164_16_1_1.v" into library xil_defaultlib
INFO: [VRFC 10-311] analyzing module shift_register_mux_164_16_1_1
INFO: [VRFC 10-2263] Analyzing SystemVerilog file "C:/Users/velic/AppData/Roaming/Xilinx/Vitis/project_25/solution1/sim/verilog/shift_register_regslice_both.v" into library xil_defaultlib
INFO: [VRFC 10-311] analyzing module shift_register_regslice_both
INFO: [VRFC 10-311] analyzing module shift_register_regslice_both_w1
INFO: [VRFC 10-2263] Analyzing SystemVerilog file "C:/Users/velic/AppData/Roaming/Xilinx/Vitis/project_25/solution1/sim/verilog/dataflow_monitor.sv" into library xil_defaultlib
INFO: [VRFC 10-311] analyzing module dataflow_monitor
Starting static elaboration
Pass Through NonSizing Optimizer
WARNING: [VRFC 10-3645] port 'axis_block_info' remains unconnected for this instance [C:/Users/velic/AppData/Roaming/Xilinx/Vitis/project_25/solution1/sim/verilog/AESL_deadlock_kernel_monitor_top.v:19]
Completed static elaboration
Starting simulation data flow analysis
Completed simulation data flow analysis
Time Resolution for simulation is 1ps
Compiling package xil_defaultlib.$unit_dataflow_monitor_sv
Compiling module xil_defaultlib.shift_register_mux_164_16_1_1(ID...
Compiling module xil_defaultlib.shift_register_regslice_both(Dat...
Compiling module xil_defaultlib.shift_register
Compiling module xil_defaultlib.fifo(WIDTH=16)
Compiling module xil_defaultlib.AESL_axi_s_data_in
Compiling module xil_defaultlib.AESL_axi_s_data_out
Compiling module xil_defaultlib.AESL_deadlock_idx0_monitor
Compiling module xil_defaultlib.AESL_deadlock_kernel_monitor_top...
Compiling module xil_defaultlib.nodf_module_intf
Compiling module xil_defaultlib.dataflow_monitor_1
Compiling module xil_defaultlib.apatb_shift_register_top
Compiling module work.glbl
Built simulation snapshot shift_register
