#-----------------------------------------------------------
# xsim v2022.2 (64-bit)
# SW Build 3671981 on Fri Oct 14 05:00:03 MDT 2022
# IP Build 3669848 on Fri Oct 14 08:30:02 MDT 2022
# Start of session at: Thu Apr  6 11:28:37 2023
# Process ID: 7480
# Current directory: C:/Users/velic/AppData/Roaming/Xilinx/Vitis/project_25/solution1/sim/verilog
# Command line: xsim.exe -mode tcl -source {xsim.dir/shift_register/xsim_script.tcl}
# Log file: C:/Users/velic/AppData/Roaming/Xilinx/Vitis/project_25/solution1/sim/verilog/xsim.log
# Journal file: C:/Users/velic/AppData/Roaming/Xilinx/Vitis/project_25/solution1/sim/verilog\xsim.jou
# Running On: GOKUL-KUMAR, OS: Windows, CPU Frequency: 2712 MHz, CPU Physical cores: 2, Host memory: 8336 MB
#-----------------------------------------------------------
source xsim.dir/shift_register/xsim_script.tcl
# xsim {shift_register} -autoloadwcfg -tclbatch {shift_register.tcl}
Time resolution is 1 ps
source shift_register.tcl
## run all
////////////////////////////////////////////////////////////////////////////////////
// Inter-Transaction Progress: Completed Transaction / Total Transaction
// Intra-Transaction Progress: Measured Latency / Latency Estimation * 100%
//
// RTL Simulation : "Inter-Transaction Progress" ["Intra-Transaction Progress"] @ "Simulation Time"
////////////////////////////////////////////////////////////////////////////////////
// RTL Simulation : 0 / 8 [0.00%] @ "125000"
find kernel block.
// RTL Simulation : 1 / 8 [100.00%] @ "465000"
// RTL Simulation : 2 / 8 [100.00%] @ "785000"
// RTL Simulation : 3 / 8 [100.00%] @ "1105000"
// RTL Simulation : 4 / 8 [100.00%] @ "1425000"
// RTL Simulation : 5 / 8 [100.00%] @ "1745000"
// RTL Simulation : 6 / 8 [100.00%] @ "2065000"
// RTL Simulation : 7 / 8 [100.00%] @ "2385000"
// RTL Simulation : 8 / 8 [100.00%] @ "2705000"
////////////////////////////////////////////////////////////////////////////////////
$finish called at time : 2765 ns : File "C:/Users/velic/AppData/Roaming/Xilinx/Vitis/project_25/solution1/sim/verilog/shift_register.autotb.v" Line 367
## quit
INFO: [Common 17-206] Exiting xsim at Thu Apr  6 11:28:45 2023...
