remark: C:/Xilinx/Vitis_HLS/2022.2/common/technology/autopilot\ap_int_base.h:214:67: Inlining function 'ssdm_int<32, true>::ssdm_int(int)' into 'ap_int_base<32, true>::ap_int_base(int)'
remark: C:/Xilinx/Vitis_HLS/2022.2/common/technology/autopilot\ap_int_base.h:185:106: Inlining function '_ZN8ssdm_intILi33ELb1EEC2EDq33_i' into 'ap_int_base<33, true>::ap_int_base<32, true>(ap_int_base<32, true> const&)'
remark: C:/Xilinx/Vitis_HLS/2022.2/common/technology/autopilot\ap_int_base.h:185:106: Inlining function '_ZN8ssdm_intILi33ELb1EEC2EDq33_i' into 'ap_int_base<33, true>::ap_int_base<16, false>(ap_int_base<16, false> const&)'
remark: C:/Xilinx/Vitis_HLS/2022.2/common/technology/autopilot\ap_int_base.h:214:67: Inlining function '_ZN8ssdm_intILi33ELb1EEC2EDq33_i' into 'ap_int_base<33, true>::ap_int_base(int)'
remark: C:/Xilinx/Vitis_HLS/2022.2/common/technology/autopilot\ap_int_base.h:1496:341: Inlining function 'ap_int_base<33, true>::ap_int_base<32, true>(ap_int_base<32, true> const&)' into 'ap_int_base<32, true>::RType<16, false>::minus operator-<32, true, 16, false>(ap_int_base<32, true> const&, ap_int_base<16, false> const&)'
remark: C:/Xilinx/Vitis_HLS/2022.2/common/technology/autopilot\ap_int_base.h:1496:520: Inlining function 'ap_int_base<33, true>::ap_int_base(int)' into 'ap_int_base<32, true>::RType<16, false>::minus operator-<32, true, 16, false>(ap_int_base<32, true> const&, ap_int_base<16, false> const&)'
remark: C:/Xilinx/Vitis_HLS/2022.2/common/technology/autopilot\ap_int_base.h:1496:430: Inlining function 'ap_int_base<33, true>::ap_int_base<16, false>(ap_int_base<16, false> const&)' into 'ap_int_base<32, true>::RType<16, false>::minus operator-<32, true, 16, false>(ap_int_base<32, true> const&, ap_int_base<16, false> const&)'
remark: C:/Xilinx/Vitis_HLS/2022.2/common/technology/autopilot\ap_int_base.h:1633:1263: Inlining function 'ap_int_base<32, true>::ap_int_base(int)' into 'ap_int_base<16, false>::RType<($_0)32, true>::minus operator-<16, false>(int, ap_int_base<16, false> const&)'
remark: C:/Xilinx/Vitis_HLS/2022.2/common/technology/autopilot\ap_int_base.h:1633:1301: Inlining function 'ap_int_base<32, true>::RType<16, false>::minus operator-<32, true, 16, false>(ap_int_base<32, true> const&, ap_int_base<16, false> const&)' into 'ap_int_base<16, false>::RType<($_0)32, true>::minus operator-<16, false>(int, ap_int_base<16, false> const&)'
remark: C:/Xilinx/Vitis_HLS/2022.2/common/technology/autopilot\ap_int_base.h:1495:339: Inlining function 'ap_int_base<33, true>::ap_int_base<32, true>(ap_int_base<32, true> const&)' into 'ap_int_base<32, true>::RType<16, false>::plus operator+<32, true, 16, false>(ap_int_base<32, true> const&, ap_int_base<16, false> const&)'
remark: C:/Xilinx/Vitis_HLS/2022.2/common/technology/autopilot\ap_int_base.h:1495:516: Inlining function 'ap_int_base<33, true>::ap_int_base(int)' into 'ap_int_base<32, true>::RType<16, false>::plus operator+<32, true, 16, false>(ap_int_base<32, true> const&, ap_int_base<16, false> const&)'
remark: C:/Xilinx/Vitis_HLS/2022.2/common/technology/autopilot\ap_int_base.h:1495:427: Inlining function 'ap_int_base<33, true>::ap_int_base<16, false>(ap_int_base<16, false> const&)' into 'ap_int_base<32, true>::RType<16, false>::plus operator+<32, true, 16, false>(ap_int_base<32, true> const&, ap_int_base<16, false> const&)'
remark: C:/Xilinx/Vitis_HLS/2022.2/common/technology/autopilot\ap_int_base.h:1633:739: Inlining function 'ap_int_base<32, true>::ap_int_base(int)' into 'ap_int_base<16, false>::RType<($_0)32, true>::plus operator+<16, false>(int, ap_int_base<16, false> const&)'
remark: C:/Xilinx/Vitis_HLS/2022.2/common/technology/autopilot\ap_int_base.h:1633:777: Inlining function 'ap_int_base<32, true>::RType<16, false>::plus operator+<32, true, 16, false>(ap_int_base<32, true> const&, ap_int_base<16, false> const&)' into 'ap_int_base<16, false>::RType<($_0)32, true>::plus operator+<16, false>(int, ap_int_base<16, false> const&)'
remark: ../../../../OneDrive/Desktop/vitis/shift_reg.cpp:33:20: Inlining function 'ap_int_base<33, true>::operator long long() const' into 'shift_register(hls::stream<ap_uint<16>, 0>&, ap_uint<16>, bool, hls::stream<ap_uint<16>, 0>&)'
remark: ../../../../OneDrive/Desktop/vitis/shift_reg.cpp:33:22: Inlining function 'ap_int_base<16, false>::RType<($_0)32, true>::plus operator+<16, false>(int, ap_int_base<16, false> const&)' into 'shift_register(hls::stream<ap_uint<16>, 0>&, ap_uint<16>, bool, hls::stream<ap_uint<16>, 0>&)'
remark: ../../../../OneDrive/Desktop/vitis/shift_reg.cpp:22:20: Inlining function 'ap_int_base<33, true>::operator long long() const' into 'shift_register(hls::stream<ap_uint<16>, 0>&, ap_uint<16>, bool, hls::stream<ap_uint<16>, 0>&)'
remark: ../../../../OneDrive/Desktop/vitis/shift_reg.cpp:22:22: Inlining function 'ap_int_base<16, false>::RType<($_0)32, true>::minus operator-<16, false>(int, ap_int_base<16, false> const&)' into 'shift_register(hls::stream<ap_uint<16>, 0>&, ap_uint<16>, bool, hls::stream<ap_uint<16>, 0>&)'
remark: ../../../../OneDrive/Desktop/vitis/shift_reg.cpp:5:0: Unrolling loop 'VITIS_LOOP_42_4' (../../../../OneDrive/Desktop/vitis/shift_reg.cpp:42:21) in function 'shift_register' completely with a factor of 16
remark: ../../../../OneDrive/Desktop/vitis/shift_reg.cpp:5:0: Unrolling loop 'VITIS_LOOP_19_2' (../../../../OneDrive/Desktop/vitis/shift_reg.cpp:19:29) in function 'shift_register' completely with a factor of 16
remark: ../../../../OneDrive/Desktop/vitis/shift_reg.cpp:5:0: Unrolling loop 'VITIS_LOOP_30_3' (../../../../OneDrive/Desktop/vitis/shift_reg.cpp:30:29) in function 'shift_register' completely with a factor of 16
remark: ../../../../OneDrive/Desktop/vitis/shift_reg.cpp:5:0: Unrolling loop 'VITIS_LOOP_14_1' (../../../../OneDrive/Desktop/vitis/shift_reg.cpp:14:19) in function 'shift_register' completely with a factor of 16
remark: ../../../../OneDrive/Desktop/vitis/shift_reg.cpp:11:7: Applying array_partition to 'din': Complete partitioning on dimension 1.
