INFO-FLOW: Workspace C:/Users/velic/AppData/Roaming/Xilinx/Vitis/project_25/solution1 opened at Thu Apr 06 11:21:56 +0530 2023
Execute     ap_set_clock -name default -period 10 -default=false 
INFO: [SYN 201-201] Setting up clock 'default' with a period of 10ns.
Execute     set_part xc7z020-clg484-1 
Execute       create_platform xc7z020-clg484-1 -board  
DBG:HLSDevice: Trying to load device library: C:/Xilinx/Vitis_HLS/2022.2\lib\win64.o\xv_hlsvwrap.dll
DBG:HLSDevice: first parts/arch.xml in RDI_DATADIR: C:/Xilinx/Vivado/2022.2/data/parts/arch.xml
DBG:HLSDevice: init success
INFO: [HLS 200-1611] Setting target device to 'xc7z020-clg484-1'
Command       create_platform done; 1.221 sec.
Execute       source C:/Xilinx/Vitis_HLS/2022.2/common/technology/xilinx/common/xilinx.gen 
Execute         source C:/Xilinx/Vitis_HLS/2022.2/common/technology/xilinx/interface/plb46.gen 
Execute         source C:/Xilinx/Vitis_HLS/2022.2/common/technology/xilinx/interface/axi4.gen 
Execute         source C:/Xilinx/Vitis_HLS/2022.2/common/technology/xilinx/interface/nativeAXI4.gen 
Execute           source C:/Xilinx/Vitis_HLS/2022.2/common/technology/xilinx/interface/saxilite.gen 
Execute         source C:/Xilinx/Vitis_HLS/2022.2/common/technology/xilinx/scripts/xilinxcoregen.gen 
Execute         source C:/Xilinx/Vitis_HLS/2022.2/common/technology/xilinx/interface/XilEDKCoreGen.gen 
Execute         source C:/Xilinx/Vitis_HLS/2022.2/common/technology/xilinx/ip/dds_compiler.gen 
Execute         source C:/Xilinx/Vitis_HLS/2022.2/common/technology/xilinx/ip/util.gen 
Execute         source C:/Xilinx/Vitis_HLS/2022.2/common/technology/xilinx/ip/xfft.gen 
Command         ap_source done; 0.104 sec.
Execute         source C:/Xilinx/Vitis_HLS/2022.2/common/technology/xilinx/ip/xfir.gen 
Execute         source C:/Xilinx/Vitis_HLS/2022.2/common/technology/xilinx/DSP48/dsp48.gen 
Command       ap_source done; 0.142 sec.
Execute       ap_part_info -name xc7z020-clg484-1 -data info 
Execute       config_compile -quiet -complex-mul-dsp=0 
Command     set_part done; 1.409 sec.
Execute     send_msg_by_id INFO @200-1505@%s%s  vivado 
INFO: [HLS 200-1505] Using flow_target 'vivado'
Command   open_solution done; 1.608 sec.
Execute   set_part xc7z020-clg484-1 
INFO: [HLS 200-1510] Running: set_part xc7z020-clg484-1 
Execute     create_platform xc7z020-clg484-1 -board  
Execute     source C:/Xilinx/Vitis_HLS/2022.2/common/technology/xilinx/common/xilinx.gen 
Execute       source C:/Xilinx/Vitis_HLS/2022.2/common/technology/xilinx/interface/plb46.gen 
Execute       source C:/Xilinx/Vitis_HLS/2022.2/common/technology/xilinx/interface/axi4.gen 
Execute       source C:/Xilinx/Vitis_HLS/2022.2/common/technology/xilinx/interface/nativeAXI4.gen 
Execute         source C:/Xilinx/Vitis_HLS/2022.2/common/technology/xilinx/interface/saxilite.gen 
Execute       source C:/Xilinx/Vitis_HLS/2022.2/common/technology/xilinx/scripts/xilinxcoregen.gen 
Execute       source C:/Xilinx/Vitis_HLS/2022.2/common/technology/xilinx/interface/XilEDKCoreGen.gen 
Execute       source C:/Xilinx/Vitis_HLS/2022.2/common/technology/xilinx/ip/dds_compiler.gen 
Execute       source C:/Xilinx/Vitis_HLS/2022.2/common/technology/xilinx/ip/util.gen 
Execute       source C:/Xilinx/Vitis_HLS/2022.2/common/technology/xilinx/ip/xfft.gen 
Command       ap_source done; 0.105 sec.
Execute       source C:/Xilinx/Vitis_HLS/2022.2/common/technology/xilinx/ip/xfir.gen 
Execute       source C:/Xilinx/Vitis_HLS/2022.2/common/technology/xilinx/DSP48/dsp48.gen 
Command     ap_source done; 0.143 sec.
Execute     ap_part_info -name xc7z020-clg484-1 -data info 
Execute     config_compile -quiet -complex-mul-dsp=0 
Command   set_part done; 0.18 sec.
Execute   create_clock -period 10 -name default 
INFO: [HLS 200-1510] Running: create_clock -period 10 -name default 
Execute   source ./project_25/solution1/directives.tcl 
INFO: [HLS 200-1510] Running: source ./project_25/solution1/directives.tcl
Execute     set_directive_pipeline shift_register/shift_register_label0 
INFO: [HLS 200-1510] Running: set_directive_pipeline shift_register/shift_register_label0 
Execute     set_directive_top -name shift_register shift_register 
INFO: [HLS 200-1510] Running: set_directive_top -name shift_register shift_register 
Execute   csynth_design 
INFO: [HLS 200-1510] Running: csynth_design 
Execute     elaborate -effort=medium -skip_syncheck=0 -keep_printf=0 -skip_cdt=0 -skip_transform=0 -ng=0 -g=0 -opt_fp=0 -from_csynth_design=1 
INFO: [HLS 200-111] Finished File checks and directory preparation: CPU user time: 0 seconds. CPU system time: 1 seconds. Elapsed time: 10.274 seconds; current allocated memory: 102.230 MB.
INFO: [HLS 200-10] Analyzing design file '../../../../OneDrive/Desktop/vitis/shift_reg.cpp' ... 
INFO-FLOW: Compiling one TU...
INFO-FLOW: Handling ../../../../OneDrive/Desktop/vitis/shift_reg.cpp as C++
Execute       ap_part_info -name xc7z020-clg484-1 -data info 
INFO-FLOW: Running: GCC PP 39
INFO-FLOW: Source preprocessing
Execute       ap_eval exec -ignorestderr C:/Xilinx/Vitis_HLS/2022.2/win64/tools/clang-3.9-csynth/bin/clang ../../../../OneDrive/Desktop/vitis/shift_reg.cpp -foptimization-record-file=C:/Users/velic/AppData/Roaming/Xilinx/Vitis/project_25/solution1/.autopilot/db/shift_reg.cpp.clang.diag.yml -mllvm -pass-remarks-missed=reflow|pasta|unroll -mllvm -pass-remarks=reflow|pasta|unroll|inline -fno-limit-debug-info --sysroot C:/Xilinx/Vitis_HLS/2022.2/tps/mingw/8.3.0/win64.o/nt -fhls -fno-exceptions -E -fno-math-errno -c -emit-llvm -mllvm -disable-llvm-optzns -Werror=implicit-function-declaration -Werror=implicit-hls-streams -Werror=return-type -Wpragmas -Wunused-parameter -Wdump-hls-pragmas -Wno-error=dump-hls-pragmas -fno-threadsafe-statics -fno-use-cxa-atexit -std=gnu++14 -target fpga64-xilinx-mingw32 -fno-threadsafe-statics -fno-use-cxa-atexit -D__VITIS_HLS__ -DAESL_SYN -D__SYNTHESIS__ -D__HLS_SYN__ -I C:/Xilinx/Vitis_HLS/2022.2/common/technology/autopilot -I C:/Xilinx/Vitis_HLS/2022.2/common/technology/autopilot/ap_sysc -include etc/autopilot_ssdm_op.h -D__DSP48E1__ -I /usr/include/x86_64-linux-gnu -o C:/Users/velic/AppData/Roaming/Xilinx/Vitis/project_25/solution1/.autopilot/db/shift_reg.pp.0.cpp {-hls-platform-db-name=C:/Xilinx/Vitis_HLS/2022.2/common/technology\xilinx/common/platform.db} -hls-platform-name=zynq_slow -device-resource-info=BRAM_280.000000_DSP_220.000000_FF_106400.000000_LUT_53200.000000_SLICE_13300.000000_URAM_0.000000 -device-name-info=xc7z020clg484-1 > C:/Users/velic/AppData/Roaming/Xilinx/Vitis/project_25/solution1/.autopilot/db/shift_reg.cpp.clang.out.log 2> C:/Users/velic/AppData/Roaming/Xilinx/Vitis/project_25/solution1/.autopilot/db/shift_reg.cpp.clang.err.log 
Command       ap_eval done; 0.408 sec.
INFO-FLOW: Done: GCC PP 39 time: 0.4 seconds per iteration
Execute       set_directive_top shift_register -name=shift_register 
Execute       source C:/Xilinx/Vitis_HLS/2022.2/tps/tcl/tcllib1.11.1/yaml/huddle.tcl 
Execute       source C:/Xilinx/Vitis_HLS/2022.2/tps/tcl/tcllib1.11.1/yaml/json2huddle.tcl 
INFO-FLOW: Source syntax check for synthesis
Execute       ap_eval exec -ignorestderr C:/Xilinx/Vitis_HLS/2022.2/win64/tools/clang-3.9-csynth/bin/clang -foptimization-record-file=C:/Users/velic/AppData/Roaming/Xilinx/Vitis/project_25/solution1/.autopilot/db/clang.diag.yml -mllvm -pass-remarks-missed=reflow|pasta|unroll -mllvm -pass-remarks=reflow|pasta|unroll|inline -fsyntax-only -fhls -target fpga64-xilinx-linux-gnu C:/Users/velic/AppData/Roaming/Xilinx/Vitis/project_25/solution1/.autopilot/db/shift_reg.pp.0.cpp {-hls-platform-db-name=C:/Xilinx/Vitis_HLS/2022.2/common/technology\xilinx/common/platform.db} -hls-platform-name=zynq_slow -device-resource-info=BRAM_280.000000_DSP_220.000000_FF_106400.000000_LUT_53200.000000_SLICE_13300.000000_URAM_0.000000 -device-name-info=xc7z020clg484-1 > C:/Users/velic/AppData/Roaming/Xilinx/Vitis/project_25/solution1/.autopilot/db/clang.out.log 2> C:/Users/velic/AppData/Roaming/Xilinx/Vitis/project_25/solution1/.autopilot/db/clang.err.log 
Command       ap_eval done; 0.796 sec.
Execute       clang_tidy xilinx-systemc-detector -desc systemc-detector C:/Users/velic/AppData/Roaming/Xilinx/Vitis/project_25/solution1/.autopilot/db/shift_reg.pp.0.cpp std=gnu++14 -target fpga  -directive=C:/Users/velic/AppData/Roaming/Xilinx/Vitis/project_25/solution1/.autopilot/db/.systemc_flag 
INFO-FLOW: exec C:/Xilinx/Vitis_HLS/2022.2/win64/tools/clang-3.9-csynth/bin/clang-tidy -header-filter=.* --checks=-*,xilinx-systemc-detector -import-directive=C:/Users/velic/AppData/Roaming/Xilinx/Vitis/project_25/solution1/.autopilot/db/.systemc_flag -fix-errors C:/Users/velic/AppData/Roaming/Xilinx/Vitis/project_25/solution1/.autopilot/db/shift_reg.pp.0.cpp -- -std=gnu++14 -target fpga -fhls -ferror-limit=0
Command       clang_tidy done; 0.594 sec.
INFO-FLOW: Running: clang-tidy CDT preprocess 39
Execute       clang_tidy xilinx-directive2pragma -desc directive2pragma C:/Users/velic/AppData/Roaming/Xilinx/Vitis/project_25/solution1/.autopilot/db/shift_reg.pp.0.cpp std=gnu++14 -target fpga  -directive=C:/Users/velic/AppData/Roaming/Xilinx/Vitis/project_25/solution1/.autopilot/db/all.directive.json 
INFO-FLOW: exec C:/Xilinx/Vitis_HLS/2022.2/win64/tools/clang-3.9-csynth/bin/clang-tidy -header-filter=.* --checks=-*,xilinx-directive2pragma -import-directive=C:/Users/velic/AppData/Roaming/Xilinx/Vitis/project_25/solution1/.autopilot/db/all.directive.json -fix-errors C:/Users/velic/AppData/Roaming/Xilinx/Vitis/project_25/solution1/.autopilot/db/shift_reg.pp.0.cpp -- -std=gnu++14 -target fpga -fhls -ferror-limit=0
Command       clang_tidy done; 0.887 sec.
Execute       clang_tidy xilinx-remove-assert -desc remove-assert C:/Users/velic/AppData/Roaming/Xilinx/Vitis/project_25/solution1/.autopilot/db/shift_reg.pp.0.cpp std=gnu++14 -target fpga  
INFO-FLOW: exec C:/Xilinx/Vitis_HLS/2022.2/win64/tools/clang-3.9-csynth/bin/clang-tidy -header-filter=.* --checks=-*,xilinx-remove-assert -fix-errors C:/Users/velic/AppData/Roaming/Xilinx/Vitis/project_25/solution1/.autopilot/db/shift_reg.pp.0.cpp -- -std=gnu++14 -target fpga -fhls -ferror-limit=0
Command       clang_tidy done; 0.593 sec.
INFO-FLOW: Done: clang-tidy CDT preprocess 39 time: 1.5 seconds per iteration
INFO-FLOW: Calling xilinx-label-all-loops ... 
INFO-FLOW: Calling xilinx-aggregate-on-hls-vector ... 
Execute       clang_tidy -errorcheck -desc loop-label xilinx-label-all-loops,xilinx-aggregate-on-hls-vector,,xilinx-warn-mayneed-no-ctor-attribute C:/Users/velic/AppData/Roaming/Xilinx/Vitis/project_25/solution1/.autopilot/db/shift_reg.pp.0.cpp std=gnu++14 -target fpga  
Execute         ap_eval exec -ignorestderr C:/Xilinx/Vitis_HLS/2022.2/win64/tools/clang-3.9-csynth/bin/clang-tidy -export-fixes=C:/Users/velic/AppData/Roaming/Xilinx/Vitis/project_25/solution1/.autopilot/db/shift_reg.pp.0.cpp.clang-tidy.loop-label.diag.yml -header-filter=.* --checks=-*,xilinx-label-all-loops,xilinx-aggregate-on-hls-vector,,xilinx-warn-mayneed-no-ctor-attribute -fix-errors C:/Users/velic/AppData/Roaming/Xilinx/Vitis/project_25/solution1/.autopilot/db/shift_reg.pp.0.cpp -- -std=gnu++14 -target fpga -fhls -ferror-limit=0 > C:/Users/velic/AppData/Roaming/Xilinx/Vitis/project_25/solution1/.autopilot/db/shift_reg.pp.0.cpp.clang-tidy.loop-label.out.log 2> C:/Users/velic/AppData/Roaming/Xilinx/Vitis/project_25/solution1/.autopilot/db/shift_reg.pp.0.cpp.clang-tidy.loop-label.err.log 
Command         ap_eval done; 1.065 sec.
Execute         source C:/Xilinx/Vitis_HLS/2022.2/tps/tcl/tcllib1.11.1/yaml/yaml.tcl 
Command       clang_tidy done; 1.121 sec.
Execute       ap_eval exec -ignorestderr C:/Xilinx/Vitis_HLS/2022.2/win64/tools/clang-3.9-csynth/bin/xilinx-dataflow-lawyer -export-fixes=C:/Users/velic/AppData/Roaming/Xilinx/Vitis/project_25/solution1/.autopilot/db/shift_reg.pp.0.cpp.xilinx-dataflow-lawyer.diag.yml C:/Users/velic/AppData/Roaming/Xilinx/Vitis/project_25/solution1/.autopilot/db/shift_reg.pp.0.cpp -- -std=gnu++14 -target fpga -fhls -ferror-limit=0 -fstrict-dataflow > C:/Users/velic/AppData/Roaming/Xilinx/Vitis/project_25/solution1/.autopilot/db/shift_reg.pp.0.cpp.xilinx-dataflow-lawyer.out.log 2> C:/Users/velic/AppData/Roaming/Xilinx/Vitis/project_25/solution1/.autopilot/db/shift_reg.pp.0.cpp.xilinx-dataflow-lawyer.err.log 
Command       ap_eval done; 0.568 sec.
Execute       ap_part_info -name xc7z020-clg484-1 -data info 
INFO-FLOW: compiling source code to llvm bc
Execute       ap_eval exec -ignorestderr C:/Xilinx/Vitis_HLS/2022.2/win64/tools/clang-3.9-csynth/bin/clang -foptimization-record-file=C:/Users/velic/AppData/Roaming/Xilinx/Vitis/project_25/solution1/.autopilot/db/shift_reg.pp.0.cpp.clang.diag.yml -mllvm -pass-remarks-missed=reflow|pasta|unroll -mllvm -pass-remarks=reflow|pasta|unroll|inline -fno-limit-debug-info -fhls -flto -fno-exceptions -Wno-error=c++11-narrowing C:/Users/velic/AppData/Roaming/Xilinx/Vitis/project_25/solution1/.autopilot/db/shift_reg.pp.0.cpp -fno-math-errno -c -emit-llvm -mllvm -disable-llvm-optzns -Werror=implicit-function-declaration -Werror=implicit-hls-streams -Werror=return-type -Wpragmas -Wunused-parameter -Wdump-hls-pragmas -Wno-error=dump-hls-pragmas -fno-threadsafe-statics -fno-use-cxa-atexit -std=gnu++14 -target fpga64-xilinx-linux-gnu -D__VITIS_HLS__ -DAESL_SYN -D__SYNTHESIS__ -D__HLS_SYN__ -I C:/Xilinx/Vitis_HLS/2022.2/common/technology/autopilot -I C:/Xilinx/Vitis_HLS/2022.2/common/technology/autopilot/ap_sysc -include etc/autopilot_ssdm_op.h -D__DSP48E1__ -g -o C:/Users/velic/AppData/Roaming/Xilinx/Vitis/project_25/solution1/.autopilot/db/shift_reg.bc {-hls-platform-db-name=C:/Xilinx/Vitis_HLS/2022.2/common/technology\xilinx/common/platform.db} -hls-platform-name=zynq_slow -device-resource-info=BRAM_280.000000_DSP_220.000000_FF_106400.000000_LUT_53200.000000_SLICE_13300.000000_URAM_0.000000 -device-name-info=xc7z020clg484-1 > C:/Users/velic/AppData/Roaming/Xilinx/Vitis/project_25/solution1/.autopilot/db/shift_reg.pp.0.cpp.clang.out.log 2> C:/Users/velic/AppData/Roaming/Xilinx/Vitis/project_25/solution1/.autopilot/db/shift_reg.pp.0.cpp.clang.err.log 
Command       ap_eval done; 0.812 sec.
INFO: [HLS 200-111] Finished Source Code Analysis and Preprocessing: CPU user time: 1 seconds. CPU system time: 0 seconds. Elapsed time: 5.896 seconds; current allocated memory: 103.238 MB.
INFO-FLOW: Linking Debug ...
INFO-FLOW: Linking dut bc code.
Execute       run_link_or_opt -out C:/Users/velic/AppData/Roaming/Xilinx/Vitis/project_25/solution1/.autopilot/db/a.g.ld.0.bc -args  "C:/Users/velic/AppData/Roaming/Xilinx/Vitis/project_25/solution1/.autopilot/db/shift_reg.g.bc"  
Execute         ap_eval exec -ignorestderr C:/Xilinx/Vitis_HLS/2022.2/win64/tools/clang-3.9-csynth/bin/llvm-link C:/Users/velic/AppData/Roaming/Xilinx/Vitis/project_25/solution1/.autopilot/db/shift_reg.g.bc -o C:/Users/velic/AppData/Roaming/Xilinx/Vitis/project_25/solution1/.autopilot/db/a.g.ld.0.bc > C:/Users/velic/AppData/Roaming/Xilinx/Vitis/project_25/solution1/.autopilot/db/a.g.ld.0.bc.llvm-link.out.log 2> C:/Users/velic/AppData/Roaming/Xilinx/Vitis/project_25/solution1/.autopilot/db/a.g.ld.0.bc.llvm-link.err.log 
INFO-FLOW: 
Execute       run_link_or_opt -opt -out C:/Users/velic/AppData/Roaming/Xilinx/Vitis/project_25/solution1/.autopilot/db/a.g.ld.1.lower.bc -args C:/Users/velic/AppData/Roaming/Xilinx/Vitis/project_25/solution1/.autopilot/db/a.g.ld.0.bc -reflow-lower-math-intrinsics 
Execute         ap_eval exec -ignorestderr C:/Xilinx/Vitis_HLS/2022.2/win64/tools/clang-3.9-csynth/bin/opt -pass-remarks-missed=reflow|pasta|unroll -pass-remarks=reflow|pasta|unroll|inline -pass-remarks-output=C:/Users/velic/AppData/Roaming/Xilinx/Vitis/project_25/solution1/.autopilot/db/a.g.ld.1.lower.bc.opt.diag.yml C:/Users/velic/AppData/Roaming/Xilinx/Vitis/project_25/solution1/.autopilot/db/a.g.ld.0.bc -reflow-lower-math-intrinsics -o C:/Users/velic/AppData/Roaming/Xilinx/Vitis/project_25/solution1/.autopilot/db/a.g.ld.1.lower.bc > C:/Users/velic/AppData/Roaming/Xilinx/Vitis/project_25/solution1/.autopilot/db/a.g.ld.1.lower.bc.opt.out.log 2> C:/Users/velic/AppData/Roaming/Xilinx/Vitis/project_25/solution1/.autopilot/db/a.g.ld.1.lower.bc.opt.err.log 
INFO-FLOW: 
INFO-FLOW: Linking math bc lib
Execute       run_link_or_opt -out C:/Users/velic/AppData/Roaming/Xilinx/Vitis/project_25/solution1/.autopilot/db/a.g.ld.2.m1.bc -args C:/Users/velic/AppData/Roaming/Xilinx/Vitis/project_25/solution1/.autopilot/db/a.g.ld.1.lower.bc -only-needed C:/Xilinx/Vitis_HLS/2022.2/win64/lib/libhlsm_39.bc C:/Xilinx/Vitis_HLS/2022.2/win64/lib/libhlsmc++_39.bc 
Execute         ap_eval exec -ignorestderr C:/Xilinx/Vitis_HLS/2022.2/win64/tools/clang-3.9-csynth/bin/llvm-link C:/Users/velic/AppData/Roaming/Xilinx/Vitis/project_25/solution1/.autopilot/db/a.g.ld.1.lower.bc -only-needed C:/Xilinx/Vitis_HLS/2022.2/win64/lib/libhlsm_39.bc C:/Xilinx/Vitis_HLS/2022.2/win64/lib/libhlsmc++_39.bc -o C:/Users/velic/AppData/Roaming/Xilinx/Vitis/project_25/solution1/.autopilot/db/a.g.ld.2.m1.bc > C:/Users/velic/AppData/Roaming/Xilinx/Vitis/project_25/solution1/.autopilot/db/a.g.ld.2.m1.bc.llvm-link.out.log 2> C:/Users/velic/AppData/Roaming/Xilinx/Vitis/project_25/solution1/.autopilot/db/a.g.ld.2.m1.bc.llvm-link.err.log 
Command         ap_eval done; 2.949 sec.
INFO-FLOW: 
Command       run_link_or_opt done; 2.951 sec.
Execute       run_link_or_opt -opt -out C:/Users/velic/AppData/Roaming/Xilinx/Vitis/project_25/solution1/.autopilot/db/a.g.ld.3.fpc.bc -args C:/Users/velic/AppData/Roaming/Xilinx/Vitis/project_25/solution1/.autopilot/db/a.g.ld.2.m1.bc -reflow-globaldce -hls-top-function-name=shift_register -reflow-float-conversion 
Execute         ap_eval exec -ignorestderr C:/Xilinx/Vitis_HLS/2022.2/win64/tools/clang-3.9-csynth/bin/opt -pass-remarks-missed=reflow|pasta|unroll -pass-remarks=reflow|pasta|unroll|inline -pass-remarks-output=C:/Users/velic/AppData/Roaming/Xilinx/Vitis/project_25/solution1/.autopilot/db/a.g.ld.3.fpc.bc.opt.diag.yml C:/Users/velic/AppData/Roaming/Xilinx/Vitis/project_25/solution1/.autopilot/db/a.g.ld.2.m1.bc -reflow-globaldce -hls-top-function-name=shift_register -reflow-float-conversion -o C:/Users/velic/AppData/Roaming/Xilinx/Vitis/project_25/solution1/.autopilot/db/a.g.ld.3.fpc.bc > C:/Users/velic/AppData/Roaming/Xilinx/Vitis/project_25/solution1/.autopilot/db/a.g.ld.3.fpc.bc.opt.out.log 2> C:/Users/velic/AppData/Roaming/Xilinx/Vitis/project_25/solution1/.autopilot/db/a.g.ld.3.fpc.bc.opt.err.log 
Command         ap_eval done; 1.227 sec.
INFO-FLOW: 
Command       run_link_or_opt done; 1.23 sec.
Execute       run_link_or_opt -out C:/Users/velic/AppData/Roaming/Xilinx/Vitis/project_25/solution1/.autopilot/db/a.g.ld.4.m2.bc -args C:/Users/velic/AppData/Roaming/Xilinx/Vitis/project_25/solution1/.autopilot/db/a.g.ld.3.fpc.bc -only-needed C:/Xilinx/Vitis_HLS/2022.2/win64/lib/libfloatconversion_39.bc 
Execute         ap_eval exec -ignorestderr C:/Xilinx/Vitis_HLS/2022.2/win64/tools/clang-3.9-csynth/bin/llvm-link C:/Users/velic/AppData/Roaming/Xilinx/Vitis/project_25/solution1/.autopilot/db/a.g.ld.3.fpc.bc -only-needed C:/Xilinx/Vitis_HLS/2022.2/win64/lib/libfloatconversion_39.bc -o C:/Users/velic/AppData/Roaming/Xilinx/Vitis/project_25/solution1/.autopilot/db/a.g.ld.4.m2.bc > C:/Users/velic/AppData/Roaming/Xilinx/Vitis/project_25/solution1/.autopilot/db/a.g.ld.4.m2.bc.llvm-link.out.log 2> C:/Users/velic/AppData/Roaming/Xilinx/Vitis/project_25/solution1/.autopilot/db/a.g.ld.4.m2.bc.llvm-link.err.log 
Command         ap_eval done; 0.122 sec.
INFO-FLOW: 
Command       run_link_or_opt done; 0.123 sec.
Execute       run_link_or_opt -opt -out C:/Users/velic/AppData/Roaming/Xilinx/Vitis/project_25/solution1/.autopilot/db/a.g.ld.5.gdce.bc -args C:/Users/velic/AppData/Roaming/Xilinx/Vitis/project_25/solution1/.autopilot/db/a.g.ld.4.m2.bc -reflow-globaldce -hls-top-function-name=shift_register 
Execute         ap_eval exec -ignorestderr C:/Xilinx/Vitis_HLS/2022.2/win64/tools/clang-3.9-csynth/bin/opt -pass-remarks-missed=reflow|pasta|unroll -pass-remarks=reflow|pasta|unroll|inline -pass-remarks-output=C:/Users/velic/AppData/Roaming/Xilinx/Vitis/project_25/solution1/.autopilot/db/a.g.ld.5.gdce.bc.opt.diag.yml C:/Users/velic/AppData/Roaming/Xilinx/Vitis/project_25/solution1/.autopilot/db/a.g.ld.4.m2.bc -reflow-globaldce -hls-top-function-name=shift_register -o C:/Users/velic/AppData/Roaming/Xilinx/Vitis/project_25/solution1/.autopilot/db/a.g.ld.5.gdce.bc > C:/Users/velic/AppData/Roaming/Xilinx/Vitis/project_25/solution1/.autopilot/db/a.g.ld.5.gdce.bc.opt.out.log 2> C:/Users/velic/AppData/Roaming/Xilinx/Vitis/project_25/solution1/.autopilot/db/a.g.ld.5.gdce.bc.opt.err.log 
INFO-FLOW: 
Execute       send_msg_by_id INFO @200-777@%s Vivado 
INFO: [HLS 200-777] Using interface defaults for 'Vivado' flow target.
Execute       is_m_axi_addr64 
INFO-FLOW: Doing LTO.
Execute       ap_eval exec -ignorestderr C:/Xilinx/Vitis_HLS/2022.2/win64/tools/clang-3.9-csynth/bin/clang -foptimization-record-file=C:/Users/velic/AppData/Roaming/Xilinx/Vitis/project_25/solution1/.autopilot/db/a.g.ld.0.bc.clang.diag.yml -mllvm -pass-remarks-missed=reflow|pasta|unroll -mllvm -pass-remarks=reflow|pasta|unroll|inline -fhls -mllvm -hls-top-function-name=shift_register -mllvm -hls-db-dir -mllvm C:/Users/velic/AppData/Roaming/Xilinx/Vitis/project_25/solution1/.autopilot/db -emit-llvm -c -target fpga64-xilinx-none -mllvm -xcl-xmlinfo=C:/Users/velic/AppData/Roaming/Xilinx/Vitis/project_25/solution1/.autopilot/db/kernel.internal.xml -mllvm -top-io-mapping-info=C:/Users/velic/AppData/Roaming/Xilinx/Vitis/project_25/solution1/.autopilot/db/top-io-fe.xml -mllvm -hls-bitcode-version=3.1 -mllvm -reflow-enable-slave-interface-default-setting=true -mllvm -gen-kernel-xml=false -mllvm -default-maxi-offset=slave -mllvm -maxi-latency=0 -mllvm -hls-maxi-data-size-in-bits=8 -mllvm -hls-maxi-max-data-size-in-bits=1024 -mllvm -hls-max-widen-size-in-bits=0 -mllvm -xcl-kernel-max-mem-ports=0 -mllvm -maxi-read-trans=16 -mllvm -maxi-write-trans=16 -mllvm -maxi-read-burst-len=16 -mllvm -maxi-write-burst-len=16 -mllvm -reflow-enable-saxi-64bits=0 -mllvm -reflow-basic-block-instr-threshold=200000 -mllvm -reflow-auto-pipeline-threshold=64 -mllvm -reflow-enable-maxi-auto-id-channel=0 -mllvm -assume-maxi-align=1 -mllvm -reflow-pipeline-style-llvm-setting=2 -mllvm -reflow-enable-dataflow-strict-mode-checking=1 -mllvm -reflow-auto-array-partition-mode=default -mllvm -reflow-enable-auto-array-partition=true -mllvm -reflow-enable-auto-parallel-performance-driven=true -mllvm -reflow-enable-partition-for-automation=true -mllvm -reflow-aggregate-bitwidth-threshold=4096 -mllvm -reflow-assume-no-address-wrap=true -mllvm -hls -mllvm -disable-inlined-alloca-merging=true -mllvm -default-clock-period=10 -x ir C:/Users/velic/AppData/Roaming/Xilinx/Vitis/project_25/solution1/.autopilot/db/a.g.ld.5.gdce.bc -o C:/Users/velic/AppData/Roaming/Xilinx/Vitis/project_25/solution1/.autopilot/db/a.g.lto.bc {-hls-platform-db-name=C:/Xilinx/Vitis_HLS/2022.2/common/technology\xilinx/common/platform.db} -hls-platform-name=zynq_slow -device-resource-info=BRAM_280.000000_DSP_220.000000_FF_106400.000000_LUT_53200.000000_SLICE_13300.000000_URAM_0.000000 -device-name-info=xc7z020clg484-1 > C:/Users/velic/AppData/Roaming/Xilinx/Vitis/project_25/solution1/.autopilot/db/a.g.ld.0.bc.clang.out.log 2> C:/Users/velic/AppData/Roaming/Xilinx/Vitis/project_25/solution1/.autopilot/db/a.g.ld.0.bc.clang.err.log 
Command       ap_eval done; 0.506 sec.
INFO: [HLS 214-131] Inlining function 'ssdm_int<32, true>::ssdm_int(int)' into 'ap_int_base<32, true>::ap_int_base(int)' (C:/Xilinx/Vitis_HLS/2022.2/common/technology/autopilot\ap_int_base.h:214:67)
INFO: [HLS 214-131] Inlining function '_ZN8ssdm_intILi33ELb1EEC2EDq33_i' into 'ap_int_base<33, true>::ap_int_base<32, true>(ap_int_base<32, true> const&)' (C:/Xilinx/Vitis_HLS/2022.2/common/technology/autopilot\ap_int_base.h:185:106)
INFO: [HLS 214-131] Inlining function '_ZN8ssdm_intILi33ELb1EEC2EDq33_i' into 'ap_int_base<33, true>::ap_int_base<16, false>(ap_int_base<16, false> const&)' (C:/Xilinx/Vitis_HLS/2022.2/common/technology/autopilot\ap_int_base.h:185:106)
INFO: [HLS 214-131] Inlining function '_ZN8ssdm_intILi33ELb1EEC2EDq33_i' into 'ap_int_base<33, true>::ap_int_base(int)' (C:/Xilinx/Vitis_HLS/2022.2/common/technology/autopilot\ap_int_base.h:214:67)
INFO: [HLS 214-131] Inlining function 'ap_int_base<33, true>::ap_int_base<32, true>(ap_int_base<32, true> const&)' into 'ap_int_base<32, true>::RType<16, false>::minus operator-<32, true, 16, false>(ap_int_base<32, true> const&, ap_int_base<16, false> const&)' (C:/Xilinx/Vitis_HLS/2022.2/common/technology/autopilot\ap_int_base.h:1496:341)
INFO: [HLS 214-131] Inlining function 'ap_int_base<33, true>::ap_int_base(int)' into 'ap_int_base<32, true>::RType<16, false>::minus operator-<32, true, 16, false>(ap_int_base<32, true> const&, ap_int_base<16, false> const&)' (C:/Xilinx/Vitis_HLS/2022.2/common/technology/autopilot\ap_int_base.h:1496:520)
INFO: [HLS 214-131] Inlining function 'ap_int_base<33, true>::ap_int_base<16, false>(ap_int_base<16, false> const&)' into 'ap_int_base<32, true>::RType<16, false>::minus operator-<32, true, 16, false>(ap_int_base<32, true> const&, ap_int_base<16, false> const&)' (C:/Xilinx/Vitis_HLS/2022.2/common/technology/autopilot\ap_int_base.h:1496:430)
INFO: [HLS 214-131] Inlining function 'ap_int_base<32, true>::ap_int_base(int)' into 'ap_int_base<16, false>::RType<($_0)32, true>::minus operator-<16, false>(int, ap_int_base<16, false> const&)' (C:/Xilinx/Vitis_HLS/2022.2/common/technology/autopilot\ap_int_base.h:1633:1263)
INFO: [HLS 214-131] Inlining function 'ap_int_base<32, true>::RType<16, false>::minus operator-<32, true, 16, false>(ap_int_base<32, true> const&, ap_int_base<16, false> const&)' into 'ap_int_base<16, false>::RType<($_0)32, true>::minus operator-<16, false>(int, ap_int_base<16, false> const&)' (C:/Xilinx/Vitis_HLS/2022.2/common/technology/autopilot\ap_int_base.h:1633:1301)
INFO: [HLS 214-131] Inlining function 'ap_int_base<33, true>::ap_int_base<32, true>(ap_int_base<32, true> const&)' into 'ap_int_base<32, true>::RType<16, false>::plus operator+<32, true, 16, false>(ap_int_base<32, true> const&, ap_int_base<16, false> const&)' (C:/Xilinx/Vitis_HLS/2022.2/common/technology/autopilot\ap_int_base.h:1495:339)
INFO: [HLS 214-131] Inlining function 'ap_int_base<33, true>::ap_int_base(int)' into 'ap_int_base<32, true>::RType<16, false>::plus operator+<32, true, 16, false>(ap_int_base<32, true> const&, ap_int_base<16, false> const&)' (C:/Xilinx/Vitis_HLS/2022.2/common/technology/autopilot\ap_int_base.h:1495:516)
INFO: [HLS 214-131] Inlining function 'ap_int_base<33, true>::ap_int_base<16, false>(ap_int_base<16, false> const&)' into 'ap_int_base<32, true>::RType<16, false>::plus operator+<32, true, 16, false>(ap_int_base<32, true> const&, ap_int_base<16, false> const&)' (C:/Xilinx/Vitis_HLS/2022.2/common/technology/autopilot\ap_int_base.h:1495:427)
INFO: [HLS 214-131] Inlining function 'ap_int_base<32, true>::ap_int_base(int)' into 'ap_int_base<16, false>::RType<($_0)32, true>::plus operator+<16, false>(int, ap_int_base<16, false> const&)' (C:/Xilinx/Vitis_HLS/2022.2/common/technology/autopilot\ap_int_base.h:1633:739)
INFO: [HLS 214-131] Inlining function 'ap_int_base<32, true>::RType<16, false>::plus operator+<32, true, 16, false>(ap_int_base<32, true> const&, ap_int_base<16, false> const&)' into 'ap_int_base<16, false>::RType<($_0)32, true>::plus operator+<16, false>(int, ap_int_base<16, false> const&)' (C:/Xilinx/Vitis_HLS/2022.2/common/technology/autopilot\ap_int_base.h:1633:777)
INFO: [HLS 214-131] Inlining function 'ap_int_base<33, true>::operator long long() const' into 'shift_register(hls::stream<ap_uint<16>, 0>&, ap_uint<16>, bool, hls::stream<ap_uint<16>, 0>&)' (../../../../OneDrive/Desktop/vitis/shift_reg.cpp:33:20)
INFO: [HLS 214-131] Inlining function 'ap_int_base<16, false>::RType<($_0)32, true>::plus operator+<16, false>(int, ap_int_base<16, false> const&)' into 'shift_register(hls::stream<ap_uint<16>, 0>&, ap_uint<16>, bool, hls::stream<ap_uint<16>, 0>&)' (../../../../OneDrive/Desktop/vitis/shift_reg.cpp:33:22)
INFO: [HLS 214-131] Inlining function 'ap_int_base<33, true>::operator long long() const' into 'shift_register(hls::stream<ap_uint<16>, 0>&, ap_uint<16>, bool, hls::stream<ap_uint<16>, 0>&)' (../../../../OneDrive/Desktop/vitis/shift_reg.cpp:22:20)
INFO: [HLS 214-131] Inlining function 'ap_int_base<16, false>::RType<($_0)32, true>::minus operator-<16, false>(int, ap_int_base<16, false> const&)' into 'shift_register(hls::stream<ap_uint<16>, 0>&, ap_uint<16>, bool, hls::stream<ap_uint<16>, 0>&)' (../../../../OneDrive/Desktop/vitis/shift_reg.cpp:22:22)
INFO: [HLS 214-186] Unrolling loop 'VITIS_LOOP_42_4' (../../../../OneDrive/Desktop/vitis/shift_reg.cpp:42:21) in function 'shift_register' completely with a factor of 16 (../../../../OneDrive/Desktop/vitis/shift_reg.cpp:5:0)
INFO: [HLS 214-186] Unrolling loop 'VITIS_LOOP_19_2' (../../../../OneDrive/Desktop/vitis/shift_reg.cpp:19:29) in function 'shift_register' completely with a factor of 16 (../../../../OneDrive/Desktop/vitis/shift_reg.cpp:5:0)
INFO: [HLS 214-186] Unrolling loop 'VITIS_LOOP_30_3' (../../../../OneDrive/Desktop/vitis/shift_reg.cpp:30:29) in function 'shift_register' completely with a factor of 16 (../../../../OneDrive/Desktop/vitis/shift_reg.cpp:5:0)
INFO: [HLS 214-186] Unrolling loop 'VITIS_LOOP_14_1' (../../../../OneDrive/Desktop/vitis/shift_reg.cpp:14:19) in function 'shift_register' completely with a factor of 16 (../../../../OneDrive/Desktop/vitis/shift_reg.cpp:5:0)
INFO: [HLS 214-248] Applying array_partition to 'din': Complete partitioning on dimension 1. (../../../../OneDrive/Desktop/vitis/shift_reg.cpp:11:7)
INFO-FLOW: DBG:PUTS: copy_raw_kernel_xml ap_link_39: kernel.xml not generated: C:/Users/velic/AppData/Roaming/Xilinx/Vitis/project_25/solution1/.autopilot/db/kernel.internal.xml
INFO: [HLS 200-111] Finished Compiling Optimization and Transform: CPU user time: 0 seconds. CPU system time: 0 seconds. Elapsed time: 5.2 seconds; current allocated memory: 104.305 MB.
INFO: [HLS 200-111] Finished Checking Pragmas: CPU user time: 0 seconds. CPU system time: 0 seconds. Elapsed time: 0.009 seconds; current allocated memory: 104.305 MB.
Execute       opt_and_import_c a -opt_level=2 -skip_syncheck=0 -ng=0 -keep_printf=0 
Execute         cleanup_all_models 
INFO: [HLS 200-10] Starting code transformations ...
INFO-FLOW: Running Standard Transforms...
Execute         transform -hls -share-std-xform -demangle-name -inline-byval-memcpy -always-inline -promote-dbg-pointer -interface-preproc -mem2reg -scalarrepl -mem2reg -keep-read-access -instcombine -dce -promote-dbg-pointer -bitop-raise -loop-simplify -indvarspre -indvars -loop-simplify -xunroll -constprop -instcombine -simplifycfg -indvars -simplifycfg -dce -globaldce -basicaa -simplifycfg -mem2reg -globalopt -global-constprop -deadargelim -instcombine -simplifycfg -scalarrepl -instcombine -reassociate -licm -simplifycfg -loop-simplify -indvars -instcombine -simplifycfg -mem2reg -loop-simplify -indvars -instcombine -gvn -gvn -instcombine -adce -break-crit-edges -simplifycfg -loop-delete -global-array-opt -dce -dse -adce -find-syn-modules -top shift_register -deadargelim -mem2reg -instcombine -dce -presyn-prepare -auto-rom-infer -interface-preproc -syn-check -check-rec-only -find-region -simplifycfg -func-extr -function-inline -globaldce -mem2reg -instcombine -dce -gvn -globaldce -adce -adse -constprop -instcombine -bit-constprop -instcombine -dce -simplifycfg -bitop-raise -simplifycfg -dce -loop-delete -reassociate -globalopt -global-privatize -mem2reg -dce -global-constprop -pointer-simplify -constprop -dce -auto-shift-reg-idiom -promote-dbg-pointer -norm-name C:/Users/velic/AppData/Roaming/Xilinx/Vitis/project_25/solution1/.autopilot/db/a.g.0.bc -o C:/Users/velic/AppData/Roaming/Xilinx/Vitis/project_25/solution1/.autopilot/db/a.g.1.bc -f -phase std-opt 
INFO: [HLS 200-111] Finished Standard Transforms: CPU user time: 0 seconds. CPU system time: 0 seconds. Elapsed time: 0.041 seconds; current allocated memory: 112.109 MB.
INFO: [HLS 200-10] Checking synthesizability ...
INFO-FLOW: Checking Synthesizability 1/2..
Execute         transform -hls -syn-check -check-rec-only -scalarrepl -norm-name -dce -mem2reg -instcombine -directive-preproc -mem2reg -dse -dce -auto-rom-infer -dce -pag -array-normalize -instcombine -dce -array-seg-normalize -instcombine -dce -data-pack -instcombine -dce -inst-simplify -array-flatten -instcombine -dce -array-burst -dce -deadargelim -promote-global-argument -simplifycfg -mem2reg -globaldce -dce -deadargelim -dce -instcombine -function-inline -globaldce -dce -doublePtrSimplify -doublePtrElim -dce -doublePtrSimplify -promote-dbg-pointer -dce -scalarrepl -dse -adse -instcombine -ptrLegalization -simplifycfg -dce -instcombine -pointer-simplify -ptrArgReplace -dce -instcombine -resolve-double-ptr -scalarrepl -norm-name -dce -mem2reg -instcombine -ptrLegalization -simplifycfg -deadargelim -instcombine -dce -inst-simplify -directive-preproc -mem2reg -dse -dce -globaldce C:/Users/velic/AppData/Roaming/Xilinx/Vitis/project_25/solution1/.autopilot/db/a.g.1.bc -o C:/Users/velic/AppData/Roaming/Xilinx/Vitis/project_25/solution1/.autopilot/db/a.g.2.prechk.bc -f 
INFO-FLOW: Checking Synthesizability 2/2..
Execute         transform -syn-check C:/Users/velic/AppData/Roaming/Xilinx/Vitis/project_25/solution1/.autopilot/db/a.g.2.prechk.bc -o C:/Users/velic/AppData/Roaming/Xilinx/Vitis/project_25/solution1/.autopilot/db/a.g.2.bc -f -phase syn-check 
INFO: [HLS 200-111] Finished Checking Synthesizability: CPU user time: 0 seconds. CPU system time: 0 seconds. Elapsed time: 0.07 seconds; current allocated memory: 117.293 MB.
INFO-FLOW: Compiler optimizing ...
INFO-FLOW: Share syncheck's 1.bc for syn flow: copy C:/Users/velic/AppData/Roaming/Xilinx/Vitis/project_25/solution1/.autopilot/db/a.g.1.bc to C:/Users/velic/AppData/Roaming/Xilinx/Vitis/project_25/solution1/.autopilot/db/a.o.1.bc
INFO-FLOW: Presyn 1...
Execute         transform -hls -tmp C:/Users/velic/AppData/Roaming/Xilinx/Vitis/project_25/solution1/.autopilot/db -interface-port-rename -directive-preproc -mem2reg -dse -dce -scalarrepl -norm-name -deadargelim -mem2reg -instcombine -dce -simplifycfg -auto-rom-infer -dce -resource-proc -clib-intrinsic-prepare -dce -func-buffer -dce -pag -array-normalize -func-legal -instcombine -gvn -constprop -dce -simplifycfg -mem2reg -globaldce -resolve-double-ptr -dce -deadargelim -dce -instcombine -ptrArgReplace -mem2reg -dce -array-seg-normalize -deadargelim -instcombine -dce -directive-preproc -mem2reg -dse -dce -pointer-simplify -dce -port-alignment -dce -interface-preproc -data-pack -instcombine -dce -basicaa -aggr-aa -aggrmodref-aa -aggr-aa -gvn -gvn -basicaa -aggr-aa -aggrmodref-aa -aggr-aa -dse -adse -adce -loop-simplify -indvars -instcombine -gvn -loop-simplify -mem2reg -dce -find-region -instcombine -auto-loop-pipeline -inst-simplify -interface-preproc -cfgopt -instcombine -indvars -auto-loop-unroll -loop-simplify -loop-bound -xunroll -constprop -instcombine -simplifycfg -indvars -simplifycfg -dce -globaldce -clean-region -attach-range -gvn -inst-simplify -constprop -simplifycfg -dce -pointer-simplify -dce -globalopt -constprop -dce -array-promote -scalar-auto-dep-elim -constprop -dce -ptrArgReplace -mem2reg -simplifycfg -dce -instcombine -dce -array-transform-check -array-reshape -instcombine -simplifycfg -dce -ptrArgReplace -deadargelim -mem2reg -instcombine -simplifycfg -dce -indvars -loop-simplify -loop-bound -xunroll -constprop -instcombine -simplifycfg -indvars -simplifycfg -dce -globaldce -basicaa -aggr-aa -aggrmodref-aa -aggr-aa -dse -duplicate-dataflow-processes -globaldce -instcombine -array-partition -prepare-dynamic-array-partition -instcombine -simplifycfg -dce -ptrArgReplace -global-constprop -deadargelim -mem2reg -func-legal -dce -global-constprop -deadargelim -mem2reg -simplifycfg -dce -merge-param -deadargelim -globalopt -constprop -dce -array-promote -scalar-auto-dep-elim -constprop -dce -ptrArgReplace -mem2reg -simplifycfg -dce -mem-intrinsic-preproc -dce -global-internalize -global-privatize -mem2reg -globaldce -promote-global-argument -ptrArgReplace -mem2reg -dce -globalopt -mergereturn -simplify-global-access -mem2reg -dce -pointer-simplify -dce -functionattrs -basicaa -aggr-aa -aggrmodref-aa -aggr-aa -gvn -gvn -basicaa -aggr-aa -aggrmodref-aa -aggr-aa -dse -adse -adce -dce -norm-name -basicaa -aggr-aa -aggrmodref-aa -aggr-aa -accesses-merge -function-inline -complex-op-raise -inst-simplify -globaldce -func-legal -dce -loop-bound -arraycheck -bitwidthmin2 -bitwidthmin2 -on-by-dataflow -loop-delete -instcombine -simplifycfg -globaldce -dce -gvn -deadargelim -dce -loop-simplify -clean-region -simplifycfg -propagate-stable-arguments -loop-stream -instcombine -simplifycfg -dce -globaldce -duplicate-dataflow-processes -stream-intrinsic-preproc -dce -check-ap-stream -loop-simplify -eliminate-keepreads -extract-dataflow-in-loop -loop-simplify -dce -gvn -deadargelim -dse -duplicate-dataflow-processes -check-dataflow-syntax -legalize-stream-variable -globaldce -legalize-global -extract-subproc -dce -dead-channel-elimination -canonicalize-gep -globaldce -dce -gvn -hls-dead-arg-elim -deadargelim -directive-preproc -canonicalize-dataflow -dce -globaldce -scalar-preprocessing -scalar-propagation2 -deadargelim -globaldce -mem2reg -check-dataflow-channels -function-stream -dce -globaldce -prop-fifo-spec -internal-stream-gen -canonicalize-gep -globaldce -dce -gvn -deadargelim -mergereturn -indvars -loop-simplify -instcombine -array-stream -array-seg-normalize -array-partition -func-legal -instcombine -simplifycfg -dce -bundle-memfifo-ops -deadargelim -directive-preproc -mem2reg -dse -dce -group-axi-access -licm -simplifycfg -dce -loop-delete -hls-display -norm-name C:/Users/velic/AppData/Roaming/Xilinx/Vitis/project_25/solution1/.autopilot/db/a.o.1.bc -o C:/Users/velic/AppData/Roaming/Xilinx/Vitis/project_25/solution1/.autopilot/db/a.o.1.tmp.bc -f 
INFO-FLOW: Presyn 2...
Execute         transform -hls -keep-callgraph -scalarrepl -mem2reg -port-alignment -attach-range -dce -pipe-mux-gen -indvars -loop-bound -inst-simplify -instcombine -dce -merge-array-access -mem2reg -dce -clean-region -mergereturn -if-conv -instcombine -dce -constprop -basicaa -aggr-aa -aggrmodref-aa -aggr-aa -gvn -gvn -basicaa -aggr-aa -aggrmodref-aa -aggr-aa -dse -adse -adce -scalarrepl -mem2reg -global-constprop -deadargelim -deadargelim -instcombine -dce -simplifycfg -ptrArgReplace -mem2reg -function-inline -globaldce -mem2reg -instcombine -dce -expr-balance -instcombine -dce -bitwidthmin2 -bitwidthmin2 -interface-preproc -directive-preproc -inst-rectify -instcombine -dce -functionattrs -constprop -instcombine -bit-constprop -simplify-global-access -globalopt -globaldce -inst-simplify -instcombine -elimdeaddata -dce -loop-delete -simplifycfg -loop-simplify -barrier -norm-name C:/Users/velic/AppData/Roaming/Xilinx/Vitis/project_25/solution1/.autopilot/db/a.o.1.tmp.bc -o C:/Users/velic/AppData/Roaming/Xilinx/Vitis/project_25/solution1/.autopilot/db/a.o.2.bc -f -phase presyn 
INFO: [XFORM 203-401] Performing if-conversion on hyperblock from (../../../../OneDrive/Desktop/vitis/shift_reg.cpp:4:16) to (../../../../OneDrive/Desktop/vitis/shift_reg.cpp:46:1) in function 'shift_register'... converting 4 basic blocks.
Command         transform done; 0.123 sec.
INFO: [HLS 200-111] Finished Loop, function and other optimizations: CPU user time: 0 seconds. CPU system time: 0 seconds. Elapsed time: 0.193 seconds; current allocated memory: 142.184 MB.
INFO-FLOW: Building ssdm...
Execute         transform -hls -auto-function-inline -globaldce -ptrArgReplace -mem2reg -dce -reset-lda -loop-simplify -indvars -aggr-aa -licm -loop-dep -loop-bound -licm -loop-simplify -loop-sink-hoist -flattenloopnest -array-flatten -gvn -instcombine -dce -array-map -dce -func-legal -gvn -adce -instcombine -cfgopt -simplifycfg -loop-simplify -array-burst -promote-global-argument -dce -array-seg-normalize -basicaa -aggrmodref-aa -globalsmodref-aa -aggr-aa -gvn -gvn -basicaa -aggrmodref-aa -globalsmodref-aa -aggr-aa -dse -adse -adce -licm -inst-simplify -dce -globaldce -instcombine -array-stream -eliminate-keepreads -instcombine -dce -deadargelim -doublePtrSimplify -doublePtrElim -dce -doublePtrSimplify -promote-dbg-pointer -dce -scalarrepl -mem2reg -norm-name -mem2reg -instcombine -dse -adse -adce -ptrLegalization -dce -auto-rom-infer -array-flatten -dce -instcombine -check-doubleptr -loop-rot -constprop -cfgopt -simplifycfg -loop-simplify -indvars -pointer-simplify -dce -loop-bound -loop-simplify -loop-preproc -constprop -global-constprop -gvn -mem2reg -instcombine -dce -loop-bound -loop-merge -dce -deadargelim -dce -canonicalize-dataflow -dce -deadargelim -globaldce -mem2reg -bram-byte-enable -load-elim -read-loop-dep -loop-simplify -loop-extract-inner -directive-preproc -bitwidthmin2 -bitwidthmin2 -read-loop-dep -interface-preproc -directive-preproc -interface-gen -bram-byte-enable-spec-prop -deadargelim -inst-simplify -dce -gvn -mem2reg -instcombine -dce -adse -loop-bound -instcombine -cfgopt -simplifycfg -loop-simplify -clean-region -io-protocol -find-region -mem2reg -bitop-raise -complex-op-raise -inst-simplify -inst-rectify -instcombine -adce -deadargelim -float-op-raise -loop-simplify -phi-opt -bitop-raise -cfgopt -simplifycfg -strip-dead-prototypes -interface-lower -bitop-lower -intrinsic-lower -auto-function-inline -basicaa -aggrmodref-aa -globalsmodref-aa -aggr-aa -inst-simplify -simplifycfg -loop-simplify -mergereturn -inst-simplify -inst-rectify -dce -load-elim -bitop-lower -float-op-raise -fma-raise -loop-rewind -pointer-simplify -dce -cfgopt -dce -loop-bound -loop-dep -read-loop-dep -dce -dyn-mem-reuse -dce -recurrence-min -dce -share-scalar-alloca -deadargelim -dce -check-stream -norm-name -legalize -validate-dataflow -inst-clarity -bitwidth -dump-loop-dep-to-ir -check-all-ssdm -cdfg-build C:/Users/velic/AppData/Roaming/Xilinx/Vitis/project_25/solution1/.autopilot/db/a.o.2.bc -o C:/Users/velic/AppData/Roaming/Xilinx/Vitis/project_25/solution1/.autopilot/db/a.o.3.bc -f -phase build-ssdm 
INFO: [HLS 200-111] Finished Architecture Synthesis: CPU user time: 0 seconds. CPU system time: 0 seconds. Elapsed time: 0.093 seconds; current allocated memory: 142.547 MB.
INFO-FLOW: Finish building internal data model.
Command       opt_and_import_c done; 0.404 sec.
Command     elaborate done; 11.624 sec.
Execute     ap_eval exec zip -j C:/Users/velic/AppData/Roaming/Xilinx/Vitis/project_25/solution1/.autopilot/db/dut.hcp $dbDir/a.o.3.bc $dbDir/${topname}.rtl_wrap.cfg.tcl $dbDir/apatb_${topname}.cpp $dbDir/apatb_${topname}_util.cpp $dbDir/apatb_${topname}_ir.ll $dbDir/mapper_${topname}.cpp $dbDir/top-io-fe.xml $dbDir/kernel.internal.xml $workdir/../hls.app 
Command     ap_eval done; 0.13 sec.
Execute     autosyn -from_csynth_design=1 
INFO: [HLS 200-10] Starting hardware synthesis ...
INFO-FLOW: Synthesizing C/C++ design ...
INFO: [HLS 200-10] Synthesizing 'shift_register' ...
Execute       ap_set_top_model shift_register 
Execute       get_model_list shift_register -filter all-wo-channel -topdown 
Execute       preproc_iomode -model shift_register 
Execute       get_model_list shift_register -filter all-wo-channel 
INFO-FLOW: Model list for configure: shift_register
INFO-FLOW: Configuring Module : shift_register ...
Execute       set_default_model shift_register 
Execute       apply_spec_resource_limit shift_register 
INFO-FLOW: Model list for preprocess: shift_register
INFO-FLOW: Preprocessing Module: shift_register ...
Execute       set_default_model shift_register 
Execute       cdfg_preprocess -model shift_register 
Execute       rtl_gen_preprocess shift_register 
INFO-FLOW: Model list for synthesis: shift_register
INFO: [HLS 200-10] ----------------------------------------------------------------
INFO: [HLS 200-42] -- Implementing module 'shift_register' 
INFO: [HLS 200-10] ----------------------------------------------------------------
Execute       set_default_model shift_register 
Execute       schedule -model shift_register 
INFO: [SCHED 204-11] Starting scheduling ...
INFO: [SCHED 204-11] Finished scheduling.
Command       schedule done; 0.178 sec.
INFO: [HLS 200-111] Finished Scheduling: CPU user time: 0 seconds. CPU system time: 0 seconds. Elapsed time: 0.334 seconds; current allocated memory: 142.547 MB.
Execute       syn_report -verbosereport -o C:/Users/velic/AppData/Roaming/Xilinx/Vitis/project_25/solution1/.autopilot/db/shift_register.verbose.sched.rpt 
Execute         AP::get_flow_target_display_name
Command       syn_report done; 0.181 sec.
Execute       db_write -o C:/Users/velic/AppData/Roaming/Xilinx/Vitis/project_25/solution1/.autopilot/db/shift_register.sched.adb -f 
INFO-FLOW: Finish scheduling shift_register.
Execute       set_default_model shift_register 
Execute       bind -model shift_register 
INFO: [BIND 205-100] Starting micro-architecture generation ...
INFO: [BIND 205-101] Performing variable lifetime analysis.
INFO: [BIND 205-101] Exploring resource sharing.
INFO: [BIND 205-101] Binding ...
INFO: [BIND 205-100] Finished micro-architecture generation.
Command       bind done; 0.123 sec.
INFO: [HLS 200-111] Finished Binding: CPU user time: 1 seconds. CPU system time: 0 seconds. Elapsed time: 0.337 seconds; current allocated memory: 143.977 MB.
Execute       syn_report -verbosereport -o C:/Users/velic/AppData/Roaming/Xilinx/Vitis/project_25/solution1/.autopilot/db/shift_register.verbose.bind.rpt 
Execute         AP::get_flow_target_display_name
Command       syn_report done; 0.233 sec.
Execute       db_write -o C:/Users/velic/AppData/Roaming/Xilinx/Vitis/project_25/solution1/.autopilot/db/shift_register.bind.adb -f 
INFO-FLOW: Finish binding shift_register.
Execute       get_model_list shift_register -filter all-wo-channel 
INFO-FLOW: Preprocessing for RTLGen ...
Execute       rtl_gen_preprocess shift_register 
INFO-FLOW: Model list for RTL generation: shift_register
INFO: [HLS 200-10] ----------------------------------------------------------------
INFO: [HLS 200-10] -- Generating RTL for module 'shift_register' 
INFO: [HLS 200-10] ----------------------------------------------------------------
Execute       create_rtl_model shift_register -top_prefix  -sub_prefix shift_register_ -mg_file C:/Users/velic/AppData/Roaming/Xilinx/Vitis/project_25/solution1/.autopilot/db/shift_register.compgen.tcl 
WARNING: [RTGEN 206-101] Design contains AXI ports. Reset is fixed to synchronous and active low.
INFO: [RTGEN 206-500] Setting interface mode on port 'shift_register/data_in' to 'axis' (register, both mode).
INFO: [RTGEN 206-500] Setting interface mode on port 'shift_register/shift_value' to 'ap_none'.
INFO: [RTGEN 206-500] Setting interface mode on port 'shift_register/shift_flag' to 'ap_none'.
INFO: [RTGEN 206-500] Setting interface mode on port 'shift_register/data_out' to 'axis' (register, both mode).
INFO: [RTGEN 206-500] Setting interface mode on function 'shift_register' to 'ap_ctrl_hs'.
INFO: [RTGEN 206-100] Generating core module 'mux_164_16_1_1': 32 instance(s).
INFO: [RTGEN 206-100] Finished creating RTL model for 'shift_register'.
Command       create_rtl_model done; 0.207 sec.
INFO: [HLS 200-111] Finished Creating RTL model: CPU user time: 0 seconds. CPU system time: 0 seconds. Elapsed time: 0.49 seconds; current allocated memory: 148.457 MB.
Execute       source C:/Users/velic/AppData/Roaming/Xilinx/Vitis/project_25/solution1/.autopilot/db/shift_register.rtl_wrap.cfg.tcl 
Execute       gen_rtl shift_register -istop -style xilinx -f -lang vhdl -o C:/Users/velic/AppData/Roaming/Xilinx/Vitis/project_25/solution1/syn/vhdl/shift_register 
Command       gen_rtl done; 0.14 sec.
Execute       gen_rtl shift_register -istop -style xilinx -f -lang vlog -o C:/Users/velic/AppData/Roaming/Xilinx/Vitis/project_25/solution1/syn/verilog/shift_register 
Execute       syn_report -csynth -model shift_register -o C:/Users/velic/AppData/Roaming/Xilinx/Vitis/project_25/solution1/syn/report/shift_register_csynth.rpt 
Execute         AP::get_flow_target_display_name
Execute       syn_report -rtlxml -model shift_register -o C:/Users/velic/AppData/Roaming/Xilinx/Vitis/project_25/solution1/syn/report/shift_register_csynth.xml 
Execute       syn_report -verbosereport -model shift_register -o C:/Users/velic/AppData/Roaming/Xilinx/Vitis/project_25/solution1/.autopilot/db/shift_register.verbose.rpt 
Execute         AP::get_flow_target_display_name
Command       syn_report done; 0.303 sec.
Execute       db_write -model shift_register -f -o C:/Users/velic/AppData/Roaming/Xilinx/Vitis/project_25/solution1/.autopilot/db/shift_register.adb 
Command       db_write done; 0.172 sec.
Execute       db_write -model shift_register -bindview -o C:/Users/velic/AppData/Roaming/Xilinx/Vitis/project_25/solution1/.autopilot/db/design.bindinfo.xml 
Execute       gen_tb_info shift_register -p C:/Users/velic/AppData/Roaming/Xilinx/Vitis/project_25/solution1/.autopilot/db -o C:/Users/velic/AppData/Roaming/Xilinx/Vitis/project_25/solution1/.autopilot/db/shift_register 
Execute       export_constraint_db -f -tool general -o C:/Users/velic/AppData/Roaming/Xilinx/Vitis/project_25/solution1/.autopilot/db/shift_register.constraint.tcl 
Execute       syn_report -designview -model shift_register -o C:/Users/velic/AppData/Roaming/Xilinx/Vitis/project_25/solution1/.autopilot/db/shift_register.design.xml 
Command       syn_report done; 0.107 sec.
Execute       syn_report -csynthDesign -model shift_register -o C:/Users/velic/AppData/Roaming/Xilinx/Vitis/project_25/solution1/syn/report/csynth.rpt 
Execute         AP::get_flow_target_display_name
Execute       syn_report -wcfg -model shift_register -o C:/Users/velic/AppData/Roaming/Xilinx/Vitis/project_25/solution1/.autopilot/db/shift_register_dataflow_ana.wcfg 
Execute       syn_report -protoinst -model shift_register -o C:/Users/velic/AppData/Roaming/Xilinx/Vitis/project_25/solution1/.autopilot/db/shift_register.protoinst 
Execute       sc_get_clocks shift_register 
Execute       sc_get_portdomain shift_register 
INFO-FLOW: Model list for RTL component generation: shift_register
INFO-FLOW: Handling components in module [shift_register] ... 
Execute       source C:/Users/velic/AppData/Roaming/Xilinx/Vitis/project_25/solution1/.autopilot/db/shift_register.compgen.tcl 
INFO-FLOW: Found component shift_register_mux_164_16_1_1.
INFO-FLOW: Append model shift_register_mux_164_16_1_1
INFO-FLOW: Found component shift_register_regslice_both.
INFO-FLOW: Append model shift_register_regslice_both
INFO-FLOW: Found component shift_register_regslice_both.
INFO-FLOW: Append model shift_register_regslice_both
INFO-FLOW: Append model shift_register
INFO-FLOW: Generating RTL model list ...
INFO-FLOW: All models in this session: shift_register_mux_164_16_1_1 shift_register_regslice_both shift_register_regslice_both shift_register
INFO-FLOW: Generating C:/Users/velic/AppData/Roaming/Xilinx/Vitis/project_25/solution1/.autopilot/db/autopilot.rtl.models.txt file...
INFO-FLOW: To file: write model shift_register_mux_164_16_1_1
INFO-FLOW: To file: write model shift_register_regslice_both
INFO-FLOW: To file: write model shift_register_regslice_both
INFO-FLOW: To file: write model shift_register
INFO-FLOW: Generating C:/Users/velic/AppData/Roaming/Xilinx/Vitis/project_25/solution1/.autopilot/db/autopilot.rtl.models.tcl file...
INFO-FLOW: Finished generating RTL model list.


INFO-FLOW: RTL Generation done.
INFO-FLOW: CAS Generation done.
INFO-FLOW: CBC Generation done.
INFO-FLOW: DBG:PROC: ::AESL_AUTOMG::auto_generate_csynth_design
INFO-FLOW: DBG:PUTS: read_platform_lib C:/Users/velic/AppData/Roaming/Xilinx/Vitis/project_25/solution1/.autopilot/db/global.setting.tcl
Execute       source C:/Xilinx/Vitis_HLS/2022.2/common/technology/generic/autopilot/common.gen 
Execute         source C:/Xilinx/Vitis_HLS/2022.2/common/technology/generic/autopilot/APCoreGen.gen 
Execute       source C:/Xilinx/Vitis_HLS/2022.2/common/technology/generic/autopilot/op.gen 
Execute       source C:/Xilinx/Vitis_HLS/2022.2/common/technology/generic/autopilot/op_simcore.gen 
Execute       source C:/Xilinx/Vitis_HLS/2022.2/common/technology/generic/autopilot/interface.gen 
Execute       source C:/Users/velic/AppData/Roaming/Xilinx/Vitis/project_25/solution1/.autopilot/db/global.setting.tcl 
Execute       source C:/Xilinx/Vitis_HLS/2022.2/common/technology/xilinx/common/xilinx.gen 
Execute         source C:/Xilinx/Vitis_HLS/2022.2/common/technology/xilinx/interface/plb46.gen 
Execute         source C:/Xilinx/Vitis_HLS/2022.2/common/technology/xilinx/interface/axi4.gen 
Execute         source C:/Xilinx/Vitis_HLS/2022.2/common/technology/xilinx/interface/nativeAXI4.gen 
Execute           source C:/Xilinx/Vitis_HLS/2022.2/common/technology/xilinx/interface/saxilite.gen 
Execute         source C:/Xilinx/Vitis_HLS/2022.2/common/technology/xilinx/scripts/xilinxcoregen.gen 
Execute         source C:/Xilinx/Vitis_HLS/2022.2/common/technology/xilinx/interface/XilEDKCoreGen.gen 
Execute         source C:/Xilinx/Vitis_HLS/2022.2/common/technology/xilinx/ip/dds_compiler.gen 
Execute         source C:/Xilinx/Vitis_HLS/2022.2/common/technology/xilinx/ip/util.gen 
Execute         source C:/Xilinx/Vitis_HLS/2022.2/common/technology/xilinx/ip/xfft.gen 
Command         ap_source done; 0.107 sec.
Execute         source C:/Xilinx/Vitis_HLS/2022.2/common/technology/xilinx/ip/xfir.gen 
Execute         source C:/Xilinx/Vitis_HLS/2022.2/common/technology/xilinx/DSP48/dsp48.gen 
Command       ap_source done; 0.143 sec.
INFO-FLOW: DBG:PUTS:   using AESL_AUTOCG::g_clock_period=10.000 (was NA)
INFO-FLOW: DBG:PROC: ::AESL_AUTOMG::generate_ip_cores gen_sim_model='1' gen_fp_models='0' gen_for_export='0' dstSCDir='' dstVhdlDir='C:/Users/velic/AppData/Roaming/Xilinx/Vitis/project_25/solution1/.autopilot/db/vhdl' dstVlogDir='C:/Users/velic/AppData/Roaming/Xilinx/Vitis/project_25/solution1/.autopilot/db/vlog' tclDir='C:/Users/velic/AppData/Roaming/Xilinx/Vitis/project_25/solution1/.autopilot/db' modelList='shift_register_mux_164_16_1_1
shift_register_regslice_both
shift_register_regslice_both
shift_register
' expOnly='0'
Execute       source C:/Users/velic/AppData/Roaming/Xilinx/Vitis/project_25/solution1/.autopilot/db/global.setting.tcl 
Execute       ap_part_info -name xc7z020-clg484-1 -data names -quiet 
Execute       ap_part_info -name xc7z020-clg484-1 -data info -quiet 
Execute       source C:/Users/velic/AppData/Roaming/Xilinx/Vitis/project_25/solution1/.autopilot/db/global.setting.tcl 
Execute       source C:/Users/velic/AppData/Roaming/Xilinx/Vitis/project_25/solution1/.autopilot/db/global.setting.tcl 
Execute       source C:/Users/velic/AppData/Roaming/Xilinx/Vitis/project_25/solution1/.autopilot/db/shift_register.compgen.tcl 
Execute         ap_part_info -name xc7z020-clg484-1 -data names -quiet 
Execute         ap_part_info -name xc7z020-clg484-1 -data info -quiet 
INFO: [HLS 200-111] Finished Generating all RTL models: CPU user time: 1 seconds. CPU system time: 0 seconds. Elapsed time: 1.506 seconds; current allocated memory: 155.719 MB.
INFO-FLOW: DBG:PROC: ::HLSREPORTS::create_csynth_xml bind_info_var='bind_info' RtlSubPrefix='shift_register_' outfile=''
INFO-FLOW: Running: create_csynth_xml read xml data
INFO-FLOW: Done: create_csynth_xml read xml data time: 0 seconds per iteration
INFO-FLOW: Running: create_csynth_xml bind info
INFO-FLOW: Done: create_csynth_xml bind info time: 0 seconds per iteration
INFO-FLOW: Running: create_csynth_xml config info
INFO-FLOW: Done: create_csynth_xml config info time: 0.3 seconds per iteration
INFO-FLOW: Running: create_csynth_xml write xml
INFO-FLOW: Done: create_csynth_xml write xml time: 0 seconds per iteration
INFO-FLOW: DBG:PUTS:      create_csynth_xml wrote csynth_xml=C:/Users/velic/AppData/Roaming/Xilinx/Vitis/project_25/solution1/syn/report/csynth.xml
INFO-FLOW: DBG:PROC: ::AP::DESIGN_DATA::generate_json generate_bd_files='0' generate_xo_files='0' modelList='shift_register_mux_164_16_1_1
shift_register_regslice_both
shift_register_regslice_both
shift_register
' rtl_lang='both' bootstrap_tcl='false' outdir='' outfilename=''
Execute       source C:/Users/velic/AppData/Roaming/Xilinx/Vitis/project_25/solution1/.autopilot/db/global.setting.tcl 
Execute       source C:/Users/velic/AppData/Roaming/Xilinx/Vitis/project_25/solution1/.autopilot/db/global.setting.tcl 
Execute       source C:/Users/velic/AppData/Roaming/Xilinx/Vitis/project_25/solution1/.autopilot/db/top-io-be.tcl 
Execute       source C:/Users/velic/AppData/Roaming/Xilinx/Vitis/project_25/solution1/.autopilot/db/shift_register.tbgen.tcl 
Execute       source C:/Users/velic/AppData/Roaming/Xilinx/Vitis/project_25/solution1/.autopilot/db/shift_register.rtl_wrap.cfg.tcl 
Execute       source C:/Users/velic/AppData/Roaming/Xilinx/Vitis/project_25/solution1/.autopilot/db/shift_register.compgen.dataonly.tcl 
Execute       source C:/Users/velic/AppData/Roaming/Xilinx/Vitis/project_25/solution1/.autopilot/db/shift_register.tbgen.tcl 
Execute       source C:/Users/velic/AppData/Roaming/Xilinx/Vitis/project_25/solution1/.autopilot/db/global.setting.tcl 
Execute       ap_part_info -name xc7z020-clg484-1 -data names -quiet 
Execute       ap_part_info -name xc7z020-clg484-1 -data info -quiet 
Execute       source C:/Users/velic/AppData/Roaming/Xilinx/Vitis/project_25/solution1/.autopilot/db/shift_register.constraint.tcl 
Execute       sc_get_clocks shift_register 
Execute       source C:/Users/velic/AppData/Roaming/Xilinx/Vitis/project_25/solution1/.autopilot/db/global.setting.tcl 
INFO-FLOW: DBG:PROC: ::HLSREPORTS::add_csynth_report_sections bind_info_dict='adapter_nodes {} report_dict {TOPINST shift_register MODULE2INSTS {shift_register shift_register} INST2MODULE {shift_register shift_register} INSTDATA {shift_register {DEPTH 1 CHILDREN {}}} MODULEDATA {shift_register {BINDINFO {{BINDTYPE op ID {} IMPL fabric LATENCY 0 OPTYPE sub PRAGMA {} RTLNAME tmp_fu_107_p17 SOURCE ../../../../OneDrive/Desktop/vitis/shift_reg.cpp:26 VARIABLE sub_ln26 LOOP {} BUNDLEDNAME {} DSP 0 BRAM 0 URAM 0 DISPNAME {bind_op sub}} {BINDTYPE op ID {} IMPL fabric LATENCY 0 OPTYPE sub PRAGMA {} RTLNAME tmp_1_fu_136_p17 SOURCE ../../../../OneDrive/Desktop/vitis/shift_reg.cpp:26 VARIABLE sub_ln26_1 LOOP {} BUNDLEDNAME {} DSP 0 BRAM 0 URAM 0 DISPNAME {bind_op sub}} {BINDTYPE op ID {} IMPL fabric LATENCY 0 OPTYPE sub PRAGMA {} RTLNAME tmp_2_fu_165_p17 SOURCE ../../../../OneDrive/Desktop/vitis/shift_reg.cpp:26 VARIABLE sub_ln26_2 LOOP {} BUNDLEDNAME {} DSP 0 BRAM 0 URAM 0 DISPNAME {bind_op sub}} {BINDTYPE op ID {} IMPL fabric LATENCY 0 OPTYPE sub PRAGMA {} RTLNAME tmp_3_fu_194_p17 SOURCE ../../../../OneDrive/Desktop/vitis/shift_reg.cpp:26 VARIABLE sub_ln26_3 LOOP {} BUNDLEDNAME {} DSP 0 BRAM 0 URAM 0 DISPNAME {bind_op sub}} {BINDTYPE op ID {} IMPL fabric LATENCY 0 OPTYPE sub PRAGMA {} RTLNAME tmp_4_fu_223_p17 SOURCE ../../../../OneDrive/Desktop/vitis/shift_reg.cpp:26 VARIABLE sub_ln26_4 LOOP {} BUNDLEDNAME {} DSP 0 BRAM 0 URAM 0 DISPNAME {bind_op sub}} {BINDTYPE op ID {} IMPL fabric LATENCY 0 OPTYPE sub PRAGMA {} RTLNAME tmp_5_fu_252_p17 SOURCE ../../../../OneDrive/Desktop/vitis/shift_reg.cpp:26 VARIABLE sub_ln26_5 LOOP {} BUNDLEDNAME {} DSP 0 BRAM 0 URAM 0 DISPNAME {bind_op sub}} {BINDTYPE op ID {} IMPL fabric LATENCY 0 OPTYPE sub PRAGMA {} RTLNAME tmp_6_fu_281_p17 SOURCE ../../../../OneDrive/Desktop/vitis/shift_reg.cpp:26 VARIABLE sub_ln26_6 LOOP {} BUNDLEDNAME {} DSP 0 BRAM 0 URAM 0 DISPNAME {bind_op sub}} {BINDTYPE op ID {} IMPL fabric LATENCY 0 OPTYPE sub PRAGMA {} RTLNAME tmp_7_fu_310_p17 SOURCE ../../../../OneDrive/Desktop/vitis/shift_reg.cpp:26 VARIABLE sub_ln26_7 LOOP {} BUNDLEDNAME {} DSP 0 BRAM 0 URAM 0 DISPNAME {bind_op sub}} {BINDTYPE op ID {} IMPL fabric LATENCY 0 OPTYPE sub PRAGMA {} RTLNAME tmp_8_fu_339_p17 SOURCE ../../../../OneDrive/Desktop/vitis/shift_reg.cpp:26 VARIABLE sub_ln26_8 LOOP {} BUNDLEDNAME {} DSP 0 BRAM 0 URAM 0 DISPNAME {bind_op sub}} {BINDTYPE op ID {} IMPL fabric LATENCY 0 OPTYPE sub PRAGMA {} RTLNAME tmp_9_fu_368_p17 SOURCE ../../../../OneDrive/Desktop/vitis/shift_reg.cpp:26 VARIABLE sub_ln26_9 LOOP {} BUNDLEDNAME {} DSP 0 BRAM 0 URAM 0 DISPNAME {bind_op sub}} {BINDTYPE op ID {} IMPL fabric LATENCY 0 OPTYPE sub PRAGMA {} RTLNAME tmp_s_fu_397_p17 SOURCE ../../../../OneDrive/Desktop/vitis/shift_reg.cpp:26 VARIABLE sub_ln26_10 LOOP {} BUNDLEDNAME {} DSP 0 BRAM 0 URAM 0 DISPNAME {bind_op sub}} {BINDTYPE op ID {} IMPL fabric LATENCY 0 OPTYPE sub PRAGMA {} RTLNAME tmp_10_fu_426_p17 SOURCE ../../../../OneDrive/Desktop/vitis/shift_reg.cpp:26 VARIABLE sub_ln26_11 LOOP {} BUNDLEDNAME {} DSP 0 BRAM 0 URAM 0 DISPNAME {bind_op sub}} {BINDTYPE op ID {} IMPL fabric LATENCY 0 OPTYPE sub PRAGMA {} RTLNAME tmp_11_fu_455_p17 SOURCE ../../../../OneDrive/Desktop/vitis/shift_reg.cpp:26 VARIABLE sub_ln26_12 LOOP {} BUNDLEDNAME {} DSP 0 BRAM 0 URAM 0 DISPNAME {bind_op sub}} {BINDTYPE op ID {} IMPL fabric LATENCY 0 OPTYPE sub PRAGMA {} RTLNAME tmp_12_fu_484_p17 SOURCE ../../../../OneDrive/Desktop/vitis/shift_reg.cpp:26 VARIABLE sub_ln26_13 LOOP {} BUNDLEDNAME {} DSP 0 BRAM 0 URAM 0 DISPNAME {bind_op sub}} {BINDTYPE op ID {} IMPL fabric LATENCY 0 OPTYPE sub PRAGMA {} RTLNAME tmp_13_fu_513_p17 SOURCE ../../../../OneDrive/Desktop/vitis/shift_reg.cpp:26 VARIABLE sub_ln26_14 LOOP {} BUNDLEDNAME {} DSP 0 BRAM 0 URAM 0 DISPNAME {bind_op sub}} {BINDTYPE op ID {} IMPL fabric LATENCY 0 OPTYPE add PRAGMA {} RTLNAME tmp_16_fu_594_p17 SOURCE ../../../../OneDrive/Desktop/vitis/shift_reg.cpp:37 VARIABLE add_ln37 LOOP {} BUNDLEDNAME {} DSP 0 BRAM 0 URAM 0 DISPNAME {bind_op add}} {BINDTYPE op ID {} IMPL fabric LATENCY 0 OPTYPE add PRAGMA {} RTLNAME tmp_17_fu_623_p17 SOURCE ../../../../OneDrive/Desktop/vitis/shift_reg.cpp:37 VARIABLE add_ln37_1 LOOP {} BUNDLEDNAME {} DSP 0 BRAM 0 URAM 0 DISPNAME {bind_op add}} {BINDTYPE op ID {} IMPL fabric LATENCY 0 OPTYPE add PRAGMA {} RTLNAME tmp_18_fu_652_p17 SOURCE ../../../../OneDrive/Desktop/vitis/shift_reg.cpp:37 VARIABLE add_ln37_2 LOOP {} BUNDLEDNAME {} DSP 0 BRAM 0 URAM 0 DISPNAME {bind_op add}} {BINDTYPE op ID {} IMPL fabric LATENCY 0 OPTYPE add PRAGMA {} RTLNAME tmp_19_fu_681_p17 SOURCE ../../../../OneDrive/Desktop/vitis/shift_reg.cpp:37 VARIABLE add_ln37_3 LOOP {} BUNDLEDNAME {} DSP 0 BRAM 0 URAM 0 DISPNAME {bind_op add}} {BINDTYPE op ID {} IMPL fabric LATENCY 0 OPTYPE add PRAGMA {} RTLNAME tmp_20_fu_710_p17 SOURCE ../../../../OneDrive/Desktop/vitis/shift_reg.cpp:37 VARIABLE add_ln37_4 LOOP {} BUNDLEDNAME {} DSP 0 BRAM 0 URAM 0 DISPNAME {bind_op add}} {BINDTYPE op ID {} IMPL fabric LATENCY 0 OPTYPE add PRAGMA {} RTLNAME tmp_21_fu_739_p17 SOURCE ../../../../OneDrive/Desktop/vitis/shift_reg.cpp:37 VARIABLE add_ln37_5 LOOP {} BUNDLEDNAME {} DSP 0 BRAM 0 URAM 0 DISPNAME {bind_op add}} {BINDTYPE op ID {} IMPL fabric LATENCY 0 OPTYPE add PRAGMA {} RTLNAME tmp_22_fu_768_p17 SOURCE ../../../../OneDrive/Desktop/vitis/shift_reg.cpp:37 VARIABLE add_ln37_6 LOOP {} BUNDLEDNAME {} DSP 0 BRAM 0 URAM 0 DISPNAME {bind_op add}} {BINDTYPE op ID {} IMPL fabric LATENCY 0 OPTYPE add PRAGMA {} RTLNAME tmp_24_fu_826_p17 SOURCE ../../../../OneDrive/Desktop/vitis/shift_reg.cpp:37 VARIABLE add_ln37_7 LOOP {} BUNDLEDNAME {} DSP 0 BRAM 0 URAM 0 DISPNAME {bind_op add}} {BINDTYPE op ID {} IMPL fabric LATENCY 0 OPTYPE add PRAGMA {} RTLNAME tmp_25_fu_855_p17 SOURCE ../../../../OneDrive/Desktop/vitis/shift_reg.cpp:37 VARIABLE add_ln37_8 LOOP {} BUNDLEDNAME {} DSP 0 BRAM 0 URAM 0 DISPNAME {bind_op add}} {BINDTYPE op ID {} IMPL fabric LATENCY 0 OPTYPE add PRAGMA {} RTLNAME tmp_26_fu_884_p17 SOURCE ../../../../OneDrive/Desktop/vitis/shift_reg.cpp:37 VARIABLE add_ln37_9 LOOP {} BUNDLEDNAME {} DSP 0 BRAM 0 URAM 0 DISPNAME {bind_op add}} {BINDTYPE op ID {} IMPL fabric LATENCY 0 OPTYPE add PRAGMA {} RTLNAME tmp_27_fu_913_p17 SOURCE ../../../../OneDrive/Desktop/vitis/shift_reg.cpp:37 VARIABLE add_ln37_10 LOOP {} BUNDLEDNAME {} DSP 0 BRAM 0 URAM 0 DISPNAME {bind_op add}} {BINDTYPE op ID {} IMPL fabric LATENCY 0 OPTYPE add PRAGMA {} RTLNAME tmp_28_fu_942_p17 SOURCE ../../../../OneDrive/Desktop/vitis/shift_reg.cpp:37 VARIABLE add_ln37_11 LOOP {} BUNDLEDNAME {} DSP 0 BRAM 0 URAM 0 DISPNAME {bind_op add}} {BINDTYPE op ID {} IMPL fabric LATENCY 0 OPTYPE add PRAGMA {} RTLNAME tmp_29_fu_971_p17 SOURCE ../../../../OneDrive/Desktop/vitis/shift_reg.cpp:37 VARIABLE add_ln37_12 LOOP {} BUNDLEDNAME {} DSP 0 BRAM 0 URAM 0 DISPNAME {bind_op add}} {BINDTYPE op ID {} IMPL fabric LATENCY 0 OPTYPE add PRAGMA {} RTLNAME tmp_30_fu_1000_p17 SOURCE ../../../../OneDrive/Desktop/vitis/shift_reg.cpp:37 VARIABLE add_ln37_13 LOOP {} BUNDLEDNAME {} DSP 0 BRAM 0 URAM 0 DISPNAME {bind_op add}}} AREA {DSP 0 BRAM 0 URAM 0}}}}'
INFO-FLOW: DBG:PUTS:      update_csynth_reports json2rpt_hw_sw_interfaces
INFO-FLOW: Running: gen_csynth_sec_pragma
INFO-FLOW: Done: gen_csynth_sec_pragma time: 0 seconds per iteration
INFO-FLOW: DBG:PUTS:      update_csynth_reports wrote xml
INFO-FLOW: DBG:PUTS:      update_csynth_reports appended to csynth rpt file
INFO: [HLS 200-111] Finished Updating report files: CPU user time: 0 seconds. CPU system time: 1 seconds. Elapsed time: 0.595 seconds; current allocated memory: 159.254 MB.
INFO: [VHDL 208-304] Generating VHDL RTL for shift_register.
INFO: [VLOG 209-307] Generating Verilog RTL for shift_register.
Execute       syn_report -model shift_register -printsummary 
INFO: [HLS 200-789] **** Estimated Fmax: 217.20 MHz
Command     autosyn done; 3.147 sec.
Command   csynth_design done; 14.943 sec.
INFO: [HLS 200-111] Finished Command csynth_design CPU user time: 3 seconds. CPU system time: 2 seconds. Elapsed time: 14.943 seconds; current allocated memory: 57.191 MB.
Command ap_source done; 26.945 sec.
Execute cleanup_all 
INFO-FLOW: Workspace C:/Users/velic/AppData/Roaming/Xilinx/Vitis/project_25/solution1 opened at Thu Apr 06 11:27:12 +0530 2023
Execute     ap_set_clock -name default -period 10 -default=false 
INFO: [SYN 201-201] Setting up clock 'default' with a period of 10ns.
Execute     set_part xc7z020-clg484-1 
Execute       create_platform xc7z020-clg484-1 -board  
DBG:HLSDevice: Trying to load device library: C:/Xilinx/Vitis_HLS/2022.2\lib\win64.o\xv_hlsvwrap.dll
DBG:HLSDevice: first parts/arch.xml in RDI_DATADIR: C:/Xilinx/Vivado/2022.2/data/parts/arch.xml
DBG:HLSDevice: init success
INFO: [HLS 200-1611] Setting target device to 'xc7z020-clg484-1'
Command       create_platform done; 1.084 sec.
Execute       source C:/Xilinx/Vitis_HLS/2022.2/common/technology/xilinx/common/xilinx.gen 
Execute         source C:/Xilinx/Vitis_HLS/2022.2/common/technology/xilinx/interface/plb46.gen 
Execute         source C:/Xilinx/Vitis_HLS/2022.2/common/technology/xilinx/interface/axi4.gen 
Execute         source C:/Xilinx/Vitis_HLS/2022.2/common/technology/xilinx/interface/nativeAXI4.gen 
Execute           source C:/Xilinx/Vitis_HLS/2022.2/common/technology/xilinx/interface/saxilite.gen 
Execute         source C:/Xilinx/Vitis_HLS/2022.2/common/technology/xilinx/scripts/xilinxcoregen.gen 
Execute         source C:/Xilinx/Vitis_HLS/2022.2/common/technology/xilinx/interface/XilEDKCoreGen.gen 
Execute         source C:/Xilinx/Vitis_HLS/2022.2/common/technology/xilinx/ip/dds_compiler.gen 
Execute         source C:/Xilinx/Vitis_HLS/2022.2/common/technology/xilinx/ip/util.gen 
Execute         source C:/Xilinx/Vitis_HLS/2022.2/common/technology/xilinx/ip/xfft.gen 
Command         ap_source done; 0.114 sec.
Execute         source C:/Xilinx/Vitis_HLS/2022.2/common/technology/xilinx/ip/xfir.gen 
Execute         source C:/Xilinx/Vitis_HLS/2022.2/common/technology/xilinx/DSP48/dsp48.gen 
Command       ap_source done; 0.153 sec.
Execute       ap_part_info -name xc7z020-clg484-1 -data info 
Execute       config_compile -quiet -complex-mul-dsp=0 
Command     set_part done; 1.258 sec.
Execute     send_msg_by_id INFO @200-1505@%s%s  vivado 
INFO: [HLS 200-1505] Using flow_target 'vivado'
Command   open_solution done; 1.413 sec.
Execute   set_part xc7z020-clg484-1 
INFO: [HLS 200-1510] Running: set_part xc7z020-clg484-1 
Execute     create_platform xc7z020-clg484-1 -board  
Execute     source C:/Xilinx/Vitis_HLS/2022.2/common/technology/xilinx/common/xilinx.gen 
Execute       source C:/Xilinx/Vitis_HLS/2022.2/common/technology/xilinx/interface/plb46.gen 
Execute       source C:/Xilinx/Vitis_HLS/2022.2/common/technology/xilinx/interface/axi4.gen 
Execute       source C:/Xilinx/Vitis_HLS/2022.2/common/technology/xilinx/interface/nativeAXI4.gen 
Execute         source C:/Xilinx/Vitis_HLS/2022.2/common/technology/xilinx/interface/saxilite.gen 
Execute       source C:/Xilinx/Vitis_HLS/2022.2/common/technology/xilinx/scripts/xilinxcoregen.gen 
Execute       source C:/Xilinx/Vitis_HLS/2022.2/common/technology/xilinx/interface/XilEDKCoreGen.gen 
Execute       source C:/Xilinx/Vitis_HLS/2022.2/common/technology/xilinx/ip/dds_compiler.gen 
Execute       source C:/Xilinx/Vitis_HLS/2022.2/common/technology/xilinx/ip/util.gen 
Execute       source C:/Xilinx/Vitis_HLS/2022.2/common/technology/xilinx/ip/xfft.gen 
Command       ap_source done; 0.111 sec.
Execute       source C:/Xilinx/Vitis_HLS/2022.2/common/technology/xilinx/ip/xfir.gen 
Execute       source C:/Xilinx/Vitis_HLS/2022.2/common/technology/xilinx/DSP48/dsp48.gen 
Command     ap_source done; 0.148 sec.
Execute     ap_part_info -name xc7z020-clg484-1 -data info 
Execute     config_compile -quiet -complex-mul-dsp=0 
Command   set_part done; 0.183 sec.
Execute   create_clock -period 10 -name default 
INFO: [HLS 200-1510] Running: create_clock -period 10 -name default 
Execute   source ./project_25/solution1/directives.tcl 
INFO: [HLS 200-1510] Running: source ./project_25/solution1/directives.tcl
Execute     set_directive_pipeline shift_register/shift_register_label0 
INFO: [HLS 200-1510] Running: set_directive_pipeline shift_register/shift_register_label0 
Execute     set_directive_top -name shift_register shift_register 
INFO: [HLS 200-1510] Running: set_directive_top -name shift_register shift_register 
Execute   cosim_design 
INFO: [HLS 200-1510] Running: cosim_design 
Execute     source C:/Users/velic/AppData/Roaming/Xilinx/Vitis/project_25/solution1/.autopilot/db/global.setting.tcl 
Execute     source C:/Users/velic/AppData/Roaming/Xilinx/Vitis/project_25/solution1/.autopilot/db/global.setting.tcl 
Execute     source C:/Users/velic/AppData/Roaming/Xilinx/Vitis/project_25/solution1/.autopilot/db/global.setting.tcl 
INFO-FLOW: DBG:PUTS: read_platform_lib C:/Users/velic/AppData/Roaming/Xilinx/Vitis/project_25/solution1/.autopilot/db/global.setting.tcl
Execute     source C:/Xilinx/Vitis_HLS/2022.2/common/technology/generic/autopilot/common.gen 
Execute       source C:/Xilinx/Vitis_HLS/2022.2/common/technology/generic/autopilot/APCoreGen.gen 
Execute     source C:/Xilinx/Vitis_HLS/2022.2/common/technology/generic/autopilot/op.gen 
Execute     source C:/Xilinx/Vitis_HLS/2022.2/common/technology/generic/autopilot/op_simcore.gen 
Execute     source C:/Xilinx/Vitis_HLS/2022.2/common/technology/generic/autopilot/interface.gen 
Execute     source C:/Users/velic/AppData/Roaming/Xilinx/Vitis/project_25/solution1/.autopilot/db/global.setting.tcl 
Execute     source C:/Xilinx/Vitis_HLS/2022.2/common/technology/xilinx/common/xilinx.gen 
Execute       source C:/Xilinx/Vitis_HLS/2022.2/common/technology/xilinx/interface/plb46.gen 
Execute       source C:/Xilinx/Vitis_HLS/2022.2/common/technology/xilinx/interface/axi4.gen 
Execute       source C:/Xilinx/Vitis_HLS/2022.2/common/technology/xilinx/interface/nativeAXI4.gen 
Execute         source C:/Xilinx/Vitis_HLS/2022.2/common/technology/xilinx/interface/saxilite.gen 
Execute       source C:/Xilinx/Vitis_HLS/2022.2/common/technology/xilinx/scripts/xilinxcoregen.gen 
Execute       source C:/Xilinx/Vitis_HLS/2022.2/common/technology/xilinx/interface/XilEDKCoreGen.gen 
Execute       source C:/Xilinx/Vitis_HLS/2022.2/common/technology/xilinx/ip/dds_compiler.gen 
Execute       source C:/Xilinx/Vitis_HLS/2022.2/common/technology/xilinx/ip/util.gen 
Execute       source C:/Xilinx/Vitis_HLS/2022.2/common/technology/xilinx/ip/xfft.gen 
Command       ap_source done; 0.104 sec.
Execute       source C:/Xilinx/Vitis_HLS/2022.2/common/technology/xilinx/ip/xfir.gen 
Execute       source C:/Xilinx/Vitis_HLS/2022.2/common/technology/xilinx/DSP48/dsp48.gen 
Command     ap_source done; 0.144 sec.
INFO-FLOW: DBG:PUTS:   using AESL_AUTOCG::g_clock_period=10.000 (was NA)
Execute     ap_part_info -name xc7z020-clg484-1 -data names -quiet 
Execute     ap_part_info -name xc7z020-clg484-1 -data info -quiet 
Execute     source C:/Users/velic/AppData/Roaming/Xilinx/Vitis/project_25/solution1/.autopilot/db/global.setting.tcl 
Execute     source C:/Users/velic/AppData/Roaming/Xilinx/Vitis/project_25/solution1/.autopilot/db/shift_register.rtl_wrap.cfg.tcl 
Execute     source C:/Users/velic/AppData/Roaming/Xilinx/Vitis/project_25/solution1/.autopilot/db/shift_register.tbgen.tcl 
Execute     source C:/Users/velic/AppData/Roaming/Xilinx/Vitis/project_25/solution1/.autopilot/db/shift_register.tbgen.tcl 
Execute     source C:/Users/velic/AppData/Roaming/Xilinx/Vitis/project_25/solution1/.autopilot/db/shift_register.tbgen.tcl 
Execute     source C:/Users/velic/AppData/Roaming/Xilinx/Vitis/project_25/solution1/.autopilot/db/shift_register.tbgen.tcl 
INFO: [COSIM 212-47] Using XSIM for RTL simulation.
INFO: [COSIM 212-14] Instrumenting C test bench ...
Execute     ap_part_info -name xc7z020-clg484-1 -data info 
INFO-FLOW: TB processing: C:/Users/velic/OneDrive/Desktop/vitis/shift_reg_tb.cpp C:/Users/velic/AppData/Roaming/Xilinx/Vitis/project_25/solution1/./sim/autowrap/testbench/shift_reg_tb.cpp_pre.cpp
Execute     clang_tidy xilinx-tb-process -desc tb-process C:/Users/velic/AppData/Roaming/Xilinx/Vitis/project_25/solution1/./sim/autowrap/testbench/shift_reg_tb.cpp_pre.cpp.tb.cpp std=c++14 
INFO-FLOW: exec C:/Xilinx/Vitis_HLS/2022.2/win64/tools/clang-3.9-csynth/bin/clang-tidy -header-filter=.* --checks=-*,xilinx-tb-process -fix-errors C:/Users/velic/AppData/Roaming/Xilinx/Vitis/project_25/solution1/./sim/autowrap/testbench/shift_reg_tb.cpp_pre.cpp.tb.cpp -- -std=c++14 -fhls -ferror-limit=0
Command     clang_tidy done; 3.687 sec.
Execute     ap_part_info -name xc7z020-clg484-1 -data info 
INFO-FLOW: TB processing: C:/Users/velic/OneDrive/Desktop/vitis/shift_reg.cpp C:/Users/velic/AppData/Roaming/Xilinx/Vitis/project_25/solution1/./sim/autowrap/testbench/shift_reg.cpp_pre.cpp
Execute     clang_tidy xilinx-tb-process -desc tb-process C:/Users/velic/AppData/Roaming/Xilinx/Vitis/project_25/solution1/./sim/autowrap/testbench/shift_reg.cpp_pre.cpp.tb.cpp std=c++14 
INFO-FLOW: exec C:/Xilinx/Vitis_HLS/2022.2/win64/tools/clang-3.9-csynth/bin/clang-tidy -header-filter=.* --checks=-*,xilinx-tb-process -fix-errors C:/Users/velic/AppData/Roaming/Xilinx/Vitis/project_25/solution1/./sim/autowrap/testbench/shift_reg.cpp_pre.cpp.tb.cpp -- -std=c++14 -fhls -ferror-limit=0
Command     clang_tidy done; 2.031 sec.
Execute     source C:/Users/velic/AppData/Roaming/Xilinx/Vitis/project_25/solution1/.autopilot/db/global.setting.tcl 
Execute     source C:/Users/velic/AppData/Roaming/Xilinx/Vitis/project_25/solution1/.autopilot/db/shift_register.rtl_wrap.cfg.tcl 
Execute     source C:/Users/velic/AppData/Roaming/Xilinx/Vitis/project_25/solution1/.autopilot/db/shift_register.rtl_wrap.cfg.tcl 
Execute     source C:/Users/velic/AppData/Roaming/Xilinx/Vitis/project_25/solution1/.autopilot/db/shift_register.rtl_wrap.cfg.tcl 
Execute     source C:/Users/velic/AppData/Roaming/Xilinx/Vitis/project_25/solution1/.autopilot/db/shift_register.tbgen.tcl 
Execute     source C:/Users/velic/AppData/Roaming/Xilinx/Vitis/project_25/solution1/.autopilot/db/shift_register.tbgen.tcl 
Execute     ap_part_info -name xc7z020-clg484-1 -data info 
Execute     source .run_sim.tcl 
INFO: [COSIM 212-302] Starting C TB testing ... 
Command     ap_source done; 1.131 sec.
INFO: [COSIM 212-333] Generating C post check test bench ...
INFO: [COSIM 212-12] Generating RTL test bench ...
Execute     source ../tv/cdatafile/ref.tcl 
Execute     source C:/Users/velic/AppData/Roaming/Xilinx/Vitis/project_25/solution1/.autopilot/db/shift_register.tbgen.tcl 
Execute     source C:/Users/velic/AppData/Roaming/Xilinx/Vitis/project_25/solution1/.autopilot/db/shift_register.tbgen.tcl 
Execute     source C:/Users/velic/AppData/Roaming/Xilinx/Vitis/project_25/solution1/.autopilot/db/shift_register.tbgen.tcl 
Execute     source C:/Users/velic/AppData/Roaming/Xilinx/Vitis/project_25/solution1/.autopilot/db/shift_register.tbgen.tcl 
Execute     source ../tv/cdatafile/ref.tcl 
Execute     source C:/Users/velic/AppData/Roaming/Xilinx/Vitis/project_25/solution1/.autopilot/db/shift_register.tbgen.tcl 
Execute     source C:/Users/velic/AppData/Roaming/Xilinx/Vitis/project_25/solution1/.autopilot/db/shift_register.tbgen.tcl 
Execute     source C:/Users/velic/AppData/Roaming/Xilinx/Vitis/project_25/solution1/.autopilot/db/shift_register.tbgen.tcl 
Execute     source C:/Users/velic/AppData/Roaming/Xilinx/Vitis/project_25/solution1/.autopilot/db/shift_register.tbgen.tcl 
Execute     source C:/Users/velic/AppData/Roaming/Xilinx/Vitis/project_25/solution1/.autopilot/db/shift_register.tbgen.tcl 
Execute     source C:/Users/velic/AppData/Roaming/Xilinx/Vitis/project_25/solution1/.autopilot/db/shift_register.tbgen.tcl 
Execute     source C:/Users/velic/AppData/Roaming/Xilinx/Vitis/project_25/solution1/.autopilot/db/shift_register.tbgen.tcl 
Execute     source C:/Users/velic/AppData/Roaming/Xilinx/Vitis/project_25/solution1/.autopilot/db/shift_register.tbgen.tcl 
Execute     source C:/Users/velic/AppData/Roaming/Xilinx/Vitis/project_25/solution1/.autopilot/db/shift_register.tbgen.tcl 
Execute     source C:/Users/velic/AppData/Roaming/Xilinx/Vitis/project_25/solution1/.autopilot/db/shift_register.tbgen.tcl 
Execute     source C:/Users/velic/AppData/Roaming/Xilinx/Vitis/project_25/solution1/.autopilot/db/shift_register.tbgen.tcl 
Execute     source C:/Users/velic/AppData/Roaming/Xilinx/Vitis/project_25/solution1/.autopilot/db/shift_register.tbgen.tcl 
INFO: [COSIM 212-1] *** C/RTL co-simulation file generation completed. ***
Execute     source .run_sim.tcl 
Execute       source check_sim.tcl 
Execute       source dataflow_monitor_API.tcl 
Execute       source .sim.status.tcl 
INFO: [COSIM 212-323] Starting verilog simulation. 
INFO: [COSIM 212-15] Starting XSIM ...
INFO: [COSIM 212-316] Starting C post checking ...
Command     ap_source done; 48.868 sec.
INFO: [COSIM 212-1000] *** C/RTL co-simulation finished: PASS ***
Command   cosim_design done; 87.919 sec.
INFO: [HLS 200-111] Finished Command cosim_design CPU user time: 2 seconds. CPU system time: 1 seconds. Elapsed time: 87.919 seconds; current allocated memory: 13.168 MB.
Command ap_source done; 99.67 sec.
Execute cleanup_all 
