C:\Users\velic\AppData\Roaming\Xilinx\Vitis\project_25\solution1\.autopilot\db\shift_reg.pp.0.cpp:1452:7: warning: Added loop label VITIS_LOOP_1211_1:   [xilinx-label-all-loops]
      for (i = 0; i < __N - 1; ++i) {
      ^~~
      VITIS_LOOP_1211_1: 
C:\Users\velic\AppData\Roaming\Xilinx\Vitis\project_25\solution1\.autopilot\db\shift_reg.pp.0.cpp:1452:7: note: FIX-IT applied suggested code changes
C:\Users\velic\AppData\Roaming\Xilinx\Vitis\project_25\solution1\.autopilot\db\shift_reg.pp.0.cpp:2426:5: warning: Added loop label VITIS_LOOP_676_1:   [xilinx-label-all-loops]
    for (unsigned i = low; i != high; ++i) {
    ^~~
    VITIS_LOOP_676_1: 
C:\Users\velic\AppData\Roaming\Xilinx\Vitis\project_25\solution1\.autopilot\db\shift_reg.pp.0.cpp:2426:5: note: FIX-IT applied suggested code changes
C:\Users\velic\AppData\Roaming\Xilinx\Vitis\project_25\solution1\.autopilot\db\shift_reg.pp.0.cpp:2440:5: warning: Added loop label VITIS_LOOP_690_1:   [xilinx-label-all-loops]
    for (unsigned i = low; i != high; ++i) {
    ^~~
    VITIS_LOOP_690_1: 
C:\Users\velic\AppData\Roaming\Xilinx\Vitis\project_25\solution1\.autopilot\db\shift_reg.pp.0.cpp:2440:5: note: FIX-IT applied suggested code changes
C:\Users\velic\AppData\Roaming\Xilinx\Vitis\project_25\solution1\.autopilot\db\shift_reg.pp.0.cpp:2454:5: warning: Added loop label VITIS_LOOP_704_1:   [xilinx-label-all-loops]
    for (unsigned i = low; i != high; ++i) {
    ^~~
    VITIS_LOOP_704_1: 
C:\Users\velic\AppData\Roaming\Xilinx\Vitis\project_25\solution1\.autopilot\db\shift_reg.pp.0.cpp:2454:5: note: FIX-IT applied suggested code changes
C:\Users\velic\AppData\Roaming\Xilinx\Vitis\project_25\solution1\.autopilot\db\shift_reg.pp.0.cpp:4065:7: warning: Added loop label VITIS_LOOP_1245_1:   [xilinx-label-all-loops]
      for (i = 0; i < __N - 1; ++i) {
      ^~~
      VITIS_LOOP_1245_1: 
C:\Users\velic\AppData\Roaming\Xilinx\Vitis\project_25\solution1\.autopilot\db\shift_reg.pp.0.cpp:4065:7: note: FIX-IT applied suggested code changes
C:\Users\velic\AppData\Roaming\Xilinx\Vitis\project_25\solution1\.autopilot\db\shift_reg.pp.0.cpp:5859:2: warning: Added loop label VITIS_LOOP_14_1:   [xilinx-label-all-loops]
 for (int i = 0; i < 16; i++) {
 ^~~
 VITIS_LOOP_14_1: 
C:\Users\velic\AppData\Roaming\Xilinx\Vitis\project_25\solution1\.autopilot\db\shift_reg.pp.0.cpp:5859:2: note: FIX-IT applied suggested code changes
C:\Users\velic\AppData\Roaming\Xilinx\Vitis\project_25\solution1\.autopilot\db\shift_reg.pp.0.cpp:5864:12: warning: Added loop label VITIS_LOOP_19_2:   [xilinx-label-all-loops]
           for (int i = 0; i < 16; i++) {
           ^~~
           VITIS_LOOP_19_2: 
C:\Users\velic\AppData\Roaming\Xilinx\Vitis\project_25\solution1\.autopilot\db\shift_reg.pp.0.cpp:5864:12: note: FIX-IT applied suggested code changes
C:\Users\velic\AppData\Roaming\Xilinx\Vitis\project_25\solution1\.autopilot\db\shift_reg.pp.0.cpp:5875:12: warning: Added loop label VITIS_LOOP_30_3:   [xilinx-label-all-loops]
           for (int i = 0; i < 16; i++) {
           ^~~
           VITIS_LOOP_30_3: 
C:\Users\velic\AppData\Roaming\Xilinx\Vitis\project_25\solution1\.autopilot\db\shift_reg.pp.0.cpp:5875:12: note: FIX-IT applied suggested code changes
C:\Users\velic\AppData\Roaming\Xilinx\Vitis\project_25\solution1\.autopilot\db\shift_reg.pp.0.cpp:5887:4: warning: Added loop label VITIS_LOOP_42_4:   [xilinx-label-all-loops]
   for (int i = 0; i < 16; i++) {
   ^~~
   VITIS_LOOP_42_4: 
C:\Users\velic\AppData\Roaming\Xilinx\Vitis\project_25\solution1\.autopilot\db\shift_reg.pp.0.cpp:5887:4: note: FIX-IT applied suggested code changes
