INFO-FLOW: Workspace C:/Users/velic/AppData/Roaming/Xilinx/Vitis/project_15/solution1 opened at Tue Mar 21 13:14:17 +0530 2023
Execute     ap_set_clock -name default -period 10 -default=false 
INFO: [SYN 201-201] Setting up clock 'default' with a period of 10ns.
Execute     set_part xc7z020-clg484-1 
Execute       create_platform xc7z020-clg484-1 -board  
DBG:HLSDevice: Trying to load device library: C:/Xilinx/Vitis_HLS/2022.2\lib\win64.o\xv_hlsvwrap.dll
DBG:HLSDevice: first parts/arch.xml in RDI_DATADIR: C:/Xilinx/Vivado/2022.2/data/parts/arch.xml
DBG:HLSDevice: init success
INFO: [HLS 200-1611] Setting target device to 'xc7z020-clg484-1'
Command       create_platform done; 1.017 sec.
Execute       source C:/Xilinx/Vitis_HLS/2022.2/common/technology/xilinx/common/xilinx.gen 
Execute         source C:/Xilinx/Vitis_HLS/2022.2/common/technology/xilinx/interface/plb46.gen 
Execute         source C:/Xilinx/Vitis_HLS/2022.2/common/technology/xilinx/interface/axi4.gen 
Execute         source C:/Xilinx/Vitis_HLS/2022.2/common/technology/xilinx/interface/nativeAXI4.gen 
Execute           source C:/Xilinx/Vitis_HLS/2022.2/common/technology/xilinx/interface/saxilite.gen 
Execute         source C:/Xilinx/Vitis_HLS/2022.2/common/technology/xilinx/scripts/xilinxcoregen.gen 
Execute         source C:/Xilinx/Vitis_HLS/2022.2/common/technology/xilinx/interface/XilEDKCoreGen.gen 
Execute         source C:/Xilinx/Vitis_HLS/2022.2/common/technology/xilinx/ip/dds_compiler.gen 
Execute         source C:/Xilinx/Vitis_HLS/2022.2/common/technology/xilinx/ip/util.gen 
Execute         source C:/Xilinx/Vitis_HLS/2022.2/common/technology/xilinx/ip/xfft.gen 
Command         ap_source done; 0.113 sec.
Execute         source C:/Xilinx/Vitis_HLS/2022.2/common/technology/xilinx/ip/xfir.gen 
Execute         source C:/Xilinx/Vitis_HLS/2022.2/common/technology/xilinx/DSP48/dsp48.gen 
Command       ap_source done; 0.151 sec.
Execute       ap_part_info -name xc7z020-clg484-1 -data info 
Execute       config_compile -quiet -complex-mul-dsp=0 
Command     set_part done; 1.199 sec.
Execute     send_msg_by_id INFO @200-1505@%s%s  vivado 
INFO: [HLS 200-1505] Using flow_target 'vivado'
Command   open_solution done; 1.346 sec.
Execute   set_part xc7z020-clg484-1 
INFO: [HLS 200-1510] Running: set_part xc7z020-clg484-1 
Execute     create_platform xc7z020-clg484-1 -board  
Execute     source C:/Xilinx/Vitis_HLS/2022.2/common/technology/xilinx/common/xilinx.gen 
Execute       source C:/Xilinx/Vitis_HLS/2022.2/common/technology/xilinx/interface/plb46.gen 
Execute       source C:/Xilinx/Vitis_HLS/2022.2/common/technology/xilinx/interface/axi4.gen 
Execute       source C:/Xilinx/Vitis_HLS/2022.2/common/technology/xilinx/interface/nativeAXI4.gen 
Execute         source C:/Xilinx/Vitis_HLS/2022.2/common/technology/xilinx/interface/saxilite.gen 
Execute       source C:/Xilinx/Vitis_HLS/2022.2/common/technology/xilinx/scripts/xilinxcoregen.gen 
Execute       source C:/Xilinx/Vitis_HLS/2022.2/common/technology/xilinx/interface/XilEDKCoreGen.gen 
Execute       source C:/Xilinx/Vitis_HLS/2022.2/common/technology/xilinx/ip/dds_compiler.gen 
Execute       source C:/Xilinx/Vitis_HLS/2022.2/common/technology/xilinx/ip/util.gen 
Execute       source C:/Xilinx/Vitis_HLS/2022.2/common/technology/xilinx/ip/xfft.gen 
Execute       source C:/Xilinx/Vitis_HLS/2022.2/common/technology/xilinx/ip/xfir.gen 
Execute       source C:/Xilinx/Vitis_HLS/2022.2/common/technology/xilinx/DSP48/dsp48.gen 
Command     ap_source done; 0.136 sec.
Execute     ap_part_info -name xc7z020-clg484-1 -data info 
Execute     config_compile -quiet -complex-mul-dsp=0 
Command   set_part done; 0.17 sec.
Execute   create_clock -period 10 -name default 
INFO: [HLS 200-1510] Running: create_clock -period 10 -name default 
Execute   source ./project_15/solution1/directives.tcl 
INFO: [HLS 200-1510] Running: source ./project_15/solution1/directives.tcl
Execute     set_directive_top -name multiply multiply 
INFO: [HLS 200-1510] Running: set_directive_top -name multiply multiply 
Execute   csynth_design 
INFO: [HLS 200-1510] Running: csynth_design 
Execute     elaborate -effort=medium -skip_syncheck=0 -keep_printf=0 -skip_cdt=0 -skip_transform=0 -ng=0 -g=0 -opt_fp=0 -from_csynth_design=1 
INFO: [HLS 200-111] Finished File checks and directory preparation: CPU user time: 0 seconds. CPU system time: 0 seconds. Elapsed time: 10.199 seconds; current allocated memory: 96.012 MB.
INFO: [HLS 200-10] Analyzing design file '../../../../OneDrive/Desktop/vitis/hls_pipe2.cpp' ... 
INFO-FLOW: Compiling one TU...
INFO-FLOW: Handling ../../../../OneDrive/Desktop/vitis/hls_pipe2.cpp as C++
Execute       ap_part_info -name xc7z020-clg484-1 -data info 
INFO-FLOW: Running: GCC PP 39
INFO-FLOW: Source preprocessing
Execute       ap_eval exec -ignorestderr C:/Xilinx/Vitis_HLS/2022.2/win64/tools/clang-3.9-csynth/bin/clang ../../../../OneDrive/Desktop/vitis/hls_pipe2.cpp -foptimization-record-file=C:/Users/velic/AppData/Roaming/Xilinx/Vitis/project_15/solution1/.autopilot/db/hls_pipe2.cpp.clang.diag.yml -mllvm -pass-remarks-missed=reflow|pasta|unroll -mllvm -pass-remarks=reflow|pasta|unroll|inline -fno-limit-debug-info --sysroot C:/Xilinx/Vitis_HLS/2022.2/tps/mingw/8.3.0/win64.o/nt -fhls -fno-exceptions -E -fno-math-errno -c -emit-llvm -mllvm -disable-llvm-optzns -Werror=implicit-function-declaration -Werror=implicit-hls-streams -Werror=return-type -Wpragmas -Wunused-parameter -Wdump-hls-pragmas -Wno-error=dump-hls-pragmas -fno-threadsafe-statics -fno-use-cxa-atexit -std=gnu++14 -target fpga64-xilinx-mingw32 -fno-threadsafe-statics -fno-use-cxa-atexit -D__VITIS_HLS__ -DAESL_SYN -D__SYNTHESIS__ -D__HLS_SYN__ -I C:/Xilinx/Vitis_HLS/2022.2/common/technology/autopilot -I C:/Xilinx/Vitis_HLS/2022.2/common/technology/autopilot/ap_sysc -include etc/autopilot_ssdm_op.h -D__DSP48E1__ -I /usr/include/x86_64-linux-gnu -o C:/Users/velic/AppData/Roaming/Xilinx/Vitis/project_15/solution1/.autopilot/db/hls_pipe2.pp.0.cpp {-hls-platform-db-name=C:/Xilinx/Vitis_HLS/2022.2/common/technology\xilinx/common/platform.db} -hls-platform-name=zynq_slow -device-resource-info=BRAM_280.000000_DSP_220.000000_FF_106400.000000_LUT_53200.000000_SLICE_13300.000000_URAM_0.000000 -device-name-info=xc7z020clg484-1 > C:/Users/velic/AppData/Roaming/Xilinx/Vitis/project_15/solution1/.autopilot/db/hls_pipe2.cpp.clang.out.log 2> C:/Users/velic/AppData/Roaming/Xilinx/Vitis/project_15/solution1/.autopilot/db/hls_pipe2.cpp.clang.err.log 
Command       ap_eval done; 2.378 sec.
INFO-FLOW: Done: GCC PP 39 time: 2.4 seconds per iteration
Execute       set_directive_top multiply -name=multiply 
Execute       source C:/Xilinx/Vitis_HLS/2022.2/tps/tcl/tcllib1.11.1/yaml/huddle.tcl 
Execute       source C:/Xilinx/Vitis_HLS/2022.2/tps/tcl/tcllib1.11.1/yaml/json2huddle.tcl 
INFO-FLOW: Source syntax check for synthesis
Execute       ap_eval exec -ignorestderr C:/Xilinx/Vitis_HLS/2022.2/win64/tools/clang-3.9-csynth/bin/clang -foptimization-record-file=C:/Users/velic/AppData/Roaming/Xilinx/Vitis/project_15/solution1/.autopilot/db/clang.diag.yml -mllvm -pass-remarks-missed=reflow|pasta|unroll -mllvm -pass-remarks=reflow|pasta|unroll|inline -fsyntax-only -fhls -target fpga64-xilinx-linux-gnu C:/Users/velic/AppData/Roaming/Xilinx/Vitis/project_15/solution1/.autopilot/db/hls_pipe2.pp.0.cpp {-hls-platform-db-name=C:/Xilinx/Vitis_HLS/2022.2/common/technology\xilinx/common/platform.db} -hls-platform-name=zynq_slow -device-resource-info=BRAM_280.000000_DSP_220.000000_FF_106400.000000_LUT_53200.000000_SLICE_13300.000000_URAM_0.000000 -device-name-info=xc7z020clg484-1 > C:/Users/velic/AppData/Roaming/Xilinx/Vitis/project_15/solution1/.autopilot/db/clang.out.log 2> C:/Users/velic/AppData/Roaming/Xilinx/Vitis/project_15/solution1/.autopilot/db/clang.err.log 
Command       ap_eval done; 2.549 sec.
Execute       clang_tidy xilinx-systemc-detector -desc systemc-detector C:/Users/velic/AppData/Roaming/Xilinx/Vitis/project_15/solution1/.autopilot/db/hls_pipe2.pp.0.cpp std=gnu++14 -target fpga  -directive=C:/Users/velic/AppData/Roaming/Xilinx/Vitis/project_15/solution1/.autopilot/db/.systemc_flag 
INFO-FLOW: exec C:/Xilinx/Vitis_HLS/2022.2/win64/tools/clang-3.9-csynth/bin/clang-tidy -header-filter=.* --checks=-*,xilinx-systemc-detector -import-directive=C:/Users/velic/AppData/Roaming/Xilinx/Vitis/project_15/solution1/.autopilot/db/.systemc_flag -fix-errors C:/Users/velic/AppData/Roaming/Xilinx/Vitis/project_15/solution1/.autopilot/db/hls_pipe2.pp.0.cpp -- -std=gnu++14 -target fpga -fhls -ferror-limit=0
Command       clang_tidy done; 1.083 sec.
INFO-FLOW: Running: clang-tidy CDT preprocess 39
Execute       clang_tidy xilinx-directive2pragma -desc directive2pragma C:/Users/velic/AppData/Roaming/Xilinx/Vitis/project_15/solution1/.autopilot/db/hls_pipe2.pp.0.cpp std=gnu++14 -target fpga  -directive=C:/Users/velic/AppData/Roaming/Xilinx/Vitis/project_15/solution1/.autopilot/db/all.directive.json 
INFO-FLOW: exec C:/Xilinx/Vitis_HLS/2022.2/win64/tools/clang-3.9-csynth/bin/clang-tidy -header-filter=.* --checks=-*,xilinx-directive2pragma -import-directive=C:/Users/velic/AppData/Roaming/Xilinx/Vitis/project_15/solution1/.autopilot/db/all.directive.json -fix-errors C:/Users/velic/AppData/Roaming/Xilinx/Vitis/project_15/solution1/.autopilot/db/hls_pipe2.pp.0.cpp -- -std=gnu++14 -target fpga -fhls -ferror-limit=0
Command       clang_tidy done; 1.12 sec.
Execute       clang_tidy xilinx-remove-assert -desc remove-assert C:/Users/velic/AppData/Roaming/Xilinx/Vitis/project_15/solution1/.autopilot/db/hls_pipe2.pp.0.cpp std=gnu++14 -target fpga  
INFO-FLOW: exec C:/Xilinx/Vitis_HLS/2022.2/win64/tools/clang-3.9-csynth/bin/clang-tidy -header-filter=.* --checks=-*,xilinx-remove-assert -fix-errors C:/Users/velic/AppData/Roaming/Xilinx/Vitis/project_15/solution1/.autopilot/db/hls_pipe2.pp.0.cpp -- -std=gnu++14 -target fpga -fhls -ferror-limit=0
Command       clang_tidy done; 0.731 sec.
INFO-FLOW: Done: clang-tidy CDT preprocess 39 time: 1.9 seconds per iteration
INFO-FLOW: Calling xilinx-label-all-loops ... 
INFO-FLOW: Calling xilinx-aggregate-on-hls-vector ... 
Execute       clang_tidy -errorcheck -desc loop-label xilinx-label-all-loops,xilinx-aggregate-on-hls-vector,,xilinx-warn-mayneed-no-ctor-attribute C:/Users/velic/AppData/Roaming/Xilinx/Vitis/project_15/solution1/.autopilot/db/hls_pipe2.pp.0.cpp std=gnu++14 -target fpga  
Execute         ap_eval exec -ignorestderr C:/Xilinx/Vitis_HLS/2022.2/win64/tools/clang-3.9-csynth/bin/clang-tidy -export-fixes=C:/Users/velic/AppData/Roaming/Xilinx/Vitis/project_15/solution1/.autopilot/db/hls_pipe2.pp.0.cpp.clang-tidy.loop-label.diag.yml -header-filter=.* --checks=-*,xilinx-label-all-loops,xilinx-aggregate-on-hls-vector,,xilinx-warn-mayneed-no-ctor-attribute -fix-errors C:/Users/velic/AppData/Roaming/Xilinx/Vitis/project_15/solution1/.autopilot/db/hls_pipe2.pp.0.cpp -- -std=gnu++14 -target fpga -fhls -ferror-limit=0 > C:/Users/velic/AppData/Roaming/Xilinx/Vitis/project_15/solution1/.autopilot/db/hls_pipe2.pp.0.cpp.clang-tidy.loop-label.out.log 2> C:/Users/velic/AppData/Roaming/Xilinx/Vitis/project_15/solution1/.autopilot/db/hls_pipe2.pp.0.cpp.clang-tidy.loop-label.err.log 
Command         ap_eval done; 1.178 sec.
Execute         source C:/Xilinx/Vitis_HLS/2022.2/tps/tcl/tcllib1.11.1/yaml/yaml.tcl 
Command       clang_tidy done; 1.302 sec.
Execute       ap_eval exec -ignorestderr C:/Xilinx/Vitis_HLS/2022.2/win64/tools/clang-3.9-csynth/bin/xilinx-dataflow-lawyer -export-fixes=C:/Users/velic/AppData/Roaming/Xilinx/Vitis/project_15/solution1/.autopilot/db/hls_pipe2.pp.0.cpp.xilinx-dataflow-lawyer.diag.yml C:/Users/velic/AppData/Roaming/Xilinx/Vitis/project_15/solution1/.autopilot/db/hls_pipe2.pp.0.cpp -- -std=gnu++14 -target fpga -fhls -ferror-limit=0 -fstrict-dataflow > C:/Users/velic/AppData/Roaming/Xilinx/Vitis/project_15/solution1/.autopilot/db/hls_pipe2.pp.0.cpp.xilinx-dataflow-lawyer.out.log 2> C:/Users/velic/AppData/Roaming/Xilinx/Vitis/project_15/solution1/.autopilot/db/hls_pipe2.pp.0.cpp.xilinx-dataflow-lawyer.err.log 
Command       ap_eval done; 0.9 sec.
Execute       ap_part_info -name xc7z020-clg484-1 -data info 
INFO-FLOW: compiling source code to llvm bc
Execute       ap_eval exec -ignorestderr C:/Xilinx/Vitis_HLS/2022.2/win64/tools/clang-3.9-csynth/bin/clang -foptimization-record-file=C:/Users/velic/AppData/Roaming/Xilinx/Vitis/project_15/solution1/.autopilot/db/hls_pipe2.pp.0.cpp.clang.diag.yml -mllvm -pass-remarks-missed=reflow|pasta|unroll -mllvm -pass-remarks=reflow|pasta|unroll|inline -fno-limit-debug-info -fhls -flto -fno-exceptions -Wno-error=c++11-narrowing C:/Users/velic/AppData/Roaming/Xilinx/Vitis/project_15/solution1/.autopilot/db/hls_pipe2.pp.0.cpp -fno-math-errno -c -emit-llvm -mllvm -disable-llvm-optzns -Werror=implicit-function-declaration -Werror=implicit-hls-streams -Werror=return-type -Wpragmas -Wunused-parameter -Wdump-hls-pragmas -Wno-error=dump-hls-pragmas -fno-threadsafe-statics -fno-use-cxa-atexit -std=gnu++14 -target fpga64-xilinx-linux-gnu -D__VITIS_HLS__ -DAESL_SYN -D__SYNTHESIS__ -D__HLS_SYN__ -I C:/Xilinx/Vitis_HLS/2022.2/common/technology/autopilot -I C:/Xilinx/Vitis_HLS/2022.2/common/technology/autopilot/ap_sysc -include etc/autopilot_ssdm_op.h -D__DSP48E1__ -g -o C:/Users/velic/AppData/Roaming/Xilinx/Vitis/project_15/solution1/.autopilot/db/hls_pipe2.bc {-hls-platform-db-name=C:/Xilinx/Vitis_HLS/2022.2/common/technology\xilinx/common/platform.db} -hls-platform-name=zynq_slow -device-resource-info=BRAM_280.000000_DSP_220.000000_FF_106400.000000_LUT_53200.000000_SLICE_13300.000000_URAM_0.000000 -device-name-info=xc7z020clg484-1 > C:/Users/velic/AppData/Roaming/Xilinx/Vitis/project_15/solution1/.autopilot/db/hls_pipe2.pp.0.cpp.clang.out.log 2> C:/Users/velic/AppData/Roaming/Xilinx/Vitis/project_15/solution1/.autopilot/db/hls_pipe2.pp.0.cpp.clang.err.log 
Command       ap_eval done; 1.582 sec.
INFO: [HLS 200-111] Finished Source Code Analysis and Preprocessing: CPU user time: 0 seconds. CPU system time: 0 seconds. Elapsed time: 11.972 seconds; current allocated memory: 97.578 MB.
INFO-FLOW: Linking Debug ...
INFO-FLOW: Linking dut bc code.
Execute       run_link_or_opt -out C:/Users/velic/AppData/Roaming/Xilinx/Vitis/project_15/solution1/.autopilot/db/a.g.ld.0.bc -args  "C:/Users/velic/AppData/Roaming/Xilinx/Vitis/project_15/solution1/.autopilot/db/hls_pipe2.g.bc"  
Execute         ap_eval exec -ignorestderr C:/Xilinx/Vitis_HLS/2022.2/win64/tools/clang-3.9-csynth/bin/llvm-link C:/Users/velic/AppData/Roaming/Xilinx/Vitis/project_15/solution1/.autopilot/db/hls_pipe2.g.bc -o C:/Users/velic/AppData/Roaming/Xilinx/Vitis/project_15/solution1/.autopilot/db/a.g.ld.0.bc > C:/Users/velic/AppData/Roaming/Xilinx/Vitis/project_15/solution1/.autopilot/db/a.g.ld.0.bc.llvm-link.out.log 2> C:/Users/velic/AppData/Roaming/Xilinx/Vitis/project_15/solution1/.autopilot/db/a.g.ld.0.bc.llvm-link.err.log 
Command         ap_eval done; 0.272 sec.
INFO-FLOW: 
Command       run_link_or_opt done; 0.276 sec.
Execute       run_link_or_opt -opt -out C:/Users/velic/AppData/Roaming/Xilinx/Vitis/project_15/solution1/.autopilot/db/a.g.ld.1.lower.bc -args C:/Users/velic/AppData/Roaming/Xilinx/Vitis/project_15/solution1/.autopilot/db/a.g.ld.0.bc -reflow-lower-math-intrinsics 
Execute         ap_eval exec -ignorestderr C:/Xilinx/Vitis_HLS/2022.2/win64/tools/clang-3.9-csynth/bin/opt -pass-remarks-missed=reflow|pasta|unroll -pass-remarks=reflow|pasta|unroll|inline -pass-remarks-output=C:/Users/velic/AppData/Roaming/Xilinx/Vitis/project_15/solution1/.autopilot/db/a.g.ld.1.lower.bc.opt.diag.yml C:/Users/velic/AppData/Roaming/Xilinx/Vitis/project_15/solution1/.autopilot/db/a.g.ld.0.bc -reflow-lower-math-intrinsics -o C:/Users/velic/AppData/Roaming/Xilinx/Vitis/project_15/solution1/.autopilot/db/a.g.ld.1.lower.bc > C:/Users/velic/AppData/Roaming/Xilinx/Vitis/project_15/solution1/.autopilot/db/a.g.ld.1.lower.bc.opt.out.log 2> C:/Users/velic/AppData/Roaming/Xilinx/Vitis/project_15/solution1/.autopilot/db/a.g.ld.1.lower.bc.opt.err.log 
Command         ap_eval done; 0.44 sec.
INFO-FLOW: 
Command       run_link_or_opt done; 0.445 sec.
INFO-FLOW: Linking math bc lib
Execute       run_link_or_opt -out C:/Users/velic/AppData/Roaming/Xilinx/Vitis/project_15/solution1/.autopilot/db/a.g.ld.2.m1.bc -args C:/Users/velic/AppData/Roaming/Xilinx/Vitis/project_15/solution1/.autopilot/db/a.g.ld.1.lower.bc -only-needed C:/Xilinx/Vitis_HLS/2022.2/win64/lib/libhlsm_39.bc C:/Xilinx/Vitis_HLS/2022.2/win64/lib/libhlsmc++_39.bc 
Execute         ap_eval exec -ignorestderr C:/Xilinx/Vitis_HLS/2022.2/win64/tools/clang-3.9-csynth/bin/llvm-link C:/Users/velic/AppData/Roaming/Xilinx/Vitis/project_15/solution1/.autopilot/db/a.g.ld.1.lower.bc -only-needed C:/Xilinx/Vitis_HLS/2022.2/win64/lib/libhlsm_39.bc C:/Xilinx/Vitis_HLS/2022.2/win64/lib/libhlsmc++_39.bc -o C:/Users/velic/AppData/Roaming/Xilinx/Vitis/project_15/solution1/.autopilot/db/a.g.ld.2.m1.bc > C:/Users/velic/AppData/Roaming/Xilinx/Vitis/project_15/solution1/.autopilot/db/a.g.ld.2.m1.bc.llvm-link.out.log 2> C:/Users/velic/AppData/Roaming/Xilinx/Vitis/project_15/solution1/.autopilot/db/a.g.ld.2.m1.bc.llvm-link.err.log 
Command         ap_eval done; 5.442 sec.
INFO-FLOW: 
Command       run_link_or_opt done; 5.445 sec.
Execute       run_link_or_opt -opt -out C:/Users/velic/AppData/Roaming/Xilinx/Vitis/project_15/solution1/.autopilot/db/a.g.ld.3.fpc.bc -args C:/Users/velic/AppData/Roaming/Xilinx/Vitis/project_15/solution1/.autopilot/db/a.g.ld.2.m1.bc -reflow-globaldce -hls-top-function-name=multiply -reflow-float-conversion 
Execute         ap_eval exec -ignorestderr C:/Xilinx/Vitis_HLS/2022.2/win64/tools/clang-3.9-csynth/bin/opt -pass-remarks-missed=reflow|pasta|unroll -pass-remarks=reflow|pasta|unroll|inline -pass-remarks-output=C:/Users/velic/AppData/Roaming/Xilinx/Vitis/project_15/solution1/.autopilot/db/a.g.ld.3.fpc.bc.opt.diag.yml C:/Users/velic/AppData/Roaming/Xilinx/Vitis/project_15/solution1/.autopilot/db/a.g.ld.2.m1.bc -reflow-globaldce -hls-top-function-name=multiply -reflow-float-conversion -o C:/Users/velic/AppData/Roaming/Xilinx/Vitis/project_15/solution1/.autopilot/db/a.g.ld.3.fpc.bc > C:/Users/velic/AppData/Roaming/Xilinx/Vitis/project_15/solution1/.autopilot/db/a.g.ld.3.fpc.bc.opt.out.log 2> C:/Users/velic/AppData/Roaming/Xilinx/Vitis/project_15/solution1/.autopilot/db/a.g.ld.3.fpc.bc.opt.err.log 
Command         ap_eval done; 1.77 sec.
INFO-FLOW: 
Command       run_link_or_opt done; 1.774 sec.
Execute       run_link_or_opt -out C:/Users/velic/AppData/Roaming/Xilinx/Vitis/project_15/solution1/.autopilot/db/a.g.ld.4.m2.bc -args C:/Users/velic/AppData/Roaming/Xilinx/Vitis/project_15/solution1/.autopilot/db/a.g.ld.3.fpc.bc -only-needed C:/Xilinx/Vitis_HLS/2022.2/win64/lib/libfloatconversion_39.bc 
Execute         ap_eval exec -ignorestderr C:/Xilinx/Vitis_HLS/2022.2/win64/tools/clang-3.9-csynth/bin/llvm-link C:/Users/velic/AppData/Roaming/Xilinx/Vitis/project_15/solution1/.autopilot/db/a.g.ld.3.fpc.bc -only-needed C:/Xilinx/Vitis_HLS/2022.2/win64/lib/libfloatconversion_39.bc -o C:/Users/velic/AppData/Roaming/Xilinx/Vitis/project_15/solution1/.autopilot/db/a.g.ld.4.m2.bc > C:/Users/velic/AppData/Roaming/Xilinx/Vitis/project_15/solution1/.autopilot/db/a.g.ld.4.m2.bc.llvm-link.out.log 2> C:/Users/velic/AppData/Roaming/Xilinx/Vitis/project_15/solution1/.autopilot/db/a.g.ld.4.m2.bc.llvm-link.err.log 
Command         ap_eval done; 0.217 sec.
INFO-FLOW: 
Command       run_link_or_opt done; 0.219 sec.
Execute       run_link_or_opt -opt -out C:/Users/velic/AppData/Roaming/Xilinx/Vitis/project_15/solution1/.autopilot/db/a.g.ld.5.gdce.bc -args C:/Users/velic/AppData/Roaming/Xilinx/Vitis/project_15/solution1/.autopilot/db/a.g.ld.4.m2.bc -reflow-globaldce -hls-top-function-name=multiply 
Execute         ap_eval exec -ignorestderr C:/Xilinx/Vitis_HLS/2022.2/win64/tools/clang-3.9-csynth/bin/opt -pass-remarks-missed=reflow|pasta|unroll -pass-remarks=reflow|pasta|unroll|inline -pass-remarks-output=C:/Users/velic/AppData/Roaming/Xilinx/Vitis/project_15/solution1/.autopilot/db/a.g.ld.5.gdce.bc.opt.diag.yml C:/Users/velic/AppData/Roaming/Xilinx/Vitis/project_15/solution1/.autopilot/db/a.g.ld.4.m2.bc -reflow-globaldce -hls-top-function-name=multiply -o C:/Users/velic/AppData/Roaming/Xilinx/Vitis/project_15/solution1/.autopilot/db/a.g.ld.5.gdce.bc > C:/Users/velic/AppData/Roaming/Xilinx/Vitis/project_15/solution1/.autopilot/db/a.g.ld.5.gdce.bc.opt.out.log 2> C:/Users/velic/AppData/Roaming/Xilinx/Vitis/project_15/solution1/.autopilot/db/a.g.ld.5.gdce.bc.opt.err.log 
INFO-FLOW: 
Execute       send_msg_by_id INFO @200-777@%s Vivado 
INFO: [HLS 200-777] Using interface defaults for 'Vivado' flow target.
Execute       is_m_axi_addr64 
INFO-FLOW: Doing LTO.
Execute       ap_eval exec -ignorestderr C:/Xilinx/Vitis_HLS/2022.2/win64/tools/clang-3.9-csynth/bin/clang -foptimization-record-file=C:/Users/velic/AppData/Roaming/Xilinx/Vitis/project_15/solution1/.autopilot/db/a.g.ld.0.bc.clang.diag.yml -mllvm -pass-remarks-missed=reflow|pasta|unroll -mllvm -pass-remarks=reflow|pasta|unroll|inline -fhls -mllvm -hls-top-function-name=multiply -mllvm -hls-db-dir -mllvm C:/Users/velic/AppData/Roaming/Xilinx/Vitis/project_15/solution1/.autopilot/db -emit-llvm -c -target fpga64-xilinx-none -mllvm -xcl-xmlinfo=C:/Users/velic/AppData/Roaming/Xilinx/Vitis/project_15/solution1/.autopilot/db/kernel.internal.xml -mllvm -top-io-mapping-info=C:/Users/velic/AppData/Roaming/Xilinx/Vitis/project_15/solution1/.autopilot/db/top-io-fe.xml -mllvm -hls-bitcode-version=3.1 -mllvm -reflow-enable-slave-interface-default-setting=true -mllvm -gen-kernel-xml=false -mllvm -default-maxi-offset=slave -mllvm -maxi-latency=0 -mllvm -hls-maxi-data-size-in-bits=8 -mllvm -hls-maxi-max-data-size-in-bits=1024 -mllvm -hls-max-widen-size-in-bits=0 -mllvm -xcl-kernel-max-mem-ports=0 -mllvm -maxi-read-trans=16 -mllvm -maxi-write-trans=16 -mllvm -maxi-read-burst-len=16 -mllvm -maxi-write-burst-len=16 -mllvm -reflow-enable-saxi-64bits=0 -mllvm -reflow-basic-block-instr-threshold=200000 -mllvm -reflow-auto-pipeline-threshold=64 -mllvm -reflow-enable-maxi-auto-id-channel=0 -mllvm -assume-maxi-align=1 -mllvm -reflow-pipeline-style-llvm-setting=2 -mllvm -reflow-enable-dataflow-strict-mode-checking=1 -mllvm -reflow-auto-array-partition-mode=default -mllvm -reflow-enable-auto-array-partition=true -mllvm -reflow-enable-auto-parallel-performance-driven=true -mllvm -reflow-enable-partition-for-automation=true -mllvm -reflow-aggregate-bitwidth-threshold=4096 -mllvm -reflow-assume-no-address-wrap=true -mllvm -hls -mllvm -disable-inlined-alloca-merging=true -mllvm -default-clock-period=10 -x ir C:/Users/velic/AppData/Roaming/Xilinx/Vitis/project_15/solution1/.autopilot/db/a.g.ld.5.gdce.bc -o C:/Users/velic/AppData/Roaming/Xilinx/Vitis/project_15/solution1/.autopilot/db/a.g.lto.bc {-hls-platform-db-name=C:/Xilinx/Vitis_HLS/2022.2/common/technology\xilinx/common/platform.db} -hls-platform-name=zynq_slow -device-resource-info=BRAM_280.000000_DSP_220.000000_FF_106400.000000_LUT_53200.000000_SLICE_13300.000000_URAM_0.000000 -device-name-info=xc7z020clg484-1 > C:/Users/velic/AppData/Roaming/Xilinx/Vitis/project_15/solution1/.autopilot/db/a.g.ld.0.bc.clang.out.log 2> C:/Users/velic/AppData/Roaming/Xilinx/Vitis/project_15/solution1/.autopilot/db/a.g.ld.0.bc.clang.err.log 
Command       ap_eval done; 2.254 sec.
INFO: [HLS 214-131] Inlining function 'ap_fixed_base<32, 32, true, (ap_q_mode)5, (ap_o_mode)3, 0>::operator!() const' into 'ap_fixed_base<56, 8, true, (ap_q_mode)5, (ap_o_mode)3, 0>& ap_fixed_base<56, 8, true, (ap_q_mode)5, (ap_o_mode)3, 0>::operator=<32, 32, true, (ap_q_mode)5, (ap_o_mode)3, 0>(ap_fixed_base<32, 32, true, (ap_q_mode)5, (ap_o_mode)3, 0> const&)' (C:/Xilinx/Vitis_HLS/2022.2/common/technology/autopilot\ap_fixed_base.h:808:9)
INFO: [HLS 214-131] Inlining function 'ap_fixed_base<56, 8, true, (ap_q_mode)5, (ap_o_mode)3, 0>& ap_fixed_base<56, 8, true, (ap_q_mode)5, (ap_o_mode)3, 0>::operator=<32, 32, true, (ap_q_mode)5, (ap_o_mode)3, 0>(ap_fixed_base<32, 32, true, (ap_q_mode)5, (ap_o_mode)3, 0> const&)' into 'ap_fixed_base<56, 8, true, (ap_q_mode)5, (ap_o_mode)3, 0>::ap_fixed_base(int)' (C:/Xilinx/Vitis_HLS/2022.2/common/technology/autopilot\ap_fixed_base.h:530:146)
INFO: [HLS 214-131] Inlining function 'ap_fixed_base<56, 8, true, (ap_q_mode)5, (ap_o_mode)3, 0>::ap_fixed_base(int)' into 'ap_fixed_base<28, 4, true, (ap_q_mode)5, (ap_o_mode)3, 0>::RType<28, 4, true>::mult ap_fixed_base<28, 4, true, (ap_q_mode)5, (ap_o_mode)3, 0>::operator*<28, 4, true, (ap_q_mode)5, (ap_o_mode)3, 0>(ap_fixed_base<28, 4, true, (ap_q_mode)5, (ap_o_mode)3, 0> const&) const' (C:/Xilinx/Vitis_HLS/2022.2/common/technology/autopilot\ap_fixed_base.h:1270:55)
INFO: [HLS 214-131] Inlining function 'ap_fixed_base<56, 8, true, (ap_q_mode)5, (ap_o_mode)3, 0>::ap_fixed_base(int)' into 'ap_fixed_base<28, 4, true, (ap_q_mode)5, (ap_o_mode)3, 0>::RType<28, 4, true>::mult ap_fixed_base<28, 4, true, (ap_q_mode)5, (ap_o_mode)3, 0>::operator*<28, 4, true, (ap_q_mode)5, (ap_o_mode)3, 0>(ap_fixed_base<28, 4, true, (ap_q_mode)5, (ap_o_mode)3, 0> const&) const' (C:/Xilinx/Vitis_HLS/2022.2/common/technology/autopilot\ap_fixed_base.h:1270:61)
INFO: [HLS 214-131] Inlining function 'ap_fixed_base<28, 4, true, (ap_q_mode)5, (ap_o_mode)3, 0>::RType<28, 4, true>::mult ap_fixed_base<28, 4, true, (ap_q_mode)5, (ap_o_mode)3, 0>::operator*<28, 4, true, (ap_q_mode)5, (ap_o_mode)3, 0>(ap_fixed_base<28, 4, true, (ap_q_mode)5, (ap_o_mode)3, 0> const&) const' into 'multiply(hls::stream<ap_fixed<28, 4, (ap_q_mode)5, (ap_o_mode)3, 0>, 0>&, hls::stream<ap_fixed<28, 4, (ap_q_mode)5, (ap_o_mode)3, 0>, 0>&, hls::stream<ap_fixed<56, 8, (ap_q_mode)5, (ap_o_mode)3, 0>, 0>&)' (../../../../OneDrive/Desktop/vitis/hls_pipe2.cpp:14:13)
INFO-FLOW: DBG:PUTS: copy_raw_kernel_xml ap_link_39: kernel.xml not generated: C:/Users/velic/AppData/Roaming/Xilinx/Vitis/project_15/solution1/.autopilot/db/kernel.internal.xml
INFO: [HLS 200-111] Finished Compiling Optimization and Transform: CPU user time: 0 seconds. CPU system time: 0 seconds. Elapsed time: 10.636 seconds; current allocated memory: 98.465 MB.
INFO: [HLS 200-111] Finished Checking Pragmas: CPU user time: 0 seconds. CPU system time: 0 seconds. Elapsed time: 0.009 seconds; current allocated memory: 98.465 MB.
Execute       opt_and_import_c a -opt_level=2 -skip_syncheck=0 -ng=0 -keep_printf=0 
Execute         cleanup_all_models 
INFO: [HLS 200-10] Starting code transformations ...
INFO-FLOW: Running Standard Transforms...
Execute         transform -hls -share-std-xform -demangle-name -inline-byval-memcpy -always-inline -promote-dbg-pointer -interface-preproc -mem2reg -scalarrepl -mem2reg -keep-read-access -instcombine -dce -promote-dbg-pointer -bitop-raise -loop-simplify -indvarspre -indvars -loop-simplify -xunroll -constprop -instcombine -simplifycfg -indvars -simplifycfg -dce -globaldce -basicaa -simplifycfg -mem2reg -globalopt -global-constprop -deadargelim -instcombine -simplifycfg -scalarrepl -instcombine -reassociate -licm -simplifycfg -loop-simplify -indvars -instcombine -simplifycfg -mem2reg -loop-simplify -indvars -instcombine -gvn -gvn -instcombine -adce -break-crit-edges -simplifycfg -loop-delete -global-array-opt -dce -dse -adce -find-syn-modules -top multiply -deadargelim -mem2reg -instcombine -dce -presyn-prepare -auto-rom-infer -interface-preproc -syn-check -check-rec-only -find-region -simplifycfg -func-extr -function-inline -globaldce -mem2reg -instcombine -dce -gvn -globaldce -adce -adse -constprop -instcombine -bit-constprop -instcombine -dce -simplifycfg -bitop-raise -simplifycfg -dce -loop-delete -reassociate -globalopt -global-privatize -mem2reg -dce -global-constprop -pointer-simplify -constprop -dce -auto-shift-reg-idiom -promote-dbg-pointer -norm-name C:/Users/velic/AppData/Roaming/Xilinx/Vitis/project_15/solution1/.autopilot/db/a.g.0.bc -o C:/Users/velic/AppData/Roaming/Xilinx/Vitis/project_15/solution1/.autopilot/db/a.g.1.bc -f -phase std-opt 
Command         transform done; 1.287 sec.
INFO: [HLS 200-111] Finished Standard Transforms: CPU user time: 0 seconds. CPU system time: 1 seconds. Elapsed time: 1.297 seconds; current allocated memory: 106.820 MB.
INFO: [HLS 200-10] Checking synthesizability ...
INFO-FLOW: Checking Synthesizability 1/2..
Execute         transform -hls -syn-check -check-rec-only -scalarrepl -norm-name -dce -mem2reg -instcombine -directive-preproc -mem2reg -dse -dce -auto-rom-infer -dce -pag -array-normalize -instcombine -dce -array-seg-normalize -instcombine -dce -data-pack -instcombine -dce -inst-simplify -array-flatten -instcombine -dce -array-burst -dce -deadargelim -promote-global-argument -simplifycfg -mem2reg -globaldce -dce -deadargelim -dce -instcombine -function-inline -globaldce -dce -doublePtrSimplify -doublePtrElim -dce -doublePtrSimplify -promote-dbg-pointer -dce -scalarrepl -dse -adse -instcombine -ptrLegalization -simplifycfg -dce -instcombine -pointer-simplify -ptrArgReplace -dce -instcombine -resolve-double-ptr -scalarrepl -norm-name -dce -mem2reg -instcombine -ptrLegalization -simplifycfg -deadargelim -instcombine -dce -inst-simplify -directive-preproc -mem2reg -dse -dce -globaldce C:/Users/velic/AppData/Roaming/Xilinx/Vitis/project_15/solution1/.autopilot/db/a.g.1.bc -o C:/Users/velic/AppData/Roaming/Xilinx/Vitis/project_15/solution1/.autopilot/db/a.g.2.prechk.bc -f 
Command         transform done; 0.141 sec.
INFO-FLOW: Checking Synthesizability 2/2..
Execute         transform -syn-check C:/Users/velic/AppData/Roaming/Xilinx/Vitis/project_15/solution1/.autopilot/db/a.g.2.prechk.bc -o C:/Users/velic/AppData/Roaming/Xilinx/Vitis/project_15/solution1/.autopilot/db/a.g.2.bc -f -phase syn-check 
INFO: [HLS 200-111] Finished Checking Synthesizability: CPU user time: 0 seconds. CPU system time: 0 seconds. Elapsed time: 0.187 seconds; current allocated memory: 113.227 MB.
INFO-FLOW: Compiler optimizing ...
INFO-FLOW: Share syncheck's 1.bc for syn flow: copy C:/Users/velic/AppData/Roaming/Xilinx/Vitis/project_15/solution1/.autopilot/db/a.g.1.bc to C:/Users/velic/AppData/Roaming/Xilinx/Vitis/project_15/solution1/.autopilot/db/a.o.1.bc
INFO-FLOW: Presyn 1...
Execute         transform -hls -tmp C:/Users/velic/AppData/Roaming/Xilinx/Vitis/project_15/solution1/.autopilot/db -interface-port-rename -directive-preproc -mem2reg -dse -dce -scalarrepl -norm-name -deadargelim -mem2reg -instcombine -dce -simplifycfg -auto-rom-infer -dce -resource-proc -clib-intrinsic-prepare -dce -func-buffer -dce -pag -array-normalize -func-legal -instcombine -gvn -constprop -dce -simplifycfg -mem2reg -globaldce -resolve-double-ptr -dce -deadargelim -dce -instcombine -ptrArgReplace -mem2reg -dce -array-seg-normalize -deadargelim -instcombine -dce -directive-preproc -mem2reg -dse -dce -pointer-simplify -dce -port-alignment -dce -interface-preproc -data-pack -instcombine -dce -basicaa -aggr-aa -aggrmodref-aa -aggr-aa -gvn -gvn -basicaa -aggr-aa -aggrmodref-aa -aggr-aa -dse -adse -adce -loop-simplify -indvars -instcombine -gvn -loop-simplify -mem2reg -dce -find-region -instcombine -auto-loop-pipeline -inst-simplify -interface-preproc -cfgopt -instcombine -indvars -auto-loop-unroll -loop-simplify -loop-bound -xunroll -constprop -instcombine -simplifycfg -indvars -simplifycfg -dce -globaldce -clean-region -attach-range -gvn -inst-simplify -constprop -simplifycfg -dce -pointer-simplify -dce -globalopt -constprop -dce -array-promote -scalar-auto-dep-elim -constprop -dce -ptrArgReplace -mem2reg -simplifycfg -dce -instcombine -dce -array-transform-check -array-reshape -instcombine -simplifycfg -dce -ptrArgReplace -deadargelim -mem2reg -instcombine -simplifycfg -dce -indvars -loop-simplify -loop-bound -xunroll -constprop -instcombine -simplifycfg -indvars -simplifycfg -dce -globaldce -basicaa -aggr-aa -aggrmodref-aa -aggr-aa -dse -duplicate-dataflow-processes -globaldce -instcombine -array-partition -prepare-dynamic-array-partition -instcombine -simplifycfg -dce -ptrArgReplace -global-constprop -deadargelim -mem2reg -func-legal -dce -global-constprop -deadargelim -mem2reg -simplifycfg -dce -merge-param -deadargelim -globalopt -constprop -dce -array-promote -scalar-auto-dep-elim -constprop -dce -ptrArgReplace -mem2reg -simplifycfg -dce -mem-intrinsic-preproc -dce -global-internalize -global-privatize -mem2reg -globaldce -promote-global-argument -ptrArgReplace -mem2reg -dce -globalopt -mergereturn -simplify-global-access -mem2reg -dce -pointer-simplify -dce -functionattrs -basicaa -aggr-aa -aggrmodref-aa -aggr-aa -gvn -gvn -basicaa -aggr-aa -aggrmodref-aa -aggr-aa -dse -adse -adce -dce -norm-name -basicaa -aggr-aa -aggrmodref-aa -aggr-aa -accesses-merge -function-inline -complex-op-raise -inst-simplify -globaldce -func-legal -dce -loop-bound -arraycheck -bitwidthmin2 -bitwidthmin2 -on-by-dataflow -loop-delete -instcombine -simplifycfg -globaldce -dce -gvn -deadargelim -dce -loop-simplify -clean-region -simplifycfg -propagate-stable-arguments -loop-stream -instcombine -simplifycfg -dce -globaldce -duplicate-dataflow-processes -stream-intrinsic-preproc -dce -check-ap-stream -loop-simplify -eliminate-keepreads -extract-dataflow-in-loop -loop-simplify -dce -gvn -deadargelim -dse -duplicate-dataflow-processes -check-dataflow-syntax -legalize-stream-variable -globaldce -legalize-global -extract-subproc -dce -dead-channel-elimination -canonicalize-gep -globaldce -dce -gvn -hls-dead-arg-elim -deadargelim -directive-preproc -canonicalize-dataflow -dce -globaldce -scalar-preprocessing -scalar-propagation2 -deadargelim -globaldce -mem2reg -check-dataflow-channels -function-stream -dce -globaldce -prop-fifo-spec -internal-stream-gen -canonicalize-gep -globaldce -dce -gvn -deadargelim -mergereturn -indvars -loop-simplify -instcombine -array-stream -array-seg-normalize -array-partition -func-legal -instcombine -simplifycfg -dce -bundle-memfifo-ops -deadargelim -directive-preproc -mem2reg -dse -dce -group-axi-access -licm -simplifycfg -dce -loop-delete -hls-display -norm-name C:/Users/velic/AppData/Roaming/Xilinx/Vitis/project_15/solution1/.autopilot/db/a.o.1.bc -o C:/Users/velic/AppData/Roaming/Xilinx/Vitis/project_15/solution1/.autopilot/db/a.o.1.tmp.bc -f 
Command         transform done; 0.205 sec.
INFO-FLOW: Presyn 2...
Execute         transform -hls -keep-callgraph -scalarrepl -mem2reg -port-alignment -attach-range -dce -pipe-mux-gen -indvars -loop-bound -inst-simplify -instcombine -dce -merge-array-access -mem2reg -dce -clean-region -mergereturn -if-conv -instcombine -dce -constprop -basicaa -aggr-aa -aggrmodref-aa -aggr-aa -gvn -gvn -basicaa -aggr-aa -aggrmodref-aa -aggr-aa -dse -adse -adce -scalarrepl -mem2reg -global-constprop -deadargelim -deadargelim -instcombine -dce -simplifycfg -ptrArgReplace -mem2reg -function-inline -globaldce -mem2reg -instcombine -dce -expr-balance -instcombine -dce -bitwidthmin2 -bitwidthmin2 -interface-preproc -directive-preproc -inst-rectify -instcombine -dce -functionattrs -constprop -instcombine -bit-constprop -simplify-global-access -globalopt -globaldce -inst-simplify -instcombine -elimdeaddata -dce -loop-delete -simplifycfg -loop-simplify -barrier -norm-name C:/Users/velic/AppData/Roaming/Xilinx/Vitis/project_15/solution1/.autopilot/db/a.o.1.tmp.bc -o C:/Users/velic/AppData/Roaming/Xilinx/Vitis/project_15/solution1/.autopilot/db/a.o.2.bc -f -phase presyn 
INFO: [HLS 200-111] Finished Loop, function and other optimizations: CPU user time: 0 seconds. CPU system time: 0 seconds. Elapsed time: 0.299 seconds; current allocated memory: 138.926 MB.
INFO-FLOW: Building ssdm...
Execute         transform -hls -auto-function-inline -globaldce -ptrArgReplace -mem2reg -dce -reset-lda -loop-simplify -indvars -aggr-aa -licm -loop-dep -loop-bound -licm -loop-simplify -loop-sink-hoist -flattenloopnest -array-flatten -gvn -instcombine -dce -array-map -dce -func-legal -gvn -adce -instcombine -cfgopt -simplifycfg -loop-simplify -array-burst -promote-global-argument -dce -array-seg-normalize -basicaa -aggrmodref-aa -globalsmodref-aa -aggr-aa -gvn -gvn -basicaa -aggrmodref-aa -globalsmodref-aa -aggr-aa -dse -adse -adce -licm -inst-simplify -dce -globaldce -instcombine -array-stream -eliminate-keepreads -instcombine -dce -deadargelim -doublePtrSimplify -doublePtrElim -dce -doublePtrSimplify -promote-dbg-pointer -dce -scalarrepl -mem2reg -norm-name -mem2reg -instcombine -dse -adse -adce -ptrLegalization -dce -auto-rom-infer -array-flatten -dce -instcombine -check-doubleptr -loop-rot -constprop -cfgopt -simplifycfg -loop-simplify -indvars -pointer-simplify -dce -loop-bound -loop-simplify -loop-preproc -constprop -global-constprop -gvn -mem2reg -instcombine -dce -loop-bound -loop-merge -dce -deadargelim -dce -canonicalize-dataflow -dce -deadargelim -globaldce -mem2reg -bram-byte-enable -load-elim -read-loop-dep -loop-simplify -loop-extract-inner -directive-preproc -bitwidthmin2 -bitwidthmin2 -read-loop-dep -interface-preproc -directive-preproc -interface-gen -bram-byte-enable-spec-prop -deadargelim -inst-simplify -dce -gvn -mem2reg -instcombine -dce -adse -loop-bound -instcombine -cfgopt -simplifycfg -loop-simplify -clean-region -io-protocol -find-region -mem2reg -bitop-raise -complex-op-raise -inst-simplify -inst-rectify -instcombine -adce -deadargelim -float-op-raise -loop-simplify -phi-opt -bitop-raise -cfgopt -simplifycfg -strip-dead-prototypes -interface-lower -bitop-lower -intrinsic-lower -auto-function-inline -basicaa -aggrmodref-aa -globalsmodref-aa -aggr-aa -inst-simplify -simplifycfg -loop-simplify -mergereturn -inst-simplify -inst-rectify -dce -load-elim -bitop-lower -float-op-raise -fma-raise -loop-rewind -pointer-simplify -dce -cfgopt -dce -loop-bound -loop-dep -read-loop-dep -dce -dyn-mem-reuse -dce -recurrence-min -dce -share-scalar-alloca -deadargelim -dce -check-stream -norm-name -legalize -validate-dataflow -inst-clarity -bitwidth -dump-loop-dep-to-ir -check-all-ssdm -cdfg-build C:/Users/velic/AppData/Roaming/Xilinx/Vitis/project_15/solution1/.autopilot/db/a.o.2.bc -o C:/Users/velic/AppData/Roaming/Xilinx/Vitis/project_15/solution1/.autopilot/db/a.o.3.bc -f -phase build-ssdm 
Command         transform done; 0.307 sec.
INFO: [HLS 200-111] Finished Architecture Synthesis: CPU user time: 0 seconds. CPU system time: 0 seconds. Elapsed time: 0.311 seconds; current allocated memory: 140.445 MB.
INFO-FLOW: Finish building internal data model.
Command       opt_and_import_c done; 2.102 sec.
Command     elaborate done; 24.784 sec.
Execute     ap_eval exec zip -j C:/Users/velic/AppData/Roaming/Xilinx/Vitis/project_15/solution1/.autopilot/db/dut.hcp $dbDir/a.o.3.bc $dbDir/${topname}.rtl_wrap.cfg.tcl $dbDir/apatb_${topname}.cpp $dbDir/apatb_${topname}_util.cpp $dbDir/apatb_${topname}_ir.ll $dbDir/mapper_${topname}.cpp $dbDir/top-io-fe.xml $dbDir/kernel.internal.xml $workdir/../hls.app 
Command     ap_eval done; 0.393 sec.
Execute     autosyn -from_csynth_design=1 
INFO: [HLS 200-10] Starting hardware synthesis ...
INFO-FLOW: Synthesizing C/C++ design ...
INFO: [HLS 200-10] Synthesizing 'multiply' ...
Execute       ap_set_top_model multiply 
Execute       get_model_list multiply -filter all-wo-channel -topdown 
Execute       preproc_iomode -model multiply 
Execute       get_model_list multiply -filter all-wo-channel 
INFO-FLOW: Model list for configure: multiply
INFO-FLOW: Configuring Module : multiply ...
Execute       set_default_model multiply 
Execute       apply_spec_resource_limit multiply 
INFO-FLOW: Model list for preprocess: multiply
INFO-FLOW: Preprocessing Module: multiply ...
Execute       set_default_model multiply 
Execute       cdfg_preprocess -model multiply 
Execute       rtl_gen_preprocess multiply 
INFO-FLOW: Model list for synthesis: multiply
INFO: [HLS 200-10] ----------------------------------------------------------------
INFO: [HLS 200-42] -- Implementing module 'multiply' 
INFO: [HLS 200-10] ----------------------------------------------------------------
Execute       set_default_model multiply 
Execute       schedule -model multiply 
INFO: [SCHED 204-11] Starting scheduling ...
INFO: [SCHED 204-61] Pipelining function 'multiply'.
INFO: [HLS 200-1470] Pipelining result : Target II = 1, Final II = 1, Depth = 4, function 'multiply'
INFO: [SCHED 204-11] Finished scheduling.
Command       schedule done; 0.822 sec.
INFO: [HLS 200-111] Finished Scheduling: CPU user time: 1 seconds. CPU system time: 0 seconds. Elapsed time: 1.337 seconds; current allocated memory: 140.445 MB.
Execute       syn_report -verbosereport -o C:/Users/velic/AppData/Roaming/Xilinx/Vitis/project_15/solution1/.autopilot/db/multiply.verbose.sched.rpt 
Execute         AP::get_flow_target_display_name
Command       syn_report done; 0.123 sec.
Execute       db_write -o C:/Users/velic/AppData/Roaming/Xilinx/Vitis/project_15/solution1/.autopilot/db/multiply.sched.adb -f 
Command       db_write done; 0.131 sec.
INFO-FLOW: Finish scheduling multiply.
Execute       set_default_model multiply 
Execute       bind -model multiply 
INFO: [BIND 205-100] Starting micro-architecture generation ...
INFO: [BIND 205-101] Performing variable lifetime analysis.
INFO: [BIND 205-101] Exploring resource sharing.
INFO: [BIND 205-101] Binding ...
INFO: [BIND 205-100] Finished micro-architecture generation.
Command       bind done; 0.186 sec.
INFO: [HLS 200-111] Finished Binding: CPU user time: 0 seconds. CPU system time: 0 seconds. Elapsed time: 0.445 seconds; current allocated memory: 140.445 MB.
Execute       syn_report -verbosereport -o C:/Users/velic/AppData/Roaming/Xilinx/Vitis/project_15/solution1/.autopilot/db/multiply.verbose.bind.rpt 
Execute         AP::get_flow_target_display_name
Execute       db_write -o C:/Users/velic/AppData/Roaming/Xilinx/Vitis/project_15/solution1/.autopilot/db/multiply.bind.adb -f 
INFO-FLOW: Finish binding multiply.
Execute       get_model_list multiply -filter all-wo-channel 
INFO-FLOW: Preprocessing for RTLGen ...
Execute       rtl_gen_preprocess multiply 
INFO-FLOW: Model list for RTL generation: multiply
INFO: [HLS 200-10] ----------------------------------------------------------------
INFO: [HLS 200-10] -- Generating RTL for module 'multiply' 
INFO: [HLS 200-10] ----------------------------------------------------------------
Execute       create_rtl_model multiply -top_prefix  -sub_prefix multiply_ -mg_file C:/Users/velic/AppData/Roaming/Xilinx/Vitis/project_15/solution1/.autopilot/db/multiply.compgen.tcl 
WARNING: [RTGEN 206-101] Design contains AXI ports. Reset is fixed to synchronous and active low.
INFO: [RTGEN 206-500] Setting interface mode on port 'multiply/A' to 'axis' (register, both mode).
INFO: [RTGEN 206-500] Setting interface mode on port 'multiply/B' to 'axis' (register, both mode).
INFO: [RTGEN 206-500] Setting interface mode on port 'multiply/C' to 'axis' (register, both mode).
INFO: [RTGEN 206-500] Setting interface mode on function 'multiply' to 'ap_ctrl_none'.
INFO: [HLS 200-1030] Apply Unified Pipeline Control on module 'multiply' pipeline 'multiply' pipeline type 'function pipeline'
INFO: [RTGEN 206-100] Generating core module 'mul_28s_28s_56_3_1': 1 instance(s).
INFO: [RTGEN 206-100] Finished creating RTL model for 'multiply'.
Command       create_rtl_model done; 0.29 sec.
INFO: [HLS 200-111] Finished Creating RTL model: CPU user time: 0 seconds. CPU system time: 0 seconds. Elapsed time: 0.354 seconds; current allocated memory: 140.477 MB.
Execute       source C:/Users/velic/AppData/Roaming/Xilinx/Vitis/project_15/solution1/.autopilot/db/multiply.rtl_wrap.cfg.tcl 
Execute       gen_rtl multiply -istop -style xilinx -f -lang vhdl -o C:/Users/velic/AppData/Roaming/Xilinx/Vitis/project_15/solution1/syn/vhdl/multiply 
Execute       gen_rtl multiply -istop -style xilinx -f -lang vlog -o C:/Users/velic/AppData/Roaming/Xilinx/Vitis/project_15/solution1/syn/verilog/multiply 
Execute       syn_report -csynth -model multiply -o C:/Users/velic/AppData/Roaming/Xilinx/Vitis/project_15/solution1/syn/report/multiply_csynth.rpt 
Execute         AP::get_flow_target_display_name
Execute       syn_report -rtlxml -model multiply -o C:/Users/velic/AppData/Roaming/Xilinx/Vitis/project_15/solution1/syn/report/multiply_csynth.xml 
Execute       syn_report -verbosereport -model multiply -o C:/Users/velic/AppData/Roaming/Xilinx/Vitis/project_15/solution1/.autopilot/db/multiply.verbose.rpt 
Execute         AP::get_flow_target_display_name
Execute       db_write -model multiply -f -o C:/Users/velic/AppData/Roaming/Xilinx/Vitis/project_15/solution1/.autopilot/db/multiply.adb 
Execute       db_write -model multiply -bindview -o C:/Users/velic/AppData/Roaming/Xilinx/Vitis/project_15/solution1/.autopilot/db/design.bindinfo.xml 
Execute       gen_tb_info multiply -p C:/Users/velic/AppData/Roaming/Xilinx/Vitis/project_15/solution1/.autopilot/db -o C:/Users/velic/AppData/Roaming/Xilinx/Vitis/project_15/solution1/.autopilot/db/multiply 
Execute       export_constraint_db -f -tool general -o C:/Users/velic/AppData/Roaming/Xilinx/Vitis/project_15/solution1/.autopilot/db/multiply.constraint.tcl 
Execute       syn_report -designview -model multiply -o C:/Users/velic/AppData/Roaming/Xilinx/Vitis/project_15/solution1/.autopilot/db/multiply.design.xml 
Execute       syn_report -csynthDesign -model multiply -o C:/Users/velic/AppData/Roaming/Xilinx/Vitis/project_15/solution1/syn/report/csynth.rpt 
Execute         AP::get_flow_target_display_name
Execute       syn_report -wcfg -model multiply -o C:/Users/velic/AppData/Roaming/Xilinx/Vitis/project_15/solution1/.autopilot/db/multiply_dataflow_ana.wcfg 
Execute       syn_report -protoinst -model multiply -o C:/Users/velic/AppData/Roaming/Xilinx/Vitis/project_15/solution1/.autopilot/db/multiply.protoinst 
Execute       sc_get_clocks multiply 
Execute       sc_get_portdomain multiply 
INFO-FLOW: Model list for RTL component generation: multiply
INFO-FLOW: Handling components in module [multiply] ... 
Execute       source C:/Users/velic/AppData/Roaming/Xilinx/Vitis/project_15/solution1/.autopilot/db/multiply.compgen.tcl 
INFO-FLOW: Found component multiply_mul_28s_28s_56_3_1.
INFO-FLOW: Append model multiply_mul_28s_28s_56_3_1
INFO-FLOW: Found component multiply_regslice_both.
INFO-FLOW: Append model multiply_regslice_both
INFO-FLOW: Found component multiply_regslice_both.
INFO-FLOW: Append model multiply_regslice_both
INFO-FLOW: Found component multiply_regslice_both.
INFO-FLOW: Append model multiply_regslice_both
INFO-FLOW: Append model multiply
INFO-FLOW: Generating RTL model list ...
INFO-FLOW: All models in this session: multiply_mul_28s_28s_56_3_1 multiply_regslice_both multiply_regslice_both multiply_regslice_both multiply
INFO-FLOW: Generating C:/Users/velic/AppData/Roaming/Xilinx/Vitis/project_15/solution1/.autopilot/db/autopilot.rtl.models.txt file...
INFO-FLOW: To file: write model multiply_mul_28s_28s_56_3_1
INFO-FLOW: To file: write model multiply_regslice_both
INFO-FLOW: To file: write model multiply_regslice_both
INFO-FLOW: To file: write model multiply_regslice_both
INFO-FLOW: To file: write model multiply
INFO-FLOW: Generating C:/Users/velic/AppData/Roaming/Xilinx/Vitis/project_15/solution1/.autopilot/db/autopilot.rtl.models.tcl file...
INFO-FLOW: Finished generating RTL model list.


INFO-FLOW: RTL Generation done.
INFO-FLOW: CAS Generation done.
INFO-FLOW: CBC Generation done.
INFO-FLOW: DBG:PROC: ::AESL_AUTOMG::auto_generate_csynth_design
INFO-FLOW: DBG:PUTS: read_platform_lib C:/Users/velic/AppData/Roaming/Xilinx/Vitis/project_15/solution1/.autopilot/db/global.setting.tcl
Execute       source C:/Xilinx/Vitis_HLS/2022.2/common/technology/generic/autopilot/common.gen 
Execute         source C:/Xilinx/Vitis_HLS/2022.2/common/technology/generic/autopilot/APCoreGen.gen 
Execute       source C:/Xilinx/Vitis_HLS/2022.2/common/technology/generic/autopilot/op.gen 
Execute       source C:/Xilinx/Vitis_HLS/2022.2/common/technology/generic/autopilot/op_simcore.gen 
Execute       source C:/Xilinx/Vitis_HLS/2022.2/common/technology/generic/autopilot/interface.gen 
Execute       source C:/Users/velic/AppData/Roaming/Xilinx/Vitis/project_15/solution1/.autopilot/db/global.setting.tcl 
Execute       source C:/Xilinx/Vitis_HLS/2022.2/common/technology/xilinx/common/xilinx.gen 
Execute         source C:/Xilinx/Vitis_HLS/2022.2/common/technology/xilinx/interface/plb46.gen 
Execute         source C:/Xilinx/Vitis_HLS/2022.2/common/technology/xilinx/interface/axi4.gen 
Execute         source C:/Xilinx/Vitis_HLS/2022.2/common/technology/xilinx/interface/nativeAXI4.gen 
Execute           source C:/Xilinx/Vitis_HLS/2022.2/common/technology/xilinx/interface/saxilite.gen 
Execute         source C:/Xilinx/Vitis_HLS/2022.2/common/technology/xilinx/scripts/xilinxcoregen.gen 
Execute         source C:/Xilinx/Vitis_HLS/2022.2/common/technology/xilinx/interface/XilEDKCoreGen.gen 
Execute         source C:/Xilinx/Vitis_HLS/2022.2/common/technology/xilinx/ip/dds_compiler.gen 
Execute         source C:/Xilinx/Vitis_HLS/2022.2/common/technology/xilinx/ip/util.gen 
Execute         source C:/Xilinx/Vitis_HLS/2022.2/common/technology/xilinx/ip/xfft.gen 
Command         ap_source done; 0.108 sec.
Execute         source C:/Xilinx/Vitis_HLS/2022.2/common/technology/xilinx/ip/xfir.gen 
Execute         source C:/Xilinx/Vitis_HLS/2022.2/common/technology/xilinx/DSP48/dsp48.gen 
Command       ap_source done; 0.161 sec.
INFO-FLOW: DBG:PUTS:   using AESL_AUTOCG::g_clock_period=10.000 (was NA)
INFO-FLOW: DBG:PROC: ::AESL_AUTOMG::generate_ip_cores gen_sim_model='1' gen_fp_models='0' gen_for_export='0' dstSCDir='' dstVhdlDir='C:/Users/velic/AppData/Roaming/Xilinx/Vitis/project_15/solution1/.autopilot/db/vhdl' dstVlogDir='C:/Users/velic/AppData/Roaming/Xilinx/Vitis/project_15/solution1/.autopilot/db/vlog' tclDir='C:/Users/velic/AppData/Roaming/Xilinx/Vitis/project_15/solution1/.autopilot/db' modelList='multiply_mul_28s_28s_56_3_1
multiply_regslice_both
multiply_regslice_both
multiply_regslice_both
multiply
' expOnly='0'
Execute       source C:/Users/velic/AppData/Roaming/Xilinx/Vitis/project_15/solution1/.autopilot/db/global.setting.tcl 
Execute       ap_part_info -name xc7z020-clg484-1 -data names -quiet 
Execute       ap_part_info -name xc7z020-clg484-1 -data info -quiet 
Execute       source C:/Users/velic/AppData/Roaming/Xilinx/Vitis/project_15/solution1/.autopilot/db/global.setting.tcl 
Execute       source C:/Users/velic/AppData/Roaming/Xilinx/Vitis/project_15/solution1/.autopilot/db/global.setting.tcl 
Execute       source C:/Users/velic/AppData/Roaming/Xilinx/Vitis/project_15/solution1/.autopilot/db/multiply.compgen.tcl 
INFO: [HLS 200-111] Finished Generating all RTL models: CPU user time: 0 seconds. CPU system time: 0 seconds. Elapsed time: 0.765 seconds; current allocated memory: 145.367 MB.
INFO-FLOW: DBG:PROC: ::HLSREPORTS::create_csynth_xml bind_info_var='bind_info' RtlSubPrefix='multiply_' outfile=''
INFO-FLOW: Running: create_csynth_xml read xml data
INFO-FLOW: Done: create_csynth_xml read xml data time: 0 seconds per iteration
INFO-FLOW: Running: create_csynth_xml bind info
INFO-FLOW: Done: create_csynth_xml bind info time: 0 seconds per iteration
INFO-FLOW: Running: create_csynth_xml config info
INFO-FLOW: Done: create_csynth_xml config info time: 0.4 seconds per iteration
INFO-FLOW: Running: create_csynth_xml write xml
INFO-FLOW: Done: create_csynth_xml write xml time: 0 seconds per iteration
INFO-FLOW: DBG:PUTS:      create_csynth_xml wrote csynth_xml=C:/Users/velic/AppData/Roaming/Xilinx/Vitis/project_15/solution1/syn/report/csynth.xml
INFO-FLOW: DBG:PROC: ::AP::DESIGN_DATA::generate_json generate_bd_files='0' generate_xo_files='0' modelList='multiply_mul_28s_28s_56_3_1
multiply_regslice_both
multiply_regslice_both
multiply_regslice_both
multiply
' rtl_lang='both' bootstrap_tcl='false' outdir='' outfilename=''
Execute       source C:/Users/velic/AppData/Roaming/Xilinx/Vitis/project_15/solution1/.autopilot/db/global.setting.tcl 
Execute       source C:/Users/velic/AppData/Roaming/Xilinx/Vitis/project_15/solution1/.autopilot/db/global.setting.tcl 
Execute       source C:/Users/velic/AppData/Roaming/Xilinx/Vitis/project_15/solution1/.autopilot/db/top-io-be.tcl 
Execute       source C:/Users/velic/AppData/Roaming/Xilinx/Vitis/project_15/solution1/.autopilot/db/multiply.tbgen.tcl 
Execute       source C:/Users/velic/AppData/Roaming/Xilinx/Vitis/project_15/solution1/.autopilot/db/multiply.rtl_wrap.cfg.tcl 
Execute       source C:/Users/velic/AppData/Roaming/Xilinx/Vitis/project_15/solution1/.autopilot/db/multiply.compgen.dataonly.tcl 
Execute       source C:/Users/velic/AppData/Roaming/Xilinx/Vitis/project_15/solution1/.autopilot/db/multiply.tbgen.tcl 
Execute       source C:/Users/velic/AppData/Roaming/Xilinx/Vitis/project_15/solution1/.autopilot/db/global.setting.tcl 
Execute       ap_part_info -name xc7z020-clg484-1 -data names -quiet 
Execute       ap_part_info -name xc7z020-clg484-1 -data info -quiet 
Execute       source C:/Users/velic/AppData/Roaming/Xilinx/Vitis/project_15/solution1/.autopilot/db/multiply.constraint.tcl 
Execute       sc_get_clocks multiply 
Execute       source C:/Users/velic/AppData/Roaming/Xilinx/Vitis/project_15/solution1/.autopilot/db/global.setting.tcl 
INFO-FLOW: DBG:PROC: ::HLSREPORTS::add_csynth_report_sections bind_info_dict='adapter_nodes {} report_dict {TOPINST multiply MODULE2INSTS {multiply multiply} INST2MODULE {multiply multiply} INSTDATA {multiply {DEPTH 1 CHILDREN {}}} MODULEDATA {multiply {BINDINFO {{BINDTYPE op ID {} IMPL auto LATENCY 2 OPTYPE mul PRAGMA {} RTLNAME mul_28s_28s_56_3_1_U1 SOURCE {C:/Xilinx/Vitis_HLS/2022.2/common/technology/autopilot\ap_fixed_base.h:1273} VARIABLE r_V_1 LOOP {} BUNDLEDNAME {} DSP 3 BRAM 0 URAM 0 DISPNAME {bind_op mul}}} AREA {DSP 3 BRAM 0 URAM 0}}}}'
INFO-FLOW: DBG:PUTS:      update_csynth_reports json2rpt_hw_sw_interfaces
INFO-FLOW: Running: gen_csynth_sec_pragma
INFO-FLOW: Done: gen_csynth_sec_pragma time: 0 seconds per iteration
INFO-FLOW: DBG:PUTS:      update_csynth_reports wrote xml
INFO-FLOW: DBG:PUTS:      update_csynth_reports appended to csynth rpt file
INFO: [HLS 200-111] Finished Updating report files: CPU user time: 0 seconds. CPU system time: 0 seconds. Elapsed time: 0.829 seconds; current allocated memory: 148.113 MB.
INFO: [VHDL 208-304] Generating VHDL RTL for multiply.
INFO: [VLOG 209-307] Generating Verilog RTL for multiply.
Execute       syn_report -model multiply -printsummary 
INFO: [HLS 200-789] **** Estimated Fmax: 141.24 MHz
Command     autosyn done; 3.353 sec.
Command   csynth_design done; 28.559 sec.
INFO: [HLS 200-111] Finished Command csynth_design CPU user time: 1 seconds. CPU system time: 1 seconds. Elapsed time: 28.559 seconds; current allocated memory: 52.125 MB.
Command ap_source done; 40.244 sec.
Execute cleanup_all 
INFO-FLOW: Workspace C:/Users/velic/AppData/Roaming/Xilinx/Vitis/project_15/solution1 opened at Tue Mar 21 13:15:10 +0530 2023
Execute     ap_set_clock -name default -period 10 -default=false 
INFO: [SYN 201-201] Setting up clock 'default' with a period of 10ns.
Execute     set_part xc7z020-clg484-1 
Execute       create_platform xc7z020-clg484-1 -board  
DBG:HLSDevice: Trying to load device library: C:/Xilinx/Vitis_HLS/2022.2\lib\win64.o\xv_hlsvwrap.dll
DBG:HLSDevice: first parts/arch.xml in RDI_DATADIR: C:/Xilinx/Vivado/2022.2/data/parts/arch.xml
DBG:HLSDevice: init success
INFO: [HLS 200-1611] Setting target device to 'xc7z020-clg484-1'
Command       create_platform done; 1.022 sec.
Execute       source C:/Xilinx/Vitis_HLS/2022.2/common/technology/xilinx/common/xilinx.gen 
Execute         source C:/Xilinx/Vitis_HLS/2022.2/common/technology/xilinx/interface/plb46.gen 
Execute         source C:/Xilinx/Vitis_HLS/2022.2/common/technology/xilinx/interface/axi4.gen 
Execute         source C:/Xilinx/Vitis_HLS/2022.2/common/technology/xilinx/interface/nativeAXI4.gen 
Execute           source C:/Xilinx/Vitis_HLS/2022.2/common/technology/xilinx/interface/saxilite.gen 
Execute         source C:/Xilinx/Vitis_HLS/2022.2/common/technology/xilinx/scripts/xilinxcoregen.gen 
Execute         source C:/Xilinx/Vitis_HLS/2022.2/common/technology/xilinx/interface/XilEDKCoreGen.gen 
Execute         source C:/Xilinx/Vitis_HLS/2022.2/common/technology/xilinx/ip/dds_compiler.gen 
Execute         source C:/Xilinx/Vitis_HLS/2022.2/common/technology/xilinx/ip/util.gen 
Execute         source C:/Xilinx/Vitis_HLS/2022.2/common/technology/xilinx/ip/xfft.gen 
Command         ap_source done; 0.106 sec.
Execute         source C:/Xilinx/Vitis_HLS/2022.2/common/technology/xilinx/ip/xfir.gen 
Execute         source C:/Xilinx/Vitis_HLS/2022.2/common/technology/xilinx/DSP48/dsp48.gen 
Command       ap_source done; 0.142 sec.
Execute       ap_part_info -name xc7z020-clg484-1 -data info 
Execute       config_compile -quiet -complex-mul-dsp=0 
Command     set_part done; 1.186 sec.
Execute     send_msg_by_id INFO @200-1505@%s%s  vivado 
INFO: [HLS 200-1505] Using flow_target 'vivado'
Command   open_solution done; 1.347 sec.
Execute   set_part xc7z020-clg484-1 
INFO: [HLS 200-1510] Running: set_part xc7z020-clg484-1 
Execute     create_platform xc7z020-clg484-1 -board  
Execute     source C:/Xilinx/Vitis_HLS/2022.2/common/technology/xilinx/common/xilinx.gen 
Execute       source C:/Xilinx/Vitis_HLS/2022.2/common/technology/xilinx/interface/plb46.gen 
Execute       source C:/Xilinx/Vitis_HLS/2022.2/common/technology/xilinx/interface/axi4.gen 
Execute       source C:/Xilinx/Vitis_HLS/2022.2/common/technology/xilinx/interface/nativeAXI4.gen 
Execute         source C:/Xilinx/Vitis_HLS/2022.2/common/technology/xilinx/interface/saxilite.gen 
Execute       source C:/Xilinx/Vitis_HLS/2022.2/common/technology/xilinx/scripts/xilinxcoregen.gen 
Execute       source C:/Xilinx/Vitis_HLS/2022.2/common/technology/xilinx/interface/XilEDKCoreGen.gen 
Execute       source C:/Xilinx/Vitis_HLS/2022.2/common/technology/xilinx/ip/dds_compiler.gen 
Execute       source C:/Xilinx/Vitis_HLS/2022.2/common/technology/xilinx/ip/util.gen 
Execute       source C:/Xilinx/Vitis_HLS/2022.2/common/technology/xilinx/ip/xfft.gen 
Command       ap_source done; 0.11 sec.
Execute       source C:/Xilinx/Vitis_HLS/2022.2/common/technology/xilinx/ip/xfir.gen 
Execute       source C:/Xilinx/Vitis_HLS/2022.2/common/technology/xilinx/DSP48/dsp48.gen 
Command     ap_source done; 0.147 sec.
Execute     ap_part_info -name xc7z020-clg484-1 -data info 
Execute     config_compile -quiet -complex-mul-dsp=0 
Command   set_part done; 0.182 sec.
Execute   create_clock -period 10 -name default 
INFO: [HLS 200-1510] Running: create_clock -period 10 -name default 
Execute   source ./project_15/solution1/directives.tcl 
INFO: [HLS 200-1510] Running: source ./project_15/solution1/directives.tcl
Execute     set_directive_top -name multiply multiply 
INFO: [HLS 200-1510] Running: set_directive_top -name multiply multiply 
Execute   cosim_design 
INFO: [HLS 200-1510] Running: cosim_design 
Execute     source C:/Users/velic/AppData/Roaming/Xilinx/Vitis/project_15/solution1/.autopilot/db/global.setting.tcl 
Execute     source C:/Users/velic/AppData/Roaming/Xilinx/Vitis/project_15/solution1/.autopilot/db/global.setting.tcl 
Execute     source C:/Users/velic/AppData/Roaming/Xilinx/Vitis/project_15/solution1/.autopilot/db/global.setting.tcl 
INFO-FLOW: DBG:PUTS: read_platform_lib C:/Users/velic/AppData/Roaming/Xilinx/Vitis/project_15/solution1/.autopilot/db/global.setting.tcl
Execute     source C:/Xilinx/Vitis_HLS/2022.2/common/technology/generic/autopilot/common.gen 
Execute       source C:/Xilinx/Vitis_HLS/2022.2/common/technology/generic/autopilot/APCoreGen.gen 
Execute     source C:/Xilinx/Vitis_HLS/2022.2/common/technology/generic/autopilot/op.gen 
Execute     source C:/Xilinx/Vitis_HLS/2022.2/common/technology/generic/autopilot/op_simcore.gen 
Execute     source C:/Xilinx/Vitis_HLS/2022.2/common/technology/generic/autopilot/interface.gen 
Execute     source C:/Users/velic/AppData/Roaming/Xilinx/Vitis/project_15/solution1/.autopilot/db/global.setting.tcl 
Execute     source C:/Xilinx/Vitis_HLS/2022.2/common/technology/xilinx/common/xilinx.gen 
Execute       source C:/Xilinx/Vitis_HLS/2022.2/common/technology/xilinx/interface/plb46.gen 
Execute       source C:/Xilinx/Vitis_HLS/2022.2/common/technology/xilinx/interface/axi4.gen 
Execute       source C:/Xilinx/Vitis_HLS/2022.2/common/technology/xilinx/interface/nativeAXI4.gen 
Execute         source C:/Xilinx/Vitis_HLS/2022.2/common/technology/xilinx/interface/saxilite.gen 
Execute       source C:/Xilinx/Vitis_HLS/2022.2/common/technology/xilinx/scripts/xilinxcoregen.gen 
Execute       source C:/Xilinx/Vitis_HLS/2022.2/common/technology/xilinx/interface/XilEDKCoreGen.gen 
Execute       source C:/Xilinx/Vitis_HLS/2022.2/common/technology/xilinx/ip/dds_compiler.gen 
Execute       source C:/Xilinx/Vitis_HLS/2022.2/common/technology/xilinx/ip/util.gen 
Execute       source C:/Xilinx/Vitis_HLS/2022.2/common/technology/xilinx/ip/xfft.gen 
Command       ap_source done; 0.104 sec.
Execute       source C:/Xilinx/Vitis_HLS/2022.2/common/technology/xilinx/ip/xfir.gen 
Execute       source C:/Xilinx/Vitis_HLS/2022.2/common/technology/xilinx/DSP48/dsp48.gen 
Command     ap_source done; 0.144 sec.
INFO-FLOW: DBG:PUTS:   using AESL_AUTOCG::g_clock_period=10.000 (was NA)
Execute     ap_part_info -name xc7z020-clg484-1 -data names -quiet 
Execute     ap_part_info -name xc7z020-clg484-1 -data info -quiet 
Execute     source C:/Users/velic/AppData/Roaming/Xilinx/Vitis/project_15/solution1/.autopilot/db/global.setting.tcl 
Execute     source C:/Users/velic/AppData/Roaming/Xilinx/Vitis/project_15/solution1/.autopilot/db/multiply.rtl_wrap.cfg.tcl 
Execute     source C:/Users/velic/AppData/Roaming/Xilinx/Vitis/project_15/solution1/.autopilot/db/multiply.tbgen.tcl 
Execute     source C:/Users/velic/AppData/Roaming/Xilinx/Vitis/project_15/solution1/.autopilot/db/multiply.tbgen.tcl 
Execute     source C:/Users/velic/AppData/Roaming/Xilinx/Vitis/project_15/solution1/.autopilot/db/multiply.tbgen.tcl 
Execute     source C:/Users/velic/AppData/Roaming/Xilinx/Vitis/project_15/solution1/.autopilot/db/multiply.tbgen.tcl 
Execute     source C:/Users/velic/AppData/Roaming/Xilinx/Vitis/project_15/solution1/.autopilot/db/multiply.tbgen.tcl 
Execute     source C:/Users/velic/AppData/Roaming/Xilinx/Vitis/project_15/solution1/.autopilot/db/multiply.tbgen.tcl 
Execute     source C:/Users/velic/AppData/Roaming/Xilinx/Vitis/project_15/solution1/.autopilot/db/multiply.tbgen.tcl 
Execute     source C:/Users/velic/AppData/Roaming/Xilinx/Vitis/project_15/solution1/.autopilot/db/multiply.tbgen.tcl 
Execute     source C:/Users/velic/AppData/Roaming/Xilinx/Vitis/project_15/solution1/.autopilot/db/multiply.tbgen.tcl 
INFO: [COSIM 212-47] Using XSIM for RTL simulation.
INFO: [COSIM 212-14] Instrumenting C test bench ...
Execute     ap_part_info -name xc7z020-clg484-1 -data info 
INFO-FLOW: TB processing: C:/Users/velic/OneDrive/Desktop/vitis/hls_pipe2_tb.cpp C:/Users/velic/AppData/Roaming/Xilinx/Vitis/project_15/solution1/./sim/autowrap/testbench/hls_pipe2_tb.cpp_pre.cpp
Execute     clang_tidy xilinx-tb-process -desc tb-process C:/Users/velic/AppData/Roaming/Xilinx/Vitis/project_15/solution1/./sim/autowrap/testbench/hls_pipe2_tb.cpp_pre.cpp.tb.cpp std=c++14 
INFO-FLOW: exec C:/Xilinx/Vitis_HLS/2022.2/win64/tools/clang-3.9-csynth/bin/clang-tidy -header-filter=.* --checks=-*,xilinx-tb-process -fix-errors C:/Users/velic/AppData/Roaming/Xilinx/Vitis/project_15/solution1/./sim/autowrap/testbench/hls_pipe2_tb.cpp_pre.cpp.tb.cpp -- -std=c++14 -fhls -ferror-limit=0
Command     clang_tidy done; 5.375 sec.
Execute     ap_part_info -name xc7z020-clg484-1 -data info 
INFO-FLOW: TB processing: C:/Users/velic/OneDrive/Desktop/vitis/hls_pipe2.cpp C:/Users/velic/AppData/Roaming/Xilinx/Vitis/project_15/solution1/./sim/autowrap/testbench/hls_pipe2.cpp_pre.cpp
Execute     clang_tidy xilinx-tb-process -desc tb-process C:/Users/velic/AppData/Roaming/Xilinx/Vitis/project_15/solution1/./sim/autowrap/testbench/hls_pipe2.cpp_pre.cpp.tb.cpp std=c++14 
INFO-FLOW: exec C:/Xilinx/Vitis_HLS/2022.2/win64/tools/clang-3.9-csynth/bin/clang-tidy -header-filter=.* --checks=-*,xilinx-tb-process -fix-errors C:/Users/velic/AppData/Roaming/Xilinx/Vitis/project_15/solution1/./sim/autowrap/testbench/hls_pipe2.cpp_pre.cpp.tb.cpp -- -std=c++14 -fhls -ferror-limit=0
Command     clang_tidy done; 2.582 sec.
Execute     source C:/Users/velic/AppData/Roaming/Xilinx/Vitis/project_15/solution1/.autopilot/db/global.setting.tcl 
Execute     source C:/Users/velic/AppData/Roaming/Xilinx/Vitis/project_15/solution1/.autopilot/db/multiply.rtl_wrap.cfg.tcl 
Execute     source C:/Users/velic/AppData/Roaming/Xilinx/Vitis/project_15/solution1/.autopilot/db/multiply.rtl_wrap.cfg.tcl 
Execute     source C:/Users/velic/AppData/Roaming/Xilinx/Vitis/project_15/solution1/.autopilot/db/multiply.rtl_wrap.cfg.tcl 
Execute     source C:/Users/velic/AppData/Roaming/Xilinx/Vitis/project_15/solution1/.autopilot/db/multiply.tbgen.tcl 
Execute     source C:/Users/velic/AppData/Roaming/Xilinx/Vitis/project_15/solution1/.autopilot/db/multiply.tbgen.tcl 
Execute     ap_part_info -name xc7z020-clg484-1 -data info 
Execute     source .run_sim.tcl 
INFO: [COSIM 212-302] Starting C TB testing ... 
Command     ap_source done; 0.862 sec.
INFO: [COSIM 212-333] Generating C post check test bench ...
INFO: [COSIM 212-12] Generating RTL test bench ...
Execute     source ../tv/cdatafile/ref.tcl 
Execute     source C:/Users/velic/AppData/Roaming/Xilinx/Vitis/project_15/solution1/.autopilot/db/multiply.tbgen.tcl 
Execute     source C:/Users/velic/AppData/Roaming/Xilinx/Vitis/project_15/solution1/.autopilot/db/multiply.tbgen.tcl 
Execute     source C:/Users/velic/AppData/Roaming/Xilinx/Vitis/project_15/solution1/.autopilot/db/multiply.tbgen.tcl 
Execute     source C:/Users/velic/AppData/Roaming/Xilinx/Vitis/project_15/solution1/.autopilot/db/multiply.tbgen.tcl 
Execute     source ../tv/cdatafile/ref.tcl 
Execute     source C:/Users/velic/AppData/Roaming/Xilinx/Vitis/project_15/solution1/.autopilot/db/multiply.tbgen.tcl 
Execute     source C:/Users/velic/AppData/Roaming/Xilinx/Vitis/project_15/solution1/.autopilot/db/multiply.tbgen.tcl 
Execute     source C:/Users/velic/AppData/Roaming/Xilinx/Vitis/project_15/solution1/.autopilot/db/multiply.tbgen.tcl 
Execute     source C:/Users/velic/AppData/Roaming/Xilinx/Vitis/project_15/solution1/.autopilot/db/multiply.tbgen.tcl 
Execute     source C:/Users/velic/AppData/Roaming/Xilinx/Vitis/project_15/solution1/.autopilot/db/multiply.tbgen.tcl 
Execute     source C:/Users/velic/AppData/Roaming/Xilinx/Vitis/project_15/solution1/.autopilot/db/multiply.tbgen.tcl 
Execute     source C:/Users/velic/AppData/Roaming/Xilinx/Vitis/project_15/solution1/.autopilot/db/multiply.tbgen.tcl 
Execute     source C:/Users/velic/AppData/Roaming/Xilinx/Vitis/project_15/solution1/.autopilot/db/multiply.tbgen.tcl 
Execute     source C:/Users/velic/AppData/Roaming/Xilinx/Vitis/project_15/solution1/.autopilot/db/multiply.tbgen.tcl 
Execute     source C:/Users/velic/AppData/Roaming/Xilinx/Vitis/project_15/solution1/.autopilot/db/multiply.tbgen.tcl 
Execute     source C:/Users/velic/AppData/Roaming/Xilinx/Vitis/project_15/solution1/.autopilot/db/multiply.tbgen.tcl 
Execute     source C:/Users/velic/AppData/Roaming/Xilinx/Vitis/project_15/solution1/.autopilot/db/multiply.tbgen.tcl 
INFO: [COSIM 212-1] *** C/RTL co-simulation file generation completed. ***
Execute     source .run_sim.tcl 
Execute       source check_sim.tcl 
Execute       source dataflow_monitor_API.tcl 
Execute       source .sim.status.tcl 
INFO: [COSIM 212-323] Starting verilog simulation. 
INFO: [COSIM 212-15] Starting XSIM ...
INFO: [COSIM 212-316] Starting C post checking ...
Command     ap_source done; 51.553 sec.
INFO: [COSIM 212-1000] *** C/RTL co-simulation finished: PASS ***
Command   cosim_design done; 95.793 sec.
INFO: [HLS 200-111] Finished Command cosim_design CPU user time: 1 seconds. CPU system time: 1 seconds. Elapsed time: 95.793 seconds; current allocated memory: 11.770 MB.
Command ap_source done; 107.457 sec.
Execute cleanup_all 
