INFO: [COSIM-47] Using XSIM for RTL simulation.
INFO: [COSIM-14] Instrumenting C test bench ...
   Build using "C:/Xilinx/Vitis_HLS/2022.2/tps/win64/msys64/mingw64/bin/g++"
   Compiling hls_fixedpoint_tb.cpp_pre.cpp.tb.cpp
   Compiling apatb_multiplier.cpp
   Compiling hls_fixedpoint.cpp_pre.cpp.tb.cpp
   Compiling apatb_multiplier_ir.ll
   Generating cosim.tv.exe
INFO: [COSIM-302] Starting C TB testing ... 
INFO: [COSIM-333] Generating C post check test bench ...
INFO: [COSIM-12] Generating RTL test bench ...
INFO: [COSIM-1] *** C/RTL co-simulation file generation completed. ***
INFO: [COSIM-323] Starting verilog simulation. 
INFO: [COSIM-15] Starting XSIM ...
INFO: [COSIM-316] Starting C post checking ...
4.125*3.26459=13.4664
4.56215*2.45689=11.2087
3.69846*2.45689=9.0867
3.69846*2.45689=9.0867
1.25698*3.56987=4.48728
1.45679*5.62337=8.19206
5.66843*6.54566=37.1036
6.22556*5.63611=35.088
4.69852*2.56985=12.0745
1.56399*3.26563=5.10744

C:\Users\velic\AppData\Roaming\Xilinx\Vitis\project_8\solution1\sim\verilog>set PATH= 

C:\Users\velic\AppData\Roaming\Xilinx\Vitis\project_8\solution1\sim\verilog>call C:/Xilinx/Vivado/2022.2/bin/xelab xil_defaultlib.apatb_multiplier_top glbl -Oenable_linking_all_libraries  -prj multiplier.prj -L smartconnect_v1_0 -L axi_protocol_checker_v1_1_12 -L axi_protocol_checker_v1_1_13 -L axis_protocol_checker_v1_1_11 -L axis_protocol_checker_v1_1_12 -L xil_defaultlib -L unisims_ver -L xpm  -L floating_point_v7_0_20 -L floating_point_v7_1_15 --lib "ieee_proposed=./ieee_proposed" -s multiplier  
Vivado Simulator v2022.2
Copyright 1986-1999, 2001-2022 Xilinx, Inc. All Rights Reserved.
Running: C:/Xilinx/Vivado/2022.2/bin/unwrapped/win64.o/xelab.exe xil_defaultlib.apatb_multiplier_top glbl -Oenable_linking_all_libraries -prj multiplier.prj -L smartconnect_v1_0 -L axi_protocol_checker_v1_1_12 -L axi_protocol_checker_v1_1_13 -L axis_protocol_checker_v1_1_11 -L axis_protocol_checker_v1_1_12 -L xil_defaultlib -L unisims_ver -L xpm -L floating_point_v7_0_20 -L floating_point_v7_1_15 --lib ieee_proposed=./ieee_proposed -s multiplier 
Multi-threading is on. Using 2 slave threads.
INFO: [VRFC 10-2263] Analyzing SystemVerilog file "C:/Users/velic/AppData/Roaming/Xilinx/Vitis/project_8/solution1/sim/verilog/glbl.v" into library work
INFO: [VRFC 10-311] analyzing module glbl
INFO: [VRFC 10-2263] Analyzing SystemVerilog file "C:/Users/velic/AppData/Roaming/Xilinx/Vitis/project_8/solution1/sim/verilog/multiplier.autotb.v" into library xil_defaultlib
INFO: [VRFC 10-311] analyzing module apatb_multiplier_top
INFO: [VRFC 10-2263] Analyzing SystemVerilog file "C:/Users/velic/AppData/Roaming/Xilinx/Vitis/project_8/solution1/sim/verilog/multiplier.v" into library xil_defaultlib
INFO: [VRFC 10-311] analyzing module multiplier
INFO: [VRFC 10-2263] Analyzing SystemVerilog file "C:/Users/velic/AppData/Roaming/Xilinx/Vitis/project_8/solution1/sim/verilog/multiplier_mul_28s_28s_56_3_1.v" into library xil_defaultlib
INFO: [VRFC 10-311] analyzing module multiplier_mul_28s_28s_56_3_1
INFO: [VRFC 10-2263] Analyzing SystemVerilog file "C:/Users/velic/AppData/Roaming/Xilinx/Vitis/project_8/solution1/sim/verilog/dataflow_monitor.sv" into library xil_defaultlib
INFO: [VRFC 10-311] analyzing module dataflow_monitor
Starting static elaboration
Pass Through NonSizing Optimizer
Completed static elaboration
Starting simulation data flow analysis
Completed simulation data flow analysis
Time Resolution for simulation is 1ps
Compiling package xil_defaultlib.$unit_dataflow_monitor_sv
Compiling module xil_defaultlib.multiplier_mul_28s_28s_56_3_1(NU...
Compiling module xil_defaultlib.multiplier
Compiling module xil_defaultlib.nodf_module_intf
Compiling module xil_defaultlib.dataflow_monitor_1
Compiling module xil_defaultlib.apatb_multiplier_top
Compiling module work.glbl
Built simulation snapshot multiplier

****** xsim v2022.2 (64-bit)
  **** SW Build 3671981 on Fri Oct 14 05:00:03 MDT 2022
  **** IP Build 3669848 on Fri Oct 14 08:30:02 MDT 2022
    ** Copyright 1986-2022 Xilinx, Inc. All Rights Reserved.

source xsim.dir/multiplier/xsim_script.tcl
# xsim {multiplier} -autoloadwcfg -tclbatch {multiplier.tcl}
Time resolution is 1 ps
source multiplier.tcl
## run all
////////////////////////////////////////////////////////////////////////////////////
// Inter-Transaction Progress: Completed Transaction / Total Transaction
// Intra-Transaction Progress: Measured Latency / Latency Estimation * 100%
//
// RTL Simulation : "Inter-Transaction Progress" ["Intra-Transaction Progress"] @ "Simulation Time"
////////////////////////////////////////////////////////////////////////////////////
// RTL Simulation : 0 / 10 [0.00%] @ "125000"
// RTL Simulation : 1 / 10 [100.00%] @ "165000"
// RTL Simulation : 2 / 10 [100.00%] @ "195000"
// RTL Simulation : 3 / 10 [100.00%] @ "225000"
// RTL Simulation : 4 / 10 [100.00%] @ "255000"
// RTL Simulation : 5 / 10 [100.00%] @ "285000"
// RTL Simulation : 6 / 10 [100.00%] @ "315000"
// RTL Simulation : 7 / 10 [100.00%] @ "345000"
// RTL Simulation : 8 / 10 [100.00%] @ "375000"
// RTL Simulation : 9 / 10 [100.00%] @ "405000"
// RTL Simulation : 10 / 10 [100.00%] @ "435000"
////////////////////////////////////////////////////////////////////////////////////
$finish called at time : 495 ns : File "C:/Users/velic/AppData/Roaming/Xilinx/Vitis/project_8/solution1/sim/verilog/multiplier.autotb.v" Line 333
## quit
INFO: [Common 17-206] Exiting xsim at Sun Mar 19 14:38:37 2023...
4.125*3.26459=13.4664
4.56215*2.45689=11.2087
3.69846*2.45689=9.0867
3.69846*2.45689=9.0867
1.25698*3.56987=4.48728
1.45679*5.62337=8.19206
5.66843*6.54566=37.1036
6.22556*5.63611=35.088
4.69852*2.56985=12.0745
1.56399*3.26563=5.10744
INFO: [COSIM-1000] *** C/RTL co-simulation finished: PASS ***
