C:\Users\velic\AppData\Roaming\Xilinx\Vitis\project_28\solution1\.autopilot\db\fir_float.pp.0.cpp:1335:7: warning: Added loop label VITIS_LOOP_1211_1:   [xilinx-label-all-loops]
      for (i = 0; i < __N - 1; ++i) {
      ^~~
      VITIS_LOOP_1211_1: 
C:\Users\velic\AppData\Roaming\Xilinx\Vitis\project_28\solution1\.autopilot\db\fir_float.pp.0.cpp:1335:7: note: FIX-IT applied suggested code changes
C:\Users\velic\AppData\Roaming\Xilinx\Vitis\project_28\solution1\.autopilot\db\fir_float.pp.0.cpp:2309:5: warning: Added loop label VITIS_LOOP_676_1:   [xilinx-label-all-loops]
    for (unsigned i = low; i != high; ++i) {
    ^~~
    VITIS_LOOP_676_1: 
C:\Users\velic\AppData\Roaming\Xilinx\Vitis\project_28\solution1\.autopilot\db\fir_float.pp.0.cpp:2309:5: note: FIX-IT applied suggested code changes
C:\Users\velic\AppData\Roaming\Xilinx\Vitis\project_28\solution1\.autopilot\db\fir_float.pp.0.cpp:2323:5: warning: Added loop label VITIS_LOOP_690_1:   [xilinx-label-all-loops]
    for (unsigned i = low; i != high; ++i) {
    ^~~
    VITIS_LOOP_690_1: 
C:\Users\velic\AppData\Roaming\Xilinx\Vitis\project_28\solution1\.autopilot\db\fir_float.pp.0.cpp:2323:5: note: FIX-IT applied suggested code changes
C:\Users\velic\AppData\Roaming\Xilinx\Vitis\project_28\solution1\.autopilot\db\fir_float.pp.0.cpp:2337:5: warning: Added loop label VITIS_LOOP_704_1:   [xilinx-label-all-loops]
    for (unsigned i = low; i != high; ++i) {
    ^~~
    VITIS_LOOP_704_1: 
C:\Users\velic\AppData\Roaming\Xilinx\Vitis\project_28\solution1\.autopilot\db\fir_float.pp.0.cpp:2337:5: note: FIX-IT applied suggested code changes
C:\Users\velic\AppData\Roaming\Xilinx\Vitis\project_28\solution1\.autopilot\db\fir_float.pp.0.cpp:3936:7: warning: Added loop label VITIS_LOOP_1245_1:   [xilinx-label-all-loops]
      for (i = 0; i < __N - 1; ++i) {
      ^~~
      VITIS_LOOP_1245_1: 
C:\Users\velic\AppData\Roaming\Xilinx\Vitis\project_28\solution1\.autopilot\db\fir_float.pp.0.cpp:3936:7: note: FIX-IT applied suggested code changes
C:\Users\velic\AppData\Roaming\Xilinx\Vitis\project_28\solution1\.autopilot\db\fir_float.pp.0.cpp:35695:2: warning: Added loop label VITIS_LOOP_23_1:   [xilinx-label-all-loops]
 for ( i = 0; i < length; i++ ) {
 ^~~
 VITIS_LOOP_23_1: 
C:\Users\velic\AppData\Roaming\Xilinx\Vitis\project_28\solution1\.autopilot\db\fir_float.pp.0.cpp:35695:2: note: FIX-IT applied suggested code changes
C:\Users\velic\AppData\Roaming\Xilinx\Vitis\project_28\solution1\.autopilot\db\fir_float.pp.0.cpp:35713:2: warning: Added loop label VITIS_LOOP_41_1:   [xilinx-label-all-loops]
 for ( n = 0; n < length; n++ ) {
 ^~~
 VITIS_LOOP_41_1: 
C:\Users\velic\AppData\Roaming\Xilinx\Vitis\project_28\solution1\.autopilot\db\fir_float.pp.0.cpp:35713:2: note: FIX-IT applied suggested code changes
C:\Users\velic\AppData\Roaming\Xilinx\Vitis\project_28\solution1\.autopilot\db\fir_float.pp.0.cpp:35718:2: warning: Added loop label VITIS_LOOP_46_2:   [xilinx-label-all-loops]
 for ( k = 0; k < filterLength; k++ ) {
 ^~~
 VITIS_LOOP_46_2: 
C:\Users\velic\AppData\Roaming\Xilinx\Vitis\project_28\solution1\.autopilot\db\fir_float.pp.0.cpp:35718:2: note: FIX-IT applied suggested code changes
C:\Users\velic\AppData\Roaming\Xilinx\Vitis\project_28\solution1\.autopilot\db\fir_float.pp.0.cpp:35730:2: warning: Added loop label VITIS_LOOP_58_1:   [xilinx-label-all-loops]
 for ( i = 0; i < length; i++ ) {
 ^~~
 VITIS_LOOP_58_1: 
C:\Users\velic\AppData\Roaming\Xilinx\Vitis\project_28\solution1\.autopilot\db\fir_float.pp.0.cpp:35730:2: note: FIX-IT applied suggested code changes
