

================================================================
== Vitis HLS Report for 'multiply'
================================================================
* Date:           Sun Mar 19 13:44:35 2023

* Version:        2022.2 (Build 3670227 on Oct 13 2022)
* Project:        project_11
* Solution:       solution1 (Vivado IP Flow Target)
* Product family: zynq
* Target device:  xc7z020-clg484-1


================================================================
== Performance Estimates
================================================================
+ Timing: 
    * Summary: 
    +--------+----------+----------+------------+
    |  Clock |  Target  | Estimated| Uncertainty|
    +--------+----------+----------+------------+
    |ap_clk  |  10.00 ns|  6.912 ns|     2.70 ns|
    +--------+----------+----------+------------+

+ Latency: 
    * Summary: 
    +---------+---------+-----------+-----------+-----+-----+---------+
    |  Latency (cycles) |   Latency (absolute)  |  Interval | Pipeline|
    |   min   |   max   |    min    |    max    | min | max |   Type  |
    +---------+---------+-----------+-----------+-----+-----+---------+
    |        3|        3|  30.000 ns|  30.000 ns|    4|    4|       no|
    +---------+---------+-----------+-----------+-----+-----+---------+

    + Detail: 
        * Instance: 
        N/A

        * Loop: 
        N/A



================================================================
== Utilization Estimates
================================================================
* Summary: 
+-----------------+---------+-----+--------+-------+-----+
|       Name      | BRAM_18K| DSP |   FF   |  LUT  | URAM|
+-----------------+---------+-----+--------+-------+-----+
|DSP              |        -|    -|       -|      -|    -|
|Expression       |        -|    -|       0|      2|    -|
|FIFO             |        -|    -|       -|      -|    -|
|Instance         |        -|    3|     165|     50|    -|
|Memory           |        -|    -|       -|      -|    -|
|Multiplexer      |        -|    -|       -|     52|    -|
|Register         |        -|    -|     100|      -|    -|
+-----------------+---------+-----+--------+-------+-----+
|Total            |        0|    3|     265|    104|    0|
+-----------------+---------+-----+--------+-------+-----+
|Available        |      280|  220|  106400|  53200|    0|
+-----------------+---------+-----+--------+-------+-----+
|Utilization (%)  |        0|    1|      ~0|     ~0|    0|
+-----------------+---------+-----+--------+-------+-----+

+ Detail: 
    * Instance: 
    +-----------------------+--------------------+---------+----+-----+----+-----+
    |        Instance       |       Module       | BRAM_18K| DSP|  FF | LUT| URAM|
    +-----------------------+--------------------+---------+----+-----+----+-----+
    |mul_32s_32s_32_2_1_U1  |mul_32s_32s_32_2_1  |        0|   3|  165|  50|    0|
    +-----------------------+--------------------+---------+----+-----+----+-----+
    |Total                  |                    |        0|   3|  165|  50|    0|
    +-----------------------+--------------------+---------+----+-----+----+-----+

    * DSP: 
    N/A

    * Memory: 
    N/A

    * FIFO: 
    N/A

    * Expression: 
    +-----------------+----------+----+---+----+------------+------------+
    |  Variable Name  | Operation| DSP| FF| LUT| Bitwidth P0| Bitwidth P1|
    +-----------------+----------+----+---+----+------------+------------+
    |ap_block_state1  |        or|   0|  0|   2|           1|           1|
    +-----------------+----------+----+---+----+------------+------------+
    |Total            |          |   0|  0|   2|           1|           1|
    +-----------------+----------+----+---+----+------------+------------+

    * Multiplexer: 
    +-----------+----+-----------+-----+-----------+
    |    Name   | LUT| Input Size| Bits| Total Bits|
    +-----------+----+-----------+-----+-----------+
    |A_blk_n    |   9|          2|    1|          2|
    |B_blk_n    |   9|          2|    1|          2|
    |C_blk_n    |   9|          2|    1|          2|
    |ap_NS_fsm  |  25|          5|    1|          5|
    +-----------+----+-----------+-----+-----------+
    |Total      |  52|         11|    4|         11|
    +-----------+----+-----------+-----+-----------+

    * Register: 
    +---------------+----+----+-----+-----------+
    |      Name     | FF | LUT| Bits| Const Bits|
    +---------------+----+----+-----+-----------+
    |a_reg_53       |  32|   0|   32|          0|
    |ap_CS_fsm      |   4|   0|    4|          0|
    |b_reg_58       |  32|   0|   32|          0|
    |result_reg_63  |  32|   0|   32|          0|
    +---------------+----+----+-----+-----------+
    |Total          | 100|   0|  100|          0|
    +---------------+----+----+-----+-----------+



================================================================
== Interface
================================================================
* Summary: 
+-----------+-----+-----+------------+--------------+--------------+
| RTL Ports | Dir | Bits|  Protocol  | Source Object|    C Type    |
+-----------+-----+-----+------------+--------------+--------------+
|ap_clk     |   in|    1|  ap_ctrl_hs|      multiply|  return value|
|ap_rst     |   in|    1|  ap_ctrl_hs|      multiply|  return value|
|ap_start   |   in|    1|  ap_ctrl_hs|      multiply|  return value|
|ap_done    |  out|    1|  ap_ctrl_hs|      multiply|  return value|
|ap_idle    |  out|    1|  ap_ctrl_hs|      multiply|  return value|
|ap_ready   |  out|    1|  ap_ctrl_hs|      multiply|  return value|
|A_dout     |   in|   32|     ap_fifo|             A|       pointer|
|A_empty_n  |   in|    1|     ap_fifo|             A|       pointer|
|A_read     |  out|    1|     ap_fifo|             A|       pointer|
|B_dout     |   in|   32|     ap_fifo|             B|       pointer|
|B_empty_n  |   in|    1|     ap_fifo|             B|       pointer|
|B_read     |  out|    1|     ap_fifo|             B|       pointer|
|C_din      |  out|   64|     ap_fifo|             C|       pointer|
|C_full_n   |   in|    1|     ap_fifo|             C|       pointer|
|C_write    |  out|    1|     ap_fifo|             C|       pointer|
+-----------+-----+-----+------------+--------------+--------------+

