C:\Users\velic\AppData\Roaming\Xilinx\Vitis\project_11\solution1\.autopilot\db\hls_stream1.pp.0.cpp:2225:7: warning: Added loop label VITIS_LOOP_1211_1:   [xilinx-label-all-loops]
      for (i = 0; i < __N - 1; ++i) {
      ^~~
      VITIS_LOOP_1211_1: 
C:\Users\velic\AppData\Roaming\Xilinx\Vitis\project_11\solution1\.autopilot\db\hls_stream1.pp.0.cpp:2225:7: note: FIX-IT applied suggested code changes
C:\Users\velic\AppData\Roaming\Xilinx\Vitis\project_11\solution1\.autopilot\db\hls_stream1.pp.0.cpp:3199:5: warning: Added loop label VITIS_LOOP_676_1:   [xilinx-label-all-loops]
    for (unsigned i = low; i != high; ++i) {
    ^~~
    VITIS_LOOP_676_1: 
C:\Users\velic\AppData\Roaming\Xilinx\Vitis\project_11\solution1\.autopilot\db\hls_stream1.pp.0.cpp:3199:5: note: FIX-IT applied suggested code changes
C:\Users\velic\AppData\Roaming\Xilinx\Vitis\project_11\solution1\.autopilot\db\hls_stream1.pp.0.cpp:3213:5: warning: Added loop label VITIS_LOOP_690_1:   [xilinx-label-all-loops]
    for (unsigned i = low; i != high; ++i) {
    ^~~
    VITIS_LOOP_690_1: 
C:\Users\velic\AppData\Roaming\Xilinx\Vitis\project_11\solution1\.autopilot\db\hls_stream1.pp.0.cpp:3213:5: note: FIX-IT applied suggested code changes
C:\Users\velic\AppData\Roaming\Xilinx\Vitis\project_11\solution1\.autopilot\db\hls_stream1.pp.0.cpp:3227:5: warning: Added loop label VITIS_LOOP_704_1:   [xilinx-label-all-loops]
    for (unsigned i = low; i != high; ++i) {
    ^~~
    VITIS_LOOP_704_1: 
C:\Users\velic\AppData\Roaming\Xilinx\Vitis\project_11\solution1\.autopilot\db\hls_stream1.pp.0.cpp:3227:5: note: FIX-IT applied suggested code changes
C:\Users\velic\AppData\Roaming\Xilinx\Vitis\project_11\solution1\.autopilot\db\hls_stream1.pp.0.cpp:4838:7: warning: Added loop label VITIS_LOOP_1245_1:   [xilinx-label-all-loops]
      for (i = 0; i < __N - 1; ++i) {
      ^~~
      VITIS_LOOP_1245_1: 
C:\Users\velic\AppData\Roaming\Xilinx\Vitis\project_11\solution1\.autopilot\db\hls_stream1.pp.0.cpp:4838:7: note: FIX-IT applied suggested code changes
