

================================================================
== Vitis HLS Report for 'multiply'
================================================================
* Date:           Sun Mar 19 13:12:42 2023

* Version:        2022.2 (Build 3670227 on Oct 13 2022)
* Project:        project_12
* Solution:       solution1 (Vivado IP Flow Target)
* Product family: artix7
* Target device:  xc7a200t-fbg676-2


================================================================
== Performance Estimates
================================================================
+ Timing: 
    * Summary: 
    +--------+----------+----------+------------+
    |  Clock |  Target  | Estimated| Uncertainty|
    +--------+----------+----------+------------+
    |ap_clk  |  10.00 ns|  6.216 ns|     2.70 ns|
    +--------+----------+----------+------------+

+ Latency: 
    * Summary: 
    +---------+---------+-----------+-----------+-----+-----+---------+
    |  Latency (cycles) |   Latency (absolute)  |  Interval | Pipeline|
    |   min   |   max   |    min    |    max    | min | max |   Type  |
    +---------+---------+-----------+-----------+-----+-----+---------+
    |        2|        2|  20.000 ns|  20.000 ns|    3|    3|       no|
    +---------+---------+-----------+-----------+-----+-----+---------+

    + Detail: 
        * Instance: 
        N/A

        * Loop: 
        N/A

============================================================
+ Verbose Summary: Synthesis Manager
============================================================
InlineROM: 1
ExposeGlobal: 0
============================================================
+ Verbose Summary: CDFG Model
============================================================
IsTopModel: 1
ResetActiveHigh: 1
IsCombinational: 0
IsDatapathOnly: 0
HasWiredReturn: 1
HasMFsm: 0
HasVarLatency: 1
IsPipeline: 0
IsRtlPipelined: 0
IsInstanceOverlapped: 0
IsDontTouch: 0
HasImplIP: 0
IsGatedGlobalClock: 0


============================================================
+ Verbose Summary: Schedule
============================================================
* Number of FSM states : 3
* Pipeline : 0
* Dataflow Pipeline: 0

* FSM state transitions: 
1 --> 2 
2 --> 3 
3 --> 

* FSM state operations: 

State 1 <SV = 0> <Delay = 3.24>
ST_1 : Operation 4 [1/1] (3.24ns)   --->   "%a_V = read i28 @_ssdm_op_Read.ap_fifo.volatile.i28P0A, i28 %A" [../../../../OneDrive/Desktop/vitis/hls_stream2.cpp:7]   --->   Operation 4 'read' 'a_V' <Predicate = true> <Delay = 3.24> <CoreInst = "FIFO">   --->   Core 78 'FIFO' <Latency = 0> <II = 1> <Delay = 3.24> <Storage> <Opcode : 'read' 'write' 'nbread' 'nbwrite'> <Ports = 0> <Width = -1> <Depth = -1> <FIFO>
ST_1 : Operation 5 [1/1] (3.24ns)   --->   "%b_V = read i28 @_ssdm_op_Read.ap_fifo.volatile.i28P0A, i28 %B" [../../../../OneDrive/Desktop/vitis/hls_stream2.cpp:8]   --->   Operation 5 'read' 'b_V' <Predicate = true> <Delay = 3.24> <CoreInst = "FIFO">   --->   Core 78 'FIFO' <Latency = 0> <II = 1> <Delay = 3.24> <Storage> <Opcode : 'read' 'write' 'nbread' 'nbwrite'> <Ports = 0> <Width = -1> <Depth = -1> <FIFO>

State 2 <SV = 1> <Delay = 6.21>
ST_2 : Operation 6 [1/1] (0.00ns)   --->   "%sext_ln1271 = sext i28 %a_V"   --->   Operation 6 'sext' 'sext_ln1271' <Predicate = true> <Delay = 0.00>
ST_2 : Operation 7 [1/1] (0.00ns)   --->   "%sext_ln1273 = sext i28 %b_V"   --->   Operation 7 'sext' 'sext_ln1273' <Predicate = true> <Delay = 0.00>
ST_2 : Operation 8 [1/1] (6.21ns)   --->   "%r_V_1 = mul i56 %sext_ln1273, i56 %sext_ln1271"   --->   Operation 8 'mul' 'r_V_1' <Predicate = true> <Delay = 6.21> <CoreInst = "Multiplier">   --->   Core 3 'Multiplier' <Latency = 0> <II = 1> <Delay = 6.21> <FuncUnit> <Opcode : 'mul'> <InPorts = 2> <OutPorts = 1>

State 3 <SV = 2> <Delay = 3.24>
ST_3 : Operation 9 [1/1] (0.00ns)   --->   "%spectopmodule_ln2 = spectopmodule void @_ssdm_op_SpecTopModule, void @empty_1" [../../../../OneDrive/Desktop/vitis/hls_stream2.cpp:2]   --->   Operation 9 'spectopmodule' 'spectopmodule_ln2' <Predicate = true> <Delay = 0.00>
ST_3 : Operation 10 [1/1] (0.00ns)   --->   "%specinterface_ln0 = specinterface void @_ssdm_op_SpecInterface, i28 %A, void @empty_0, i32 0, i32 0, void @empty, i32 0, i32 0, void @empty, void @empty, void @empty, i32 0, i32 0, i32 0, i32 0, void @empty, void @empty, i32 4294967295, i32 0"   --->   Operation 10 'specinterface' 'specinterface_ln0' <Predicate = true> <Delay = 0.00>
ST_3 : Operation 11 [1/1] (0.00ns)   --->   "%specbitsmap_ln0 = specbitsmap void @_ssdm_op_SpecBitsMap, i28 %A"   --->   Operation 11 'specbitsmap' 'specbitsmap_ln0' <Predicate = true> <Delay = 0.00>
ST_3 : Operation 12 [1/1] (0.00ns)   --->   "%specinterface_ln0 = specinterface void @_ssdm_op_SpecInterface, i28 %B, void @empty_0, i32 0, i32 0, void @empty, i32 0, i32 0, void @empty, void @empty, void @empty, i32 0, i32 0, i32 0, i32 0, void @empty, void @empty, i32 4294967295, i32 0"   --->   Operation 12 'specinterface' 'specinterface_ln0' <Predicate = true> <Delay = 0.00>
ST_3 : Operation 13 [1/1] (0.00ns)   --->   "%specbitsmap_ln0 = specbitsmap void @_ssdm_op_SpecBitsMap, i28 %B"   --->   Operation 13 'specbitsmap' 'specbitsmap_ln0' <Predicate = true> <Delay = 0.00>
ST_3 : Operation 14 [1/1] (0.00ns)   --->   "%specinterface_ln0 = specinterface void @_ssdm_op_SpecInterface, i56 %C, void @empty_0, i32 0, i32 0, void @empty, i32 0, i32 0, void @empty, void @empty, void @empty, i32 0, i32 0, i32 0, i32 0, void @empty, void @empty, i32 4294967295, i32 0"   --->   Operation 14 'specinterface' 'specinterface_ln0' <Predicate = true> <Delay = 0.00>
ST_3 : Operation 15 [1/1] (0.00ns)   --->   "%specbitsmap_ln0 = specbitsmap void @_ssdm_op_SpecBitsMap, i56 %C"   --->   Operation 15 'specbitsmap' 'specbitsmap_ln0' <Predicate = true> <Delay = 0.00>
ST_3 : Operation 16 [1/1] (3.24ns)   --->   "%write_ln10 = write void @_ssdm_op_Write.ap_fifo.volatile.i56P0A, i56 %C, i56 %r_V_1" [../../../../OneDrive/Desktop/vitis/hls_stream2.cpp:10]   --->   Operation 16 'write' 'write_ln10' <Predicate = true> <Delay = 3.24> <CoreInst = "FIFO">   --->   Core 78 'FIFO' <Latency = 0> <II = 1> <Delay = 3.24> <Storage> <Opcode : 'read' 'write' 'nbread' 'nbwrite'> <Ports = 0> <Width = -1> <Depth = -1> <FIFO>
ST_3 : Operation 17 [1/1] (0.00ns)   --->   "%ret_ln11 = ret" [../../../../OneDrive/Desktop/vitis/hls_stream2.cpp:11]   --->   Operation 17 'ret' 'ret_ln11' <Predicate = true> <Delay = 0.00>


============================================================
+ Verbose Summary: Timing violations
============================================================
Target clock period: 10ns, clock uncertainty: 2.7ns.

 <State 1>: 3.24ns
The critical path consists of the following:
	fifo read operation ('a.V', ../../../../OneDrive/Desktop/vitis/hls_stream2.cpp:7) on port 'A' (../../../../OneDrive/Desktop/vitis/hls_stream2.cpp:7) [11]  (3.24 ns)

 <State 2>: 6.22ns
The critical path consists of the following:
	'mul' operation ('r.V') [15]  (6.22 ns)

 <State 3>: 3.24ns
The critical path consists of the following:
	fifo write operation ('write_ln10', ../../../../OneDrive/Desktop/vitis/hls_stream2.cpp:10) on port 'C' (../../../../OneDrive/Desktop/vitis/hls_stream2.cpp:10) [16]  (3.24 ns)


============================================================
+ Verbose Summary: Binding
============================================================
N/A
* FSMD analyzer results:
  - Output states:
 - Input state : 
  - Chain level:
	State 1
	State 2
	State 3


============================================================
+ Verbose Summary: Datapath Resource usage 
============================================================
N/A
