03/23/23 19:12:07: Running xcd server. This server was NOT built by gradle, but presumably rdi.
03/23/23 19:12:07: Server was asked to start on port: '50292'
03/23/23 19:12:07: Server is using token UUID: 'bb80c379-dfa5-4575-a946-67d34bb5d36c'
03/23/23 19:12:07: SESSION_MGR: creating session with session uuid: '6d04a3e9-ade5-4ab9-8d63-1f78fcd2ec76' and name 'default'
03/23/23 19:12:07: Attempting to start server on port '50292'
03/23/23 19:12:07: Running Dispatch Server
03/23/23 19:12:07: Version 2.2.0
03/23/23 19:12:15: Dispatch Server: Accepted socket connection from client
03/23/23 19:12:15: Starting Socket connection
03/23/23 19:12:15: EXCHANGE_TOKEN received, server token: bb80c379-dfa5-4575-a946-67d34bb5d36c, passed token: bb80c379-dfa5-4575-a946-67d34bb5d36c
03/23/23 19:12:15: SESSION_MGR: creating session with session uuid: '6f85e82f-6b7a-43bc-ada4-d8feba9e830d' and name 'vitis_hls'
03/23/23 19:12:15: KERNEL_SVC: creating session with uuid: '6f85e82f-6b7a-43bc-ada4-d8feba9e830d' and name 'vitis_hls'
03/23/23 19:12:15: GUIDANCE_SMGR: creating guidance session with uuid: '6f85e82f-6b7a-43bc-ada4-d8feba9e830d' and name 'vitis_hls'
03/23/23 19:12:29: STOP_SERVER received, server token: bb80c379-dfa5-4575-a946-67d34bb5d36c, passed token: bb80c379-dfa5-4575-a946-67d34bb5d36c
03/23/23 19:12:29: Socket received request to stop server.
03/23/23 19:12:29: Dispatch Server: do_await_stop
03/23/23 19:12:29: SERVER: destructor for server bound to port 50292
03/23/23 19:12:29: Server exiting with status 0.
03/23/23 19:12:29: Closing log file.
03/23/23 19:12:44: Running xcd server. This server was NOT built by gradle, but presumably rdi.
03/23/23 19:12:44: Server was asked to start on port: '50296'
03/23/23 19:12:44: Server is using token UUID: '8689ffc5-fc7c-41e6-9c60-ee1b00f4bb33'
03/23/23 19:12:44: SESSION_MGR: creating session with session uuid: '6d04a3e9-ade5-4ab9-8d63-1f78fcd2ec76' and name 'default'
03/23/23 19:12:44: Attempting to start server on port '50296'
03/23/23 19:12:44: Running Dispatch Server
03/23/23 19:12:44: Version 2.2.0
03/23/23 19:12:52: Dispatch Server: Accepted socket connection from client
03/23/23 19:12:52: Starting Socket connection
03/23/23 19:12:52: EXCHANGE_TOKEN received, server token: 8689ffc5-fc7c-41e6-9c60-ee1b00f4bb33, passed token: 8689ffc5-fc7c-41e6-9c60-ee1b00f4bb33
03/23/23 19:12:52: SESSION_MGR: creating session with session uuid: '02e70823-5e96-48b4-8332-4ad0ace92328' and name 'vitis_hls'
03/23/23 19:12:52: KERNEL_SVC: creating session with uuid: '02e70823-5e96-48b4-8332-4ad0ace92328' and name 'vitis_hls'
03/23/23 19:12:52: GUIDANCE_SMGR: creating guidance session with uuid: '02e70823-5e96-48b4-8332-4ad0ace92328' and name 'vitis_hls'
03/23/23 19:13:32: STOP_SERVER received, server token: 8689ffc5-fc7c-41e6-9c60-ee1b00f4bb33, passed token: 8689ffc5-fc7c-41e6-9c60-ee1b00f4bb33
03/23/23 19:13:32: Socket received request to stop server.
03/23/23 19:13:32: Dispatch Server: do_await_stop
03/23/23 19:13:32: SERVER: destructor for server bound to port 50296
03/23/23 19:13:32: Server exiting with status 0.
03/23/23 19:13:32: Closing log file.
