remark: C:/Xilinx/Vitis_HLS/2022.2/common/technology/autopilot\ap_int_base.h:185:106: Inlining function '_ZN8ssdm_intILi9ELb1EEC2EDq9_i' into 'ap_int_base<9, true>::ap_int_base<8, true>(ap_int_base<8, true> const&)'
remark: C:/Xilinx/Vitis_HLS/2022.2/common/technology/autopilot\ap_int_base.h:214:67: Inlining function '_ZN8ssdm_intILi9ELb1EEC2EDq9_i' into 'ap_int_base<9, true>::ap_int_base(int)'
remark: C:/Xilinx/Vitis_HLS/2022.2/common/technology/autopilot\ap_int_base.h:1495:339: Inlining function 'ap_int_base<9, true>::ap_int_base<8, true>(ap_int_base<8, true> const&)' into 'ap_int_base<8, true>::RType<8, true>::plus operator+<8, true, 8, true>(ap_int_base<8, true> const&, ap_int_base<8, true> const&)'
remark: C:/Xilinx/Vitis_HLS/2022.2/common/technology/autopilot\ap_int_base.h:1495:516: Inlining function 'ap_int_base<9, true>::ap_int_base(int)' into 'ap_int_base<8, true>::RType<8, true>::plus operator+<8, true, 8, true>(ap_int_base<8, true> const&, ap_int_base<8, true> const&)'
remark: C:/Xilinx/Vitis_HLS/2022.2/common/technology/autopilot\ap_int_base.h:1495:427: Inlining function 'ap_int_base<9, true>::ap_int_base<8, true>(ap_int_base<8, true> const&)' into 'ap_int_base<8, true>::RType<8, true>::plus operator+<8, true, 8, true>(ap_int_base<8, true> const&, ap_int_base<8, true> const&)'
remark: C:/Xilinx/Vitis_HLS/2022.2/common/technology/autopilot\ap_int_base.h:185:106: Inlining function 'ssdm_int<16, true>::ssdm_int(short)' into 'ap_int_base<16, true>::ap_int_base<9, true>(ap_int_base<9, true> const&)'
remark: <unknown>:0:0: Inlining function 'ap_int_base<16, true>::ap_int_base<9, true>(ap_int_base<9, true> const&)' into 'ap_int<16>::ap_int<9>(ap_int<9> const&)'
remark: C:/Xilinx/Vitis_HLS/2022.2/common/technology/autopilot\ap_int_base.h:1496:341: Inlining function 'ap_int_base<9, true>::ap_int_base<8, true>(ap_int_base<8, true> const&)' into 'ap_int_base<8, true>::RType<8, true>::minus operator-<8, true, 8, true>(ap_int_base<8, true> const&, ap_int_base<8, true> const&)'
remark: C:/Xilinx/Vitis_HLS/2022.2/common/technology/autopilot\ap_int_base.h:1496:520: Inlining function 'ap_int_base<9, true>::ap_int_base(int)' into 'ap_int_base<8, true>::RType<8, true>::minus operator-<8, true, 8, true>(ap_int_base<8, true> const&, ap_int_base<8, true> const&)'
remark: C:/Xilinx/Vitis_HLS/2022.2/common/technology/autopilot\ap_int_base.h:1496:430: Inlining function 'ap_int_base<9, true>::ap_int_base<8, true>(ap_int_base<8, true> const&)' into 'ap_int_base<8, true>::RType<8, true>::minus operator-<8, true, 8, true>(ap_int_base<8, true> const&, ap_int_base<8, true> const&)'
remark: C:/Xilinx/Vitis_HLS/2022.2/common/technology/autopilot\ap_int_base.h:185:106: Inlining function 'ssdm_int<16, true>::ssdm_int(short)' into 'ap_int_base<16, true>::ap_int_base<8, true>(ap_int_base<8, true> const&)'
remark: C:/Xilinx/Vitis_HLS/2022.2/common/technology/autopilot\ap_int_base.h:214:67: Inlining function 'ssdm_int<16, true>::ssdm_int(short)' into 'ap_int_base<16, true>::ap_int_base(int)'
remark: C:/Xilinx/Vitis_HLS/2022.2/common/technology/autopilot\ap_int_base.h:1494:339: Inlining function 'ap_int_base<16, true>::ap_int_base<8, true>(ap_int_base<8, true> const&)' into 'ap_int_base<8, true>::RType<8, true>::mult operator*<8, true, 8, true>(ap_int_base<8, true> const&, ap_int_base<8, true> const&)'
remark: C:/Xilinx/Vitis_HLS/2022.2/common/technology/autopilot\ap_int_base.h:1494:516: Inlining function 'ap_int_base<16, true>::ap_int_base(int)' into 'ap_int_base<8, true>::RType<8, true>::mult operator*<8, true, 8, true>(ap_int_base<8, true> const&, ap_int_base<8, true> const&)'
remark: C:/Xilinx/Vitis_HLS/2022.2/common/technology/autopilot\ap_int_base.h:1494:427: Inlining function 'ap_int_base<16, true>::ap_int_base<8, true>(ap_int_base<8, true> const&)' into 'ap_int_base<8, true>::RType<8, true>::mult operator*<8, true, 8, true>(ap_int_base<8, true> const&, ap_int_base<8, true> const&)'
remark: C:/Xilinx/Vitis_HLS/2022.2/common/technology/autopilot\ap_int_base.h:1513:337: Inlining function 'ap_int_base<9, true>::ap_int_base(int)' into 'ap_int_base<8, true>::RType<8, true>::div operator/<8, true, 8, true>(ap_int_base<8, true> const&, ap_int_base<8, true> const&)'
remark: C:/Xilinx/Vitis_HLS/2022.2/common/technology/autopilot\ap_int_base.h:214:67: Inlining function 'ssdm_int<8, true>::ssdm_int(signed char)' into 'ap_int_base<8, true>::ap_int_base(int)'
remark: C:/Xilinx/Vitis_HLS/2022.2/common/technology/autopilot\ap_int_base.h:1497:520: Inlining function 'ap_int_base<8, true>::ap_int_base(int)' into 'ap_int_base<8, true>::RType<8, true>::logic operator&<8, true, 8, true>(ap_int_base<8, true> const&, ap_int_base<8, true> const&)'
remark: <unknown>:0:0: Inlining function 'ap_int_base<16, true>::ap_int_base<8, true>(ap_int_base<8, true> const&)' into 'ap_int<16>::ap_int<8>(ap_int<8> const&)'
remark: C:/Xilinx/Vitis_HLS/2022.2/common/technology/autopilot\ap_int_base.h:1498:520: Inlining function 'ap_int_base<8, true>::ap_int_base(int)' into 'ap_int_base<8, true>::RType<8, true>::logic operator|<8, true, 8, true>(ap_int_base<8, true> const&, ap_int_base<8, true> const&)'
remark: C:/Xilinx/Vitis_HLS/2022.2/common/technology/autopilot\ap_int_base.h:1499:520: Inlining function 'ap_int_base<8, true>::ap_int_base(int)' into 'ap_int_base<8, true>::RType<8, true>::logic operator^<8, true, 8, true>(ap_int_base<8, true> const&, ap_int_base<8, true> const&)'
remark: ../../../../OneDrive/Desktop/vitis/alu.cpp:42:32: Inlining function 'ap_int_base<8, true>::RType<8, true>::logic operator^<8, true, 8, true>(ap_int_base<8, true> const&, ap_int_base<8, true> const&)' into 'integer_alu(hls::stream<ap_int<8>, 0>&, hls::stream<ap_int<8>, 0>&, hls::stream<ap_uint<3>, 0>&, hls::stream<ap_int<16>, 0>&)'
remark: ../../../../OneDrive/Desktop/vitis/alu.cpp:39:32: Inlining function 'ap_int_base<8, true>::RType<8, true>::logic operator|<8, true, 8, true>(ap_int_base<8, true> const&, ap_int_base<8, true> const&)' into 'integer_alu(hls::stream<ap_int<8>, 0>&, hls::stream<ap_int<8>, 0>&, hls::stream<ap_uint<3>, 0>&, hls::stream<ap_int<16>, 0>&)'
remark: ../../../../OneDrive/Desktop/vitis/alu.cpp:36:32: Inlining function 'ap_int_base<8, true>::RType<8, true>::logic operator&<8, true, 8, true>(ap_int_base<8, true> const&, ap_int_base<8, true> const&)' into 'integer_alu(hls::stream<ap_int<8>, 0>&, hls::stream<ap_int<8>, 0>&, hls::stream<ap_uint<3>, 0>&, hls::stream<ap_int<16>, 0>&)'
remark: ../../../../OneDrive/Desktop/vitis/alu.cpp:33:32: Inlining function 'ap_int_base<8, true>::RType<8, true>::div operator/<8, true, 8, true>(ap_int_base<8, true> const&, ap_int_base<8, true> const&)' into 'integer_alu(hls::stream<ap_int<8>, 0>&, hls::stream<ap_int<8>, 0>&, hls::stream<ap_uint<3>, 0>&, hls::stream<ap_int<16>, 0>&)'
remark: ../../../../OneDrive/Desktop/vitis/alu.cpp:30:31: Inlining function 'ap_int_base<8, true>::RType<8, true>::mult operator*<8, true, 8, true>(ap_int_base<8, true> const&, ap_int_base<8, true> const&)' into 'integer_alu(hls::stream<ap_int<8>, 0>&, hls::stream<ap_int<8>, 0>&, hls::stream<ap_uint<3>, 0>&, hls::stream<ap_int<16>, 0>&)'
remark: ../../../../OneDrive/Desktop/vitis/alu.cpp:27:31: Inlining function 'ap_int_base<8, true>::RType<8, true>::minus operator-<8, true, 8, true>(ap_int_base<8, true> const&, ap_int_base<8, true> const&)' into 'integer_alu(hls::stream<ap_int<8>, 0>&, hls::stream<ap_int<8>, 0>&, hls::stream<ap_uint<3>, 0>&, hls::stream<ap_int<16>, 0>&)'
remark: ../../../../OneDrive/Desktop/vitis/alu.cpp:24:32: Inlining function 'ap_int_base<8, true>::RType<8, true>::plus operator+<8, true, 8, true>(ap_int_base<8, true> const&, ap_int_base<8, true> const&)' into 'integer_alu(hls::stream<ap_int<8>, 0>&, hls::stream<ap_int<8>, 0>&, hls::stream<ap_uint<3>, 0>&, hls::stream<ap_int<16>, 0>&)'
remark: ../../../../OneDrive/Desktop/vitis/alu.cpp:22:21: Inlining function 'ap_int_base<3, false>::operator unsigned long long() const' into 'integer_alu(hls::stream<ap_int<8>, 0>&, hls::stream<ap_int<8>, 0>&, hls::stream<ap_uint<3>, 0>&, hls::stream<ap_int<16>, 0>&)'
