Vivado Simulator v2022.2
Copyright 1986-1999, 2001-2022 Xilinx, Inc. All Rights Reserved.
Running: C:/Xilinx/Vivado/2022.2/bin/unwrapped/win64.o/xelab.exe xil_defaultlib.apatb_data_generator_top glbl -Oenable_linking_all_libraries -prj data_generator.prj -L smartconnect_v1_0 -L axi_protocol_checker_v1_1_12 -L axi_protocol_checker_v1_1_13 -L axis_protocol_checker_v1_1_11 -L axis_protocol_checker_v1_1_12 -L xil_defaultlib -L unisims_ver -L xpm -L floating_point_v7_0_20 -L floating_point_v7_1_15 --lib ieee_proposed=./ieee_proposed -s data_generator 
Multi-threading is on. Using 2 slave threads.
INFO: [VRFC 10-2263] Analyzing SystemVerilog file "C:/Users/velic/OneDrive/Desktop/project_38/solution1/sim/verilog/glbl.v" into library work
INFO: [VRFC 10-311] analyzing module glbl
INFO: [VRFC 10-2263] Analyzing SystemVerilog file "C:/Users/velic/OneDrive/Desktop/project_38/solution1/sim/verilog/AESL_axi_s_gout.v" into library xil_defaultlib
INFO: [VRFC 10-311] analyzing module AESL_axi_s_gout
INFO: [VRFC 10-2263] Analyzing SystemVerilog file "C:/Users/velic/OneDrive/Desktop/project_38/solution1/sim/verilog/AESL_deadlock_idx0_monitor.v" into library xil_defaultlib
INFO: [VRFC 10-311] analyzing module AESL_deadlock_idx0_monitor
INFO: [VRFC 10-2263] Analyzing SystemVerilog file "C:/Users/velic/OneDrive/Desktop/project_38/solution1/sim/verilog/AESL_deadlock_kernel_monitor_top.v" into library xil_defaultlib
INFO: [VRFC 10-311] analyzing module AESL_deadlock_kernel_monitor_top
INFO: [VRFC 10-2263] Analyzing SystemVerilog file "C:/Users/velic/OneDrive/Desktop/project_38/solution1/sim/verilog/AESL_fifo.v" into library xil_defaultlib
INFO: [VRFC 10-311] analyzing module fifo
INFO: [VRFC 10-2263] Analyzing SystemVerilog file "C:/Users/velic/OneDrive/Desktop/project_38/solution1/sim/verilog/data_generator.autotb.v" into library xil_defaultlib
INFO: [VRFC 10-311] analyzing module apatb_data_generator_top
INFO: [VRFC 10-2263] Analyzing SystemVerilog file "C:/Users/velic/OneDrive/Desktop/project_38/solution1/sim/verilog/data_generator.v" into library xil_defaultlib
INFO: [VRFC 10-311] analyzing module data_generator
INFO: [VRFC 10-2263] Analyzing SystemVerilog file "C:/Users/velic/OneDrive/Desktop/project_38/solution1/sim/verilog/data_generator_arr_imag_ROM_AUTO_1R.v" into library xil_defaultlib
INFO: [VRFC 10-311] analyzing module data_generator_arr_imag_ROM_AUTO_1R
INFO: [VRFC 10-2263] Analyzing SystemVerilog file "C:/Users/velic/OneDrive/Desktop/project_38/solution1/sim/verilog/data_generator_arr_real_ROM_AUTO_1R.v" into library xil_defaultlib
INFO: [VRFC 10-311] analyzing module data_generator_arr_real_ROM_AUTO_1R
INFO: [VRFC 10-2263] Analyzing SystemVerilog file "C:/Users/velic/OneDrive/Desktop/project_38/solution1/sim/verilog/data_generator_flow_control_loop_pipe.v" into library xil_defaultlib
INFO: [VRFC 10-311] analyzing module data_generator_flow_control_loop_pipe
INFO: [VRFC 10-2263] Analyzing SystemVerilog file "C:/Users/velic/OneDrive/Desktop/project_38/solution1/sim/verilog/data_generator_regslice_both.v" into library xil_defaultlib
INFO: [VRFC 10-311] analyzing module data_generator_regslice_both
INFO: [VRFC 10-311] analyzing module data_generator_regslice_both_w1
INFO: [VRFC 10-2263] Analyzing SystemVerilog file "C:/Users/velic/OneDrive/Desktop/project_38/solution1/sim/verilog/dataflow_monitor.sv" into library xil_defaultlib
INFO: [VRFC 10-311] analyzing module dataflow_monitor
Starting static elaboration
Pass Through NonSizing Optimizer
WARNING: [VRFC 10-3645] port 'axis_block_info' remains unconnected for this instance [C:/Users/velic/OneDrive/Desktop/project_38/solution1/sim/verilog/AESL_deadlock_kernel_monitor_top.v:18]
Completed static elaboration
Starting simulation data flow analysis
Completed simulation data flow analysis
Time Resolution for simulation is 1ps
Compiling package xil_defaultlib.$unit_dataflow_monitor_sv
Compiling module xil_defaultlib.data_generator_arr_real_ROM_AUTO...
Compiling module xil_defaultlib.data_generator_arr_imag_ROM_AUTO...
Compiling module xil_defaultlib.data_generator_flow_control_loop...
Compiling module xil_defaultlib.data_generator_regslice_both(Dat...
Compiling module xil_defaultlib.data_generator
Compiling module xil_defaultlib.fifo(DEPTH=8800,WIDTH=64)
Compiling module xil_defaultlib.AESL_axi_s_gout
Compiling module xil_defaultlib.AESL_deadlock_idx0_monitor
Compiling module xil_defaultlib.AESL_deadlock_kernel_monitor_top...
Compiling module xil_defaultlib.nodf_module_intf
Compiling module xil_defaultlib.upc_loop_intf(FSM_WIDTH=1)
Compiling module xil_defaultlib.dataflow_monitor_1
Compiling module xil_defaultlib.apatb_data_generator_top
Compiling module work.glbl
Built simulation snapshot data_generator
