

================================================================
== Vitis HLS Report for 'dut_Pipeline_VITIS_LOOP_33_2'
================================================================
* Date:           Sun Apr  2 17:25:22 2023

* Version:        2022.2 (Build 3670227 on Oct 13 2022)
* Project:        project_20
* Solution:       solution1 (Vivado IP Flow Target)
* Product family: zynq
* Target device:  xc7z020-clg484-1


================================================================
== Performance Estimates
================================================================
+ Timing: 
    * Summary: 
    +--------+----------+----------+------------+
    |  Clock |  Target  | Estimated| Uncertainty|
    +--------+----------+----------+------------+
    |ap_clk  |  10.00 ns|  5.558 ns|     2.70 ns|
    +--------+----------+----------+------------+

+ Latency: 
    * Summary: 
    +---------+---------+----------+----------+-----+-----+---------+
    |  Latency (cycles) |  Latency (absolute) |  Interval | Pipeline|
    |   min   |   max   |    min   |    max   | min | max |   Type  |
    +---------+---------+----------+----------+-----+-----+---------+
    |       10|       10|  0.100 us|  0.100 us|   10|   10|       no|
    +---------+---------+----------+----------+-----+-----+---------+

    + Detail: 
        * Instance: 
        N/A

        * Loop: 
        +-------------------+---------+---------+----------+-----------+-----------+------+----------+
        |                   |  Latency (cycles) | Iteration|  Initiation Interval  | Trip |          |
        |     Loop Name     |   min   |   max   |  Latency |  achieved |   target  | Count| Pipelined|
        +-------------------+---------+---------+----------+-----------+-----------+------+----------+
        |- VITIS_LOOP_33_2  |        8|        8|         2|          1|          1|     8|       yes|
        +-------------------+---------+---------+----------+-----------+-----------+------+----------+

============================================================
+ Verbose Summary: Synthesis Manager
============================================================
InlineROM: 1
ExposeGlobal: 0
============================================================
+ Verbose Summary: CDFG Model
============================================================
IsTopModel: 0
ResetActiveHigh: 1
IsCombinational: 0
IsDatapathOnly: 0
HasWiredReturn: 1
HasMFsm: 2
HasVarLatency: 1
IsPipeline: 0
IsRtlPipelined: 0
IsInstanceOverlapped: 0
IsDontTouch: 0
HasImplIP: 0
IsGatedGlobalClock: 0

+ Individual pipeline summary: 
  * Pipeline-0: initiation interval (II) = 1, depth = 2


============================================================
+ Verbose Summary: Schedule
============================================================
* Number of FSM states : 2
* Pipeline : 1
  Pipeline-0 : II = 1, D = 2, States = { 1 2 }
* Dataflow Pipeline: 0

* FSM state transitions: 
1 --> 2 
2 --> 

* FSM state operations: 

State 1 <SV = 0> <Delay = 4.90>
ST_1 : Operation 5 [1/1] (0.00ns)   --->   "%rhs = alloca i32 1"   --->   Operation 5 'alloca' 'rhs' <Predicate = true> <Delay = 0.00>
ST_1 : Operation 6 [1/1] (0.00ns)   --->   "%specmemcore_ln0 = specmemcore void @_ssdm_op_SpecMemCore, i3 %bram1_0, i64 666, i64 18, i64 18446744073709551615"   --->   Operation 6 'specmemcore' 'specmemcore_ln0' <Predicate = true> <Delay = 0.00>
ST_1 : Operation 7 [1/1] (0.00ns)   --->   "%specmemcore_ln0 = specmemcore void @_ssdm_op_SpecMemCore, i4 %bram1_1, i64 666, i64 18, i64 18446744073709551615"   --->   Operation 7 'specmemcore' 'specmemcore_ln0' <Predicate = true> <Delay = 0.00>
ST_1 : Operation 8 [1/1] (0.00ns)   --->   "%specmemcore_ln0 = specmemcore void @_ssdm_op_SpecMemCore, i5 %bram1_2, i64 666, i64 18, i64 18446744073709551615"   --->   Operation 8 'specmemcore' 'specmemcore_ln0' <Predicate = true> <Delay = 0.00>
ST_1 : Operation 9 [1/1] (0.00ns)   --->   "%specmemcore_ln0 = specmemcore void @_ssdm_op_SpecMemCore, i4 %bram1_3, i64 666, i64 18, i64 18446744073709551615"   --->   Operation 9 'specmemcore' 'specmemcore_ln0' <Predicate = true> <Delay = 0.00>
ST_1 : Operation 10 [1/1] (0.00ns)   --->   "%specmemcore_ln0 = specmemcore void @_ssdm_op_SpecMemCore, i6 %bram1_4, i64 666, i64 18, i64 18446744073709551615"   --->   Operation 10 'specmemcore' 'specmemcore_ln0' <Predicate = true> <Delay = 0.00>
ST_1 : Operation 11 [1/1] (0.00ns)   --->   "%specmemcore_ln0 = specmemcore void @_ssdm_op_SpecMemCore, i6 %bram1_5, i64 666, i64 18, i64 18446744073709551615"   --->   Operation 11 'specmemcore' 'specmemcore_ln0' <Predicate = true> <Delay = 0.00>
ST_1 : Operation 12 [1/1] (0.00ns)   --->   "%specmemcore_ln0 = specmemcore void @_ssdm_op_SpecMemCore, i5 %bram1_6, i64 666, i64 18, i64 18446744073709551615"   --->   Operation 12 'specmemcore' 'specmemcore_ln0' <Predicate = true> <Delay = 0.00>
ST_1 : Operation 13 [1/1] (0.00ns)   --->   "%specmemcore_ln0 = specmemcore void @_ssdm_op_SpecMemCore, i4 %bram1_7, i64 666, i64 18, i64 18446744073709551615"   --->   Operation 13 'specmemcore' 'specmemcore_ln0' <Predicate = true> <Delay = 0.00>
ST_1 : Operation 14 [1/1] (0.00ns)   --->   "%specinterface_ln0 = specinterface void @_ssdm_op_SpecInterface, i8 %output_r, void @empty_1, i32 0, i32 0, void @empty_2, i32 0, i32 0, void @empty_0, void @empty_0, void @empty_0, i32 0, i32 0, i32 0, i32 0, void @empty_0, void @empty_0, i32 4294967295, i32 0"   --->   Operation 14 'specinterface' 'specinterface_ln0' <Predicate = true> <Delay = 0.00>
ST_1 : Operation 15 [1/1] (0.00ns)   --->   "%trunc_ln1_read = read i3 @_ssdm_op_Read.ap_auto.i3, i3 %trunc_ln1"   --->   Operation 15 'read' 'trunc_ln1_read' <Predicate = true> <Delay = 0.00>
ST_1 : Operation 16 [1/1] (0.00ns)   --->   "%trunc_ln_read = read i6 @_ssdm_op_Read.ap_auto.i6, i6 %trunc_ln"   --->   Operation 16 'read' 'trunc_ln_read' <Predicate = true> <Delay = 0.00>
ST_1 : Operation 17 [1/1] (1.58ns)   --->   "%store_ln0 = store i4 0, i4 %rhs"   --->   Operation 17 'store' 'store_ln0' <Predicate = true> <Delay = 1.58>
ST_1 : Operation 18 [1/1] (0.00ns)   --->   "%br_ln0 = br void %for.inc40"   --->   Operation 18 'br' 'br_ln0' <Predicate = true> <Delay = 0.00>
ST_1 : Operation 19 [1/1] (0.00ns)   --->   "%j_V_3 = load i4 %rhs"   --->   Operation 19 'load' 'j_V_3' <Predicate = true> <Delay = 0.00>
ST_1 : Operation 20 [1/1] (1.30ns)   --->   "%icmp_ln1027 = icmp_eq  i4 %j_V_3, i4 8"   --->   Operation 20 'icmp' 'icmp_ln1027' <Predicate = true> <Delay = 1.30> <CoreInst = "Cmp">   --->   Core 9 'Cmp' <Latency = 0> <II = 1> <Delay = 1.30> <FuncUnit> <Opcode : 'icmp'> <InPorts = 2> <OutPorts = 1>
ST_1 : Operation 21 [1/1] (0.00ns)   --->   "%empty = speclooptripcount i32 @_ssdm_op_SpecLoopTripCount, i64 8, i64 8, i64 8"   --->   Operation 21 'speclooptripcount' 'empty' <Predicate = true> <Delay = 0.00>
ST_1 : Operation 22 [1/1] (1.73ns)   --->   "%j_V = add i4 %j_V_3, i4 1"   --->   Operation 22 'add' 'j_V' <Predicate = true> <Delay = 1.73> <CoreInst = "Adder">   --->   Core 1 'Adder' <Latency = 0> <II = 1> <Delay = 1.73> <FuncUnit> <Opcode : 'add' 'sub'> <InPorts = 2> <OutPorts = 1>
ST_1 : Operation 23 [1/1] (0.00ns)   --->   "%br_ln33 = br i1 %icmp_ln1027, void %for.inc40.split, void %for.inc56.preheader.exitStub" [../../../../OneDrive/Desktop/vitis/bram_A.cpp:33]   --->   Operation 23 'br' 'br_ln33' <Predicate = true> <Delay = 0.00>
ST_1 : Operation 24 [1/1] (0.00ns)   --->   "%zext_ln1495 = zext i4 %j_V_3"   --->   Operation 24 'zext' 'zext_ln1495' <Predicate = (!icmp_ln1027)> <Delay = 0.00>
ST_1 : Operation 25 [1/1] (0.00ns)   --->   "%trunc_ln1495 = trunc i4 %j_V_3"   --->   Operation 25 'trunc' 'trunc_ln1495' <Predicate = (!icmp_ln1027)> <Delay = 0.00>
ST_1 : Operation 26 [1/1] (1.82ns)   --->   "%ret_V = add i6 %zext_ln1495, i6 %trunc_ln_read"   --->   Operation 26 'add' 'ret_V' <Predicate = (!icmp_ln1027)> <Delay = 1.82> <CoreInst = "Adder">   --->   Core 1 'Adder' <Latency = 0> <II = 1> <Delay = 1.82> <FuncUnit> <Opcode : 'add' 'sub'> <InPorts = 2> <OutPorts = 1>
ST_1 : Operation 27 [1/1] (1.65ns)   --->   "%add_ln1495_1 = add i3 %trunc_ln1495, i3 %trunc_ln1_read"   --->   Operation 27 'add' 'add_ln1495_1' <Predicate = (!icmp_ln1027)> <Delay = 1.65> <CoreInst = "Adder">   --->   Core 1 'Adder' <Latency = 0> <II = 1> <Delay = 1.65> <FuncUnit> <Opcode : 'add' 'sub'> <InPorts = 2> <OutPorts = 1>
ST_1 : Operation 28 [1/1] (0.00ns)   --->   "%zext_ln35 = zext i3 %add_ln1495_1" [../../../../OneDrive/Desktop/vitis/bram_A.cpp:35]   --->   Operation 28 'zext' 'zext_ln35' <Predicate = (!icmp_ln1027)> <Delay = 0.00>
ST_1 : Operation 29 [1/1] (0.00ns)   --->   "%bram1_0_addr = getelementptr i3 %bram1_0, i64 0, i64 %zext_ln35" [../../../../OneDrive/Desktop/vitis/bram_A.cpp:35]   --->   Operation 29 'getelementptr' 'bram1_0_addr' <Predicate = (!icmp_ln1027)> <Delay = 0.00>
ST_1 : Operation 30 [1/1] (0.00ns)   --->   "%bram1_1_addr = getelementptr i4 %bram1_1, i64 0, i64 %zext_ln35" [../../../../OneDrive/Desktop/vitis/bram_A.cpp:35]   --->   Operation 30 'getelementptr' 'bram1_1_addr' <Predicate = (!icmp_ln1027)> <Delay = 0.00>
ST_1 : Operation 31 [1/1] (0.00ns)   --->   "%bram1_2_addr = getelementptr i5 %bram1_2, i64 0, i64 %zext_ln35" [../../../../OneDrive/Desktop/vitis/bram_A.cpp:35]   --->   Operation 31 'getelementptr' 'bram1_2_addr' <Predicate = (!icmp_ln1027)> <Delay = 0.00>
ST_1 : Operation 32 [1/1] (0.00ns)   --->   "%bram1_3_addr = getelementptr i4 %bram1_3, i64 0, i64 %zext_ln35" [../../../../OneDrive/Desktop/vitis/bram_A.cpp:35]   --->   Operation 32 'getelementptr' 'bram1_3_addr' <Predicate = (!icmp_ln1027)> <Delay = 0.00>
ST_1 : Operation 33 [1/1] (0.00ns)   --->   "%bram1_4_addr = getelementptr i6 %bram1_4, i64 0, i64 %zext_ln35" [../../../../OneDrive/Desktop/vitis/bram_A.cpp:35]   --->   Operation 33 'getelementptr' 'bram1_4_addr' <Predicate = (!icmp_ln1027)> <Delay = 0.00>
ST_1 : Operation 34 [1/1] (0.00ns)   --->   "%bram1_5_addr = getelementptr i6 %bram1_5, i64 0, i64 %zext_ln35" [../../../../OneDrive/Desktop/vitis/bram_A.cpp:35]   --->   Operation 34 'getelementptr' 'bram1_5_addr' <Predicate = (!icmp_ln1027)> <Delay = 0.00>
ST_1 : Operation 35 [1/1] (0.00ns)   --->   "%bram1_6_addr = getelementptr i5 %bram1_6, i64 0, i64 %zext_ln35" [../../../../OneDrive/Desktop/vitis/bram_A.cpp:35]   --->   Operation 35 'getelementptr' 'bram1_6_addr' <Predicate = (!icmp_ln1027)> <Delay = 0.00>
ST_1 : Operation 36 [1/1] (0.00ns)   --->   "%bram1_7_addr = getelementptr i4 %bram1_7, i64 0, i64 %zext_ln35" [../../../../OneDrive/Desktop/vitis/bram_A.cpp:35]   --->   Operation 36 'getelementptr' 'bram1_7_addr' <Predicate = (!icmp_ln1027)> <Delay = 0.00>
ST_1 : Operation 37 [1/1] (0.00ns)   --->   "%trunc_ln2 = partselect i3 @_ssdm_op_PartSelect.i3.i6.i32.i32, i6 %ret_V, i32 3, i32 5" [../../../../OneDrive/Desktop/vitis/bram_A.cpp:35]   --->   Operation 37 'partselect' 'trunc_ln2' <Predicate = (!icmp_ln1027)> <Delay = 0.00>
ST_1 : Operation 38 [2/2] (3.25ns)   --->   "%bram1_0_load = load i3 %bram1_0_addr" [../../../../OneDrive/Desktop/vitis/bram_A.cpp:35]   --->   Operation 38 'load' 'bram1_0_load' <Predicate = (!icmp_ln1027)> <Delay = 3.25> <CoreInst = "RAM_1P_BRAM">   --->   Core 88 'RAM_1P_BRAM' <Latency = 1> <II = 1> <Delay = 3.25> <Storage> <Opcode : 'load' 'store'> <Ports = 1> <Width = 3> <Depth = 8> <RAM>
ST_1 : Operation 39 [2/2] (3.25ns)   --->   "%bram1_1_load = load i3 %bram1_1_addr" [../../../../OneDrive/Desktop/vitis/bram_A.cpp:35]   --->   Operation 39 'load' 'bram1_1_load' <Predicate = (!icmp_ln1027)> <Delay = 3.25> <CoreInst = "RAM_1P_BRAM">   --->   Core 88 'RAM_1P_BRAM' <Latency = 1> <II = 1> <Delay = 3.25> <Storage> <Opcode : 'load' 'store'> <Ports = 1> <Width = 4> <Depth = 8> <RAM>
ST_1 : Operation 40 [2/2] (3.25ns)   --->   "%bram1_2_load = load i3 %bram1_2_addr" [../../../../OneDrive/Desktop/vitis/bram_A.cpp:35]   --->   Operation 40 'load' 'bram1_2_load' <Predicate = (!icmp_ln1027)> <Delay = 3.25> <CoreInst = "RAM_1P_BRAM">   --->   Core 88 'RAM_1P_BRAM' <Latency = 1> <II = 1> <Delay = 3.25> <Storage> <Opcode : 'load' 'store'> <Ports = 1> <Width = 5> <Depth = 8> <RAM>
ST_1 : Operation 41 [2/2] (3.25ns)   --->   "%bram1_3_load = load i3 %bram1_3_addr" [../../../../OneDrive/Desktop/vitis/bram_A.cpp:35]   --->   Operation 41 'load' 'bram1_3_load' <Predicate = (!icmp_ln1027)> <Delay = 3.25> <CoreInst = "RAM_1P_BRAM">   --->   Core 88 'RAM_1P_BRAM' <Latency = 1> <II = 1> <Delay = 3.25> <Storage> <Opcode : 'load' 'store'> <Ports = 1> <Width = 4> <Depth = 8> <RAM>
ST_1 : Operation 42 [2/2] (3.25ns)   --->   "%bram1_4_load = load i3 %bram1_4_addr" [../../../../OneDrive/Desktop/vitis/bram_A.cpp:35]   --->   Operation 42 'load' 'bram1_4_load' <Predicate = (!icmp_ln1027)> <Delay = 3.25> <CoreInst = "RAM_1P_BRAM">   --->   Core 88 'RAM_1P_BRAM' <Latency = 1> <II = 1> <Delay = 3.25> <Storage> <Opcode : 'load' 'store'> <Ports = 1> <Width = 6> <Depth = 8> <RAM>
ST_1 : Operation 43 [2/2] (3.25ns)   --->   "%bram1_5_load = load i3 %bram1_5_addr" [../../../../OneDrive/Desktop/vitis/bram_A.cpp:35]   --->   Operation 43 'load' 'bram1_5_load' <Predicate = (!icmp_ln1027)> <Delay = 3.25> <CoreInst = "RAM_1P_BRAM">   --->   Core 88 'RAM_1P_BRAM' <Latency = 1> <II = 1> <Delay = 3.25> <Storage> <Opcode : 'load' 'store'> <Ports = 1> <Width = 6> <Depth = 8> <RAM>
ST_1 : Operation 44 [2/2] (3.25ns)   --->   "%bram1_6_load = load i3 %bram1_6_addr" [../../../../OneDrive/Desktop/vitis/bram_A.cpp:35]   --->   Operation 44 'load' 'bram1_6_load' <Predicate = (!icmp_ln1027)> <Delay = 3.25> <CoreInst = "RAM_1P_BRAM">   --->   Core 88 'RAM_1P_BRAM' <Latency = 1> <II = 1> <Delay = 3.25> <Storage> <Opcode : 'load' 'store'> <Ports = 1> <Width = 5> <Depth = 8> <RAM>
ST_1 : Operation 45 [2/2] (3.25ns)   --->   "%bram1_7_load = load i3 %bram1_7_addr" [../../../../OneDrive/Desktop/vitis/bram_A.cpp:35]   --->   Operation 45 'load' 'bram1_7_load' <Predicate = (!icmp_ln1027)> <Delay = 3.25> <CoreInst = "RAM_1P_BRAM">   --->   Core 88 'RAM_1P_BRAM' <Latency = 1> <II = 1> <Delay = 3.25> <Storage> <Opcode : 'load' 'store'> <Ports = 1> <Width = 4> <Depth = 8> <RAM>
ST_1 : Operation 46 [1/1] (1.58ns)   --->   "%store_ln33 = store i4 %j_V, i4 %rhs" [../../../../OneDrive/Desktop/vitis/bram_A.cpp:33]   --->   Operation 46 'store' 'store_ln33' <Predicate = (!icmp_ln1027)> <Delay = 1.58>
ST_1 : Operation 71 [1/1] (0.00ns)   --->   "%ret_ln0 = ret"   --->   Operation 71 'ret' 'ret_ln0' <Predicate = (icmp_ln1027)> <Delay = 0.00>

State 2 <SV = 1> <Delay = 5.55>
ST_2 : Operation 47 [1/1] (0.00ns)   --->   "%specpipeline_ln34 = specpipeline void @_ssdm_op_SpecPipeline, i32 1, i32 0, i32 0, i32 0, void @empty_0" [../../../../OneDrive/Desktop/vitis/bram_A.cpp:34]   --->   Operation 47 'specpipeline' 'specpipeline_ln34' <Predicate = true> <Delay = 0.00>
ST_2 : Operation 48 [1/1] (0.00ns)   --->   "%specloopname_ln1495 = specloopname void @_ssdm_op_SpecLoopName, void @empty_5"   --->   Operation 48 'specloopname' 'specloopname_ln1495' <Predicate = true> <Delay = 0.00>
ST_2 : Operation 49 [1/2] (3.25ns)   --->   "%bram1_0_load = load i3 %bram1_0_addr" [../../../../OneDrive/Desktop/vitis/bram_A.cpp:35]   --->   Operation 49 'load' 'bram1_0_load' <Predicate = true> <Delay = 3.25> <CoreInst = "RAM_1P_BRAM">   --->   Core 88 'RAM_1P_BRAM' <Latency = 1> <II = 1> <Delay = 3.25> <Storage> <Opcode : 'load' 'store'> <Ports = 1> <Width = 3> <Depth = 8> <RAM>
ST_2 : Operation 50 [1/1] (0.00ns)   --->   "%zext_ln35_1 = zext i3 %bram1_0_load" [../../../../OneDrive/Desktop/vitis/bram_A.cpp:35]   --->   Operation 50 'zext' 'zext_ln35_1' <Predicate = true> <Delay = 0.00>
ST_2 : Operation 51 [1/2] (3.25ns)   --->   "%bram1_1_load = load i3 %bram1_1_addr" [../../../../OneDrive/Desktop/vitis/bram_A.cpp:35]   --->   Operation 51 'load' 'bram1_1_load' <Predicate = true> <Delay = 3.25> <CoreInst = "RAM_1P_BRAM">   --->   Core 88 'RAM_1P_BRAM' <Latency = 1> <II = 1> <Delay = 3.25> <Storage> <Opcode : 'load' 'store'> <Ports = 1> <Width = 4> <Depth = 8> <RAM>
ST_2 : Operation 52 [1/1] (0.00ns)   --->   "%zext_ln35_2 = zext i4 %bram1_1_load" [../../../../OneDrive/Desktop/vitis/bram_A.cpp:35]   --->   Operation 52 'zext' 'zext_ln35_2' <Predicate = true> <Delay = 0.00>
ST_2 : Operation 53 [1/2] (3.25ns)   --->   "%bram1_2_load = load i3 %bram1_2_addr" [../../../../OneDrive/Desktop/vitis/bram_A.cpp:35]   --->   Operation 53 'load' 'bram1_2_load' <Predicate = true> <Delay = 3.25> <CoreInst = "RAM_1P_BRAM">   --->   Core 88 'RAM_1P_BRAM' <Latency = 1> <II = 1> <Delay = 3.25> <Storage> <Opcode : 'load' 'store'> <Ports = 1> <Width = 5> <Depth = 8> <RAM>
ST_2 : Operation 54 [1/1] (0.00ns)   --->   "%zext_ln35_3 = zext i5 %bram1_2_load" [../../../../OneDrive/Desktop/vitis/bram_A.cpp:35]   --->   Operation 54 'zext' 'zext_ln35_3' <Predicate = true> <Delay = 0.00>
ST_2 : Operation 55 [1/2] (3.25ns)   --->   "%bram1_3_load = load i3 %bram1_3_addr" [../../../../OneDrive/Desktop/vitis/bram_A.cpp:35]   --->   Operation 55 'load' 'bram1_3_load' <Predicate = true> <Delay = 3.25> <CoreInst = "RAM_1P_BRAM">   --->   Core 88 'RAM_1P_BRAM' <Latency = 1> <II = 1> <Delay = 3.25> <Storage> <Opcode : 'load' 'store'> <Ports = 1> <Width = 4> <Depth = 8> <RAM>
ST_2 : Operation 56 [1/1] (0.00ns)   --->   "%sext_ln35 = sext i4 %bram1_3_load" [../../../../OneDrive/Desktop/vitis/bram_A.cpp:35]   --->   Operation 56 'sext' 'sext_ln35' <Predicate = true> <Delay = 0.00>
ST_2 : Operation 57 [1/1] (0.00ns)   --->   "%zext_ln35_4 = zext i5 %sext_ln35" [../../../../OneDrive/Desktop/vitis/bram_A.cpp:35]   --->   Operation 57 'zext' 'zext_ln35_4' <Predicate = true> <Delay = 0.00>
ST_2 : Operation 58 [1/2] (3.25ns)   --->   "%bram1_4_load = load i3 %bram1_4_addr" [../../../../OneDrive/Desktop/vitis/bram_A.cpp:35]   --->   Operation 58 'load' 'bram1_4_load' <Predicate = true> <Delay = 3.25> <CoreInst = "RAM_1P_BRAM">   --->   Core 88 'RAM_1P_BRAM' <Latency = 1> <II = 1> <Delay = 3.25> <Storage> <Opcode : 'load' 'store'> <Ports = 1> <Width = 6> <Depth = 8> <RAM>
ST_2 : Operation 59 [1/1] (0.00ns)   --->   "%zext_ln35_5 = zext i6 %bram1_4_load" [../../../../OneDrive/Desktop/vitis/bram_A.cpp:35]   --->   Operation 59 'zext' 'zext_ln35_5' <Predicate = true> <Delay = 0.00>
ST_2 : Operation 60 [1/2] (3.25ns)   --->   "%bram1_5_load = load i3 %bram1_5_addr" [../../../../OneDrive/Desktop/vitis/bram_A.cpp:35]   --->   Operation 60 'load' 'bram1_5_load' <Predicate = true> <Delay = 3.25> <CoreInst = "RAM_1P_BRAM">   --->   Core 88 'RAM_1P_BRAM' <Latency = 1> <II = 1> <Delay = 3.25> <Storage> <Opcode : 'load' 'store'> <Ports = 1> <Width = 6> <Depth = 8> <RAM>
ST_2 : Operation 61 [1/1] (0.00ns)   --->   "%zext_ln35_6 = zext i6 %bram1_5_load" [../../../../OneDrive/Desktop/vitis/bram_A.cpp:35]   --->   Operation 61 'zext' 'zext_ln35_6' <Predicate = true> <Delay = 0.00>
ST_2 : Operation 62 [1/2] (3.25ns)   --->   "%bram1_6_load = load i3 %bram1_6_addr" [../../../../OneDrive/Desktop/vitis/bram_A.cpp:35]   --->   Operation 62 'load' 'bram1_6_load' <Predicate = true> <Delay = 3.25> <CoreInst = "RAM_1P_BRAM">   --->   Core 88 'RAM_1P_BRAM' <Latency = 1> <II = 1> <Delay = 3.25> <Storage> <Opcode : 'load' 'store'> <Ports = 1> <Width = 5> <Depth = 8> <RAM>
ST_2 : Operation 63 [1/1] (0.00ns)   --->   "%sext_ln35_1 = sext i5 %bram1_6_load" [../../../../OneDrive/Desktop/vitis/bram_A.cpp:35]   --->   Operation 63 'sext' 'sext_ln35_1' <Predicate = true> <Delay = 0.00>
ST_2 : Operation 64 [1/1] (0.00ns)   --->   "%zext_ln35_7 = zext i6 %sext_ln35_1" [../../../../OneDrive/Desktop/vitis/bram_A.cpp:35]   --->   Operation 64 'zext' 'zext_ln35_7' <Predicate = true> <Delay = 0.00>
ST_2 : Operation 65 [1/2] (3.25ns)   --->   "%bram1_7_load = load i3 %bram1_7_addr" [../../../../OneDrive/Desktop/vitis/bram_A.cpp:35]   --->   Operation 65 'load' 'bram1_7_load' <Predicate = true> <Delay = 3.25> <CoreInst = "RAM_1P_BRAM">   --->   Core 88 'RAM_1P_BRAM' <Latency = 1> <II = 1> <Delay = 3.25> <Storage> <Opcode : 'load' 'store'> <Ports = 1> <Width = 4> <Depth = 8> <RAM>
ST_2 : Operation 66 [1/1] (0.00ns)   --->   "%sext_ln35_2 = sext i4 %bram1_7_load" [../../../../OneDrive/Desktop/vitis/bram_A.cpp:35]   --->   Operation 66 'sext' 'sext_ln35_2' <Predicate = true> <Delay = 0.00>
ST_2 : Operation 67 [1/1] (0.00ns)   --->   "%zext_ln35_8 = zext i6 %sext_ln35_2" [../../../../OneDrive/Desktop/vitis/bram_A.cpp:35]   --->   Operation 67 'zext' 'zext_ln35_8' <Predicate = true> <Delay = 0.00>
ST_2 : Operation 68 [1/1] (2.30ns)   --->   "%bundle1_V = mux i8 @_ssdm_op_Mux.ap_auto.8i8.i3, i8 %zext_ln35_1, i8 %zext_ln35_2, i8 %zext_ln35_3, i8 %zext_ln35_4, i8 %zext_ln35_5, i8 %zext_ln35_6, i8 %zext_ln35_7, i8 %zext_ln35_8, i3 %trunc_ln2" [../../../../OneDrive/Desktop/vitis/bram_A.cpp:35]   --->   Operation 68 'mux' 'bundle1_V' <Predicate = true> <Delay = 2.30> <CoreInst = "Multiplexer">   --->   Core 76 'Multiplexer' <Latency = 0> <II = 1> <Delay = 2.30> <FuncUnit> <Opcode : 'mux'> <InPorts = 2> <OutPorts = 1>
ST_2 : Operation 69 [1/1] (0.00ns)   --->   "%write_ln36 = write void @_ssdm_op_Write.axis.volatile.i8P128A, i8 %output_r, i8 %bundle1_V" [../../../../OneDrive/Desktop/vitis/bram_A.cpp:36]   --->   Operation 69 'write' 'write_ln36' <Predicate = true> <Delay = 0.00> <CoreInst = "axis">   --->   Core 115 'axis' <Latency = 0> <II = 1> <Delay = 1.00> <Adapter> <Opcode : >
ST_2 : Operation 70 [1/1] (0.00ns)   --->   "%br_ln33 = br void %for.inc40" [../../../../OneDrive/Desktop/vitis/bram_A.cpp:33]   --->   Operation 70 'br' 'br_ln33' <Predicate = true> <Delay = 0.00>


============================================================
+ Verbose Summary: Timing violations
============================================================
Target clock period: 10ns, clock uncertainty: 2.7ns.

 <State 1>: 4.9ns
The critical path consists of the following:
	'alloca' operation ('rhs') [12]  (0 ns)
	'load' operation ('j.V') on local variable 'rhs' [27]  (0 ns)
	'add' operation ('add_ln1495_1') [38]  (1.65 ns)
	'getelementptr' operation ('bram1_0_addr', ../../../../OneDrive/Desktop/vitis/bram_A.cpp:35) [40]  (0 ns)
	'load' operation ('bram1_0_load', ../../../../OneDrive/Desktop/vitis/bram_A.cpp:35) on array 'bram1_0' [49]  (3.25 ns)

 <State 2>: 5.56ns
The critical path consists of the following:
	'load' operation ('bram1_0_load', ../../../../OneDrive/Desktop/vitis/bram_A.cpp:35) on array 'bram1_0' [49]  (3.25 ns)
	'mux' operation ('bundle1.V', ../../../../OneDrive/Desktop/vitis/bram_A.cpp:35) [68]  (2.3 ns)


============================================================
+ Verbose Summary: Binding
============================================================
N/A
* FSMD analyzer results:
  - Output states:
 - Input state : 
  - Chain level:
	State 1
	State 2


============================================================
+ Verbose Summary: Datapath Resource usage 
============================================================
N/A
