#-----------------------------------------------------------
# xsim v2022.2 (64-bit)
# SW Build 3671981 on Fri Oct 14 05:00:03 MDT 2022
# IP Build 3669848 on Fri Oct 14 08:30:02 MDT 2022
# Start of session at: Wed Mar 15 13:10:56 2023
# Process ID: 19124
# Current directory: C:/Users/velic/AppData/Roaming/Xilinx/Vitis/project_4/solution1/sim/verilog
# Command line: xsim.exe -mode tcl -source {xsim.dir/multiplier/xsim_script.tcl}
# Log file: C:/Users/velic/AppData/Roaming/Xilinx/Vitis/project_4/solution1/sim/verilog/xsim.log
# Journal file: C:/Users/velic/AppData/Roaming/Xilinx/Vitis/project_4/solution1/sim/verilog\xsim.jou
# Running On: GOKUL-KUMAR, OS: Windows, CPU Frequency: 2712 MHz, CPU Physical cores: 2, Host memory: 8336 MB
#-----------------------------------------------------------
source xsim.dir/multiplier/xsim_script.tcl
# xsim {multiplier} -autoloadwcfg -tclbatch {multiplier.tcl}
Time resolution is 1 ps
source multiplier.tcl
## run all
////////////////////////////////////////////////////////////////////////////////////
// Inter-Transaction Progress: Completed Transaction / Total Transaction
// Intra-Transaction Progress: Measured Latency / Latency Estimation * 100%
//
// RTL Simulation : "Inter-Transaction Progress" ["Intra-Transaction Progress"] @ "Simulation Time"
////////////////////////////////////////////////////////////////////////////////////
// RTL Simulation : 0 / 10 [n/a] @ "125000"
// RTL Simulation : 1 / 10 [n/a] @ "145000"
// RTL Simulation : 2 / 10 [n/a] @ "155000"
// RTL Simulation : 3 / 10 [n/a] @ "165000"
// RTL Simulation : 4 / 10 [n/a] @ "175000"
// RTL Simulation : 5 / 10 [n/a] @ "185000"
// RTL Simulation : 6 / 10 [n/a] @ "195000"
// RTL Simulation : 7 / 10 [n/a] @ "205000"
// RTL Simulation : 8 / 10 [n/a] @ "215000"
// RTL Simulation : 9 / 10 [n/a] @ "225000"
// RTL Simulation : 10 / 10 [n/a] @ "235000"
////////////////////////////////////////////////////////////////////////////////////
$finish called at time : 295 ns : File "C:/Users/velic/AppData/Roaming/Xilinx/Vitis/project_4/solution1/sim/verilog/multiplier.autotb.v" Line 325
## quit
INFO: [Common 17-206] Exiting xsim at Wed Mar 15 13:11:17 2023...
