05/26/23 18:15:41: Running xcd server. This server was NOT built by gradle, but presumably rdi.
05/26/23 18:15:41: Server was asked to start on port: '49745'
05/26/23 18:15:41: Server is using token UUID: '32e67351-6d4f-4967-859c-ff32e511bbe4'
05/26/23 18:15:41: SESSION_MGR: creating session with session uuid: '6d04a3e9-ade5-4ab9-8d63-1f78fcd2ec76' and name 'default'
05/26/23 18:15:41: Attempting to start server on port '49745'
05/26/23 18:15:41: Running Dispatch Server
05/26/23 18:15:41: Version 2.2.0
05/26/23 18:15:49: Dispatch Server: Accepted socket connection from client
05/26/23 18:15:49: Starting Socket connection
05/26/23 18:15:49: EXCHANGE_TOKEN received, server token: 32e67351-6d4f-4967-859c-ff32e511bbe4, passed token: 32e67351-6d4f-4967-859c-ff32e511bbe4
05/26/23 18:15:49: SESSION_MGR: creating session with session uuid: '8b6fcc83-ac28-4354-881f-97f746475149' and name 'vitis_hls'
05/26/23 18:15:49: KERNEL_SVC: creating session with uuid: '8b6fcc83-ac28-4354-881f-97f746475149' and name 'vitis_hls'
05/26/23 18:15:49: GUIDANCE_SMGR: creating guidance session with uuid: '8b6fcc83-ac28-4354-881f-97f746475149' and name 'vitis_hls'
05/26/23 18:16:42: STOP_SERVER received, server token: 32e67351-6d4f-4967-859c-ff32e511bbe4, passed token: 32e67351-6d4f-4967-859c-ff32e511bbe4
05/26/23 18:16:42: Socket received request to stop server.
05/26/23 18:16:42: Dispatch Server: do_await_stop
05/26/23 18:16:42: SERVER: destructor for server bound to port 49745
05/26/23 18:16:42: Server exiting with status 0.
05/26/23 18:16:42: Closing log file.
05/26/23 18:17:05: Running xcd server. This server was NOT built by gradle, but presumably rdi.
05/26/23 18:17:05: Server was asked to start on port: '49751'
05/26/23 18:17:05: Server is using token UUID: '7ff73536-bf75-4534-93b3-8998334c0ba0'
05/26/23 18:17:05: SESSION_MGR: creating session with session uuid: '6d04a3e9-ade5-4ab9-8d63-1f78fcd2ec76' and name 'default'
05/26/23 18:17:05: Attempting to start server on port '49751'
05/26/23 18:17:05: Running Dispatch Server
05/26/23 18:17:05: Version 2.2.0
05/26/23 18:17:12: Dispatch Server: Accepted socket connection from client
05/26/23 18:17:12: Starting Socket connection
05/26/23 18:17:12: EXCHANGE_TOKEN received, server token: 7ff73536-bf75-4534-93b3-8998334c0ba0, passed token: 7ff73536-bf75-4534-93b3-8998334c0ba0
05/26/23 18:17:12: SESSION_MGR: creating session with session uuid: '6c7c1a04-bc9f-4903-baaa-4f0efa24cf58' and name 'vitis_hls'
05/26/23 18:17:12: KERNEL_SVC: creating session with uuid: '6c7c1a04-bc9f-4903-baaa-4f0efa24cf58' and name 'vitis_hls'
05/26/23 18:17:12: GUIDANCE_SMGR: creating guidance session with uuid: '6c7c1a04-bc9f-4903-baaa-4f0efa24cf58' and name 'vitis_hls'
05/26/23 18:18:06: STOP_SERVER received, server token: 7ff73536-bf75-4534-93b3-8998334c0ba0, passed token: 7ff73536-bf75-4534-93b3-8998334c0ba0
05/26/23 18:18:06: Socket received request to stop server.
05/26/23 18:18:06: Dispatch Server: do_await_stop
05/26/23 18:18:06: SERVER: destructor for server bound to port 49751
05/26/23 18:18:06: Server exiting with status 0.
05/26/23 18:18:06: Closing log file.
05/26/23 18:18:39: Running xcd server. This server was NOT built by gradle, but presumably rdi.
05/26/23 18:18:39: Server was asked to start on port: '49761'
05/26/23 18:18:39: Server is using token UUID: '2eb3f04e-c9da-4c97-821d-bccbbfd86fff'
05/26/23 18:18:39: SESSION_MGR: creating session with session uuid: '6d04a3e9-ade5-4ab9-8d63-1f78fcd2ec76' and name 'default'
05/26/23 18:18:39: Attempting to start server on port '49761'
05/26/23 18:18:39: Running Dispatch Server
05/26/23 18:18:39: Version 2.2.0
05/26/23 18:18:47: Dispatch Server: Accepted socket connection from client
05/26/23 18:18:47: Starting Socket connection
05/26/23 18:18:47: EXCHANGE_TOKEN received, server token: 2eb3f04e-c9da-4c97-821d-bccbbfd86fff, passed token: 2eb3f04e-c9da-4c97-821d-bccbbfd86fff
05/26/23 18:18:47: SESSION_MGR: creating session with session uuid: '930c427c-ebc6-4a26-adb6-f4fd680111bb' and name 'vitis_hls'
05/26/23 18:18:47: KERNEL_SVC: creating session with uuid: '930c427c-ebc6-4a26-adb6-f4fd680111bb' and name 'vitis_hls'
05/26/23 18:18:47: GUIDANCE_SMGR: creating guidance session with uuid: '930c427c-ebc6-4a26-adb6-f4fd680111bb' and name 'vitis_hls'
05/26/23 18:19:05: STOP_SERVER received, server token: 2eb3f04e-c9da-4c97-821d-bccbbfd86fff, passed token: 2eb3f04e-c9da-4c97-821d-bccbbfd86fff
05/26/23 18:19:05: Socket received request to stop server.
05/26/23 18:19:05: Dispatch Server: do_await_stop
05/26/23 18:19:05: SERVER: destructor for server bound to port 49761
05/26/23 18:19:05: Server exiting with status 0.
05/26/23 18:19:05: Closing log file.
