Matched with reference output !
WARNING [HLS SIM]: hls::stream 'hls::stream<bool, 0>0' contains leftover data, which may result in RTL simulation hanging.
INFO [HLS SIM]: The maximum depth reached by any hls::stream() instance in the design is 8800

C:\Users\velic\OneDrive\Desktop\project_38\solution2\sim\verilog>set PATH= 

C:\Users\velic\OneDrive\Desktop\project_38\solution2\sim\verilog>call C:/Xilinx/Vivado/2022.2/bin/xelab xil_defaultlib.apatb_cyclic_prefix_removal_top glbl -Oenable_linking_all_libraries  -prj cyclic_prefix_removal.prj -L smartconnect_v1_0 -L axi_protocol_checker_v1_1_12 -L axi_protocol_checker_v1_1_13 -L axis_protocol_checker_v1_1_11 -L axis_protocol_checker_v1_1_12 -L xil_defaultlib -L unisims_ver -L xpm  -L floating_point_v7_0_20 -L floating_point_v7_1_15 --lib "ieee_proposed=./ieee_proposed" -s cyclic_prefix_removal  
Vivado Simulator v2022.2
Copyright 1986-1999, 2001-2022 Xilinx, Inc. All Rights Reserved.
Running: C:/Xilinx/Vivado/2022.2/bin/unwrapped/win64.o/xelab.exe xil_defaultlib.apatb_cyclic_prefix_removal_top glbl -Oenable_linking_all_libraries -prj cyclic_prefix_removal.prj -L smartconnect_v1_0 -L axi_protocol_checker_v1_1_12 -L axi_protocol_checker_v1_1_13 -L axis_protocol_checker_v1_1_11 -L axis_protocol_checker_v1_1_12 -L xil_defaultlib -L unisims_ver -L xpm -L floating_point_v7_0_20 -L floating_point_v7_1_15 --lib ieee_proposed=./ieee_proposed -s cyclic_prefix_removal 
Multi-threading is on. Using 2 slave threads.
INFO: [VRFC 10-2263] Analyzing SystemVerilog file "C:/Users/velic/OneDrive/Desktop/project_38/solution2/sim/verilog/glbl.v" into library work
INFO: [VRFC 10-311] analyzing module glbl
INFO: [VRFC 10-2263] Analyzing SystemVerilog file "C:/Users/velic/OneDrive/Desktop/project_38/solution2/sim/verilog/AESL_autofifo_t_last.v" into library xil_defaultlib
INFO: [VRFC 10-311] analyzing module AESL_autofifo_t_last
INFO: [VRFC 10-2263] Analyzing SystemVerilog file "C:/Users/velic/OneDrive/Desktop/project_38/solution2/sim/verilog/AESL_axi_s_in_samples.v" into library xil_defaultlib
INFO: [VRFC 10-311] analyzing module AESL_axi_s_in_samples
INFO: [VRFC 10-2263] Analyzing SystemVerilog file "C:/Users/velic/OneDrive/Desktop/project_38/solution2/sim/verilog/AESL_axi_s_out_samples.v" into library xil_defaultlib
INFO: [VRFC 10-311] analyzing module AESL_axi_s_out_samples
INFO: [VRFC 10-2263] Analyzing SystemVerilog file "C:/Users/velic/OneDrive/Desktop/project_38/solution2/sim/verilog/AESL_deadlock_idx0_monitor.v" into library xil_defaultlib
INFO: [VRFC 10-311] analyzing module AESL_deadlock_idx0_monitor
INFO: [VRFC 10-2263] Analyzing SystemVerilog file "C:/Users/velic/OneDrive/Desktop/project_38/solution2/sim/verilog/AESL_deadlock_kernel_monitor_top.v" into library xil_defaultlib
INFO: [VRFC 10-311] analyzing module AESL_deadlock_kernel_monitor_top
INFO: [VRFC 10-2263] Analyzing SystemVerilog file "C:/Users/velic/OneDrive/Desktop/project_38/solution2/sim/verilog/AESL_fifo.v" into library xil_defaultlib
INFO: [VRFC 10-311] analyzing module fifo
INFO: [VRFC 10-2263] Analyzing SystemVerilog file "C:/Users/velic/OneDrive/Desktop/project_38/solution2/sim/verilog/cyclic_prefix_removal.autotb.v" into library xil_defaultlib
INFO: [VRFC 10-311] analyzing module apatb_cyclic_prefix_removal_top
INFO: [VRFC 10-2263] Analyzing SystemVerilog file "C:/Users/velic/OneDrive/Desktop/project_38/solution2/sim/verilog/cyclic_prefix_removal.v" into library xil_defaultlib
INFO: [VRFC 10-311] analyzing module cyclic_prefix_removal
INFO: [VRFC 10-2263] Analyzing SystemVerilog file "C:/Users/velic/OneDrive/Desktop/project_38/solution2/sim/verilog/cyclic_prefix_removal_arr_real_RAM_AUTO_1R1W.v" into library xil_defaultlib
INFO: [VRFC 10-311] analyzing module cyclic_prefix_removal_arr_real_RAM_AUTO_1R1W
INFO: [VRFC 10-2263] Analyzing SystemVerilog file "C:/Users/velic/OneDrive/Desktop/project_38/solution2/sim/verilog/cyclic_prefix_removal_cyclic_prefix_removal_Pipeline_VITIS_LOOP_15_2.v" into library xil_defaultlib
INFO: [VRFC 10-311] analyzing module cyclic_prefix_removal_cyclic_prefix_removal_Pipeline_VITIS_LOOP_15_2
INFO: [VRFC 10-2263] Analyzing SystemVerilog file "C:/Users/velic/OneDrive/Desktop/project_38/solution2/sim/verilog/cyclic_prefix_removal_cyclic_prefix_removal_Pipeline_VITIS_LOOP_9_1.v" into library xil_defaultlib
INFO: [VRFC 10-311] analyzing module cyclic_prefix_removal_cyclic_prefix_removal_Pipeline_VITIS_LOOP_9_1
INFO: [VRFC 10-2263] Analyzing SystemVerilog file "C:/Users/velic/OneDrive/Desktop/project_38/solution2/sim/verilog/cyclic_prefix_removal_flow_control_loop_pipe_sequential_init.v" into library xil_defaultlib
INFO: [VRFC 10-311] analyzing module cyclic_prefix_removal_flow_control_loop_pipe_sequential_init
INFO: [VRFC 10-2263] Analyzing SystemVerilog file "C:/Users/velic/OneDrive/Desktop/project_38/solution2/sim/verilog/cyclic_prefix_removal_regslice_both.v" into library xil_defaultlib
INFO: [VRFC 10-311] analyzing module cyclic_prefix_removal_regslice_both
INFO: [VRFC 10-311] analyzing module cyclic_prefix_removal_regslice_both_w1
INFO: [VRFC 10-2263] Analyzing SystemVerilog file "C:/Users/velic/OneDrive/Desktop/project_38/solution2/sim/verilog/dataflow_monitor.sv" into library xil_defaultlib
INFO: [VRFC 10-311] analyzing module dataflow_monitor
Starting static elaboration
Pass Through NonSizing Optimizer
WARNING: [VRFC 10-3645] port 'axis_block_info' remains unconnected for this instance [C:/Users/velic/OneDrive/Desktop/project_38/solution2/sim/verilog/AESL_deadlock_kernel_monitor_top.v:21]
Completed static elaboration
Starting simulation data flow analysis
Completed simulation data flow analysis
Time Resolution for simulation is 1ps
Compiling package xil_defaultlib.$unit_dataflow_monitor_sv
Compiling module xil_defaultlib.cyclic_prefix_removal_arr_real_R...
Compiling module xil_defaultlib.cyclic_prefix_removal_flow_contr...
Compiling module xil_defaultlib.cyclic_prefix_removal_cyclic_pre...
Compiling module xil_defaultlib.cyclic_prefix_removal_cyclic_pre...
Compiling module xil_defaultlib.cyclic_prefix_removal_regslice_b...
Compiling module xil_defaultlib.cyclic_prefix_removal
Compiling module xil_defaultlib.AESL_autofifo_t_last
Compiling module xil_defaultlib.fifo(DEPTH=8800,WIDTH=64)
Compiling module xil_defaultlib.AESL_axi_s_in_samples
Compiling module xil_defaultlib.fifo(DEPTH=8192,WIDTH=64)
Compiling module xil_defaultlib.AESL_axi_s_out_samples
Compiling module xil_defaultlib.AESL_deadlock_idx0_monitor
Compiling module xil_defaultlib.AESL_deadlock_kernel_monitor_top...
Compiling module xil_defaultlib.nodf_module_intf
Compiling module xil_defaultlib.upc_loop_intf(FSM_WIDTH=1)
Compiling module xil_defaultlib.dataflow_monitor_1
Compiling module xil_defaultlib.apatb_cyclic_prefix_removal_top
Compiling module work.glbl
Built simulation snapshot cyclic_prefix_removal

****** xsim v2022.2 (64-bit)
  **** SW Build 3671981 on Fri Oct 14 05:00:03 MDT 2022
  **** IP Build 3669848 on Fri Oct 14 08:30:02 MDT 2022
    ** Copyright 1986-2022 Xilinx, Inc. All Rights Reserved.

source xsim.dir/cyclic_prefix_removal/xsim_script.tcl
# xsim {cyclic_prefix_removal} -autoloadwcfg -tclbatch {cyclic_prefix_removal.tcl}
Time resolution is 1 ps
source cyclic_prefix_removal.tcl
## run all
////////////////////////////////////////////////////////////////////////////////////
// Inter-Transaction Progress: Completed Transaction / Total Transaction
// Intra-Transaction Progress: Measured Latency / Latency Estimation * 100%
//
// RTL Simulation : "Inter-Transaction Progress" ["Intra-Transaction Progress"] @ "Simulation Time"
////////////////////////////////////////////////////////////////////////////////////
// RTL Simulation : 0 / 1 [0.00%] @ "125000"
// RTL Simulation : 1 / 1 [100.00%] @ "170125000"
////////////////////////////////////////////////////////////////////////////////////
$finish called at time : 170185 ns : File "C:/Users/velic/OneDrive/Desktop/project_38/solution2/sim/verilog/cyclic_prefix_removal.autotb.v" Line 301
## quit
INFO: [Common 17-206] Exiting xsim at Fri May 26 18:18:04 2023...
Matched with reference output !
WARNING [HLS SIM]: hls::stream 'hls::stream<bool, 0>0' contains leftover data, which may result in RTL simulation hanging.
INFO [HLS SIM]: The maximum depth reached by any hls::stream() instance in the design is 8800
