

================================================================
== Synthesis Summary Report of 'multiply'
================================================================
+ General Information: 
    * Date:           Sun Mar 19 13:12:43 2023
    * Version:        2022.2 (Build 3670227 on Oct 13 2022)
    * Project:        project_12
    * Solution:       solution1 (Vivado IP Flow Target)
    * Product family: artix7
    * Target device:  xc7a200t-fbg676-2
    

+ Performance & Resource Estimates: 
    
    PS: '+' for module; 'o' for loop; '*' for dataflow
    +------------+------+------+---------+--------+----------+---------+------+----------+------+---------+-----------+----------+-----+
    |   Modules  | Issue|      | Latency | Latency| Iteration|         | Trip |          |      |         |           |          |     |
    |   & Loops  | Type | Slack| (cycles)|  (ns)  |  Latency | Interval| Count| Pipelined| BRAM |   DSP   |     FF    |    LUT   | URAM|
    +------------+------+------+---------+--------+----------+---------+------+----------+------+---------+-----------+----------+-----+
    |+ multiply  |     -|  1.08|        2|  20.000|         -|        3|     -|        no|     -|  3 (~0%)|  115 (~0%)|  63 (~0%)|    -|
    +------------+------+------+---------+--------+----------+---------+------+----------+------+---------+-----------+----------+-----+


================================================================
== HW Interfaces
================================================================
* AP_FIFO
+-----------+------------+
| Interface | Data Width |
+-----------+------------+
| A         | 28         |
| B         | 28         |
| C         | 56         |
+-----------+------------+

* TOP LEVEL CONTROL
+-----------+------------+-----------------------------------+
| Interface | Type       | Ports                             |
+-----------+------------+-----------------------------------+
| ap_clk    | clock      | ap_clk                            |
| ap_rst    | reset      | ap_rst                            |
| ap_ctrl   | ap_ctrl_hs | ap_done ap_idle ap_ready ap_start |
+-----------+------------+-----------------------------------+


================================================================
== SW I/O Information
================================================================
* Top Function Arguments
+----------+-----------+-------------------------------------------------+
| Argument | Direction | Datatype                                        |
+----------+-----------+-------------------------------------------------+
| A        | in        | stream<ap_fixed<28, 4, AP_TRN, AP_WRAP, 0>, 0>& |
| B        | in        | stream<ap_fixed<28, 4, AP_TRN, AP_WRAP, 0>, 0>& |
| C        | out       | stream<ap_fixed<56, 8, AP_TRN, AP_WRAP, 0>, 0>& |
+----------+-----------+-------------------------------------------------+

* SW-to-HW Mapping
+----------+--------------+-----------+
| Argument | HW Interface | HW Type   |
+----------+--------------+-----------+
| A        | A            | interface |
| B        | B            | interface |
| C        | C            | interface |
+----------+--------------+-----------+


================================================================
== Bind Op Report
================================================================
+-------------------------+-----+--------+----------+-----+------+---------+
| Name                    | DSP | Pragma | Variable | Op  | Impl | Latency |
+-------------------------+-----+--------+----------+-----+------+---------+
| + multiply              | 3   |        |          |     |      |         |
|   mul_28s_28s_56_1_1_U1 | 3   |        | r_V_1    | mul | auto | 0       |
+-------------------------+-----+--------+----------+-----+------+---------+


================================================================
== Bind Storage Report
================================================================
  No bind storage info in design

================================================================
== Pragma Report
================================================================
  No pragmas found

