

================================================================
== Vitis HLS Report for 'multiply'
================================================================
* Date:           Sun Mar 19 13:12:43 2023

* Version:        2022.2 (Build 3670227 on Oct 13 2022)
* Project:        project_12
* Solution:       solution1 (Vivado IP Flow Target)
* Product family: artix7
* Target device:  xc7a200t-fbg676-2


================================================================
== Performance Estimates
================================================================
+ Timing: 
    * Summary: 
    +--------+----------+----------+------------+
    |  Clock |  Target  | Estimated| Uncertainty|
    +--------+----------+----------+------------+
    |ap_clk  |  10.00 ns|  6.216 ns|     2.70 ns|
    +--------+----------+----------+------------+

+ Latency: 
    * Summary: 
    +---------+---------+-----------+-----------+-----+-----+---------+
    |  Latency (cycles) |   Latency (absolute)  |  Interval | Pipeline|
    |   min   |   max   |    min    |    max    | min | max |   Type  |
    +---------+---------+-----------+-----------+-----+-----+---------+
    |        2|        2|  20.000 ns|  20.000 ns|    3|    3|       no|
    +---------+---------+-----------+-----------+-----+-----+---------+

    + Detail: 
        * Instance: 
        N/A

        * Loop: 
        N/A



================================================================
== Utilization Estimates
================================================================
* Summary: 
+-----------------+---------+-----+--------+--------+-----+
|       Name      | BRAM_18K| DSP |   FF   |   LUT  | URAM|
+-----------------+---------+-----+--------+--------+-----+
|DSP              |        -|    -|       -|       -|    -|
|Expression       |        -|    -|       0|       2|    -|
|FIFO             |        -|    -|       -|       -|    -|
|Instance         |        -|    3|       0|      17|    -|
|Memory           |        -|    -|       -|       -|    -|
|Multiplexer      |        -|    -|       -|      44|    -|
|Register         |        -|    -|     115|       -|    -|
+-----------------+---------+-----+--------+--------+-----+
|Total            |        0|    3|     115|      63|    0|
+-----------------+---------+-----+--------+--------+-----+
|Available        |      730|  740|  269200|  134600|    0|
+-----------------+---------+-----+--------+--------+-----+
|Utilization (%)  |        0|   ~0|      ~0|      ~0|    0|
+-----------------+---------+-----+--------+--------+-----+

+ Detail: 
    * Instance: 
    +-----------------------+--------------------+---------+----+---+----+-----+
    |        Instance       |       Module       | BRAM_18K| DSP| FF| LUT| URAM|
    +-----------------------+--------------------+---------+----+---+----+-----+
    |mul_28s_28s_56_1_1_U1  |mul_28s_28s_56_1_1  |        0|   3|  0|  17|    0|
    +-----------------------+--------------------+---------+----+---+----+-----+
    |Total                  |                    |        0|   3|  0|  17|    0|
    +-----------------------+--------------------+---------+----+---+----+-----+

    * DSP: 
    N/A

    * Memory: 
    N/A

    * FIFO: 
    N/A

    * Expression: 
    +-----------------+----------+----+---+----+------------+------------+
    |  Variable Name  | Operation| DSP| FF| LUT| Bitwidth P0| Bitwidth P1|
    +-----------------+----------+----+---+----+------------+------------+
    |ap_block_state1  |        or|   0|  0|   2|           1|           1|
    +-----------------+----------+----+---+----+------------+------------+
    |Total            |          |   0|  0|   2|           1|           1|
    +-----------------+----------+----+---+----+------------+------------+

    * Multiplexer: 
    +-----------+----+-----------+-----+-----------+
    |    Name   | LUT| Input Size| Bits| Total Bits|
    +-----------+----+-----------+-----+-----------+
    |A_blk_n    |   9|          2|    1|          2|
    |B_blk_n    |   9|          2|    1|          2|
    |C_blk_n    |   9|          2|    1|          2|
    |ap_NS_fsm  |  17|          4|    1|          4|
    +-----------+----+-----------+-----+-----------+
    |Total      |  44|         10|    4|         10|
    +-----------+----+-----------+-----+-----------+

    * Register: 
    +--------------+----+----+-----+-----------+
    |     Name     | FF | LUT| Bits| Const Bits|
    +--------------+----+----+-----+-----------+
    |a_V_reg_57    |  28|   0|   28|          0|
    |ap_CS_fsm     |   3|   0|    3|          0|
    |b_V_reg_62    |  28|   0|   28|          0|
    |r_V_1_reg_67  |  56|   0|   56|          0|
    +--------------+----+----+-----+-----------+
    |Total         | 115|   0|  115|          0|
    +--------------+----+----+-----+-----------+



================================================================
== Interface
================================================================
* Summary: 
+-----------+-----+-----+------------+--------------+--------------+
| RTL Ports | Dir | Bits|  Protocol  | Source Object|    C Type    |
+-----------+-----+-----+------------+--------------+--------------+
|ap_clk     |   in|    1|  ap_ctrl_hs|      multiply|  return value|
|ap_rst     |   in|    1|  ap_ctrl_hs|      multiply|  return value|
|ap_start   |   in|    1|  ap_ctrl_hs|      multiply|  return value|
|ap_done    |  out|    1|  ap_ctrl_hs|      multiply|  return value|
|ap_idle    |  out|    1|  ap_ctrl_hs|      multiply|  return value|
|ap_ready   |  out|    1|  ap_ctrl_hs|      multiply|  return value|
|A_dout     |   in|   28|     ap_fifo|             A|       pointer|
|A_empty_n  |   in|    1|     ap_fifo|             A|       pointer|
|A_read     |  out|    1|     ap_fifo|             A|       pointer|
|B_dout     |   in|   28|     ap_fifo|             B|       pointer|
|B_empty_n  |   in|    1|     ap_fifo|             B|       pointer|
|B_read     |  out|    1|     ap_fifo|             B|       pointer|
|C_din      |  out|   56|     ap_fifo|             C|       pointer|
|C_full_n   |   in|    1|     ap_fifo|             C|       pointer|
|C_write    |  out|    1|     ap_fifo|             C|       pointer|
+-----------+-----+-----+------------+--------------+--------------+

