INFO: [COSIM-47] Using XSIM for RTL simulation.
INFO: [COSIM-14] Instrumenting C test bench ...
   Build using "C:/Xilinx/Vitis_HLS/2022.2/tps/win64/msys64/mingw64/bin/g++"
   Compiling cp_removal.cpp_pre.cpp.tb.cpp
   Compiling apatb_data_generator_util.cpp
   Compiling apatb_data_generator.cpp
   Compiling cp_tb.cpp_pre.cpp.tb.cpp
   Compiling data_generator.cpp_pre.cpp.tb.cpp
   Compiling apatb_data_generator_ir.ll
   Generating cosim.tv.exe
INFO: [COSIM-302] Starting C TB testing ... 
INFO: [COSIM-333] Generating C post check test bench ...
INFO: [COSIM-12] Generating RTL test bench ...
INFO: [COSIM-1] *** C/RTL co-simulation file generation completed. ***
INFO: [COSIM-323] Starting verilog simulation. 
INFO: [COSIM-15] Starting XSIM ...
INFO: [COSIM-316] Starting C post checking ...
Matched with reference output !
WARNING [HLS SIM]: hls::stream 'hls::stream<bool, 0>0' contains leftover data, which may result in RTL simulation hanging.
INFO [HLS SIM]: The maximum depth reached by any hls::stream() instance in the design is 8800

C:\Users\velic\OneDrive\Desktop\project_38\solution1\sim\verilog>set PATH= 

C:\Users\velic\OneDrive\Desktop\project_38\solution1\sim\verilog>call C:/Xilinx/Vivado/2022.2/bin/xelab xil_defaultlib.apatb_data_generator_top glbl -Oenable_linking_all_libraries  -prj data_generator.prj -L smartconnect_v1_0 -L axi_protocol_checker_v1_1_12 -L axi_protocol_checker_v1_1_13 -L axis_protocol_checker_v1_1_11 -L axis_protocol_checker_v1_1_12 -L xil_defaultlib -L unisims_ver -L xpm  -L floating_point_v7_0_20 -L floating_point_v7_1_15 --lib "ieee_proposed=./ieee_proposed" -s data_generator  
Vivado Simulator v2022.2
Copyright 1986-1999, 2001-2022 Xilinx, Inc. All Rights Reserved.
Running: C:/Xilinx/Vivado/2022.2/bin/unwrapped/win64.o/xelab.exe xil_defaultlib.apatb_data_generator_top glbl -Oenable_linking_all_libraries -prj data_generator.prj -L smartconnect_v1_0 -L axi_protocol_checker_v1_1_12 -L axi_protocol_checker_v1_1_13 -L axis_protocol_checker_v1_1_11 -L axis_protocol_checker_v1_1_12 -L xil_defaultlib -L unisims_ver -L xpm -L floating_point_v7_0_20 -L floating_point_v7_1_15 --lib ieee_proposed=./ieee_proposed -s data_generator 
Multi-threading is on. Using 2 slave threads.
INFO: [VRFC 10-2263] Analyzing SystemVerilog file "C:/Users/velic/OneDrive/Desktop/project_38/solution1/sim/verilog/glbl.v" into library work
INFO: [VRFC 10-311] analyzing module glbl
INFO: [VRFC 10-2263] Analyzing SystemVerilog file "C:/Users/velic/OneDrive/Desktop/project_38/solution1/sim/verilog/AESL_axi_s_gout.v" into library xil_defaultlib
INFO: [VRFC 10-311] analyzing module AESL_axi_s_gout
INFO: [VRFC 10-2263] Analyzing SystemVerilog file "C:/Users/velic/OneDrive/Desktop/project_38/solution1/sim/verilog/AESL_deadlock_idx0_monitor.v" into library xil_defaultlib
INFO: [VRFC 10-311] analyzing module AESL_deadlock_idx0_monitor
INFO: [VRFC 10-2263] Analyzing SystemVerilog file "C:/Users/velic/OneDrive/Desktop/project_38/solution1/sim/verilog/AESL_deadlock_kernel_monitor_top.v" into library xil_defaultlib
INFO: [VRFC 10-311] analyzing module AESL_deadlock_kernel_monitor_top
INFO: [VRFC 10-2263] Analyzing SystemVerilog file "C:/Users/velic/OneDrive/Desktop/project_38/solution1/sim/verilog/AESL_fifo.v" into library xil_defaultlib
INFO: [VRFC 10-311] analyzing module fifo
INFO: [VRFC 10-2263] Analyzing SystemVerilog file "C:/Users/velic/OneDrive/Desktop/project_38/solution1/sim/verilog/data_generator.autotb.v" into library xil_defaultlib
INFO: [VRFC 10-311] analyzing module apatb_data_generator_top
INFO: [VRFC 10-2263] Analyzing SystemVerilog file "C:/Users/velic/OneDrive/Desktop/project_38/solution1/sim/verilog/data_generator.v" into library xil_defaultlib
INFO: [VRFC 10-311] analyzing module data_generator
INFO: [VRFC 10-2263] Analyzing SystemVerilog file "C:/Users/velic/OneDrive/Desktop/project_38/solution1/sim/verilog/data_generator_arr_imag_ROM_AUTO_1R.v" into library xil_defaultlib
INFO: [VRFC 10-311] analyzing module data_generator_arr_imag_ROM_AUTO_1R
INFO: [VRFC 10-2263] Analyzing SystemVerilog file "C:/Users/velic/OneDrive/Desktop/project_38/solution1/sim/verilog/data_generator_arr_real_ROM_AUTO_1R.v" into library xil_defaultlib
INFO: [VRFC 10-311] analyzing module data_generator_arr_real_ROM_AUTO_1R
INFO: [VRFC 10-2263] Analyzing SystemVerilog file "C:/Users/velic/OneDrive/Desktop/project_38/solution1/sim/verilog/data_generator_flow_control_loop_pipe.v" into library xil_defaultlib
INFO: [VRFC 10-311] analyzing module data_generator_flow_control_loop_pipe
INFO: [VRFC 10-2263] Analyzing SystemVerilog file "C:/Users/velic/OneDrive/Desktop/project_38/solution1/sim/verilog/data_generator_regslice_both.v" into library xil_defaultlib
INFO: [VRFC 10-311] analyzing module data_generator_regslice_both
INFO: [VRFC 10-311] analyzing module data_generator_regslice_both_w1
INFO: [VRFC 10-2263] Analyzing SystemVerilog file "C:/Users/velic/OneDrive/Desktop/project_38/solution1/sim/verilog/dataflow_monitor.sv" into library xil_defaultlib
INFO: [VRFC 10-311] analyzing module dataflow_monitor
Starting static elaboration
Pass Through NonSizing Optimizer
WARNING: [VRFC 10-3645] port 'axis_block_info' remains unconnected for this instance [C:/Users/velic/OneDrive/Desktop/project_38/solution1/sim/verilog/AESL_deadlock_kernel_monitor_top.v:18]
Completed static elaboration
Starting simulation data flow analysis
Completed simulation data flow analysis
Time Resolution for simulation is 1ps
Compiling package xil_defaultlib.$unit_dataflow_monitor_sv
Compiling module xil_defaultlib.data_generator_arr_real_ROM_AUTO...
Compiling module xil_defaultlib.data_generator_arr_imag_ROM_AUTO...
Compiling module xil_defaultlib.data_generator_flow_control_loop...
Compiling module xil_defaultlib.data_generator_regslice_both(Dat...
Compiling module xil_defaultlib.data_generator
Compiling module xil_defaultlib.fifo(DEPTH=8800,WIDTH=64)
Compiling module xil_defaultlib.AESL_axi_s_gout
Compiling module xil_defaultlib.AESL_deadlock_idx0_monitor
Compiling module xil_defaultlib.AESL_deadlock_kernel_monitor_top...
Compiling module xil_defaultlib.nodf_module_intf
Compiling module xil_defaultlib.upc_loop_intf(FSM_WIDTH=1)
Compiling module xil_defaultlib.dataflow_monitor_1
Compiling module xil_defaultlib.apatb_data_generator_top
Compiling module work.glbl
Built simulation snapshot data_generator

****** xsim v2022.2 (64-bit)
  **** SW Build 3671981 on Fri Oct 14 05:00:03 MDT 2022
  **** IP Build 3669848 on Fri Oct 14 08:30:02 MDT 2022
    ** Copyright 1986-2022 Xilinx, Inc. All Rights Reserved.

source xsim.dir/data_generator/xsim_script.tcl
# xsim {data_generator} -autoloadwcfg -tclbatch {data_generator.tcl}
Time resolution is 1 ps
source data_generator.tcl
## run all
////////////////////////////////////////////////////////////////////////////////////
// Inter-Transaction Progress: Completed Transaction / Total Transaction
// Intra-Transaction Progress: Measured Latency / Latency Estimation * 100%
//
// RTL Simulation : "Inter-Transaction Progress" ["Intra-Transaction Progress"] @ "Simulation Time"
////////////////////////////////////////////////////////////////////////////////////
// RTL Simulation : 0 / 1 [0.00%] @ "125000"
// RTL Simulation : 1 / 1 [100.00%] @ "88155000"
////////////////////////////////////////////////////////////////////////////////////
$finish called at time : 88215 ns : File "C:/Users/velic/OneDrive/Desktop/project_38/solution1/sim/verilog/data_generator.autotb.v" Line 210
## quit
INFO: [Common 17-206] Exiting xsim at Fri May 26 18:11:38 2023...
Matched with reference output !
WARNING [HLS SIM]: hls::stream 'hls::stream<bool, 0>0' contains leftover data, which may result in RTL simulation hanging.
INFO [HLS SIM]: The maximum depth reached by any hls::stream() instance in the design is 8800
INFO: [COSIM-1000] *** C/RTL co-simulation finished: PASS ***
INFO: [COSIM-211] II is measurable only when transaction number is greater than 1 in RTL simulation. Otherwise, they will be marked as all NA. If user wants to calculate them, please make sure there are at least 2 transactions in RTL simulation.
