#-----------------------------------------------------------
# xsim v2022.2 (64-bit)
# SW Build 3671981 on Fri Oct 14 05:00:03 MDT 2022
# IP Build 3669848 on Fri Oct 14 08:30:02 MDT 2022
# Start of session at: Fri May 26 18:18:01 2023
# Process ID: 9596
# Current directory: C:/Users/velic/OneDrive/Desktop/project_38/solution2/sim/verilog
# Command line: xsim.exe -mode tcl -source {xsim.dir/cyclic_prefix_removal/xsim_script.tcl}
# Log file: C:/Users/velic/OneDrive/Desktop/project_38/solution2/sim/verilog/xsim.log
# Journal file: C:/Users/velic/OneDrive/Desktop/project_38/solution2/sim/verilog\xsim.jou
# Running On: GOKUL-KUMAR, OS: Windows, CPU Frequency: 2712 MHz, CPU Physical cores: 2, Host memory: 8336 MB
#-----------------------------------------------------------
source xsim.dir/cyclic_prefix_removal/xsim_script.tcl
# xsim {cyclic_prefix_removal} -autoloadwcfg -tclbatch {cyclic_prefix_removal.tcl}
Time resolution is 1 ps
source cyclic_prefix_removal.tcl
## run all
////////////////////////////////////////////////////////////////////////////////////
// Inter-Transaction Progress: Completed Transaction / Total Transaction
// Intra-Transaction Progress: Measured Latency / Latency Estimation * 100%
//
// RTL Simulation : "Inter-Transaction Progress" ["Intra-Transaction Progress"] @ "Simulation Time"
////////////////////////////////////////////////////////////////////////////////////
// RTL Simulation : 0 / 1 [0.00%] @ "125000"
// RTL Simulation : 1 / 1 [100.00%] @ "170125000"
////////////////////////////////////////////////////////////////////////////////////
$finish called at time : 170185 ns : File "C:/Users/velic/OneDrive/Desktop/project_38/solution2/sim/verilog/cyclic_prefix_removal.autotb.v" Line 301
## quit
INFO: [Common 17-206] Exiting xsim at Fri May 26 18:18:04 2023...
