
*** Running vivado
    with args -log zadoff_chu.vds -m64 -product Vivado -mode batch -messageDb vivado.pb -notrace -source zadoff_chu.tcl



****** Vivado v2022.2 (64-bit)
  **** SW Build 3671981 on Fri Oct 14 05:00:03 MDT 2022
  **** IP Build 3669848 on Fri Oct 14 08:30:02 MDT 2022
    ** Copyright 1986-2022 Xilinx, Inc. All Rights Reserved.

source zadoff_chu.tcl -notrace
create_project: Time (s): cpu = 00:00:06 ; elapsed = 00:00:08 . Memory (MB): peak = 393.422 ; gain = 68.480
INFO: [IP_Flow 19-234] Refreshing IP repositories
INFO: [IP_Flow 19-1700] Loaded user IP repository 'c:/users/velic/onedrive/desktop/vitis-hls'.
WARNING: [IP_Flow 19-3685] Ignored loading user repository 'c:/Users/velic/OneDrive/Desktop/vitis-hls/Assignment_9/VIVADO/project_1/project_1.srcs'. The path is contained within another repository.
WARNING: [IP_Flow 19-3685] Ignored loading user repository 'c:/Users/velic/OneDrive/Desktop/vitis-hls/Assignment_9/HLS/project_39'. The path is contained within another repository.
INFO: [IP_Flow 19-2313] Loaded Vivado IP repository 'C:/Xilinx/Vivado/2022.2/data/ip'.
update_ip_catalog: Time (s): cpu = 00:00:03 ; elapsed = 00:00:10 . Memory (MB): peak = 435.875 ; gain = 42.453
WARNING: [IP_Flow 19-4995] The host OS only allows 260 characters in a normal path. The IP cache path is more than 80 characters. If you experience issues with IP caching, please consider changing the IP cache to a location with a shorter path. Alternately consider using the OS subst command to map part of the path to a drive letter. 
Current IP cache path is c:/Users/velic/OneDrive/Desktop/vitis-hls/Assignment_9/VIVADO/project_1/project_1.cache/ip 
Command: read_checkpoint -auto_incremental -incremental C:/Users/velic/OneDrive/Desktop/vitis-hls/Assignment_9/VIVADO/project_1/project_1.srcs/utils_1/imports/synth_1/design_1_wrapper.dcp
INFO: [Vivado 12-5825] Read reference checkpoint from C:/Users/velic/OneDrive/Desktop/vitis-hls/Assignment_9/VIVADO/project_1/project_1.srcs/utils_1/imports/synth_1/design_1_wrapper.dcp for incremental synthesis
INFO: [Vivado 12-7989] Please ensure there are no constraint changes
Command: synth_design -top zadoff_chu -part xczu7ev-ffvc1156-2-e
Starting synth_design
Attempting to get a license for feature 'Synthesis' and/or device 'xczu7ev'
INFO: [Common 17-349] Got license for feature 'Synthesis' and/or device 'xczu7ev'
INFO: [Synth 8-7079] Multithreading enabled for synth_design using a maximum of 2 processes.
INFO: [Synth 8-7078] Launching helper process for spawning children vivado processes
INFO: [Synth 8-7075] Helper process launched with PID 16884
INFO: [Synth 8-11241] undeclared symbol 'REGCCE', assumed default net type 'wire' [C:/Xilinx/Vivado/2022.2/data/verilog/src/unimacro/BRAM_SINGLE_MACRO.v:2170]
---------------------------------------------------------------------------------
Starting Synthesize : Time (s): cpu = 00:00:08 ; elapsed = 00:00:09 . Memory (MB): peak = 843.160 ; gain = 407.285
---------------------------------------------------------------------------------
INFO: [Synth 8-6157] synthesizing module 'zadoff_chu' [C:/Users/velic/OneDrive/Desktop/vitis-hls/Assignment_9/VIVADO/project_1/project_1.srcs/sources_1/new/zff_chu.v:2]
ERROR: [Synth 8-502] non-constant real-valued expression is not supported [C:/Users/velic/OneDrive/Desktop/vitis-hls/Assignment_9/VIVADO/project_1/project_1.srcs/sources_1/new/zff_chu.v:57]
ERROR: [Synth 8-6156] failed synthesizing module 'zadoff_chu' [C:/Users/velic/OneDrive/Desktop/vitis-hls/Assignment_9/VIVADO/project_1/project_1.srcs/sources_1/new/zff_chu.v:2]
---------------------------------------------------------------------------------
Finished Synthesize : Time (s): cpu = 00:00:10 ; elapsed = 00:00:12 . Memory (MB): peak = 932.324 ; gain = 496.449
---------------------------------------------------------------------------------
synthesize failed
INFO: [Common 17-83] Releasing license: Synthesis
12 Infos, 3 Warnings, 0 Critical Warnings and 3 Errors encountered.
synth_design failed
ERROR: [Common 17-69] Command failed: Vivado Synthesis failed
INFO: [Common 17-206] Exiting Vivado at Sun Jul  9 17:25:53 2023...
