C:\Users\velic\AppData\Roaming\Xilinx\Vitis\project_7\solution1\.autopilot\db\hls_arbitary.pp.0.cpp:2093:7: warning: Added loop label VITIS_LOOP_1211_1:   [xilinx-label-all-loops]
      for (i = 0; i < __N - 1; ++i) {
      ^~~
      VITIS_LOOP_1211_1: 
C:\Users\velic\AppData\Roaming\Xilinx\Vitis\project_7\solution1\.autopilot\db\hls_arbitary.pp.0.cpp:2093:7: note: FIX-IT applied suggested code changes
C:\Users\velic\AppData\Roaming\Xilinx\Vitis\project_7\solution1\.autopilot\db\hls_arbitary.pp.0.cpp:3067:5: warning: Added loop label VITIS_LOOP_676_1:   [xilinx-label-all-loops]
    for (unsigned i = low; i != high; ++i) {
    ^~~
    VITIS_LOOP_676_1: 
C:\Users\velic\AppData\Roaming\Xilinx\Vitis\project_7\solution1\.autopilot\db\hls_arbitary.pp.0.cpp:3067:5: note: FIX-IT applied suggested code changes
C:\Users\velic\AppData\Roaming\Xilinx\Vitis\project_7\solution1\.autopilot\db\hls_arbitary.pp.0.cpp:3081:5: warning: Added loop label VITIS_LOOP_690_1:   [xilinx-label-all-loops]
    for (unsigned i = low; i != high; ++i) {
    ^~~
    VITIS_LOOP_690_1: 
C:\Users\velic\AppData\Roaming\Xilinx\Vitis\project_7\solution1\.autopilot\db\hls_arbitary.pp.0.cpp:3081:5: note: FIX-IT applied suggested code changes
C:\Users\velic\AppData\Roaming\Xilinx\Vitis\project_7\solution1\.autopilot\db\hls_arbitary.pp.0.cpp:3095:5: warning: Added loop label VITIS_LOOP_704_1:   [xilinx-label-all-loops]
    for (unsigned i = low; i != high; ++i) {
    ^~~
    VITIS_LOOP_704_1: 
C:\Users\velic\AppData\Roaming\Xilinx\Vitis\project_7\solution1\.autopilot\db\hls_arbitary.pp.0.cpp:3095:5: note: FIX-IT applied suggested code changes
C:\Users\velic\AppData\Roaming\Xilinx\Vitis\project_7\solution1\.autopilot\db\hls_arbitary.pp.0.cpp:4706:7: warning: Added loop label VITIS_LOOP_1245_1:   [xilinx-label-all-loops]
      for (i = 0; i < __N - 1; ++i) {
      ^~~
      VITIS_LOOP_1245_1: 
C:\Users\velic\AppData\Roaming\Xilinx\Vitis\project_7\solution1\.autopilot\db\hls_arbitary.pp.0.cpp:4706:7: note: FIX-IT applied suggested code changes
